<?xml version="1.0" encoding="UTF-8"?>
<TestRun id="6f2be052-29c5-4fc5-b540-2c3e1f8515fc" name="Karan@TW1FTENVY 2014-04-28 10:31:01" runUser="TW1FTENVY\Karan" xmlns="http://microsoft.com/schemas/VisualStudio/TeamTest/2010">
  <TestSettings name="Local" id="cbb3cf31-cc5b-426d-a718-c9b63d5ad07b">
    <Description>These are default test settings for a local test run.</Description>
    <Deployment enabled="false" runDeploymentRoot="Karan_TW1FTENVY 2014-04-28 10_31_01">
      <DeploymentItem filename="C:\Users\Karan\Downloads\oKnow\trunk\OKnow\OKnow\OKnow\bin\x86\Debug\OKnow.exe" />
    </Deployment>
    <Execution>
      <TestTypeSpecific />
      <AgentRule name="Execution Agents">
      </AgentRule>
    </Execution>
  </TestSettings>
  <Times creation="2014-04-28T10:31:01.3138065-05:00" queuing="2014-04-28T10:31:01.9231884-05:00" start="2014-04-28T10:31:01.9544383-05:00" finish="2014-04-28T10:31:41.5161408-05:00" />
  <ResultSummary outcome="Error">
    <Counters total="93" executed="87" passed="86" error="0" failed="0" timeout="0" aborted="1" inconclusive="0" passedButRunAborted="0" notRunnable="0" notExecuted="6" disconnected="0" warning="0" completed="0" inProgress="0" pending="0" />
    <RunInfos>
      <RunInfo computerName="TW1FTENVY" outcome="Error" timestamp="2014-04-28T10:31:41.5161408-05:00">
        <Text>Test host process exited unexpectedly.</Text>
      </RunInfo>
    </RunInfos>
  </ResultSummary>
  <TestDefinitions>
    <UnitTest name="TestBoardSizeParameter" storage="c:\users\karan\downloads\oknow\trunk\oknow\oknowtest\bin\debug\oknowtest.dll" id="6778bb71-07f9-d92d-7c7d-99cc9a9261d1">
      <Execution id="986137ed-7497-4912-b1c7-71cd12a48a6a" />
      <TestMethod codeBase="C:/Users/Karan/Downloads/oKnow/trunk/OKnow/OKnowTest/bin/Debug/OKnowTest.DLL" adapterTypeName="Microsoft.VisualStudio.TestTools.TestTypes.Unit.UnitTestAdapter, Microsoft.VisualStudio.QualityTools.Tips.UnitTest.Adapter, Version=10.0.0.0, Culture=neutral, PublicKeyToken=b03f5f7f11d50a3a" className="OKnowTest.StartScreenTest, OKnowTest, Version=1.0.0.0, Culture=neutral, PublicKeyToken=null" name="TestBoardSizeParameter" />
    </UnitTest>
    <UnitTest name="QuestionNotifyTimedOutTest" storage="c:\users\karan\downloads\oknow\trunk\oknow\oknowtest\bin\debug\oknowtest.dll" id="8eeca9a8-568d-a203-d287-a4d2eed3e1dd">
      <Execution id="f8349043-171f-4a0e-842f-ac6bcad598f0" />
      <TestMethod codeBase="C:/Users/Karan/Downloads/oKnow/trunk/OKnow/OKnowTest/bin/Debug/OKnowTest.DLL" adapterTypeName="Microsoft.VisualStudio.TestTools.TestTypes.Unit.UnitTestAdapter, Microsoft.VisualStudio.QualityTools.Tips.UnitTest.Adapter, Version=10.0.0.0, Culture=neutral, PublicKeyToken=b03f5f7f11d50a3a" className="OKnowTest.AnswerAQuestionTest, OKnowTest, Version=1.0.0.0, Culture=neutral, PublicKeyToken=null" name="QuestionNotifyTimedOutTest" />
    </UnitTest>
    <UnitTest name="TestSum1" storage="c:\users\karan\downloads\oknow\trunk\oknow\oknowtest\bin\debug\oknowtest.dll" id="48bc984d-60b1-5ee3-4b43-c5b6d211c605">
      <Execution id="0babce1b-e423-42f0-832b-40efaba5115c" />
      <TestMethod codeBase="C:/Users/Karan/Downloads/oKnow/trunk/OKnow/OKnowTest/bin/Debug/OKnowTest.DLL" adapterTypeName="Microsoft.VisualStudio.TestTools.TestTypes.Unit.UnitTestAdapter, Microsoft.VisualStudio.QualityTools.Tips.UnitTest.Adapter, Version=10.0.0.0, Culture=neutral, PublicKeyToken=b03f5f7f11d50a3a" className="OKnowTest.BoardGeneratorTest, OKnowTest, Version=1.0.0.0, Culture=neutral, PublicKeyToken=null" name="TestSum1" />
    </UnitTest>
    <UnitTest name="QuestionNotifyTimedClickTest" storage="c:\users\karan\downloads\oknow\trunk\oknow\oknowtest\bin\debug\oknowtest.dll" id="5cd02d0c-c30c-d1d5-c21e-60ac4b27c097">
      <Execution id="8c5b0efc-a296-4289-8caf-79691a765a00" />
      <TestMethod codeBase="C:/Users/Karan/Downloads/oKnow/trunk/OKnow/OKnowTest/bin/Debug/OKnowTest.DLL" adapterTypeName="Microsoft.VisualStudio.TestTools.TestTypes.Unit.UnitTestAdapter, Microsoft.VisualStudio.QualityTools.Tips.UnitTest.Adapter, Version=10.0.0.0, Culture=neutral, PublicKeyToken=b03f5f7f11d50a3a" className="OKnowTest.AnswerAQuestionTest, OKnowTest, Version=1.0.0.0, Culture=neutral, PublicKeyToken=null" name="QuestionNotifyTimedClickTest" />
    </UnitTest>
    <UnitTest name="TestGetTileWeights1" storage="c:\users\karan\downloads\oknow\trunk\oknow\oknowtest\bin\debug\oknowtest.dll" id="c20bd146-2464-39ef-d365-b04794f08f52">
      <Execution id="647deff8-5e54-4eb6-88dd-8774caaa0d0f" />
      <TestMethod codeBase="C:/Users/Karan/Downloads/oKnow/trunk/OKnow/OKnowTest/bin/Debug/OKnowTest.DLL" adapterTypeName="Microsoft.VisualStudio.TestTools.TestTypes.Unit.UnitTestAdapter, Microsoft.VisualStudio.QualityTools.Tips.UnitTest.Adapter, Version=10.0.0.0, Culture=neutral, PublicKeyToken=b03f5f7f11d50a3a" className="OKnowTest.StartScreenTest, OKnowTest, Version=1.0.0.0, Culture=neutral, PublicKeyToken=null" name="TestGetTileWeights1" />
    </UnitTest>
    <UnitTest name="testAnswerChoices" storage="c:\users\karan\downloads\oknow\trunk\oknow\oknowtest\bin\debug\oknowtest.dll" id="c633b636-e73d-6a16-4a3c-3a2d73d1a317">
      <Execution id="31ae7533-0401-4a2d-aae5-c683466e9b2b" />
      <TestMethod codeBase="C:/Users/Karan/Downloads/oKnow/trunk/OKnow/OKnowTest/bin/Debug/OKnowTest.DLL" adapterTypeName="Microsoft.VisualStudio.TestTools.TestTypes.Unit.UnitTestAdapter, Microsoft.VisualStudio.QualityTools.Tips.UnitTest.Adapter, Version=10.0.0.0, Culture=neutral, PublicKeyToken=b03f5f7f11d50a3a" className="OKnowTest.AnswerTest, OKnowTest, Version=1.0.0.0, Culture=neutral, PublicKeyToken=null" name="testAnswerChoices" />
    </UnitTest>
    <UnitTest name="TestGetBoardSize2" storage="c:\users\karan\downloads\oknow\trunk\oknow\oknowtest\bin\debug\oknowtest.dll" id="4bf3049e-1b64-3ff0-dd36-17e394b3355e">
      <Execution id="a483b783-ae94-4578-86cb-aed438eb16d8" />
      <TestMethod codeBase="C:/Users/Karan/Downloads/oKnow/trunk/OKnow/OKnowTest/bin/Debug/OKnowTest.DLL" adapterTypeName="Microsoft.VisualStudio.TestTools.TestTypes.Unit.UnitTestAdapter, Microsoft.VisualStudio.QualityTools.Tips.UnitTest.Adapter, Version=10.0.0.0, Culture=neutral, PublicKeyToken=b03f5f7f11d50a3a" className="OKnowTest.StartScreenTest, OKnowTest, Version=1.0.0.0, Culture=neutral, PublicKeyToken=null" name="TestGetBoardSize2" />
    </UnitTest>
    <UnitTest name="RandomSwapTestMultiplayerTest" storage="c:\users\karan\downloads\oknow\trunk\oknow\oknowtest\bin\debug\oknowtest.dll" id="9abef8b5-33da-680e-a9bc-a83df0477c5d">
      <Execution id="c889d7ce-b90b-4b47-bdb1-864f08c42472" />
      <TestMethod codeBase="C:/Users/Karan/Downloads/oKnow/trunk/OKnow/OKnowTest/bin/Debug/OKnowTest.DLL" adapterTypeName="Microsoft.VisualStudio.TestTools.TestTypes.Unit.UnitTestAdapter, Microsoft.VisualStudio.QualityTools.Tips.UnitTest.Adapter, Version=10.0.0.0, Culture=neutral, PublicKeyToken=b03f5f7f11d50a3a" className="OKnowTest.RandomSwapTest, OKnowTest, Version=1.0.0.0, Culture=neutral, PublicKeyToken=null" name="RandomSwapTestMultiplayerTest" />
    </UnitTest>
    <UnitTest name="TestGetCurrentNumPlayers2" storage="c:\users\karan\downloads\oknow\trunk\oknow\oknowtest\bin\debug\oknowtest.dll" id="a99a0acb-4556-0740-9f3d-fecb7b1ed1f8">
      <Execution id="fd0d5218-9301-4e15-82a9-50a994a40500" />
      <TestMethod codeBase="C:/Users/Karan/Downloads/oKnow/trunk/OKnow/OKnowTest/bin/Debug/OKnowTest.DLL" adapterTypeName="Microsoft.VisualStudio.TestTools.TestTypes.Unit.UnitTestAdapter, Microsoft.VisualStudio.QualityTools.Tips.UnitTest.Adapter, Version=10.0.0.0, Culture=neutral, PublicKeyToken=b03f5f7f11d50a3a" className="OKnowTest.StartScreenTest, OKnowTest, Version=1.0.0.0, Culture=neutral, PublicKeyToken=null" name="TestGetCurrentNumPlayers2" />
    </UnitTest>
    <UnitTest name="TestGetCurrentCategory4" storage="c:\users\karan\downloads\oknow\trunk\oknow\oknowtest\bin\debug\oknowtest.dll" id="0981af74-4ce1-6ad4-aeb6-cf0728ecf654">
      <Execution id="683ee601-9992-4180-9944-c64574adccc0" />
      <TestMethod codeBase="C:/Users/Karan/Downloads/oKnow/trunk/OKnow/OKnowTest/bin/Debug/OKnowTest.DLL" adapterTypeName="Microsoft.VisualStudio.TestTools.TestTypes.Unit.UnitTestAdapter, Microsoft.VisualStudio.QualityTools.Tips.UnitTest.Adapter, Version=10.0.0.0, Culture=neutral, PublicKeyToken=b03f5f7f11d50a3a" className="OKnowTest.StartScreenTest, OKnowTest, Version=1.0.0.0, Culture=neutral, PublicKeyToken=null" name="TestGetCurrentCategory4" />
    </UnitTest>
    <UnitTest name="TestGetCurrentNumPlayers3" storage="c:\users\karan\downloads\oknow\trunk\oknow\oknowtest\bin\debug\oknowtest.dll" id="b0f5a7d2-2c31-4fb3-e775-c49bc4094186">
      <Execution id="5188c62c-196e-4cf9-b6b7-2ee5c84ba536" />
      <TestMethod codeBase="C:/Users/Karan/Downloads/oKnow/trunk/OKnow/OKnowTest/bin/Debug/OKnowTest.DLL" adapterTypeName="Microsoft.VisualStudio.TestTools.TestTypes.Unit.UnitTestAdapter, Microsoft.VisualStudio.QualityTools.Tips.UnitTest.Adapter, Version=10.0.0.0, Culture=neutral, PublicKeyToken=b03f5f7f11d50a3a" className="OKnowTest.StartScreenTest, OKnowTest, Version=1.0.0.0, Culture=neutral, PublicKeyToken=null" name="TestGetCurrentNumPlayers3" />
    </UnitTest>
    <UnitTest name="TestGetCurrentCategory1" storage="c:\users\karan\downloads\oknow\trunk\oknow\oknowtest\bin\debug\oknowtest.dll" id="3afc1bea-bfbf-3c8e-8104-72a764af8b32">
      <Execution id="fad56846-7c00-4cb6-bee3-aab7b6d0241b" />
      <TestMethod codeBase="C:/Users/Karan/Downloads/oKnow/trunk/OKnow/OKnowTest/bin/Debug/OKnowTest.DLL" adapterTypeName="Microsoft.VisualStudio.TestTools.TestTypes.Unit.UnitTestAdapter, Microsoft.VisualStudio.QualityTools.Tips.UnitTest.Adapter, Version=10.0.0.0, Culture=neutral, PublicKeyToken=b03f5f7f11d50a3a" className="OKnowTest.StartScreenTest, OKnowTest, Version=1.0.0.0, Culture=neutral, PublicKeyToken=null" name="TestGetCurrentCategory1" />
    </UnitTest>
    <UnitTest name="PlayersTest1" storage="c:\users\karan\downloads\oknow\trunk\oknow\oknowtest\bin\debug\oknowtest.dll" id="b0b5b9af-8fcb-9aa2-b576-ea724fced88f">
      <Execution id="7b27b1cb-ab16-4fb6-b5a3-6cf743990617" />
      <TestMethod codeBase="C:/Users/Karan/Downloads/oKnow/trunk/OKnow/OKnowTest/bin/Debug/OKnowTest.DLL" adapterTypeName="Microsoft.VisualStudio.TestTools.TestTypes.Unit.UnitTestAdapter, Microsoft.VisualStudio.QualityTools.Tips.UnitTest.Adapter, Version=10.0.0.0, Culture=neutral, PublicKeyToken=b03f5f7f11d50a3a" className="OKnowTest.GameBoardTest, OKnowTest, Version=1.0.0.0, Culture=neutral, PublicKeyToken=null" name="PlayersTest1" />
    </UnitTest>
    <UnitTest name="MixedScoresTest" storage="c:\users\karan\downloads\oknow\trunk\oknow\oknowtest\bin\debug\oknowtest.dll" id="2f70dbba-5fa6-6c2a-feef-1fb1c7241241">
      <Execution id="1bb8b176-0882-4369-afe7-281e25a779fc" />
      <TestMethod codeBase="C:/Users/Karan/Downloads/oKnow/trunk/OKnow/OKnowTest/bin/Debug/OKnowTest.DLL" adapterTypeName="Microsoft.VisualStudio.TestTools.TestTypes.Unit.UnitTestAdapter, Microsoft.VisualStudio.QualityTools.Tips.UnitTest.Adapter, Version=10.0.0.0, Culture=neutral, PublicKeyToken=b03f5f7f11d50a3a" className="OKnowTest.ScoreBoardTest, OKnowTest, Version=1.0.0.0, Culture=neutral, PublicKeyToken=null" name="MixedScoresTest" />
    </UnitTest>
    <UnitTest name="QuestionNotifyIncorrectClickTest" storage="c:\users\karan\downloads\oknow\trunk\oknow\oknowtest\bin\debug\oknowtest.dll" id="bd72cabd-0ddc-9517-5a13-70031cc0d420">
      <Execution id="ee55e038-2729-41cb-ac24-66f54256105c" />
      <TestMethod codeBase="C:/Users/Karan/Downloads/oKnow/trunk/OKnow/OKnowTest/bin/Debug/OKnowTest.DLL" adapterTypeName="Microsoft.VisualStudio.TestTools.TestTypes.Unit.UnitTestAdapter, Microsoft.VisualStudio.QualityTools.Tips.UnitTest.Adapter, Version=10.0.0.0, Culture=neutral, PublicKeyToken=b03f5f7f11d50a3a" className="OKnowTest.AnswerAQuestionTest, OKnowTest, Version=1.0.0.0, Culture=neutral, PublicKeyToken=null" name="QuestionNotifyIncorrectClickTest" />
    </UnitTest>
    <UnitTest name="TestBoardTypeParameter" storage="c:\users\karan\downloads\oknow\trunk\oknow\oknowtest\bin\debug\oknowtest.dll" id="e34a6a3c-6733-dc8e-1e37-dba572bf5ace">
      <Execution id="59408b8f-0a0d-432f-a0ba-715fa79e1f24" />
      <TestMethod codeBase="C:/Users/Karan/Downloads/oKnow/trunk/OKnow/OKnowTest/bin/Debug/OKnowTest.DLL" adapterTypeName="Microsoft.VisualStudio.TestTools.TestTypes.Unit.UnitTestAdapter, Microsoft.VisualStudio.QualityTools.Tips.UnitTest.Adapter, Version=10.0.0.0, Culture=neutral, PublicKeyToken=b03f5f7f11d50a3a" className="OKnowTest.StartScreenTest, OKnowTest, Version=1.0.0.0, Culture=neutral, PublicKeyToken=null" name="TestBoardTypeParameter" />
    </UnitTest>
    <UnitTest name="TestGetBoardType3" storage="c:\users\karan\downloads\oknow\trunk\oknow\oknowtest\bin\debug\oknowtest.dll" id="5eca5bcf-e850-102d-5247-e143d0a4a840">
      <Execution id="4ce8619e-bfb6-48ba-ba42-4882f0b048d6" />
      <TestMethod codeBase="C:/Users/Karan/Downloads/oKnow/trunk/OKnow/OKnowTest/bin/Debug/OKnowTest.DLL" adapterTypeName="Microsoft.VisualStudio.TestTools.TestTypes.Unit.UnitTestAdapter, Microsoft.VisualStudio.QualityTools.Tips.UnitTest.Adapter, Version=10.0.0.0, Culture=neutral, PublicKeyToken=b03f5f7f11d50a3a" className="OKnowTest.StartScreenTest, OKnowTest, Version=1.0.0.0, Culture=neutral, PublicKeyToken=null" name="TestGetBoardType3" />
    </UnitTest>
    <UnitTest name="testInitialize" storage="c:\users\karan\downloads\oknow\trunk\oknow\oknowtest\bin\debug\oknowtest.dll" id="35fdcf18-0be3-5a33-49ea-9deec449ce72">
      <Execution id="e4cd0407-f627-4f77-970e-f89796846ad0" />
      <TestMethod codeBase="C:/Users/Karan/Downloads/oKnow/trunk/OKnow/OKnowTest/bin/Debug/OKnowTest.DLL" adapterTypeName="Microsoft.VisualStudio.TestTools.TestTypes.Unit.UnitTestAdapter, Microsoft.VisualStudio.QualityTools.Tips.UnitTest.Adapter, Version=10.0.0.0, Culture=neutral, PublicKeyToken=b03f5f7f11d50a3a" className="OKnowTest.AnswerTest, OKnowTest, Version=1.0.0.0, Culture=neutral, PublicKeyToken=null" name="testInitialize" />
    </UnitTest>
    <UnitTest name="TestSum6" storage="c:\users\karan\downloads\oknow\trunk\oknow\oknowtest\bin\debug\oknowtest.dll" id="9d3ef40d-f455-4981-71a8-7eb112706c75">
      <Execution id="872e47b0-c175-46b4-8b5f-62f8ce6efddd" />
      <TestMethod codeBase="C:/Users/Karan/Downloads/oKnow/trunk/OKnow/OKnowTest/bin/Debug/OKnowTest.DLL" adapterTypeName="Microsoft.VisualStudio.TestTools.TestTypes.Unit.UnitTestAdapter, Microsoft.VisualStudio.QualityTools.Tips.UnitTest.Adapter, Version=10.0.0.0, Culture=neutral, PublicKeyToken=b03f5f7f11d50a3a" className="OKnowTest.BoardGeneratorTest, OKnowTest, Version=1.0.0.0, Culture=neutral, PublicKeyToken=null" name="TestSum6" />
    </UnitTest>
    <UnitTest name="StartGameTest1" storage="c:\users\karan\downloads\oknow\trunk\oknow\oknowtest\bin\debug\oknowtest.dll" id="adf1bbe7-f955-f1aa-c051-332a545e94e4">
      <Execution id="7cc25117-0090-45f0-bdf0-e6abd75379e7" />
      <TestMethod codeBase="C:/Users/Karan/Downloads/oKnow/trunk/OKnow/OKnowTest/bin/Debug/OKnowTest.DLL" adapterTypeName="Microsoft.VisualStudio.TestTools.TestTypes.Unit.UnitTestAdapter, Microsoft.VisualStudio.QualityTools.Tips.UnitTest.Adapter, Version=10.0.0.0, Culture=neutral, PublicKeyToken=b03f5f7f11d50a3a" className="OKnowTest.Game1Test, OKnowTest, Version=1.0.0.0, Culture=neutral, PublicKeyToken=null" name="StartGameTest1" />
    </UnitTest>
    <UnitTest name="TestGetBoardSize3" storage="c:\users\karan\downloads\oknow\trunk\oknow\oknowtest\bin\debug\oknowtest.dll" id="d67a89bb-cceb-4395-19d1-01b4a95e49bd">
      <Execution id="8cdf013d-fd86-466b-9b45-9036df00e80e" />
      <TestMethod codeBase="C:/Users/Karan/Downloads/oKnow/trunk/OKnow/OKnowTest/bin/Debug/OKnowTest.DLL" adapterTypeName="Microsoft.VisualStudio.TestTools.TestTypes.Unit.UnitTestAdapter, Microsoft.VisualStudio.QualityTools.Tips.UnitTest.Adapter, Version=10.0.0.0, Culture=neutral, PublicKeyToken=b03f5f7f11d50a3a" className="OKnowTest.StartScreenTest, OKnowTest, Version=1.0.0.0, Culture=neutral, PublicKeyToken=null" name="TestGetBoardSize3" />
    </UnitTest>
    <UnitTest name="TestGetCurrentCategory5" storage="c:\users\karan\downloads\oknow\trunk\oknow\oknowtest\bin\debug\oknowtest.dll" id="dbf1d0a3-6fa9-ebb2-2c02-e59981d64ed1">
      <Execution id="a8b668ce-5a6a-430a-8910-2a27ed8b3532" />
      <TestMethod codeBase="C:/Users/Karan/Downloads/oKnow/trunk/OKnow/OKnowTest/bin/Debug/OKnowTest.DLL" adapterTypeName="Microsoft.VisualStudio.TestTools.TestTypes.Unit.UnitTestAdapter, Microsoft.VisualStudio.QualityTools.Tips.UnitTest.Adapter, Version=10.0.0.0, Culture=neutral, PublicKeyToken=b03f5f7f11d50a3a" className="OKnowTest.StartScreenTest, OKnowTest, Version=1.0.0.0, Culture=neutral, PublicKeyToken=null" name="TestGetCurrentCategory5" />
    </UnitTest>
    <UnitTest name="TestGetRandomQuestion" storage="c:\users\karan\downloads\oknow\trunk\oknow\oknowtest\bin\debug\oknowtest.dll" id="87ab6c4b-2e53-ad24-94d0-e1500744f03c">
      <Execution id="d0c6dca6-db98-43d3-8b7c-9be27c54953e" />
      <TestMethod codeBase="C:/Users/Karan/Downloads/oKnow/trunk/OKnow/OKnowTest/bin/Debug/OKnowTest.DLL" adapterTypeName="Microsoft.VisualStudio.TestTools.TestTypes.Unit.UnitTestAdapter, Microsoft.VisualStudio.QualityTools.Tips.UnitTest.Adapter, Version=10.0.0.0, Culture=neutral, PublicKeyToken=b03f5f7f11d50a3a" className="OKnowTest.QuestionPoolTest, OKnowTest, Version=1.0.0.0, Culture=neutral, PublicKeyToken=null" name="TestGetRandomQuestion" />
    </UnitTest>
    <UnitTest name="TestGetBoardSize4" storage="c:\users\karan\downloads\oknow\trunk\oknow\oknowtest\bin\debug\oknowtest.dll" id="807e15a2-a2d5-d883-28e3-0ba48acb3399">
      <Execution id="0d3df8b4-9ea0-4015-8468-2ba2f1067ddb" />
      <TestMethod codeBase="C:/Users/Karan/Downloads/oKnow/trunk/OKnow/OKnowTest/bin/Debug/OKnowTest.DLL" adapterTypeName="Microsoft.VisualStudio.TestTools.TestTypes.Unit.UnitTestAdapter, Microsoft.VisualStudio.QualityTools.Tips.UnitTest.Adapter, Version=10.0.0.0, Culture=neutral, PublicKeyToken=b03f5f7f11d50a3a" className="OKnowTest.StartScreenTest, OKnowTest, Version=1.0.0.0, Culture=neutral, PublicKeyToken=null" name="TestGetBoardSize4" />
    </UnitTest>
    <UnitTest name="TestSum2" storage="c:\users\karan\downloads\oknow\trunk\oknow\oknowtest\bin\debug\oknowtest.dll" id="30f09404-202f-bb57-b42e-01014a3c37b8">
      <Execution id="73767d79-8359-451a-99d0-0c47f916fc81" />
      <TestMethod codeBase="C:/Users/Karan/Downloads/oKnow/trunk/OKnow/OKnowTest/bin/Debug/OKnowTest.DLL" adapterTypeName="Microsoft.VisualStudio.TestTools.TestTypes.Unit.UnitTestAdapter, Microsoft.VisualStudio.QualityTools.Tips.UnitTest.Adapter, Version=10.0.0.0, Culture=neutral, PublicKeyToken=b03f5f7f11d50a3a" className="OKnowTest.BoardGeneratorTest, OKnowTest, Version=1.0.0.0, Culture=neutral, PublicKeyToken=null" name="TestSum2" />
    </UnitTest>
    <UnitTest name="TestJokerTile" storage="c:\users\karan\downloads\oknow\trunk\oknow\oknowtest\bin\debug\oknowtest.dll" id="d3f09b35-b610-a3b7-aac9-aa4bbf66fea6">
      <Execution id="e7fad69a-65d5-425c-b8a0-baf911a034f2" />
      <TestMethod codeBase="C:/Users/Karan/Downloads/oKnow/trunk/OKnow/OKnowTest/bin/Debug/OKnowTest.DLL" adapterTypeName="Microsoft.VisualStudio.TestTools.TestTypes.Unit.UnitTestAdapter, Microsoft.VisualStudio.QualityTools.Tips.UnitTest.Adapter, Version=10.0.0.0, Culture=neutral, PublicKeyToken=b03f5f7f11d50a3a" className="OKnowTest.TileTest, OKnowTest, Version=1.0.0.0, Culture=neutral, PublicKeyToken=null" name="TestJokerTile" />
    </UnitTest>
    <UnitTest name="MultiPlayerMultiCorrectScoreTest" storage="c:\users\karan\downloads\oknow\trunk\oknow\oknowtest\bin\debug\oknowtest.dll" id="32dd6141-e873-31bc-2141-154b736f81ed">
      <Execution id="f271f61a-f9f0-4872-b42c-a23ed5a07f2b" />
      <TestMethod codeBase="C:/Users/Karan/Downloads/oKnow/trunk/OKnow/OKnowTest/bin/Debug/OKnowTest.DLL" adapterTypeName="Microsoft.VisualStudio.TestTools.TestTypes.Unit.UnitTestAdapter, Microsoft.VisualStudio.QualityTools.Tips.UnitTest.Adapter, Version=10.0.0.0, Culture=neutral, PublicKeyToken=b03f5f7f11d50a3a" className="OKnowTest.ScoreBoardTest, OKnowTest, Version=1.0.0.0, Culture=neutral, PublicKeyToken=null" name="MultiPlayerMultiCorrectScoreTest" />
    </UnitTest>
    <UnitTest name="TestSum3" storage="c:\users\karan\downloads\oknow\trunk\oknow\oknowtest\bin\debug\oknowtest.dll" id="21de355f-3cde-a82e-6834-b7b2ac5c48b4">
      <Execution id="7fa90e44-244d-48a9-8258-a6727a41824e" />
      <TestMethod codeBase="C:/Users/Karan/Downloads/oKnow/trunk/OKnow/OKnowTest/bin/Debug/OKnowTest.DLL" adapterTypeName="Microsoft.VisualStudio.TestTools.TestTypes.Unit.UnitTestAdapter, Microsoft.VisualStudio.QualityTools.Tips.UnitTest.Adapter, Version=10.0.0.0, Culture=neutral, PublicKeyToken=b03f5f7f11d50a3a" className="OKnowTest.BoardGeneratorTest, OKnowTest, Version=1.0.0.0, Culture=neutral, PublicKeyToken=null" name="TestSum3" />
    </UnitTest>
    <UnitTest name="StartGameTest2" storage="c:\users\karan\downloads\oknow\trunk\oknow\oknowtest\bin\debug\oknowtest.dll" id="8e77a49e-1ebb-33d0-321e-b1c7c45a8fa3">
      <Execution id="49ac9a7d-54ac-4d89-9deb-be39f18305ad" />
      <TestMethod codeBase="C:/Users/Karan/Downloads/oKnow/trunk/OKnow/OKnowTest/bin/Debug/OKnowTest.DLL" adapterTypeName="Microsoft.VisualStudio.TestTools.TestTypes.Unit.UnitTestAdapter, Microsoft.VisualStudio.QualityTools.Tips.UnitTest.Adapter, Version=10.0.0.0, Culture=neutral, PublicKeyToken=b03f5f7f11d50a3a" className="OKnowTest.Game1Test, OKnowTest, Version=1.0.0.0, Culture=neutral, PublicKeyToken=null" name="StartGameTest2" />
    </UnitTest>
    <UnitTest name="TestSum5" storage="c:\users\karan\downloads\oknow\trunk\oknow\oknowtest\bin\debug\oknowtest.dll" id="f3643685-0921-c0f8-f8bd-a760364d558c">
      <Execution id="8a642e43-2a31-40a2-a220-1bd24838183a" />
      <TestMethod codeBase="C:/Users/Karan/Downloads/oKnow/trunk/OKnow/OKnowTest/bin/Debug/OKnowTest.DLL" adapterTypeName="Microsoft.VisualStudio.TestTools.TestTypes.Unit.UnitTestAdapter, Microsoft.VisualStudio.QualityTools.Tips.UnitTest.Adapter, Version=10.0.0.0, Culture=neutral, PublicKeyToken=b03f5f7f11d50a3a" className="OKnowTest.BoardGeneratorTest, OKnowTest, Version=1.0.0.0, Culture=neutral, PublicKeyToken=null" name="TestSum5" />
    </UnitTest>
    <UnitTest name="TileConstructorTest" storage="c:\users\karan\downloads\oknow\trunk\oknow\oknowtest\bin\debug\oknowtest.dll" id="93e1a339-56ec-6a9a-cc36-ee3412430608">
      <Execution id="6b6f0751-ddb1-4e6d-a0f0-fc060f14cbf9" />
      <TestMethod codeBase="C:/Users/Karan/Downloads/oKnow/trunk/OKnow/OKnowTest/bin/Debug/OKnowTest.DLL" adapterTypeName="Microsoft.VisualStudio.TestTools.TestTypes.Unit.UnitTestAdapter, Microsoft.VisualStudio.QualityTools.Tips.UnitTest.Adapter, Version=10.0.0.0, Culture=neutral, PublicKeyToken=b03f5f7f11d50a3a" className="OKnowTest.PlayerTest, OKnowTest, Version=1.0.0.0, Culture=neutral, PublicKeyToken=null" name="TileConstructorTest" />
    </UnitTest>
    <UnitTest name="MultiplePlayerTest" storage="c:\users\karan\downloads\oknow\trunk\oknow\oknowtest\bin\debug\oknowtest.dll" id="d6f0928c-7367-b459-6ff5-32ca0241f57e">
      <Execution id="9e58c77e-5fb9-4da9-b89f-ca613f2acfe5" />
      <TestMethod codeBase="C:/Users/Karan/Downloads/oKnow/trunk/OKnow/OKnowTest/bin/Debug/OKnowTest.DLL" adapterTypeName="Microsoft.VisualStudio.TestTools.TestTypes.Unit.UnitTestAdapter, Microsoft.VisualStudio.QualityTools.Tips.UnitTest.Adapter, Version=10.0.0.0, Culture=neutral, PublicKeyToken=b03f5f7f11d50a3a" className="OKnowTest.PlayerTest, OKnowTest, Version=1.0.0.0, Culture=neutral, PublicKeyToken=null" name="MultiplePlayerTest" />
    </UnitTest>
    <UnitTest name="TestGetCurrentNumPlayers4" storage="c:\users\karan\downloads\oknow\trunk\oknow\oknowtest\bin\debug\oknowtest.dll" id="47b57d83-2c08-99b9-f3b1-14d4cde9b1e8">
      <Execution id="1c25f9c0-8381-4f45-8f0c-c54f4dfbc0d5" />
      <TestMethod codeBase="C:/Users/Karan/Downloads/oKnow/trunk/OKnow/OKnowTest/bin/Debug/OKnowTest.DLL" adapterTypeName="Microsoft.VisualStudio.TestTools.TestTypes.Unit.UnitTestAdapter, Microsoft.VisualStudio.QualityTools.Tips.UnitTest.Adapter, Version=10.0.0.0, Culture=neutral, PublicKeyToken=b03f5f7f11d50a3a" className="OKnowTest.StartScreenTest, OKnowTest, Version=1.0.0.0, Culture=neutral, PublicKeyToken=null" name="TestGetCurrentNumPlayers4" />
    </UnitTest>
    <UnitTest name="TestUpdateEventEquality" storage="c:\users\karan\downloads\oknow\trunk\oknow\oknowtest\bin\debug\oknowtest.dll" id="f92b1b75-bfbf-8087-5727-33e690da2f7f">
      <Execution id="83755550-f1b8-47cd-81c4-19dba0dbfd98" />
      <TestMethod codeBase="C:/Users/Karan/Downloads/oKnow/trunk/OKnow/OKnowTest/bin/Debug/OKnowTest.DLL" adapterTypeName="Microsoft.VisualStudio.TestTools.TestTypes.Unit.UnitTestAdapter, Microsoft.VisualStudio.QualityTools.Tips.UnitTest.Adapter, Version=10.0.0.0, Culture=neutral, PublicKeyToken=b03f5f7f11d50a3a" className="OKnowTest.IOTests.IOSubjectTest, OKnowTest, Version=1.0.0.0, Culture=neutral, PublicKeyToken=null" name="TestUpdateEventEquality" />
    </UnitTest>
    <UnitTest name="TestDeathTile" storage="c:\users\karan\downloads\oknow\trunk\oknow\oknowtest\bin\debug\oknowtest.dll" id="52f2ba69-e8af-366e-fa05-7e9d58be5419">
      <Execution id="c4792adb-e80c-46b5-ac64-4acc283e1c97" />
      <TestMethod codeBase="C:/Users/Karan/Downloads/oKnow/trunk/OKnow/OKnowTest/bin/Debug/OKnowTest.DLL" adapterTypeName="Microsoft.VisualStudio.TestTools.TestTypes.Unit.UnitTestAdapter, Microsoft.VisualStudio.QualityTools.Tips.UnitTest.Adapter, Version=10.0.0.0, Culture=neutral, PublicKeyToken=b03f5f7f11d50a3a" className="OKnowTest.TileTest, OKnowTest, Version=1.0.0.0, Culture=neutral, PublicKeyToken=null" name="TestDeathTile" />
    </UnitTest>
    <UnitTest name="TestGetBoardType2" storage="c:\users\karan\downloads\oknow\trunk\oknow\oknowtest\bin\debug\oknowtest.dll" id="1f781150-b373-8299-aa4f-dfdadb7bfb9b">
      <Execution id="f5cebaea-614e-4b82-a073-6d1332cc282c" />
      <TestMethod codeBase="C:/Users/Karan/Downloads/oKnow/trunk/OKnow/OKnowTest/bin/Debug/OKnowTest.DLL" adapterTypeName="Microsoft.VisualStudio.TestTools.TestTypes.Unit.UnitTestAdapter, Microsoft.VisualStudio.QualityTools.Tips.UnitTest.Adapter, Version=10.0.0.0, Culture=neutral, PublicKeyToken=b03f5f7f11d50a3a" className="OKnowTest.StartScreenTest, OKnowTest, Version=1.0.0.0, Culture=neutral, PublicKeyToken=null" name="TestGetBoardType2" />
    </UnitTest>
    <UnitTest name="MultiPlayerMultiIncorrectScoreTest" storage="c:\users\karan\downloads\oknow\trunk\oknow\oknowtest\bin\debug\oknowtest.dll" id="371a4fb2-1529-7925-ea1a-b6ea6249a33b">
      <Execution id="2c813068-fd01-49f3-b341-66ff2e4842d6" />
      <TestMethod codeBase="C:/Users/Karan/Downloads/oKnow/trunk/OKnow/OKnowTest/bin/Debug/OKnowTest.DLL" adapterTypeName="Microsoft.VisualStudio.TestTools.TestTypes.Unit.UnitTestAdapter, Microsoft.VisualStudio.QualityTools.Tips.UnitTest.Adapter, Version=10.0.0.0, Culture=neutral, PublicKeyToken=b03f5f7f11d50a3a" className="OKnowTest.ScoreBoardTest, OKnowTest, Version=1.0.0.0, Culture=neutral, PublicKeyToken=null" name="MultiPlayerMultiIncorrectScoreTest" />
    </UnitTest>
    <UnitTest name="RandomSwapStateTest" storage="c:\users\karan\downloads\oknow\trunk\oknow\oknowtest\bin\debug\oknowtest.dll" id="d045baa8-d6d4-4e92-c213-e7d3aa09150a">
      <Execution id="4c523065-6444-4162-a2d1-334ade243e65" />
      <TestMethod codeBase="C:/Users/Karan/Downloads/oKnow/trunk/OKnow/OKnowTest/bin/Debug/OKnowTest.DLL" adapterTypeName="Microsoft.VisualStudio.TestTools.TestTypes.Unit.UnitTestAdapter, Microsoft.VisualStudio.QualityTools.Tips.UnitTest.Adapter, Version=10.0.0.0, Culture=neutral, PublicKeyToken=b03f5f7f11d50a3a" className="OKnowTest.RandomSwapTest, OKnowTest, Version=1.0.0.0, Culture=neutral, PublicKeyToken=null" name="RandomSwapStateTest" />
    </UnitTest>
    <UnitTest name="MultiPlayerCorrectScoreTest" storage="c:\users\karan\downloads\oknow\trunk\oknow\oknowtest\bin\debug\oknowtest.dll" id="3ebf47cf-4127-1f1d-d58e-0bdf47316ea3">
      <Execution id="575cd95a-3210-403f-9d26-2602c6da0979" />
      <TestMethod codeBase="C:/Users/Karan/Downloads/oKnow/trunk/OKnow/OKnowTest/bin/Debug/OKnowTest.DLL" adapterTypeName="Microsoft.VisualStudio.TestTools.TestTypes.Unit.UnitTestAdapter, Microsoft.VisualStudio.QualityTools.Tips.UnitTest.Adapter, Version=10.0.0.0, Culture=neutral, PublicKeyToken=b03f5f7f11d50a3a" className="OKnowTest.ScoreBoardTest, OKnowTest, Version=1.0.0.0, Culture=neutral, PublicKeyToken=null" name="MultiPlayerCorrectScoreTest" />
    </UnitTest>
    <UnitTest name="TestGetTileWeights3" storage="c:\users\karan\downloads\oknow\trunk\oknow\oknowtest\bin\debug\oknowtest.dll" id="8ceb8007-7676-c6df-f4e0-60eb5ed07aaa">
      <Execution id="a9ec91c5-77d6-4f9e-8fb8-3f515ba66982" />
      <TestMethod codeBase="C:/Users/Karan/Downloads/oKnow/trunk/OKnow/OKnowTest/bin/Debug/OKnowTest.DLL" adapterTypeName="Microsoft.VisualStudio.TestTools.TestTypes.Unit.UnitTestAdapter, Microsoft.VisualStudio.QualityTools.Tips.UnitTest.Adapter, Version=10.0.0.0, Culture=neutral, PublicKeyToken=b03f5f7f11d50a3a" className="OKnowTest.StartScreenTest, OKnowTest, Version=1.0.0.0, Culture=neutral, PublicKeyToken=null" name="TestGetTileWeights3" />
    </UnitTest>
    <UnitTest name="BackwardsScoresTest" storage="c:\users\karan\downloads\oknow\trunk\oknow\oknowtest\bin\debug\oknowtest.dll" id="d1cdae68-9615-5a15-fb7e-17feabe3919f">
      <Execution id="7a65c212-ac83-4660-a87d-f6a76f6bde3c" />
      <TestMethod codeBase="C:/Users/Karan/Downloads/oKnow/trunk/OKnow/OKnowTest/bin/Debug/OKnowTest.DLL" adapterTypeName="Microsoft.VisualStudio.TestTools.TestTypes.Unit.UnitTestAdapter, Microsoft.VisualStudio.QualityTools.Tips.UnitTest.Adapter, Version=10.0.0.0, Culture=neutral, PublicKeyToken=b03f5f7f11d50a3a" className="OKnowTest.ScoreBoardTest, OKnowTest, Version=1.0.0.0, Culture=neutral, PublicKeyToken=null" name="BackwardsScoresTest" />
    </UnitTest>
    <UnitTest name="TestStandardTile" storage="c:\users\karan\downloads\oknow\trunk\oknow\oknowtest\bin\debug\oknowtest.dll" id="e4ab14aa-1429-271f-5b09-0f8f32eeab9a">
      <Execution id="2b88366b-51b5-4cd3-94ca-a15cae3c854a" />
      <TestMethod codeBase="C:/Users/Karan/Downloads/oKnow/trunk/OKnow/OKnowTest/bin/Debug/OKnowTest.DLL" adapterTypeName="Microsoft.VisualStudio.TestTools.TestTypes.Unit.UnitTestAdapter, Microsoft.VisualStudio.QualityTools.Tips.UnitTest.Adapter, Version=10.0.0.0, Culture=neutral, PublicKeyToken=b03f5f7f11d50a3a" className="OKnowTest.TileTest, OKnowTest, Version=1.0.0.0, Culture=neutral, PublicKeyToken=null" name="TestStandardTile" />
    </UnitTest>
    <UnitTest name="TileConstructorTest" storage="c:\users\karan\downloads\oknow\trunk\oknow\oknowtest\bin\debug\oknowtest.dll" id="77e10824-1cca-c689-50b2-ed0e80430907">
      <Execution id="bfb35b75-9453-44a4-ae96-98b9352a20f7" />
      <TestMethod codeBase="C:/Users/Karan/Downloads/oKnow/trunk/OKnow/OKnowTest/bin/Debug/OKnowTest.DLL" adapterTypeName="Microsoft.VisualStudio.TestTools.TestTypes.Unit.UnitTestAdapter, Microsoft.VisualStudio.QualityTools.Tips.UnitTest.Adapter, Version=10.0.0.0, Culture=neutral, PublicKeyToken=b03f5f7f11d50a3a" className="OKnowTest.TileTest, OKnowTest, Version=1.0.0.0, Culture=neutral, PublicKeyToken=null" name="TileConstructorTest" />
    </UnitTest>
    <UnitTest name="TestGetCurrentCategory6" storage="c:\users\karan\downloads\oknow\trunk\oknow\oknowtest\bin\debug\oknowtest.dll" id="d22d02ed-bb5c-57c7-bac8-2a4213191ea2">
      <Execution id="1b277807-5f87-4d50-a7aa-d5c68b5dbd67" />
      <TestMethod codeBase="C:/Users/Karan/Downloads/oKnow/trunk/OKnow/OKnowTest/bin/Debug/OKnowTest.DLL" adapterTypeName="Microsoft.VisualStudio.TestTools.TestTypes.Unit.UnitTestAdapter, Microsoft.VisualStudio.QualityTools.Tips.UnitTest.Adapter, Version=10.0.0.0, Culture=neutral, PublicKeyToken=b03f5f7f11d50a3a" className="OKnowTest.StartScreenTest, OKnowTest, Version=1.0.0.0, Culture=neutral, PublicKeyToken=null" name="TestGetCurrentCategory6" />
    </UnitTest>
    <UnitTest name="TestCategory" storage="c:\users\karan\downloads\oknow\trunk\oknow\oknowtest\bin\debug\oknowtest.dll" id="a9a9f0f1-8a6b-9673-3b72-bfc82b22d458">
      <Execution id="66ec732e-f4fb-45e8-9f71-82c7f77e7388" />
      <TestMethod codeBase="C:/Users/Karan/Downloads/oKnow/trunk/OKnow/OKnowTest/bin/Debug/OKnowTest.DLL" adapterTypeName="Microsoft.VisualStudio.TestTools.TestTypes.Unit.UnitTestAdapter, Microsoft.VisualStudio.QualityTools.Tips.UnitTest.Adapter, Version=10.0.0.0, Culture=neutral, PublicKeyToken=b03f5f7f11d50a3a" className="OKnowTest.AnswerTest, OKnowTest, Version=1.0.0.0, Culture=neutral, PublicKeyToken=null" name="TestCategory" />
    </UnitTest>
    <UnitTest name="QuestionNotifyIncorrectKeyTest" storage="c:\users\karan\downloads\oknow\trunk\oknow\oknowtest\bin\debug\oknowtest.dll" id="60eb9c3d-cd29-58bd-5b44-c89d0731a54a">
      <Execution id="8019ab04-0c06-466c-82b7-7088d382a455" />
      <TestMethod codeBase="C:/Users/Karan/Downloads/oKnow/trunk/OKnow/OKnowTest/bin/Debug/OKnowTest.DLL" adapterTypeName="Microsoft.VisualStudio.TestTools.TestTypes.Unit.UnitTestAdapter, Microsoft.VisualStudio.QualityTools.Tips.UnitTest.Adapter, Version=10.0.0.0, Culture=neutral, PublicKeyToken=b03f5f7f11d50a3a" className="OKnowTest.AnswerAQuestionTest, OKnowTest, Version=1.0.0.0, Culture=neutral, PublicKeyToken=null" name="QuestionNotifyIncorrectKeyTest" />
    </UnitTest>
    <UnitTest name="ChangeCategoryStateTest" storage="c:\users\karan\downloads\oknow\trunk\oknow\oknowtest\bin\debug\oknowtest.dll" id="17c0ccb2-7906-7e39-90cb-848a59e82687">
      <Execution id="5c005603-f466-4ed9-a92a-c6e2256034c5" />
      <TestMethod codeBase="C:/Users/Karan/Downloads/oKnow/trunk/OKnow/OKnowTest/bin/Debug/OKnowTest.DLL" adapterTypeName="Microsoft.VisualStudio.TestTools.TestTypes.Unit.UnitTestAdapter, Microsoft.VisualStudio.QualityTools.Tips.UnitTest.Adapter, Version=10.0.0.0, Culture=neutral, PublicKeyToken=b03f5f7f11d50a3a" className="OKnowTest.ChangeCategoryTest, OKnowTest, Version=1.0.0.0, Culture=neutral, PublicKeyToken=null" name="ChangeCategoryStateTest" />
    </UnitTest>
    <UnitTest name="TestGetTileWeights4" storage="c:\users\karan\downloads\oknow\trunk\oknow\oknowtest\bin\debug\oknowtest.dll" id="8af59718-3d2e-61c7-52a7-b3bcc998df10">
      <Execution id="0edd1047-cc40-42ea-9dc8-09811b13814a" />
      <TestMethod codeBase="C:/Users/Karan/Downloads/oKnow/trunk/OKnow/OKnowTest/bin/Debug/OKnowTest.DLL" adapterTypeName="Microsoft.VisualStudio.TestTools.TestTypes.Unit.UnitTestAdapter, Microsoft.VisualStudio.QualityTools.Tips.UnitTest.Adapter, Version=10.0.0.0, Culture=neutral, PublicKeyToken=b03f5f7f11d50a3a" className="OKnowTest.StartScreenTest, OKnowTest, Version=1.0.0.0, Culture=neutral, PublicKeyToken=null" name="TestGetTileWeights4" />
    </UnitTest>
    <UnitTest name="TestGetRightArrow" storage="c:\users\karan\downloads\oknow\trunk\oknow\oknowtest\bin\debug\oknowtest.dll" id="dee46b0c-2f9d-52fc-c7b4-b5b58ca85be6">
      <Execution id="2e388958-4486-4d36-92e9-c9fb14a33c89" />
      <TestMethod codeBase="C:/Users/Karan/Downloads/oKnow/trunk/OKnow/OKnowTest/bin/Debug/OKnowTest.DLL" adapterTypeName="Microsoft.VisualStudio.TestTools.TestTypes.Unit.UnitTestAdapter, Microsoft.VisualStudio.QualityTools.Tips.UnitTest.Adapter, Version=10.0.0.0, Culture=neutral, PublicKeyToken=b03f5f7f11d50a3a" className="OKnowTest.StartScreenTest, OKnowTest, Version=1.0.0.0, Culture=neutral, PublicKeyToken=null" name="TestGetRightArrow" />
    </UnitTest>
    <UnitTest name="IsAdjacentTest" storage="c:\users\karan\downloads\oknow\trunk\oknow\oknowtest\bin\debug\oknowtest.dll" id="72f264a5-7de2-336c-60e6-b904b0cc1eea">
      <Execution id="43ac9cba-010c-47f5-ab42-4e0040265aa6" />
      <TestMethod codeBase="C:/Users/Karan/Downloads/oKnow/trunk/OKnow/OKnowTest/bin/Debug/OKnowTest.DLL" adapterTypeName="Microsoft.VisualStudio.TestTools.TestTypes.Unit.UnitTestAdapter, Microsoft.VisualStudio.QualityTools.Tips.UnitTest.Adapter, Version=10.0.0.0, Culture=neutral, PublicKeyToken=b03f5f7f11d50a3a" className="OKnowTest.TileTest, OKnowTest, Version=1.0.0.0, Culture=neutral, PublicKeyToken=null" name="IsAdjacentTest" />
    </UnitTest>
    <UnitTest name="TestGetCurrentCategory2" storage="c:\users\karan\downloads\oknow\trunk\oknow\oknowtest\bin\debug\oknowtest.dll" id="f1fc9670-606b-c73a-b756-bddec5b37878">
      <Execution id="18930205-fabe-4497-aca4-4e1867f26037" />
      <TestMethod codeBase="C:/Users/Karan/Downloads/oKnow/trunk/OKnow/OKnowTest/bin/Debug/OKnowTest.DLL" adapterTypeName="Microsoft.VisualStudio.TestTools.TestTypes.Unit.UnitTestAdapter, Microsoft.VisualStudio.QualityTools.Tips.UnitTest.Adapter, Version=10.0.0.0, Culture=neutral, PublicKeyToken=b03f5f7f11d50a3a" className="OKnowTest.StartScreenTest, OKnowTest, Version=1.0.0.0, Culture=neutral, PublicKeyToken=null" name="TestGetCurrentCategory2" />
    </UnitTest>
    <UnitTest name="TestGetCurrentNumPlayers1" storage="c:\users\karan\downloads\oknow\trunk\oknow\oknowtest\bin\debug\oknowtest.dll" id="957b084a-82f1-c373-da0f-c9ece73ff22b">
      <Execution id="f1dc827c-c5e0-407d-9d98-94f4ca6ea777" />
      <TestMethod codeBase="C:/Users/Karan/Downloads/oKnow/trunk/OKnow/OKnowTest/bin/Debug/OKnowTest.DLL" adapterTypeName="Microsoft.VisualStudio.TestTools.TestTypes.Unit.UnitTestAdapter, Microsoft.VisualStudio.QualityTools.Tips.UnitTest.Adapter, Version=10.0.0.0, Culture=neutral, PublicKeyToken=b03f5f7f11d50a3a" className="OKnowTest.StartScreenTest, OKnowTest, Version=1.0.0.0, Culture=neutral, PublicKeyToken=null" name="TestGetCurrentNumPlayers1" />
    </UnitTest>
    <UnitTest name="TestGetLeftArrow" storage="c:\users\karan\downloads\oknow\trunk\oknow\oknowtest\bin\debug\oknowtest.dll" id="fc6917c6-2e73-f40a-5bb6-252957ae3d5b">
      <Execution id="e1d1f219-4f9d-421d-a7dc-c727397d0b28" />
      <TestMethod codeBase="C:/Users/Karan/Downloads/oKnow/trunk/OKnow/OKnowTest/bin/Debug/OKnowTest.DLL" adapterTypeName="Microsoft.VisualStudio.TestTools.TestTypes.Unit.UnitTestAdapter, Microsoft.VisualStudio.QualityTools.Tips.UnitTest.Adapter, Version=10.0.0.0, Culture=neutral, PublicKeyToken=b03f5f7f11d50a3a" className="OKnowTest.StartScreenTest, OKnowTest, Version=1.0.0.0, Culture=neutral, PublicKeyToken=null" name="TestGetLeftArrow" />
    </UnitTest>
    <UnitTest name="TestGetCurrentCategory3" storage="c:\users\karan\downloads\oknow\trunk\oknow\oknowtest\bin\debug\oknowtest.dll" id="6d90f370-9d6b-db58-3da4-8603bcc06965">
      <Execution id="9c03d698-ba81-4630-a345-18db57987e96" />
      <TestMethod codeBase="C:/Users/Karan/Downloads/oKnow/trunk/OKnow/OKnowTest/bin/Debug/OKnowTest.DLL" adapterTypeName="Microsoft.VisualStudio.TestTools.TestTypes.Unit.UnitTestAdapter, Microsoft.VisualStudio.QualityTools.Tips.UnitTest.Adapter, Version=10.0.0.0, Culture=neutral, PublicKeyToken=b03f5f7f11d50a3a" className="OKnowTest.StartScreenTest, OKnowTest, Version=1.0.0.0, Culture=neutral, PublicKeyToken=null" name="TestGetCurrentCategory3" />
    </UnitTest>
    <UnitTest name="TestImageTile" storage="c:\users\karan\downloads\oknow\trunk\oknow\oknowtest\bin\debug\oknowtest.dll" id="fc573d78-4d31-4cef-4a5f-301b8eb35a18">
      <Execution id="2b469d50-dad6-470c-ac53-8a4ebad81d60" />
      <TestMethod codeBase="C:/Users/Karan/Downloads/oKnow/trunk/OKnow/OKnowTest/bin/Debug/OKnowTest.DLL" adapterTypeName="Microsoft.VisualStudio.TestTools.TestTypes.Unit.UnitTestAdapter, Microsoft.VisualStudio.QualityTools.Tips.UnitTest.Adapter, Version=10.0.0.0, Culture=neutral, PublicKeyToken=b03f5f7f11d50a3a" className="OKnowTest.TileTest, OKnowTest, Version=1.0.0.0, Culture=neutral, PublicKeyToken=null" name="TestImageTile" />
    </UnitTest>
    <UnitTest name="TestGetRandomMusicQuestion" storage="c:\users\karan\downloads\oknow\trunk\oknow\oknowtest\bin\debug\oknowtest.dll" id="0177b86e-d5fa-cf5b-7ea6-a50aa23a1f27">
      <Execution id="15ae9f21-6bc1-410b-8773-5c1ad8406e75" />
      <TestMethod codeBase="C:/Users/Karan/Downloads/oKnow/trunk/OKnow/OKnowTest/bin/Debug/OKnowTest.DLL" adapterTypeName="Microsoft.VisualStudio.TestTools.TestTypes.Unit.UnitTestAdapter, Microsoft.VisualStudio.QualityTools.Tips.UnitTest.Adapter, Version=10.0.0.0, Culture=neutral, PublicKeyToken=b03f5f7f11d50a3a" className="OKnowTest.QuestionPoolTest, OKnowTest, Version=1.0.0.0, Culture=neutral, PublicKeyToken=null" name="TestGetRandomMusicQuestion" />
    </UnitTest>
    <UnitTest name="QuestionNotifyTimedKeyTest" storage="c:\users\karan\downloads\oknow\trunk\oknow\oknowtest\bin\debug\oknowtest.dll" id="c34a7e0d-9fce-cfdd-4a03-172f1b719315">
      <Execution id="d94579fa-7dd5-42ac-92c3-dea0a091f99c" />
      <TestMethod codeBase="C:/Users/Karan/Downloads/oKnow/trunk/OKnow/OKnowTest/bin/Debug/OKnowTest.DLL" adapterTypeName="Microsoft.VisualStudio.TestTools.TestTypes.Unit.UnitTestAdapter, Microsoft.VisualStudio.QualityTools.Tips.UnitTest.Adapter, Version=10.0.0.0, Culture=neutral, PublicKeyToken=b03f5f7f11d50a3a" className="OKnowTest.AnswerAQuestionTest, OKnowTest, Version=1.0.0.0, Culture=neutral, PublicKeyToken=null" name="QuestionNotifyTimedKeyTest" />
    </UnitTest>
    <UnitTest name="QuestionNotifyCorrectKeyTest" storage="c:\users\karan\downloads\oknow\trunk\oknow\oknowtest\bin\debug\oknowtest.dll" id="4241b6d4-e9df-72e9-77ef-f7714add0b73">
      <Execution id="418db5a1-af7f-4a17-9585-149ef0e83403" />
      <TestMethod codeBase="C:/Users/Karan/Downloads/oKnow/trunk/OKnow/OKnowTest/bin/Debug/OKnowTest.DLL" adapterTypeName="Microsoft.VisualStudio.TestTools.TestTypes.Unit.UnitTestAdapter, Microsoft.VisualStudio.QualityTools.Tips.UnitTest.Adapter, Version=10.0.0.0, Culture=neutral, PublicKeyToken=b03f5f7f11d50a3a" className="OKnowTest.AnswerAQuestionTest, OKnowTest, Version=1.0.0.0, Culture=neutral, PublicKeyToken=null" name="QuestionNotifyCorrectKeyTest" />
    </UnitTest>
    <UnitTest name="TestCategoryParameter" storage="c:\users\karan\downloads\oknow\trunk\oknow\oknowtest\bin\debug\oknowtest.dll" id="ff82c0df-2a18-5756-6f34-2753161d947c">
      <Execution id="e14c10c6-5925-4291-b3d5-8431a2c55e54" />
      <TestMethod codeBase="C:/Users/Karan/Downloads/oKnow/trunk/OKnow/OKnowTest/bin/Debug/OKnowTest.DLL" adapterTypeName="Microsoft.VisualStudio.TestTools.TestTypes.Unit.UnitTestAdapter, Microsoft.VisualStudio.QualityTools.Tips.UnitTest.Adapter, Version=10.0.0.0, Culture=neutral, PublicKeyToken=b03f5f7f11d50a3a" className="OKnowTest.StartScreenTest, OKnowTest, Version=1.0.0.0, Culture=neutral, PublicKeyToken=null" name="TestCategoryParameter" />
    </UnitTest>
    <UnitTest name="ResetAttemptsStateTest" storage="c:\users\karan\downloads\oknow\trunk\oknow\oknowtest\bin\debug\oknowtest.dll" id="5f9ff485-80f0-1581-b8ce-68cc871f9745">
      <Execution id="f26b6262-2c19-4179-b191-a76e823024ff" />
      <TestMethod codeBase="C:/Users/Karan/Downloads/oKnow/trunk/OKnow/OKnowTest/bin/Debug/OKnowTest.DLL" adapterTypeName="Microsoft.VisualStudio.TestTools.TestTypes.Unit.UnitTestAdapter, Microsoft.VisualStudio.QualityTools.Tips.UnitTest.Adapter, Version=10.0.0.0, Culture=neutral, PublicKeyToken=b03f5f7f11d50a3a" className="OKnowTest.ResetAttemptsTest, OKnowTest, Version=1.0.0.0, Culture=neutral, PublicKeyToken=null" name="ResetAttemptsStateTest" />
    </UnitTest>
    <UnitTest name="TestUpdate" storage="c:\users\karan\downloads\oknow\trunk\oknow\oknowtest\bin\debug\oknowtest.dll" id="d0ddb7c1-ff4a-b3fe-6f4c-174f7a2fe81e">
      <Execution id="90860bd5-7cd9-4233-aafc-bc644a19d81e" />
      <TestMethod codeBase="C:/Users/Karan/Downloads/oKnow/trunk/OKnow/OKnowTest/bin/Debug/OKnowTest.DLL" adapterTypeName="Microsoft.VisualStudio.TestTools.TestTypes.Unit.UnitTestAdapter, Microsoft.VisualStudio.QualityTools.Tips.UnitTest.Adapter, Version=10.0.0.0, Culture=neutral, PublicKeyToken=b03f5f7f11d50a3a" className="OKnowTest.IOTests.IOSubjectTest, OKnowTest, Version=1.0.0.0, Culture=neutral, PublicKeyToken=null" name="TestUpdate" />
    </UnitTest>
    <UnitTest name="TestGetTileWeights2" storage="c:\users\karan\downloads\oknow\trunk\oknow\oknowtest\bin\debug\oknowtest.dll" id="ecd731c8-fde0-3cdb-6310-8c028479e7fa">
      <Execution id="4348166e-5e9d-427d-9e4b-9b35f22e377b" />
      <TestMethod codeBase="C:/Users/Karan/Downloads/oKnow/trunk/OKnow/OKnowTest/bin/Debug/OKnowTest.DLL" adapterTypeName="Microsoft.VisualStudio.TestTools.TestTypes.Unit.UnitTestAdapter, Microsoft.VisualStudio.QualityTools.Tips.UnitTest.Adapter, Version=10.0.0.0, Culture=neutral, PublicKeyToken=b03f5f7f11d50a3a" className="OKnowTest.StartScreenTest, OKnowTest, Version=1.0.0.0, Culture=neutral, PublicKeyToken=null" name="TestGetTileWeights2" />
    </UnitTest>
    <UnitTest name="PlayerScoreTest" storage="c:\users\karan\downloads\oknow\trunk\oknow\oknowtest\bin\debug\oknowtest.dll" id="96895812-5ec4-e95c-f82b-714f21329505">
      <Execution id="34311597-c65d-42bd-829f-e317d1725a9c" />
      <TestMethod codeBase="C:/Users/Karan/Downloads/oKnow/trunk/OKnow/OKnowTest/bin/Debug/OKnowTest.DLL" adapterTypeName="Microsoft.VisualStudio.TestTools.TestTypes.Unit.UnitTestAdapter, Microsoft.VisualStudio.QualityTools.Tips.UnitTest.Adapter, Version=10.0.0.0, Culture=neutral, PublicKeyToken=b03f5f7f11d50a3a" className="OKnowTest.ScoreBoardTest, OKnowTest, Version=1.0.0.0, Culture=neutral, PublicKeyToken=null" name="PlayerScoreTest" />
    </UnitTest>
    <UnitTest name="TestPlayerScoreParameter" storage="c:\users\karan\downloads\oknow\trunk\oknow\oknowtest\bin\debug\oknowtest.dll" id="14c76d6e-baba-abce-271f-bb53095ef8bb">
      <Execution id="1e3a9f75-bbd6-4c22-b43c-f84cb3a7816a" />
      <TestMethod codeBase="C:/Users/Karan/Downloads/oKnow/trunk/OKnow/OKnowTest/bin/Debug/OKnowTest.DLL" adapterTypeName="Microsoft.VisualStudio.TestTools.TestTypes.Unit.UnitTestAdapter, Microsoft.VisualStudio.QualityTools.Tips.UnitTest.Adapter, Version=10.0.0.0, Culture=neutral, PublicKeyToken=b03f5f7f11d50a3a" className="OKnowTest.AnswerAQuestionTest, OKnowTest, Version=1.0.0.0, Culture=neutral, PublicKeyToken=null" name="TestPlayerScoreParameter" />
    </UnitTest>
    <UnitTest name="TestGetTileWeights5" storage="c:\users\karan\downloads\oknow\trunk\oknow\oknowtest\bin\debug\oknowtest.dll" id="55d77cb0-6d32-2d7e-5769-969f37383ed7">
      <Execution id="c19407df-bedc-42a5-87de-4bc1fd2e8c9b" />
      <TestMethod codeBase="C:/Users/Karan/Downloads/oKnow/trunk/OKnow/OKnowTest/bin/Debug/OKnowTest.DLL" adapterTypeName="Microsoft.VisualStudio.TestTools.TestTypes.Unit.UnitTestAdapter, Microsoft.VisualStudio.QualityTools.Tips.UnitTest.Adapter, Version=10.0.0.0, Culture=neutral, PublicKeyToken=b03f5f7f11d50a3a" className="OKnowTest.StartScreenTest, OKnowTest, Version=1.0.0.0, Culture=neutral, PublicKeyToken=null" name="TestGetTileWeights5" />
    </UnitTest>
    <UnitTest name="GetSetPlayerTileTest" storage="c:\users\karan\downloads\oknow\trunk\oknow\oknowtest\bin\debug\oknowtest.dll" id="f0bdd7dd-7cef-1459-6d80-5f06a72cf810">
      <Execution id="3dbcef4c-7e9e-4fab-978b-dddaa34bc919" />
      <TestMethod codeBase="C:/Users/Karan/Downloads/oKnow/trunk/OKnow/OKnowTest/bin/Debug/OKnowTest.DLL" adapterTypeName="Microsoft.VisualStudio.TestTools.TestTypes.Unit.UnitTestAdapter, Microsoft.VisualStudio.QualityTools.Tips.UnitTest.Adapter, Version=10.0.0.0, Culture=neutral, PublicKeyToken=b03f5f7f11d50a3a" className="OKnowTest.PlayerTest, OKnowTest, Version=1.0.0.0, Culture=neutral, PublicKeyToken=null" name="GetSetPlayerTileTest" />
    </UnitTest>
    <UnitTest name="TwoPlayerSwapTest" storage="c:\users\karan\downloads\oknow\trunk\oknow\oknowtest\bin\debug\oknowtest.dll" id="09c838a6-25f6-fa3c-1eab-ebb143fae11f">
      <Execution id="b7504f7c-45d9-4883-97e9-51166b1723e7" />
      <TestMethod codeBase="C:/Users/Karan/Downloads/oKnow/trunk/OKnow/OKnowTest/bin/Debug/OKnowTest.DLL" adapterTypeName="Microsoft.VisualStudio.TestTools.TestTypes.Unit.UnitTestAdapter, Microsoft.VisualStudio.QualityTools.Tips.UnitTest.Adapter, Version=10.0.0.0, Culture=neutral, PublicKeyToken=b03f5f7f11d50a3a" className="OKnowTest.ScoreBoardTest, OKnowTest, Version=1.0.0.0, Culture=neutral, PublicKeyToken=null" name="TwoPlayerSwapTest" />
    </UnitTest>
    <UnitTest name="TestGetBoardSize6" storage="c:\users\karan\downloads\oknow\trunk\oknow\oknowtest\bin\debug\oknowtest.dll" id="c5d159c1-8bb5-ccd3-b00d-54985d2cbab0">
      <Execution id="59800455-712a-4418-aeb0-ff552a83c10f" />
      <TestMethod codeBase="C:/Users/Karan/Downloads/oKnow/trunk/OKnow/OKnowTest/bin/Debug/OKnowTest.DLL" adapterTypeName="Microsoft.VisualStudio.TestTools.TestTypes.Unit.UnitTestAdapter, Microsoft.VisualStudio.QualityTools.Tips.UnitTest.Adapter, Version=10.0.0.0, Culture=neutral, PublicKeyToken=b03f5f7f11d50a3a" className="OKnowTest.StartScreenTest, OKnowTest, Version=1.0.0.0, Culture=neutral, PublicKeyToken=null" name="TestGetBoardSize6" />
    </UnitTest>
    <UnitTest name="GetSetPlayerNameTest" storage="c:\users\karan\downloads\oknow\trunk\oknow\oknowtest\bin\debug\oknowtest.dll" id="c4cd8056-c9ff-caf6-98af-4ccd1972a29a">
      <Execution id="97582aa1-4062-430c-851e-3ecadd9236a3" />
      <TestMethod codeBase="C:/Users/Karan/Downloads/oKnow/trunk/OKnow/OKnowTest/bin/Debug/OKnowTest.DLL" adapterTypeName="Microsoft.VisualStudio.TestTools.TestTypes.Unit.UnitTestAdapter, Microsoft.VisualStudio.QualityTools.Tips.UnitTest.Adapter, Version=10.0.0.0, Culture=neutral, PublicKeyToken=b03f5f7f11d50a3a" className="OKnowTest.PlayerTest, OKnowTest, Version=1.0.0.0, Culture=neutral, PublicKeyToken=null" name="GetSetPlayerNameTest" />
    </UnitTest>
    <UnitTest name="PlayersTest2" storage="c:\users\karan\downloads\oknow\trunk\oknow\oknowtest\bin\debug\oknowtest.dll" id="e0382ce5-6740-35b3-fff5-be32133f4b54">
      <Execution id="850a2940-a9d3-4886-a53d-00f01c91e9ff" />
      <TestMethod codeBase="C:/Users/Karan/Downloads/oKnow/trunk/OKnow/OKnowTest/bin/Debug/OKnowTest.DLL" adapterTypeName="Microsoft.VisualStudio.TestTools.TestTypes.Unit.UnitTestAdapter, Microsoft.VisualStudio.QualityTools.Tips.UnitTest.Adapter, Version=10.0.0.0, Culture=neutral, PublicKeyToken=b03f5f7f11d50a3a" className="OKnowTest.GameBoardTest, OKnowTest, Version=1.0.0.0, Culture=neutral, PublicKeyToken=null" name="PlayersTest2" />
    </UnitTest>
    <UnitTest name="TestMusicTile" storage="c:\users\karan\downloads\oknow\trunk\oknow\oknowtest\bin\debug\oknowtest.dll" id="3a6c85dc-ff2e-cb74-a68e-e4c4f59a65bd">
      <Execution id="7891205f-8105-4294-bd5e-3e1d23f02841" />
      <TestMethod codeBase="C:/Users/Karan/Downloads/oKnow/trunk/OKnow/OKnowTest/bin/Debug/OKnowTest.DLL" adapterTypeName="Microsoft.VisualStudio.TestTools.TestTypes.Unit.UnitTestAdapter, Microsoft.VisualStudio.QualityTools.Tips.UnitTest.Adapter, Version=10.0.0.0, Culture=neutral, PublicKeyToken=b03f5f7f11d50a3a" className="OKnowTest.TileTest, OKnowTest, Version=1.0.0.0, Culture=neutral, PublicKeyToken=null" name="TestMusicTile" />
    </UnitTest>
    <UnitTest name="KeyIsNotDownEvent" storage="c:\users\karan\downloads\oknow\trunk\oknow\oknowtest\bin\debug\oknowtest.dll" id="23e952be-43ac-69f6-e773-dec25ec58275">
      <Execution id="6562c10f-cec5-4e5e-a010-2890ed163952" />
      <TestMethod codeBase="C:/Users/Karan/Downloads/oKnow/trunk/OKnow/OKnowTest/bin/Debug/OKnowTest.DLL" adapterTypeName="Microsoft.VisualStudio.TestTools.TestTypes.Unit.UnitTestAdapter, Microsoft.VisualStudio.QualityTools.Tips.UnitTest.Adapter, Version=10.0.0.0, Culture=neutral, PublicKeyToken=b03f5f7f11d50a3a" className="OKnowTest.KeyDownEventTest, OKnowTest, Version=1.0.0.0, Culture=neutral, PublicKeyToken=null" name="KeyIsNotDownEvent" />
    </UnitTest>
    <UnitTest name="SkipQuestionStateTest" storage="c:\users\karan\downloads\oknow\trunk\oknow\oknowtest\bin\debug\oknowtest.dll" id="a55ea7c9-eabb-9207-ac1a-8e11aa747df4">
      <Execution id="bfdccdc3-9576-4012-9639-a4bc9b34c52f" />
      <TestMethod codeBase="C:/Users/Karan/Downloads/oKnow/trunk/OKnow/OKnowTest/bin/Debug/OKnowTest.DLL" adapterTypeName="Microsoft.VisualStudio.TestTools.TestTypes.Unit.UnitTestAdapter, Microsoft.VisualStudio.QualityTools.Tips.UnitTest.Adapter, Version=10.0.0.0, Culture=neutral, PublicKeyToken=b03f5f7f11d50a3a" className="OKnowTest.SkipAQuestionTest, OKnowTest, Version=1.0.0.0, Culture=neutral, PublicKeyToken=null" name="SkipQuestionStateTest" />
    </UnitTest>
    <UnitTest name="GetSetBoardXTest" storage="c:\users\karan\downloads\oknow\trunk\oknow\oknowtest\bin\debug\oknowtest.dll" id="42431ad3-b2fa-3a89-f07f-b02ce47f85e3">
      <Execution id="7274880e-bd82-4352-a64c-04c37bb68a14" />
      <TestMethod codeBase="C:/Users/Karan/Downloads/oKnow/trunk/OKnow/OKnowTest/bin/Debug/OKnowTest.DLL" adapterTypeName="Microsoft.VisualStudio.TestTools.TestTypes.Unit.UnitTestAdapter, Microsoft.VisualStudio.QualityTools.Tips.UnitTest.Adapter, Version=10.0.0.0, Culture=neutral, PublicKeyToken=b03f5f7f11d50a3a" className="OKnowTest.TileTest, OKnowTest, Version=1.0.0.0, Culture=neutral, PublicKeyToken=null" name="GetSetBoardXTest" />
    </UnitTest>
    <UnitTest name="TestUpdateEventInequality" storage="c:\users\karan\downloads\oknow\trunk\oknow\oknowtest\bin\debug\oknowtest.dll" id="7e5b7cb7-b731-5fcc-3da1-9df84dfa3118">
      <Execution id="d87fa4db-e105-4f85-bbfc-d2fc6c93cf87" />
      <TestMethod codeBase="C:/Users/Karan/Downloads/oKnow/trunk/OKnow/OKnowTest/bin/Debug/OKnowTest.DLL" adapterTypeName="Microsoft.VisualStudio.TestTools.TestTypes.Unit.UnitTestAdapter, Microsoft.VisualStudio.QualityTools.Tips.UnitTest.Adapter, Version=10.0.0.0, Culture=neutral, PublicKeyToken=b03f5f7f11d50a3a" className="OKnowTest.IOTests.IOSubjectTest, OKnowTest, Version=1.0.0.0, Culture=neutral, PublicKeyToken=null" name="TestUpdateEventInequality" />
    </UnitTest>
    <UnitTest name="MultiPlayerIncorrectScoreTest" storage="c:\users\karan\downloads\oknow\trunk\oknow\oknowtest\bin\debug\oknowtest.dll" id="36411a89-5ee3-acf1-7ac9-7780454d7007">
      <Execution id="a9ff9333-2b41-401a-95bc-431987ac017b" />
      <TestMethod codeBase="C:/Users/Karan/Downloads/oKnow/trunk/OKnow/OKnowTest/bin/Debug/OKnowTest.DLL" adapterTypeName="Microsoft.VisualStudio.TestTools.TestTypes.Unit.UnitTestAdapter, Microsoft.VisualStudio.QualityTools.Tips.UnitTest.Adapter, Version=10.0.0.0, Culture=neutral, PublicKeyToken=b03f5f7f11d50a3a" className="OKnowTest.ScoreBoardTest, OKnowTest, Version=1.0.0.0, Culture=neutral, PublicKeyToken=null" name="MultiPlayerIncorrectScoreTest" />
    </UnitTest>
    <UnitTest name="TestGetCurrentNumPlayers5" storage="c:\users\karan\downloads\oknow\trunk\oknow\oknowtest\bin\debug\oknowtest.dll" id="7da4a519-5129-89a7-3d39-c6df56ad0742">
      <Execution id="be7db930-d57c-4167-bcc0-1bb45d87e2f7" />
      <TestMethod codeBase="C:/Users/Karan/Downloads/oKnow/trunk/OKnow/OKnowTest/bin/Debug/OKnowTest.DLL" adapterTypeName="Microsoft.VisualStudio.TestTools.TestTypes.Unit.UnitTestAdapter, Microsoft.VisualStudio.QualityTools.Tips.UnitTest.Adapter, Version=10.0.0.0, Culture=neutral, PublicKeyToken=b03f5f7f11d50a3a" className="OKnowTest.StartScreenTest, OKnowTest, Version=1.0.0.0, Culture=neutral, PublicKeyToken=null" name="TestGetCurrentNumPlayers5" />
    </UnitTest>
    <UnitTest name="KeyIsDownEvent" storage="c:\users\karan\downloads\oknow\trunk\oknow\oknowtest\bin\debug\oknowtest.dll" id="083d22d7-fcb7-fbb5-cd62-3b304677a5ce">
      <Execution id="6ec2e4e5-89fe-4e92-97bd-25e6ed5bd121" />
      <TestMethod codeBase="C:/Users/Karan/Downloads/oKnow/trunk/OKnow/OKnowTest/bin/Debug/OKnowTest.DLL" adapterTypeName="Microsoft.VisualStudio.TestTools.TestTypes.Unit.UnitTestAdapter, Microsoft.VisualStudio.QualityTools.Tips.UnitTest.Adapter, Version=10.0.0.0, Culture=neutral, PublicKeyToken=b03f5f7f11d50a3a" className="OKnowTest.KeyDownEventTest, OKnowTest, Version=1.0.0.0, Culture=neutral, PublicKeyToken=null" name="KeyIsDownEvent" />
    </UnitTest>
    <UnitTest name="VictoryTest" storage="c:\users\karan\downloads\oknow\trunk\oknow\oknowtest\bin\debug\oknowtest.dll" id="212fceb0-e09b-bfef-a8c4-50fb8b97b08a">
      <Execution id="30d4742a-1fc9-4f03-9ffd-13bd39fe3c2a" />
      <TestMethod codeBase="C:/Users/Karan/Downloads/oKnow/trunk/OKnow/OKnowTest/bin/Debug/OKnowTest.DLL" adapterTypeName="Microsoft.VisualStudio.TestTools.TestTypes.Unit.UnitTestAdapter, Microsoft.VisualStudio.QualityTools.Tips.UnitTest.Adapter, Version=10.0.0.0, Culture=neutral, PublicKeyToken=b03f5f7f11d50a3a" className="OKnowTest.PlayerTest, OKnowTest, Version=1.0.0.0, Culture=neutral, PublicKeyToken=null" name="VictoryTest" />
    </UnitTest>
    <UnitTest name="TestGetTileWeights6" storage="c:\users\karan\downloads\oknow\trunk\oknow\oknowtest\bin\debug\oknowtest.dll" id="f4bb3496-6bd5-68d7-1206-ecefa5c9b63a">
      <Execution id="27466813-3234-488d-8925-6ef188002ea4" />
      <TestMethod codeBase="C:/Users/Karan/Downloads/oKnow/trunk/OKnow/OKnowTest/bin/Debug/OKnowTest.DLL" adapterTypeName="Microsoft.VisualStudio.TestTools.TestTypes.Unit.UnitTestAdapter, Microsoft.VisualStudio.QualityTools.Tips.UnitTest.Adapter, Version=10.0.0.0, Culture=neutral, PublicKeyToken=b03f5f7f11d50a3a" className="OKnowTest.StartScreenTest, OKnowTest, Version=1.0.0.0, Culture=neutral, PublicKeyToken=null" name="TestGetTileWeights6" />
    </UnitTest>
    <UnitTest name="TestGetBoardSize1" storage="c:\users\karan\downloads\oknow\trunk\oknow\oknowtest\bin\debug\oknowtest.dll" id="637f974a-a7ea-1e81-c804-340f4859c6bd">
      <Execution id="350831be-65cf-4331-afb6-98fe25bb7312" />
      <TestMethod codeBase="C:/Users/Karan/Downloads/oKnow/trunk/OKnow/OKnowTest/bin/Debug/OKnowTest.DLL" adapterTypeName="Microsoft.VisualStudio.TestTools.TestTypes.Unit.UnitTestAdapter, Microsoft.VisualStudio.QualityTools.Tips.UnitTest.Adapter, Version=10.0.0.0, Culture=neutral, PublicKeyToken=b03f5f7f11d50a3a" className="OKnowTest.StartScreenTest, OKnowTest, Version=1.0.0.0, Culture=neutral, PublicKeyToken=null" name="TestGetBoardSize1" />
    </UnitTest>
    <UnitTest name="TestGetBoardType1" storage="c:\users\karan\downloads\oknow\trunk\oknow\oknowtest\bin\debug\oknowtest.dll" id="72930ef5-1352-8999-7ef5-823ed3666126">
      <Execution id="05156554-78dc-4551-b94d-d0fa477514d2" />
      <TestMethod codeBase="C:/Users/Karan/Downloads/oKnow/trunk/OKnow/OKnowTest/bin/Debug/OKnowTest.DLL" adapterTypeName="Microsoft.VisualStudio.TestTools.TestTypes.Unit.UnitTestAdapter, Microsoft.VisualStudio.QualityTools.Tips.UnitTest.Adapter, Version=10.0.0.0, Culture=neutral, PublicKeyToken=b03f5f7f11d50a3a" className="OKnowTest.StartScreenTest, OKnowTest, Version=1.0.0.0, Culture=neutral, PublicKeyToken=null" name="TestGetBoardType1" />
    </UnitTest>
    <UnitTest name="TestNumPlayersParameter" storage="c:\users\karan\downloads\oknow\trunk\oknow\oknowtest\bin\debug\oknowtest.dll" id="f7fd56b8-376d-ce9f-bfd5-273500f7ad17">
      <Execution id="c50a17ea-31cd-48b0-80a4-38a450fcf47e" />
      <TestMethod codeBase="C:/Users/Karan/Downloads/oKnow/trunk/OKnow/OKnowTest/bin/Debug/OKnowTest.DLL" adapterTypeName="Microsoft.VisualStudio.TestTools.TestTypes.Unit.UnitTestAdapter, Microsoft.VisualStudio.QualityTools.Tips.UnitTest.Adapter, Version=10.0.0.0, Culture=neutral, PublicKeyToken=b03f5f7f11d50a3a" className="OKnowTest.StartScreenTest, OKnowTest, Version=1.0.0.0, Culture=neutral, PublicKeyToken=null" name="TestNumPlayersParameter" />
    </UnitTest>
    <UnitTest name="QuestionNotifyCorrectClickTest" storage="c:\users\karan\downloads\oknow\trunk\oknow\oknowtest\bin\debug\oknowtest.dll" id="23883945-af6d-c48a-20a2-7a04c60637c8">
      <Execution id="e886314a-b5cb-498d-800f-80e033c11473" />
      <TestMethod codeBase="C:/Users/Karan/Downloads/oKnow/trunk/OKnow/OKnowTest/bin/Debug/OKnowTest.DLL" adapterTypeName="Microsoft.VisualStudio.TestTools.TestTypes.Unit.UnitTestAdapter, Microsoft.VisualStudio.QualityTools.Tips.UnitTest.Adapter, Version=10.0.0.0, Culture=neutral, PublicKeyToken=b03f5f7f11d50a3a" className="OKnowTest.AnswerAQuestionTest, OKnowTest, Version=1.0.0.0, Culture=neutral, PublicKeyToken=null" name="QuestionNotifyCorrectClickTest" />
    </UnitTest>
    <UnitTest name="TestGetBoardSize5" storage="c:\users\karan\downloads\oknow\trunk\oknow\oknowtest\bin\debug\oknowtest.dll" id="9c47cf71-2778-c1b6-7bd1-79f38ad76329">
      <Execution id="e31f4cb1-3ee0-4eeb-a39e-3bc211ae5f83" />
      <TestMethod codeBase="C:/Users/Karan/Downloads/oKnow/trunk/OKnow/OKnowTest/bin/Debug/OKnowTest.DLL" adapterTypeName="Microsoft.VisualStudio.TestTools.TestTypes.Unit.UnitTestAdapter, Microsoft.VisualStudio.QualityTools.Tips.UnitTest.Adapter, Version=10.0.0.0, Culture=neutral, PublicKeyToken=b03f5f7f11d50a3a" className="OKnowTest.StartScreenTest, OKnowTest, Version=1.0.0.0, Culture=neutral, PublicKeyToken=null" name="TestGetBoardSize5" />
    </UnitTest>
    <UnitTest name="testGetRand" storage="c:\users\karan\downloads\oknow\trunk\oknow\oknowtest\bin\debug\oknowtest.dll" id="3e6d226b-4bb5-5427-0a53-d601701ece07">
      <Execution id="4d9823cb-bdb6-479a-a9ac-ab8822cf2b4a" />
      <TestMethod codeBase="C:/Users/Karan/Downloads/oKnow/trunk/OKnow/OKnowTest/bin/Debug/OKnowTest.DLL" adapterTypeName="Microsoft.VisualStudio.TestTools.TestTypes.Unit.UnitTestAdapter, Microsoft.VisualStudio.QualityTools.Tips.UnitTest.Adapter, Version=10.0.0.0, Culture=neutral, PublicKeyToken=b03f5f7f11d50a3a" className="OKnowTest.AnswerTest, OKnowTest, Version=1.0.0.0, Culture=neutral, PublicKeyToken=null" name="testGetRand" />
    </UnitTest>
    <UnitTest name="TestSum7" storage="c:\users\karan\downloads\oknow\trunk\oknow\oknowtest\bin\debug\oknowtest.dll" id="232c75a8-2c33-71e1-2cf7-f791edd5ffaf">
      <Execution id="a1db40f6-7cb3-42e1-8b30-17f9f63b4fda" />
      <TestMethod codeBase="C:/Users/Karan/Downloads/oKnow/trunk/OKnow/OKnowTest/bin/Debug/OKnowTest.DLL" adapterTypeName="Microsoft.VisualStudio.TestTools.TestTypes.Unit.UnitTestAdapter, Microsoft.VisualStudio.QualityTools.Tips.UnitTest.Adapter, Version=10.0.0.0, Culture=neutral, PublicKeyToken=b03f5f7f11d50a3a" className="OKnowTest.BoardGeneratorTest, OKnowTest, Version=1.0.0.0, Culture=neutral, PublicKeyToken=null" name="TestSum7" />
    </UnitTest>
    <UnitTest name="TestGetRandomImageQuestion" storage="c:\users\karan\downloads\oknow\trunk\oknow\oknowtest\bin\debug\oknowtest.dll" id="604165a1-c7e2-e583-c8fc-41ba1842763f">
      <Execution id="25f9a2b3-98f8-4c51-88b1-edadec28a847" />
      <TestMethod codeBase="C:/Users/Karan/Downloads/oKnow/trunk/OKnow/OKnowTest/bin/Debug/OKnowTest.DLL" adapterTypeName="Microsoft.VisualStudio.TestTools.TestTypes.Unit.UnitTestAdapter, Microsoft.VisualStudio.QualityTools.Tips.UnitTest.Adapter, Version=10.0.0.0, Culture=neutral, PublicKeyToken=b03f5f7f11d50a3a" className="OKnowTest.QuestionPoolTest, OKnowTest, Version=1.0.0.0, Culture=neutral, PublicKeyToken=null" name="TestGetRandomImageQuestion" />
    </UnitTest>
    <UnitTest name="TestSum4" storage="c:\users\karan\downloads\oknow\trunk\oknow\oknowtest\bin\debug\oknowtest.dll" id="a53d656d-e53c-fdfe-17c9-53dd52253f82">
      <Execution id="6411adfb-955f-429e-8bf9-82dd27cd71e1" />
      <TestMethod codeBase="C:/Users/Karan/Downloads/oKnow/trunk/OKnow/OKnowTest/bin/Debug/OKnowTest.DLL" adapterTypeName="Microsoft.VisualStudio.TestTools.TestTypes.Unit.UnitTestAdapter, Microsoft.VisualStudio.QualityTools.Tips.UnitTest.Adapter, Version=10.0.0.0, Culture=neutral, PublicKeyToken=b03f5f7f11d50a3a" className="OKnowTest.BoardGeneratorTest, OKnowTest, Version=1.0.0.0, Culture=neutral, PublicKeyToken=null" name="TestSum4" />
    </UnitTest>
    <UnitTest name="PlayerMoveStateTest" storage="c:\users\karan\downloads\oknow\trunk\oknow\oknowtest\bin\debug\oknowtest.dll" id="c5f604eb-bb73-2ed4-4b97-3223456ec415">
      <Execution id="ba9089eb-8bcc-44b0-9b79-29aed779868f" />
      <TestMethod codeBase="C:/Users/Karan/Downloads/oKnow/trunk/OKnow/OKnowTest/bin/Debug/OKnowTest.DLL" adapterTypeName="Microsoft.VisualStudio.TestTools.TestTypes.Unit.UnitTestAdapter, Microsoft.VisualStudio.QualityTools.Tips.UnitTest.Adapter, Version=10.0.0.0, Culture=neutral, PublicKeyToken=b03f5f7f11d50a3a" className="OKnowTest.AnswerAQuestionTest, OKnowTest, Version=1.0.0.0, Culture=neutral, PublicKeyToken=null" name="PlayerMoveStateTest" />
    </UnitTest>
    <UnitTest name="TestQuestionType" storage="c:\users\karan\downloads\oknow\trunk\oknow\oknowtest\bin\debug\oknowtest.dll" id="932006bf-cc9a-1649-4dd2-a8c07ced02bd">
      <Execution id="419ea3ca-f9e6-4591-98d4-9138ead05819" />
      <TestMethod codeBase="C:/Users/Karan/Downloads/oKnow/trunk/OKnow/OKnowTest/bin/Debug/OKnowTest.DLL" adapterTypeName="Microsoft.VisualStudio.TestTools.TestTypes.Unit.UnitTestAdapter, Microsoft.VisualStudio.QualityTools.Tips.UnitTest.Adapter, Version=10.0.0.0, Culture=neutral, PublicKeyToken=b03f5f7f11d50a3a" className="OKnowTest.QuestionTest, OKnowTest, Version=1.0.0.0, Culture=neutral, PublicKeyToken=null" name="TestQuestionType" />
    </UnitTest>
    <UnitTest name="GetSetBoardYTest" storage="c:\users\karan\downloads\oknow\trunk\oknow\oknowtest\bin\debug\oknowtest.dll" id="2ee5ec05-43c5-a370-94e2-7ce68113ecd3">
      <Execution id="b001ec44-4a81-4a9a-b1e0-7284a49b4dd5" />
      <TestMethod codeBase="C:/Users/Karan/Downloads/oKnow/trunk/OKnow/OKnowTest/bin/Debug/OKnowTest.DLL" adapterTypeName="Microsoft.VisualStudio.TestTools.TestTypes.Unit.UnitTestAdapter, Microsoft.VisualStudio.QualityTools.Tips.UnitTest.Adapter, Version=10.0.0.0, Culture=neutral, PublicKeyToken=b03f5f7f11d50a3a" className="OKnowTest.TileTest, OKnowTest, Version=1.0.0.0, Culture=neutral, PublicKeyToken=null" name="GetSetBoardYTest" />
    </UnitTest>
    <UnitTest name="TestGetCurrentNumPlayers6" storage="c:\users\karan\downloads\oknow\trunk\oknow\oknowtest\bin\debug\oknowtest.dll" id="4b07ec87-2578-4a11-af32-e14de6fedfb0">
      <Execution id="db902cef-a2bf-481a-94fb-83873492fb24" />
      <TestMethod codeBase="C:/Users/Karan/Downloads/oKnow/trunk/OKnow/OKnowTest/bin/Debug/OKnowTest.DLL" adapterTypeName="Microsoft.VisualStudio.TestTools.TestTypes.Unit.UnitTestAdapter, Microsoft.VisualStudio.QualityTools.Tips.UnitTest.Adapter, Version=10.0.0.0, Culture=neutral, PublicKeyToken=b03f5f7f11d50a3a" className="OKnowTest.StartScreenTest, OKnowTest, Version=1.0.0.0, Culture=neutral, PublicKeyToken=null" name="TestGetCurrentNumPlayers6" />
    </UnitTest>
  </TestDefinitions>
  <TestLists>
    <TestList name="Results Not in a List" id="8c84fa94-04c1-424b-9868-57a2d4851a1d" />
    <TestList name="All Loaded Results" id="19431567-8539-422a-85d7-44ee4e166bda" />
  </TestLists>
  <TestEntries>
    <TestEntry testId="d0ddb7c1-ff4a-b3fe-6f4c-174f7a2fe81e" executionId="90860bd5-7cd9-4233-aafc-bc644a19d81e" testListId="8c84fa94-04c1-424b-9868-57a2d4851a1d" />
    <TestEntry testId="f92b1b75-bfbf-8087-5727-33e690da2f7f" executionId="83755550-f1b8-47cd-81c4-19dba0dbfd98" testListId="8c84fa94-04c1-424b-9868-57a2d4851a1d" />
    <TestEntry testId="7e5b7cb7-b731-5fcc-3da1-9df84dfa3118" executionId="d87fa4db-e105-4f85-bbfc-d2fc6c93cf87" testListId="8c84fa94-04c1-424b-9868-57a2d4851a1d" />
    <TestEntry testId="87ab6c4b-2e53-ad24-94d0-e1500744f03c" executionId="d0c6dca6-db98-43d3-8b7c-9be27c54953e" testListId="8c84fa94-04c1-424b-9868-57a2d4851a1d" />
    <TestEntry testId="0177b86e-d5fa-cf5b-7ea6-a50aa23a1f27" executionId="15ae9f21-6bc1-410b-8773-5c1ad8406e75" testListId="8c84fa94-04c1-424b-9868-57a2d4851a1d" />
    <TestEntry testId="604165a1-c7e2-e583-c8fc-41ba1842763f" executionId="25f9a2b3-98f8-4c51-88b1-edadec28a847" testListId="8c84fa94-04c1-424b-9868-57a2d4851a1d" />
    <TestEntry testId="35fdcf18-0be3-5a33-49ea-9deec449ce72" executionId="e4cd0407-f627-4f77-970e-f89796846ad0" testListId="8c84fa94-04c1-424b-9868-57a2d4851a1d" />
    <TestEntry testId="c633b636-e73d-6a16-4a3c-3a2d73d1a317" executionId="31ae7533-0401-4a2d-aae5-c683466e9b2b" testListId="8c84fa94-04c1-424b-9868-57a2d4851a1d" />
    <TestEntry testId="a9a9f0f1-8a6b-9673-3b72-bfc82b22d458" executionId="66ec732e-f4fb-45e8-9f71-82c7f77e7388" testListId="8c84fa94-04c1-424b-9868-57a2d4851a1d" />
    <TestEntry testId="3e6d226b-4bb5-5427-0a53-d601701ece07" executionId="4d9823cb-bdb6-479a-a9ac-ab8822cf2b4a" testListId="8c84fa94-04c1-424b-9868-57a2d4851a1d" />
    <TestEntry testId="957b084a-82f1-c373-da0f-c9ece73ff22b" executionId="f1dc827c-c5e0-407d-9d98-94f4ca6ea777" testListId="8c84fa94-04c1-424b-9868-57a2d4851a1d" />
    <TestEntry testId="a99a0acb-4556-0740-9f3d-fecb7b1ed1f8" executionId="fd0d5218-9301-4e15-82a9-50a994a40500" testListId="8c84fa94-04c1-424b-9868-57a2d4851a1d" />
    <TestEntry testId="b0f5a7d2-2c31-4fb3-e775-c49bc4094186" executionId="5188c62c-196e-4cf9-b6b7-2ee5c84ba536" testListId="8c84fa94-04c1-424b-9868-57a2d4851a1d" />
    <TestEntry testId="47b57d83-2c08-99b9-f3b1-14d4cde9b1e8" executionId="1c25f9c0-8381-4f45-8f0c-c54f4dfbc0d5" testListId="8c84fa94-04c1-424b-9868-57a2d4851a1d" />
    <TestEntry testId="7da4a519-5129-89a7-3d39-c6df56ad0742" executionId="be7db930-d57c-4167-bcc0-1bb45d87e2f7" testListId="8c84fa94-04c1-424b-9868-57a2d4851a1d" />
    <TestEntry testId="4b07ec87-2578-4a11-af32-e14de6fedfb0" executionId="db902cef-a2bf-481a-94fb-83873492fb24" testListId="8c84fa94-04c1-424b-9868-57a2d4851a1d" />
    <TestEntry testId="f7fd56b8-376d-ce9f-bfd5-273500f7ad17" executionId="c50a17ea-31cd-48b0-80a4-38a450fcf47e" testListId="8c84fa94-04c1-424b-9868-57a2d4851a1d" />
    <TestEntry testId="3afc1bea-bfbf-3c8e-8104-72a764af8b32" executionId="fad56846-7c00-4cb6-bee3-aab7b6d0241b" testListId="8c84fa94-04c1-424b-9868-57a2d4851a1d" />
    <TestEntry testId="f1fc9670-606b-c73a-b756-bddec5b37878" executionId="18930205-fabe-4497-aca4-4e1867f26037" testListId="8c84fa94-04c1-424b-9868-57a2d4851a1d" />
    <TestEntry testId="6d90f370-9d6b-db58-3da4-8603bcc06965" executionId="9c03d698-ba81-4630-a345-18db57987e96" testListId="8c84fa94-04c1-424b-9868-57a2d4851a1d" />
    <TestEntry testId="0981af74-4ce1-6ad4-aeb6-cf0728ecf654" executionId="683ee601-9992-4180-9944-c64574adccc0" testListId="8c84fa94-04c1-424b-9868-57a2d4851a1d" />
    <TestEntry testId="dbf1d0a3-6fa9-ebb2-2c02-e59981d64ed1" executionId="a8b668ce-5a6a-430a-8910-2a27ed8b3532" testListId="8c84fa94-04c1-424b-9868-57a2d4851a1d" />
    <TestEntry testId="d22d02ed-bb5c-57c7-bac8-2a4213191ea2" executionId="1b277807-5f87-4d50-a7aa-d5c68b5dbd67" testListId="8c84fa94-04c1-424b-9868-57a2d4851a1d" />
    <TestEntry testId="ff82c0df-2a18-5756-6f34-2753161d947c" executionId="e14c10c6-5925-4291-b3d5-8431a2c55e54" testListId="8c84fa94-04c1-424b-9868-57a2d4851a1d" />
    <TestEntry testId="637f974a-a7ea-1e81-c804-340f4859c6bd" executionId="350831be-65cf-4331-afb6-98fe25bb7312" testListId="8c84fa94-04c1-424b-9868-57a2d4851a1d" />
    <TestEntry testId="4bf3049e-1b64-3ff0-dd36-17e394b3355e" executionId="a483b783-ae94-4578-86cb-aed438eb16d8" testListId="8c84fa94-04c1-424b-9868-57a2d4851a1d" />
    <TestEntry testId="d67a89bb-cceb-4395-19d1-01b4a95e49bd" executionId="8cdf013d-fd86-466b-9b45-9036df00e80e" testListId="8c84fa94-04c1-424b-9868-57a2d4851a1d" />
    <TestEntry testId="807e15a2-a2d5-d883-28e3-0ba48acb3399" executionId="0d3df8b4-9ea0-4015-8468-2ba2f1067ddb" testListId="8c84fa94-04c1-424b-9868-57a2d4851a1d" />
    <TestEntry testId="9c47cf71-2778-c1b6-7bd1-79f38ad76329" executionId="e31f4cb1-3ee0-4eeb-a39e-3bc211ae5f83" testListId="8c84fa94-04c1-424b-9868-57a2d4851a1d" />
    <TestEntry testId="c5d159c1-8bb5-ccd3-b00d-54985d2cbab0" executionId="59800455-712a-4418-aeb0-ff552a83c10f" testListId="8c84fa94-04c1-424b-9868-57a2d4851a1d" />
    <TestEntry testId="6778bb71-07f9-d92d-7c7d-99cc9a9261d1" executionId="986137ed-7497-4912-b1c7-71cd12a48a6a" testListId="8c84fa94-04c1-424b-9868-57a2d4851a1d" />
    <TestEntry testId="72930ef5-1352-8999-7ef5-823ed3666126" executionId="05156554-78dc-4551-b94d-d0fa477514d2" testListId="8c84fa94-04c1-424b-9868-57a2d4851a1d" />
    <TestEntry testId="1f781150-b373-8299-aa4f-dfdadb7bfb9b" executionId="f5cebaea-614e-4b82-a073-6d1332cc282c" testListId="8c84fa94-04c1-424b-9868-57a2d4851a1d" />
    <TestEntry testId="5eca5bcf-e850-102d-5247-e143d0a4a840" executionId="4ce8619e-bfb6-48ba-ba42-4882f0b048d6" testListId="8c84fa94-04c1-424b-9868-57a2d4851a1d" />
    <TestEntry testId="e34a6a3c-6733-dc8e-1e37-dba572bf5ace" executionId="59408b8f-0a0d-432f-a0ba-715fa79e1f24" testListId="8c84fa94-04c1-424b-9868-57a2d4851a1d" />
    <TestEntry testId="fc6917c6-2e73-f40a-5bb6-252957ae3d5b" executionId="e1d1f219-4f9d-421d-a7dc-c727397d0b28" testListId="8c84fa94-04c1-424b-9868-57a2d4851a1d" />
    <TestEntry testId="dee46b0c-2f9d-52fc-c7b4-b5b58ca85be6" executionId="2e388958-4486-4d36-92e9-c9fb14a33c89" testListId="8c84fa94-04c1-424b-9868-57a2d4851a1d" />
    <TestEntry testId="c20bd146-2464-39ef-d365-b04794f08f52" executionId="647deff8-5e54-4eb6-88dd-8774caaa0d0f" testListId="8c84fa94-04c1-424b-9868-57a2d4851a1d" />
    <TestEntry testId="ecd731c8-fde0-3cdb-6310-8c028479e7fa" executionId="4348166e-5e9d-427d-9e4b-9b35f22e377b" testListId="8c84fa94-04c1-424b-9868-57a2d4851a1d" />
    <TestEntry testId="8ceb8007-7676-c6df-f4e0-60eb5ed07aaa" executionId="a9ec91c5-77d6-4f9e-8fb8-3f515ba66982" testListId="8c84fa94-04c1-424b-9868-57a2d4851a1d" />
    <TestEntry testId="8af59718-3d2e-61c7-52a7-b3bcc998df10" executionId="0edd1047-cc40-42ea-9dc8-09811b13814a" testListId="8c84fa94-04c1-424b-9868-57a2d4851a1d" />
    <TestEntry testId="55d77cb0-6d32-2d7e-5769-969f37383ed7" executionId="c19407df-bedc-42a5-87de-4bc1fd2e8c9b" testListId="8c84fa94-04c1-424b-9868-57a2d4851a1d" />
    <TestEntry testId="f4bb3496-6bd5-68d7-1206-ecefa5c9b63a" executionId="27466813-3234-488d-8925-6ef188002ea4" testListId="8c84fa94-04c1-424b-9868-57a2d4851a1d" />
    <TestEntry testId="adf1bbe7-f955-f1aa-c051-332a545e94e4" executionId="7cc25117-0090-45f0-bdf0-e6abd75379e7" testListId="8c84fa94-04c1-424b-9868-57a2d4851a1d" />
    <TestEntry testId="8e77a49e-1ebb-33d0-321e-b1c7c45a8fa3" executionId="49ac9a7d-54ac-4d89-9deb-be39f18305ad" testListId="8c84fa94-04c1-424b-9868-57a2d4851a1d" />
    <TestEntry testId="932006bf-cc9a-1649-4dd2-a8c07ced02bd" executionId="419ea3ca-f9e6-4591-98d4-9138ead05819" testListId="8c84fa94-04c1-424b-9868-57a2d4851a1d" />
    <TestEntry testId="5f9ff485-80f0-1581-b8ce-68cc871f9745" executionId="f26b6262-2c19-4179-b191-a76e823024ff" testListId="8c84fa94-04c1-424b-9868-57a2d4851a1d" />
    <TestEntry testId="c5f604eb-bb73-2ed4-4b97-3223456ec415" executionId="ba9089eb-8bcc-44b0-9b79-29aed779868f" testListId="8c84fa94-04c1-424b-9868-57a2d4851a1d" />
    <TestEntry testId="23883945-af6d-c48a-20a2-7a04c60637c8" executionId="e886314a-b5cb-498d-800f-80e033c11473" testListId="8c84fa94-04c1-424b-9868-57a2d4851a1d" />
    <TestEntry testId="bd72cabd-0ddc-9517-5a13-70031cc0d420" executionId="ee55e038-2729-41cb-ac24-66f54256105c" testListId="8c84fa94-04c1-424b-9868-57a2d4851a1d" />
    <TestEntry testId="5cd02d0c-c30c-d1d5-c21e-60ac4b27c097" executionId="8c5b0efc-a296-4289-8caf-79691a765a00" testListId="8c84fa94-04c1-424b-9868-57a2d4851a1d" />
    <TestEntry testId="8eeca9a8-568d-a203-d287-a4d2eed3e1dd" executionId="f8349043-171f-4a0e-842f-ac6bcad598f0" testListId="8c84fa94-04c1-424b-9868-57a2d4851a1d" />
    <TestEntry testId="14c76d6e-baba-abce-271f-bb53095ef8bb" executionId="1e3a9f75-bbd6-4c22-b43c-f84cb3a7816a" testListId="8c84fa94-04c1-424b-9868-57a2d4851a1d" />
    <TestEntry testId="4241b6d4-e9df-72e9-77ef-f7714add0b73" executionId="418db5a1-af7f-4a17-9585-149ef0e83403" testListId="8c84fa94-04c1-424b-9868-57a2d4851a1d" />
    <TestEntry testId="60eb9c3d-cd29-58bd-5b44-c89d0731a54a" executionId="8019ab04-0c06-466c-82b7-7088d382a455" testListId="8c84fa94-04c1-424b-9868-57a2d4851a1d" />
    <TestEntry testId="c34a7e0d-9fce-cfdd-4a03-172f1b719315" executionId="d94579fa-7dd5-42ac-92c3-dea0a091f99c" testListId="8c84fa94-04c1-424b-9868-57a2d4851a1d" />
    <TestEntry testId="b0b5b9af-8fcb-9aa2-b576-ea724fced88f" executionId="7b27b1cb-ab16-4fb6-b5a3-6cf743990617" testListId="8c84fa94-04c1-424b-9868-57a2d4851a1d" />
    <TestEntry testId="e0382ce5-6740-35b3-fff5-be32133f4b54" executionId="850a2940-a9d3-4886-a53d-00f01c91e9ff" testListId="8c84fa94-04c1-424b-9868-57a2d4851a1d" />
    <TestEntry testId="96895812-5ec4-e95c-f82b-714f21329505" executionId="34311597-c65d-42bd-829f-e317d1725a9c" testListId="8c84fa94-04c1-424b-9868-57a2d4851a1d" />
    <TestEntry testId="3ebf47cf-4127-1f1d-d58e-0bdf47316ea3" executionId="575cd95a-3210-403f-9d26-2602c6da0979" testListId="8c84fa94-04c1-424b-9868-57a2d4851a1d" />
    <TestEntry testId="36411a89-5ee3-acf1-7ac9-7780454d7007" executionId="a9ff9333-2b41-401a-95bc-431987ac017b" testListId="8c84fa94-04c1-424b-9868-57a2d4851a1d" />
    <TestEntry testId="32dd6141-e873-31bc-2141-154b736f81ed" executionId="f271f61a-f9f0-4872-b42c-a23ed5a07f2b" testListId="8c84fa94-04c1-424b-9868-57a2d4851a1d" />
    <TestEntry testId="371a4fb2-1529-7925-ea1a-b6ea6249a33b" executionId="2c813068-fd01-49f3-b341-66ff2e4842d6" testListId="8c84fa94-04c1-424b-9868-57a2d4851a1d" />
    <TestEntry testId="09c838a6-25f6-fa3c-1eab-ebb143fae11f" executionId="b7504f7c-45d9-4883-97e9-51166b1723e7" testListId="8c84fa94-04c1-424b-9868-57a2d4851a1d" />
    <TestEntry testId="d1cdae68-9615-5a15-fb7e-17feabe3919f" executionId="7a65c212-ac83-4660-a87d-f6a76f6bde3c" testListId="8c84fa94-04c1-424b-9868-57a2d4851a1d" />
    <TestEntry testId="2f70dbba-5fa6-6c2a-feef-1fb1c7241241" executionId="1bb8b176-0882-4369-afe7-281e25a779fc" testListId="8c84fa94-04c1-424b-9868-57a2d4851a1d" />
    <TestEntry testId="17c0ccb2-7906-7e39-90cb-848a59e82687" executionId="5c005603-f466-4ed9-a92a-c6e2256034c5" testListId="8c84fa94-04c1-424b-9868-57a2d4851a1d" />
    <TestEntry testId="d045baa8-d6d4-4e92-c213-e7d3aa09150a" executionId="4c523065-6444-4162-a2d1-334ade243e65" testListId="8c84fa94-04c1-424b-9868-57a2d4851a1d" />
    <TestEntry testId="9abef8b5-33da-680e-a9bc-a83df0477c5d" executionId="c889d7ce-b90b-4b47-bdb1-864f08c42472" testListId="8c84fa94-04c1-424b-9868-57a2d4851a1d" />
    <TestEntry testId="083d22d7-fcb7-fbb5-cd62-3b304677a5ce" executionId="6ec2e4e5-89fe-4e92-97bd-25e6ed5bd121" testListId="8c84fa94-04c1-424b-9868-57a2d4851a1d" />
    <TestEntry testId="23e952be-43ac-69f6-e773-dec25ec58275" executionId="6562c10f-cec5-4e5e-a010-2890ed163952" testListId="8c84fa94-04c1-424b-9868-57a2d4851a1d" />
    <TestEntry testId="a55ea7c9-eabb-9207-ac1a-8e11aa747df4" executionId="bfdccdc3-9576-4012-9639-a4bc9b34c52f" testListId="8c84fa94-04c1-424b-9868-57a2d4851a1d" />
    <TestEntry testId="77e10824-1cca-c689-50b2-ed0e80430907" executionId="bfb35b75-9453-44a4-ae96-98b9352a20f7" testListId="8c84fa94-04c1-424b-9868-57a2d4851a1d" />
    <TestEntry testId="42431ad3-b2fa-3a89-f07f-b02ce47f85e3" executionId="7274880e-bd82-4352-a64c-04c37bb68a14" testListId="8c84fa94-04c1-424b-9868-57a2d4851a1d" />
    <TestEntry testId="2ee5ec05-43c5-a370-94e2-7ce68113ecd3" executionId="b001ec44-4a81-4a9a-b1e0-7284a49b4dd5" testListId="8c84fa94-04c1-424b-9868-57a2d4851a1d" />
    <TestEntry testId="72f264a5-7de2-336c-60e6-b904b0cc1eea" executionId="43ac9cba-010c-47f5-ab42-4e0040265aa6" testListId="8c84fa94-04c1-424b-9868-57a2d4851a1d" />
    <TestEntry testId="e4ab14aa-1429-271f-5b09-0f8f32eeab9a" executionId="2b88366b-51b5-4cd3-94ca-a15cae3c854a" testListId="8c84fa94-04c1-424b-9868-57a2d4851a1d" />
    <TestEntry testId="3a6c85dc-ff2e-cb74-a68e-e4c4f59a65bd" executionId="7891205f-8105-4294-bd5e-3e1d23f02841" testListId="8c84fa94-04c1-424b-9868-57a2d4851a1d" />
    <TestEntry testId="fc573d78-4d31-4cef-4a5f-301b8eb35a18" executionId="2b469d50-dad6-470c-ac53-8a4ebad81d60" testListId="8c84fa94-04c1-424b-9868-57a2d4851a1d" />
    <TestEntry testId="52f2ba69-e8af-366e-fa05-7e9d58be5419" executionId="c4792adb-e80c-46b5-ac64-4acc283e1c97" testListId="8c84fa94-04c1-424b-9868-57a2d4851a1d" />
    <TestEntry testId="d3f09b35-b610-a3b7-aac9-aa4bbf66fea6" executionId="e7fad69a-65d5-425c-b8a0-baf911a034f2" testListId="8c84fa94-04c1-424b-9868-57a2d4851a1d" />
    <TestEntry testId="93e1a339-56ec-6a9a-cc36-ee3412430608" executionId="6b6f0751-ddb1-4e6d-a0f0-fc060f14cbf9" testListId="8c84fa94-04c1-424b-9868-57a2d4851a1d" />
    <TestEntry testId="f0bdd7dd-7cef-1459-6d80-5f06a72cf810" executionId="3dbcef4c-7e9e-4fab-978b-dddaa34bc919" testListId="8c84fa94-04c1-424b-9868-57a2d4851a1d" />
    <TestEntry testId="c4cd8056-c9ff-caf6-98af-4ccd1972a29a" executionId="97582aa1-4062-430c-851e-3ecadd9236a3" testListId="8c84fa94-04c1-424b-9868-57a2d4851a1d" />
    <TestEntry testId="d6f0928c-7367-b459-6ff5-32ca0241f57e" executionId="9e58c77e-5fb9-4da9-b89f-ca613f2acfe5" testListId="8c84fa94-04c1-424b-9868-57a2d4851a1d" />
    <TestEntry testId="212fceb0-e09b-bfef-a8c4-50fb8b97b08a" executionId="30d4742a-1fc9-4f03-9ffd-13bd39fe3c2a" testListId="8c84fa94-04c1-424b-9868-57a2d4851a1d" />
    <TestEntry testId="48bc984d-60b1-5ee3-4b43-c5b6d211c605" executionId="0babce1b-e423-42f0-832b-40efaba5115c" testListId="8c84fa94-04c1-424b-9868-57a2d4851a1d" />
    <TestEntry testId="30f09404-202f-bb57-b42e-01014a3c37b8" executionId="73767d79-8359-451a-99d0-0c47f916fc81" testListId="8c84fa94-04c1-424b-9868-57a2d4851a1d" />
    <TestEntry testId="21de355f-3cde-a82e-6834-b7b2ac5c48b4" executionId="7fa90e44-244d-48a9-8258-a6727a41824e" testListId="8c84fa94-04c1-424b-9868-57a2d4851a1d" />
    <TestEntry testId="a53d656d-e53c-fdfe-17c9-53dd52253f82" executionId="6411adfb-955f-429e-8bf9-82dd27cd71e1" testListId="8c84fa94-04c1-424b-9868-57a2d4851a1d" />
    <TestEntry testId="f3643685-0921-c0f8-f8bd-a760364d558c" executionId="8a642e43-2a31-40a2-a220-1bd24838183a" testListId="8c84fa94-04c1-424b-9868-57a2d4851a1d" />
    <TestEntry testId="9d3ef40d-f455-4981-71a8-7eb112706c75" executionId="872e47b0-c175-46b4-8b5f-62f8ce6efddd" testListId="8c84fa94-04c1-424b-9868-57a2d4851a1d" />
    <TestEntry testId="232c75a8-2c33-71e1-2cf7-f791edd5ffaf" executionId="a1db40f6-7cb3-42e1-8b30-17f9f63b4fda" testListId="8c84fa94-04c1-424b-9868-57a2d4851a1d" />
  </TestEntries>
  <Results>
    <UnitTestResult executionId="90860bd5-7cd9-4233-aafc-bc644a19d81e" testId="d0ddb7c1-ff4a-b3fe-6f4c-174f7a2fe81e" testName="TestUpdate" computerName="TW1FTENVY" duration="00:00:00.0544252" startTime="2014-04-28T10:31:01.9700626-05:00" endTime="2014-04-28T10:31:02.5638361-05:00" testType="13cdc9d9-ddb5-4fa4-a97d-d965ccfc6d4b" outcome="Passed" testListId="8c84fa94-04c1-424b-9868-57a2d4851a1d" relativeResultsDirectory="90860bd5-7cd9-4233-aafc-bc644a19d81e">
    </UnitTestResult>
    <UnitTestResult executionId="83755550-f1b8-47cd-81c4-19dba0dbfd98" testId="f92b1b75-bfbf-8087-5727-33e690da2f7f" testName="TestUpdateEventEquality" computerName="TW1FTENVY" duration="00:00:00.0002523" startTime="2014-04-28T10:31:02.5638361-05:00" endTime="2014-04-28T10:31:02.5638361-05:00" testType="13cdc9d9-ddb5-4fa4-a97d-d965ccfc6d4b" outcome="Passed" testListId="8c84fa94-04c1-424b-9868-57a2d4851a1d" relativeResultsDirectory="83755550-f1b8-47cd-81c4-19dba0dbfd98">
    </UnitTestResult>
    <UnitTestResult executionId="d87fa4db-e105-4f85-bbfc-d2fc6c93cf87" testId="7e5b7cb7-b731-5fcc-3da1-9df84dfa3118" testName="TestUpdateEventInequality" computerName="TW1FTENVY" duration="00:00:00.0014133" startTime="2014-04-28T10:31:02.5638361-05:00" endTime="2014-04-28T10:31:02.5794450-05:00" testType="13cdc9d9-ddb5-4fa4-a97d-d965ccfc6d4b" outcome="Passed" testListId="8c84fa94-04c1-424b-9868-57a2d4851a1d" relativeResultsDirectory="d87fa4db-e105-4f85-bbfc-d2fc6c93cf87">
    </UnitTestResult>
    <UnitTestResult executionId="d0c6dca6-db98-43d3-8b7c-9be27c54953e" testId="87ab6c4b-2e53-ad24-94d0-e1500744f03c" testName="TestGetRandomQuestion" computerName="TW1FTENVY" duration="00:00:00.6490322" startTime="2014-04-28T10:31:02.5794450-05:00" endTime="2014-04-28T10:31:03.2357012-05:00" testType="13cdc9d9-ddb5-4fa4-a97d-d965ccfc6d4b" outcome="Passed" testListId="8c84fa94-04c1-424b-9868-57a2d4851a1d" relativeResultsDirectory="d0c6dca6-db98-43d3-8b7c-9be27c54953e">
    </UnitTestResult>
    <UnitTestResult executionId="15ae9f21-6bc1-410b-8773-5c1ad8406e75" testId="0177b86e-d5fa-cf5b-7ea6-a50aa23a1f27" testName="TestGetRandomMusicQuestion" computerName="TW1FTENVY" duration="00:00:00.6820470" startTime="2014-04-28T10:31:03.2357012-05:00" endTime="2014-04-28T10:31:03.9232090-05:00" testType="13cdc9d9-ddb5-4fa4-a97d-d965ccfc6d4b" outcome="Passed" testListId="8c84fa94-04c1-424b-9868-57a2d4851a1d" relativeResultsDirectory="15ae9f21-6bc1-410b-8773-5c1ad8406e75">
    </UnitTestResult>
    <UnitTestResult executionId="25f9a2b3-98f8-4c51-88b1-edadec28a847" testId="604165a1-c7e2-e583-c8fc-41ba1842763f" testName="TestGetRandomImageQuestion" computerName="TW1FTENVY" duration="00:00:00.6816668" startTime="2014-04-28T10:31:03.9388346-05:00" endTime="2014-04-28T10:31:04.6107167-05:00" testType="13cdc9d9-ddb5-4fa4-a97d-d965ccfc6d4b" outcome="Passed" testListId="8c84fa94-04c1-424b-9868-57a2d4851a1d" relativeResultsDirectory="25f9a2b3-98f8-4c51-88b1-edadec28a847">
    </UnitTestResult>
    <UnitTestResult executionId="e4cd0407-f627-4f77-970e-f89796846ad0" testId="35fdcf18-0be3-5a33-49ea-9deec449ce72" testName="testInitialize" computerName="TW1FTENVY" duration="00:00:00.0076400" startTime="2014-04-28T10:31:04.6263415-05:00" endTime="2014-04-28T10:31:04.6263415-05:00" testType="13cdc9d9-ddb5-4fa4-a97d-d965ccfc6d4b" outcome="Passed" testListId="8c84fa94-04c1-424b-9868-57a2d4851a1d" relativeResultsDirectory="e4cd0407-f627-4f77-970e-f89796846ad0">
    </UnitTestResult>
    <UnitTestResult executionId="31ae7533-0401-4a2d-aae5-c683466e9b2b" testId="c633b636-e73d-6a16-4a3c-3a2d73d1a317" testName="testAnswerChoices" computerName="TW1FTENVY" duration="00:00:00.0005148" startTime="2014-04-28T10:31:04.6419666-05:00" endTime="2014-04-28T10:31:04.6419666-05:00" testType="13cdc9d9-ddb5-4fa4-a97d-d965ccfc6d4b" outcome="Passed" testListId="8c84fa94-04c1-424b-9868-57a2d4851a1d" relativeResultsDirectory="31ae7533-0401-4a2d-aae5-c683466e9b2b">
      <Output>
        <StdOut>Red</StdOut>
      </Output>
    </UnitTestResult>
    <UnitTestResult executionId="66ec732e-f4fb-45e8-9f71-82c7f77e7388" testId="a9a9f0f1-8a6b-9673-3b72-bfc82b22d458" testName="TestCategory" computerName="TW1FTENVY" duration="00:00:00.7032659" startTime="2014-04-28T10:31:04.6419666-05:00" endTime="2014-04-28T10:31:05.3450987-05:00" testType="13cdc9d9-ddb5-4fa4-a97d-d965ccfc6d4b" outcome="Passed" testListId="8c84fa94-04c1-424b-9868-57a2d4851a1d" relativeResultsDirectory="66ec732e-f4fb-45e8-9f71-82c7f77e7388">
    </UnitTestResult>
    <UnitTestResult executionId="4d9823cb-bdb6-479a-a9ac-ab8822cf2b4a" testId="3e6d226b-4bb5-5427-0a53-d601701ece07" testName="testGetRand" computerName="TW1FTENVY" duration="00:00:00.6836101" startTime="2014-04-28T10:31:05.3607248-05:00" endTime="2014-04-28T10:31:06.0326061-05:00" testType="13cdc9d9-ddb5-4fa4-a97d-d965ccfc6d4b" outcome="Passed" testListId="8c84fa94-04c1-424b-9868-57a2d4851a1d" relativeResultsDirectory="4d9823cb-bdb6-479a-a9ac-ab8822cf2b4a">
    </UnitTestResult>
    <UnitTestResult executionId="f1dc827c-c5e0-407d-9d98-94f4ca6ea777" testId="957b084a-82f1-c373-da0f-c9ece73ff22b" testName="TestGetCurrentNumPlayers1" computerName="TW1FTENVY" duration="00:00:00.0023319" startTime="2014-04-28T10:31:06.0482308-05:00" endTime="2014-04-28T10:31:06.0482308-05:00" testType="13cdc9d9-ddb5-4fa4-a97d-d965ccfc6d4b" outcome="Passed" testListId="8c84fa94-04c1-424b-9868-57a2d4851a1d" relativeResultsDirectory="f1dc827c-c5e0-407d-9d98-94f4ca6ea777">
    </UnitTestResult>
    <UnitTestResult executionId="fd0d5218-9301-4e15-82a9-50a994a40500" testId="a99a0acb-4556-0740-9f3d-fecb7b1ed1f8" testName="TestGetCurrentNumPlayers2" computerName="TW1FTENVY" duration="00:00:00.0002711" startTime="2014-04-28T10:31:06.0482308-05:00" endTime="2014-04-28T10:31:06.0638560-05:00" testType="13cdc9d9-ddb5-4fa4-a97d-d965ccfc6d4b" outcome="Passed" testListId="8c84fa94-04c1-424b-9868-57a2d4851a1d" relativeResultsDirectory="fd0d5218-9301-4e15-82a9-50a994a40500">
    </UnitTestResult>
    <UnitTestResult executionId="5188c62c-196e-4cf9-b6b7-2ee5c84ba536" testId="b0f5a7d2-2c31-4fb3-e775-c49bc4094186" testName="TestGetCurrentNumPlayers3" computerName="TW1FTENVY" duration="00:00:00.0001757" startTime="2014-04-28T10:31:06.0638560-05:00" endTime="2014-04-28T10:31:06.0638560-05:00" testType="13cdc9d9-ddb5-4fa4-a97d-d965ccfc6d4b" outcome="Passed" testListId="8c84fa94-04c1-424b-9868-57a2d4851a1d" relativeResultsDirectory="5188c62c-196e-4cf9-b6b7-2ee5c84ba536">
    </UnitTestResult>
    <UnitTestResult executionId="1c25f9c0-8381-4f45-8f0c-c54f4dfbc0d5" testId="47b57d83-2c08-99b9-f3b1-14d4cde9b1e8" testName="TestGetCurrentNumPlayers4" computerName="TW1FTENVY" duration="00:00:00.0001821" startTime="2014-04-28T10:31:06.0638560-05:00" endTime="2014-04-28T10:31:06.0638560-05:00" testType="13cdc9d9-ddb5-4fa4-a97d-d965ccfc6d4b" outcome="Passed" testListId="8c84fa94-04c1-424b-9868-57a2d4851a1d" relativeResultsDirectory="1c25f9c0-8381-4f45-8f0c-c54f4dfbc0d5">
    </UnitTestResult>
    <UnitTestResult executionId="be7db930-d57c-4167-bcc0-1bb45d87e2f7" testId="7da4a519-5129-89a7-3d39-c6df56ad0742" testName="TestGetCurrentNumPlayers5" computerName="TW1FTENVY" duration="00:00:00.0001988" startTime="2014-04-28T10:31:06.1576104-05:00" endTime="2014-04-28T10:31:06.1732322-05:00" testType="13cdc9d9-ddb5-4fa4-a97d-d965ccfc6d4b" outcome="Passed" testListId="8c84fa94-04c1-424b-9868-57a2d4851a1d" relativeResultsDirectory="be7db930-d57c-4167-bcc0-1bb45d87e2f7">
    </UnitTestResult>
    <UnitTestResult executionId="db902cef-a2bf-481a-94fb-83873492fb24" testId="4b07ec87-2578-4a11-af32-e14de6fedfb0" testName="TestGetCurrentNumPlayers6" computerName="TW1FTENVY" duration="00:00:00.0001890" startTime="2014-04-28T10:31:06.1732322-05:00" endTime="2014-04-28T10:31:06.1732322-05:00" testType="13cdc9d9-ddb5-4fa4-a97d-d965ccfc6d4b" outcome="Passed" testListId="8c84fa94-04c1-424b-9868-57a2d4851a1d" relativeResultsDirectory="db902cef-a2bf-481a-94fb-83873492fb24">
    </UnitTestResult>
    <UnitTestResult executionId="c50a17ea-31cd-48b0-80a4-38a450fcf47e" testId="f7fd56b8-376d-ce9f-bfd5-273500f7ad17" testName="TestNumPlayersParameter" computerName="TW1FTENVY" duration="00:00:00.0067753" startTime="2014-04-28T10:31:06.1732322-05:00" endTime="2014-04-28T10:31:06.1888595-05:00" testType="13cdc9d9-ddb5-4fa4-a97d-d965ccfc6d4b" outcome="Passed" testListId="8c84fa94-04c1-424b-9868-57a2d4851a1d" relativeResultsDirectory="c50a17ea-31cd-48b0-80a4-38a450fcf47e">
    </UnitTestResult>
    <UnitTestResult executionId="fad56846-7c00-4cb6-bee3-aab7b6d0241b" testId="3afc1bea-bfbf-3c8e-8104-72a764af8b32" testName="TestGetCurrentCategory1" computerName="TW1FTENVY" duration="00:00:00.0002788" startTime="2014-04-28T10:31:06.1888595-05:00" endTime="2014-04-28T10:31:06.1888595-05:00" testType="13cdc9d9-ddb5-4fa4-a97d-d965ccfc6d4b" outcome="Passed" testListId="8c84fa94-04c1-424b-9868-57a2d4851a1d" relativeResultsDirectory="fad56846-7c00-4cb6-bee3-aab7b6d0241b">
    </UnitTestResult>
    <UnitTestResult executionId="18930205-fabe-4497-aca4-4e1867f26037" testId="f1fc9670-606b-c73a-b756-bddec5b37878" testName="TestGetCurrentCategory2" computerName="TW1FTENVY" duration="00:00:00.0002476" startTime="2014-04-28T10:31:06.2044829-05:00" endTime="2014-04-28T10:31:06.2044829-05:00" testType="13cdc9d9-ddb5-4fa4-a97d-d965ccfc6d4b" outcome="Passed" testListId="8c84fa94-04c1-424b-9868-57a2d4851a1d" relativeResultsDirectory="18930205-fabe-4497-aca4-4e1867f26037">
    </UnitTestResult>
    <UnitTestResult executionId="9c03d698-ba81-4630-a345-18db57987e96" testId="6d90f370-9d6b-db58-3da4-8603bcc06965" testName="TestGetCurrentCategory3" computerName="TW1FTENVY" duration="00:00:00.0001770" startTime="2014-04-28T10:31:06.2044829-05:00" endTime="2014-04-28T10:31:06.2044829-05:00" testType="13cdc9d9-ddb5-4fa4-a97d-d965ccfc6d4b" outcome="Passed" testListId="8c84fa94-04c1-424b-9868-57a2d4851a1d" relativeResultsDirectory="9c03d698-ba81-4630-a345-18db57987e96">
    </UnitTestResult>
    <UnitTestResult executionId="683ee601-9992-4180-9944-c64574adccc0" testId="0981af74-4ce1-6ad4-aeb6-cf0728ecf654" testName="TestGetCurrentCategory4" computerName="TW1FTENVY" duration="00:00:00.0002202" startTime="2014-04-28T10:31:06.2201089-05:00" endTime="2014-04-28T10:31:06.2201089-05:00" testType="13cdc9d9-ddb5-4fa4-a97d-d965ccfc6d4b" outcome="Passed" testListId="8c84fa94-04c1-424b-9868-57a2d4851a1d" relativeResultsDirectory="683ee601-9992-4180-9944-c64574adccc0">
    </UnitTestResult>
    <UnitTestResult executionId="a8b668ce-5a6a-430a-8910-2a27ed8b3532" testId="dbf1d0a3-6fa9-ebb2-2c02-e59981d64ed1" testName="TestGetCurrentCategory5" computerName="TW1FTENVY" duration="00:00:00.0001723" startTime="2014-04-28T10:31:06.2201089-05:00" endTime="2014-04-28T10:31:06.2201089-05:00" testType="13cdc9d9-ddb5-4fa4-a97d-d965ccfc6d4b" outcome="Passed" testListId="8c84fa94-04c1-424b-9868-57a2d4851a1d" relativeResultsDirectory="a8b668ce-5a6a-430a-8910-2a27ed8b3532">
    </UnitTestResult>
    <UnitTestResult executionId="1b277807-5f87-4d50-a7aa-d5c68b5dbd67" testId="d22d02ed-bb5c-57c7-bac8-2a4213191ea2" testName="TestGetCurrentCategory6" computerName="TW1FTENVY" duration="00:00:00.0001830" startTime="2014-04-28T10:31:06.2201089-05:00" endTime="2014-04-28T10:31:06.2357333-05:00" testType="13cdc9d9-ddb5-4fa4-a97d-d965ccfc6d4b" outcome="Passed" testListId="8c84fa94-04c1-424b-9868-57a2d4851a1d" relativeResultsDirectory="1b277807-5f87-4d50-a7aa-d5c68b5dbd67">
    </UnitTestResult>
    <UnitTestResult executionId="e14c10c6-5925-4291-b3d5-8431a2c55e54" testId="ff82c0df-2a18-5756-6f34-2753161d947c" testName="TestCategoryParameter" computerName="TW1FTENVY" duration="00:00:00.0006714" startTime="2014-04-28T10:31:06.2357333-05:00" endTime="2014-04-28T10:31:06.2357333-05:00" testType="13cdc9d9-ddb5-4fa4-a97d-d965ccfc6d4b" outcome="Passed" testListId="8c84fa94-04c1-424b-9868-57a2d4851a1d" relativeResultsDirectory="e14c10c6-5925-4291-b3d5-8431a2c55e54">
    </UnitTestResult>
    <UnitTestResult executionId="350831be-65cf-4331-afb6-98fe25bb7312" testId="637f974a-a7ea-1e81-c804-340f4859c6bd" testName="TestGetBoardSize1" computerName="TW1FTENVY" duration="00:00:00.0006726" startTime="2014-04-28T10:31:06.2357333-05:00" endTime="2014-04-28T10:31:06.2513597-05:00" testType="13cdc9d9-ddb5-4fa4-a97d-d965ccfc6d4b" outcome="Passed" testListId="8c84fa94-04c1-424b-9868-57a2d4851a1d" relativeResultsDirectory="350831be-65cf-4331-afb6-98fe25bb7312">
    </UnitTestResult>
    <UnitTestResult executionId="a483b783-ae94-4578-86cb-aed438eb16d8" testId="4bf3049e-1b64-3ff0-dd36-17e394b3355e" testName="TestGetBoardSize2" computerName="TW1FTENVY" duration="00:00:00.0004909" startTime="2014-04-28T10:31:06.2513597-05:00" endTime="2014-04-28T10:31:06.2513597-05:00" testType="13cdc9d9-ddb5-4fa4-a97d-d965ccfc6d4b" outcome="Passed" testListId="8c84fa94-04c1-424b-9868-57a2d4851a1d" relativeResultsDirectory="a483b783-ae94-4578-86cb-aed438eb16d8">
    </UnitTestResult>
    <UnitTestResult executionId="8cdf013d-fd86-466b-9b45-9036df00e80e" testId="d67a89bb-cceb-4395-19d1-01b4a95e49bd" testName="TestGetBoardSize3" computerName="TW1FTENVY" duration="00:00:00.0001783" startTime="2014-04-28T10:31:06.2826254-05:00" endTime="2014-04-28T10:31:06.2826254-05:00" testType="13cdc9d9-ddb5-4fa4-a97d-d965ccfc6d4b" outcome="Passed" testListId="8c84fa94-04c1-424b-9868-57a2d4851a1d" relativeResultsDirectory="8cdf013d-fd86-466b-9b45-9036df00e80e">
    </UnitTestResult>
    <UnitTestResult executionId="0d3df8b4-9ea0-4015-8468-2ba2f1067ddb" testId="807e15a2-a2d5-d883-28e3-0ba48acb3399" testName="TestGetBoardSize4" computerName="TW1FTENVY" duration="00:00:00.0001800" startTime="2014-04-28T10:31:06.2826254-05:00" endTime="2014-04-28T10:31:06.2826254-05:00" testType="13cdc9d9-ddb5-4fa4-a97d-d965ccfc6d4b" outcome="Passed" testListId="8c84fa94-04c1-424b-9868-57a2d4851a1d" relativeResultsDirectory="0d3df8b4-9ea0-4015-8468-2ba2f1067ddb">
    </UnitTestResult>
    <UnitTestResult executionId="e31f4cb1-3ee0-4eeb-a39e-3bc211ae5f83" testId="9c47cf71-2778-c1b6-7bd1-79f38ad76329" testName="TestGetBoardSize5" computerName="TW1FTENVY" duration="00:00:00.0001719" startTime="2014-04-28T10:31:06.2982348-05:00" endTime="2014-04-28T10:31:06.2982348-05:00" testType="13cdc9d9-ddb5-4fa4-a97d-d965ccfc6d4b" outcome="Passed" testListId="8c84fa94-04c1-424b-9868-57a2d4851a1d" relativeResultsDirectory="e31f4cb1-3ee0-4eeb-a39e-3bc211ae5f83">
    </UnitTestResult>
    <UnitTestResult executionId="59800455-712a-4418-aeb0-ff552a83c10f" testId="c5d159c1-8bb5-ccd3-b00d-54985d2cbab0" testName="TestGetBoardSize6" computerName="TW1FTENVY" duration="00:00:00.0001779" startTime="2014-04-28T10:31:06.2982348-05:00" endTime="2014-04-28T10:31:06.2982348-05:00" testType="13cdc9d9-ddb5-4fa4-a97d-d965ccfc6d4b" outcome="Passed" testListId="8c84fa94-04c1-424b-9868-57a2d4851a1d" relativeResultsDirectory="59800455-712a-4418-aeb0-ff552a83c10f">
    </UnitTestResult>
    <UnitTestResult executionId="986137ed-7497-4912-b1c7-71cd12a48a6a" testId="6778bb71-07f9-d92d-7c7d-99cc9a9261d1" testName="TestBoardSizeParameter" computerName="TW1FTENVY" duration="00:00:00.0006812" startTime="2014-04-28T10:31:06.2982348-05:00" endTime="2014-04-28T10:31:06.3138599-05:00" testType="13cdc9d9-ddb5-4fa4-a97d-d965ccfc6d4b" outcome="Passed" testListId="8c84fa94-04c1-424b-9868-57a2d4851a1d" relativeResultsDirectory="986137ed-7497-4912-b1c7-71cd12a48a6a">
    </UnitTestResult>
    <UnitTestResult executionId="05156554-78dc-4551-b94d-d0fa477514d2" testId="72930ef5-1352-8999-7ef5-823ed3666126" testName="TestGetBoardType1" computerName="TW1FTENVY" duration="00:00:00.0006585" startTime="2014-04-28T10:31:06.3138599-05:00" endTime="2014-04-28T10:31:06.3138599-05:00" testType="13cdc9d9-ddb5-4fa4-a97d-d965ccfc6d4b" outcome="Passed" testListId="8c84fa94-04c1-424b-9868-57a2d4851a1d" relativeResultsDirectory="05156554-78dc-4551-b94d-d0fa477514d2">
    </UnitTestResult>
    <UnitTestResult executionId="f5cebaea-614e-4b82-a073-6d1332cc282c" testId="1f781150-b373-8299-aa4f-dfdadb7bfb9b" testName="TestGetBoardType2" computerName="TW1FTENVY" duration="00:00:00.0002424" startTime="2014-04-28T10:31:06.3138599-05:00" endTime="2014-04-28T10:31:06.3294851-05:00" testType="13cdc9d9-ddb5-4fa4-a97d-d965ccfc6d4b" outcome="Passed" testListId="8c84fa94-04c1-424b-9868-57a2d4851a1d" relativeResultsDirectory="f5cebaea-614e-4b82-a073-6d1332cc282c">
    </UnitTestResult>
    <UnitTestResult executionId="4ce8619e-bfb6-48ba-ba42-4882f0b048d6" testId="5eca5bcf-e850-102d-5247-e143d0a4a840" testName="TestGetBoardType3" computerName="TW1FTENVY" duration="00:00:00.0001800" startTime="2014-04-28T10:31:06.3294851-05:00" endTime="2014-04-28T10:31:06.3294851-05:00" testType="13cdc9d9-ddb5-4fa4-a97d-d965ccfc6d4b" outcome="Passed" testListId="8c84fa94-04c1-424b-9868-57a2d4851a1d" relativeResultsDirectory="4ce8619e-bfb6-48ba-ba42-4882f0b048d6">
    </UnitTestResult>
    <UnitTestResult executionId="59408b8f-0a0d-432f-a0ba-715fa79e1f24" testId="e34a6a3c-6733-dc8e-1e37-dba572bf5ace" testName="TestBoardTypeParameter" computerName="TW1FTENVY" duration="00:00:00.0006688" startTime="2014-04-28T10:31:06.3451103-05:00" endTime="2014-04-28T10:31:06.3451103-05:00" testType="13cdc9d9-ddb5-4fa4-a97d-d965ccfc6d4b" outcome="Passed" testListId="8c84fa94-04c1-424b-9868-57a2d4851a1d" relativeResultsDirectory="59408b8f-0a0d-432f-a0ba-715fa79e1f24">
    </UnitTestResult>
    <UnitTestResult executionId="e1d1f219-4f9d-421d-a7dc-c727397d0b28" testId="fc6917c6-2e73-f40a-5bb6-252957ae3d5b" testName="TestGetLeftArrow" computerName="TW1FTENVY" duration="00:00:00.0002441" startTime="2014-04-28T10:31:06.3451103-05:00" endTime="2014-04-28T10:31:06.3451103-05:00" testType="13cdc9d9-ddb5-4fa4-a97d-d965ccfc6d4b" outcome="Passed" testListId="8c84fa94-04c1-424b-9868-57a2d4851a1d" relativeResultsDirectory="e1d1f219-4f9d-421d-a7dc-c727397d0b28">
    </UnitTestResult>
    <UnitTestResult executionId="2e388958-4486-4d36-92e9-c9fb14a33c89" testId="dee46b0c-2f9d-52fc-c7b4-b5b58ca85be6" testName="TestGetRightArrow" computerName="TW1FTENVY" duration="00:00:00.0002283" startTime="2014-04-28T10:31:06.3451103-05:00" endTime="2014-04-28T10:31:06.3607346-05:00" testType="13cdc9d9-ddb5-4fa4-a97d-d965ccfc6d4b" outcome="Passed" testListId="8c84fa94-04c1-424b-9868-57a2d4851a1d" relativeResultsDirectory="2e388958-4486-4d36-92e9-c9fb14a33c89">
    </UnitTestResult>
    <UnitTestResult executionId="647deff8-5e54-4eb6-88dd-8774caaa0d0f" testId="c20bd146-2464-39ef-d365-b04794f08f52" testName="TestGetTileWeights1" computerName="TW1FTENVY" duration="00:00:00.0004041" startTime="2014-04-28T10:31:06.3607346-05:00" endTime="2014-04-28T10:31:06.3607346-05:00" testType="13cdc9d9-ddb5-4fa4-a97d-d965ccfc6d4b" outcome="Passed" testListId="8c84fa94-04c1-424b-9868-57a2d4851a1d" relativeResultsDirectory="647deff8-5e54-4eb6-88dd-8774caaa0d0f">
    </UnitTestResult>
    <UnitTestResult executionId="4348166e-5e9d-427d-9e4b-9b35f22e377b" testId="ecd731c8-fde0-3cdb-6310-8c028479e7fa" testName="TestGetTileWeights2" computerName="TW1FTENVY" duration="00:00:00.0004648" startTime="2014-04-28T10:31:06.3607346-05:00" endTime="2014-04-28T10:31:06.3763610-05:00" testType="13cdc9d9-ddb5-4fa4-a97d-d965ccfc6d4b" outcome="Passed" testListId="8c84fa94-04c1-424b-9868-57a2d4851a1d" relativeResultsDirectory="4348166e-5e9d-427d-9e4b-9b35f22e377b">
    </UnitTestResult>
    <UnitTestResult executionId="a9ec91c5-77d6-4f9e-8fb8-3f515ba66982" testId="8ceb8007-7676-c6df-f4e0-60eb5ed07aaa" testName="TestGetTileWeights3" computerName="TW1FTENVY" duration="00:00:00.0002895" startTime="2014-04-28T10:31:06.3763610-05:00" endTime="2014-04-28T10:31:06.3763610-05:00" testType="13cdc9d9-ddb5-4fa4-a97d-d965ccfc6d4b" outcome="Passed" testListId="8c84fa94-04c1-424b-9868-57a2d4851a1d" relativeResultsDirectory="a9ec91c5-77d6-4f9e-8fb8-3f515ba66982">
    </UnitTestResult>
    <UnitTestResult executionId="0edd1047-cc40-42ea-9dc8-09811b13814a" testId="8af59718-3d2e-61c7-52a7-b3bcc998df10" testName="TestGetTileWeights4" computerName="TW1FTENVY" duration="00:00:00.0003190" startTime="2014-04-28T10:31:06.3763610-05:00" endTime="2014-04-28T10:31:06.3763610-05:00" testType="13cdc9d9-ddb5-4fa4-a97d-d965ccfc6d4b" outcome="Passed" testListId="8c84fa94-04c1-424b-9868-57a2d4851a1d" relativeResultsDirectory="0edd1047-cc40-42ea-9dc8-09811b13814a">
    </UnitTestResult>
    <UnitTestResult executionId="c19407df-bedc-42a5-87de-4bc1fd2e8c9b" testId="55d77cb0-6d32-2d7e-5769-969f37383ed7" testName="TestGetTileWeights5" computerName="TW1FTENVY" duration="00:00:00.0004092" startTime="2014-04-28T10:31:06.3919858-05:00" endTime="2014-04-28T10:31:06.3919858-05:00" testType="13cdc9d9-ddb5-4fa4-a97d-d965ccfc6d4b" outcome="Passed" testListId="8c84fa94-04c1-424b-9868-57a2d4851a1d" relativeResultsDirectory="c19407df-bedc-42a5-87de-4bc1fd2e8c9b">
    </UnitTestResult>
    <UnitTestResult executionId="27466813-3234-488d-8925-6ef188002ea4" testId="f4bb3496-6bd5-68d7-1206-ecefa5c9b63a" testName="TestGetTileWeights6" computerName="TW1FTENVY" duration="00:00:00.0003207" startTime="2014-04-28T10:31:06.3919858-05:00" endTime="2014-04-28T10:31:06.3919858-05:00" testType="13cdc9d9-ddb5-4fa4-a97d-d965ccfc6d4b" outcome="Passed" testListId="8c84fa94-04c1-424b-9868-57a2d4851a1d" relativeResultsDirectory="27466813-3234-488d-8925-6ef188002ea4">
    </UnitTestResult>
    <UnitTestResult executionId="7cc25117-0090-45f0-bdf0-e6abd75379e7" testId="adf1bbe7-f955-f1aa-c051-332a545e94e4" testName="StartGameTest1" computerName="TW1FTENVY" duration="00:00:00.8382696" startTime="2014-04-28T10:31:06.4076109-05:00" endTime="2014-04-28T10:31:07.2357444-05:00" testType="13cdc9d9-ddb5-4fa4-a97d-d965ccfc6d4b" outcome="Passed" testListId="8c84fa94-04c1-424b-9868-57a2d4851a1d" relativeResultsDirectory="7cc25117-0090-45f0-bdf0-e6abd75379e7">
    </UnitTestResult>
    <UnitTestResult executionId="49ac9a7d-54ac-4d89-9deb-be39f18305ad" testId="8e77a49e-1ebb-33d0-321e-b1c7c45a8fa3" testName="StartGameTest2" computerName="TW1FTENVY" duration="00:00:00.7314701" startTime="2014-04-28T10:31:07.2513687-05:00" endTime="2014-04-28T10:31:07.9857520-05:00" testType="13cdc9d9-ddb5-4fa4-a97d-d965ccfc6d4b" outcome="Passed" testListId="8c84fa94-04c1-424b-9868-57a2d4851a1d" relativeResultsDirectory="49ac9a7d-54ac-4d89-9deb-be39f18305ad">
    </UnitTestResult>
    <UnitTestResult executionId="419ea3ca-f9e6-4591-98d4-9138ead05819" testId="932006bf-cc9a-1649-4dd2-a8c07ced02bd" testName="TestQuestionType" computerName="TW1FTENVY" duration="00:00:00.0147878" startTime="2014-04-28T10:31:07.9857520-05:00" endTime="2014-04-28T10:31:08.0013780-05:00" testType="13cdc9d9-ddb5-4fa4-a97d-d965ccfc6d4b" outcome="Passed" testListId="8c84fa94-04c1-424b-9868-57a2d4851a1d" relativeResultsDirectory="419ea3ca-f9e6-4591-98d4-9138ead05819">
    </UnitTestResult>
    <UnitTestResult executionId="f26b6262-2c19-4179-b191-a76e823024ff" testId="5f9ff485-80f0-1581-b8ce-68cc871f9745" testName="ResetAttemptsStateTest" computerName="TW1FTENVY" duration="00:00:00.8029510" startTime="2014-04-28T10:31:08.0013780-05:00" endTime="2014-04-28T10:31:08.8138867-05:00" testType="13cdc9d9-ddb5-4fa4-a97d-d965ccfc6d4b" outcome="Passed" testListId="8c84fa94-04c1-424b-9868-57a2d4851a1d" relativeResultsDirectory="f26b6262-2c19-4179-b191-a76e823024ff">
    </UnitTestResult>
    <UnitTestResult executionId="ba9089eb-8bcc-44b0-9b79-29aed779868f" testId="c5f604eb-bb73-2ed4-4b97-3223456ec415" testName="PlayerMoveStateTest" computerName="TW1FTENVY" duration="00:00:00.9402405" startTime="2014-04-28T10:31:08.8138867-05:00" endTime="2014-04-28T10:31:09.7674247-05:00" testType="13cdc9d9-ddb5-4fa4-a97d-d965ccfc6d4b" outcome="Passed" testListId="8c84fa94-04c1-424b-9868-57a2d4851a1d" relativeResultsDirectory="ba9089eb-8bcc-44b0-9b79-29aed779868f">
    </UnitTestResult>
    <UnitTestResult executionId="e886314a-b5cb-498d-800f-80e033c11473" testId="23883945-af6d-c48a-20a2-7a04c60637c8" testName="QuestionNotifyCorrectClickTest" computerName="TW1FTENVY" duration="00:00:00.7441799" startTime="2014-04-28T10:31:09.7724154-05:00" endTime="2014-04-28T10:31:10.5200530-05:00" testType="13cdc9d9-ddb5-4fa4-a97d-d965ccfc6d4b" outcome="Passed" testListId="8c84fa94-04c1-424b-9868-57a2d4851a1d" relativeResultsDirectory="e886314a-b5cb-498d-800f-80e033c11473">
    </UnitTestResult>
    <UnitTestResult executionId="ee55e038-2729-41cb-ac24-66f54256105c" testId="bd72cabd-0ddc-9517-5a13-70031cc0d420" testName="QuestionNotifyIncorrectClickTest" computerName="TW1FTENVY" duration="00:00:00.6849166" startTime="2014-04-28T10:31:10.5240562-05:00" endTime="2014-04-28T10:31:11.2116611-05:00" testType="13cdc9d9-ddb5-4fa4-a97d-d965ccfc6d4b" outcome="Passed" testListId="8c84fa94-04c1-424b-9868-57a2d4851a1d" relativeResultsDirectory="ee55e038-2729-41cb-ac24-66f54256105c">
    </UnitTestResult>
    <UnitTestResult executionId="8c5b0efc-a296-4289-8caf-79691a765a00" testId="5cd02d0c-c30c-d1d5-c21e-60ac4b27c097" testName="QuestionNotifyTimedClickTest" computerName="TW1FTENVY" duration="00:00:00.7315201" startTime="2014-04-28T10:31:11.2166655-05:00" endTime="2014-04-28T10:31:11.9512057-05:00" testType="13cdc9d9-ddb5-4fa4-a97d-d965ccfc6d4b" outcome="Passed" testListId="8c84fa94-04c1-424b-9868-57a2d4851a1d" relativeResultsDirectory="8c5b0efc-a296-4289-8caf-79691a765a00">
    </UnitTestResult>
    <UnitTestResult executionId="f8349043-171f-4a0e-842f-ac6bcad598f0" testId="8eeca9a8-568d-a203-d287-a4d2eed3e1dd" testName="QuestionNotifyTimedOutTest" computerName="TW1FTENVY" duration="00:00:00.6793280" startTime="2014-04-28T10:31:11.9552090-05:00" endTime="2014-04-28T10:31:12.6378415-05:00" testType="13cdc9d9-ddb5-4fa4-a97d-d965ccfc6d4b" outcome="Passed" testListId="8c84fa94-04c1-424b-9868-57a2d4851a1d" relativeResultsDirectory="f8349043-171f-4a0e-842f-ac6bcad598f0">
    </UnitTestResult>
    <UnitTestResult executionId="1e3a9f75-bbd6-4c22-b43c-f84cb3a7816a" testId="14c76d6e-baba-abce-271f-bb53095ef8bb" testName="TestPlayerScoreParameter" computerName="TW1FTENVY" duration="00:00:03.2983390" startTime="2014-04-28T10:31:12.6428326-05:00" endTime="2014-04-28T10:31:15.9445343-05:00" testType="13cdc9d9-ddb5-4fa4-a97d-d965ccfc6d4b" outcome="Passed" testListId="8c84fa94-04c1-424b-9868-57a2d4851a1d" relativeResultsDirectory="1e3a9f75-bbd6-4c22-b43c-f84cb3a7816a">
    </UnitTestResult>
    <UnitTestResult executionId="418db5a1-af7f-4a17-9585-149ef0e83403" testId="4241b6d4-e9df-72e9-77ef-f7714add0b73" testName="QuestionNotifyCorrectKeyTest" computerName="TW1FTENVY" duration="00:00:00.7713188" startTime="2014-04-28T10:31:15.9485367-05:00" endTime="2014-04-28T10:31:16.7222414-05:00" testType="13cdc9d9-ddb5-4fa4-a97d-d965ccfc6d4b" outcome="Passed" testListId="8c84fa94-04c1-424b-9868-57a2d4851a1d" relativeResultsDirectory="418db5a1-af7f-4a17-9585-149ef0e83403">
    </UnitTestResult>
    <UnitTestResult executionId="8019ab04-0c06-466c-82b7-7088d382a455" testId="60eb9c3d-cd29-58bd-5b44-c89d0731a54a" testName="QuestionNotifyIncorrectKeyTest" computerName="TW1FTENVY" duration="00:00:00.6626718" startTime="2014-04-28T10:31:16.7272450-05:00" endTime="2014-04-28T10:31:17.3949383-05:00" testType="13cdc9d9-ddb5-4fa4-a97d-d965ccfc6d4b" outcome="Passed" testListId="8c84fa94-04c1-424b-9868-57a2d4851a1d" relativeResultsDirectory="8019ab04-0c06-466c-82b7-7088d382a455">
    </UnitTestResult>
    <UnitTestResult executionId="d94579fa-7dd5-42ac-92c3-dea0a091f99c" testId="c34a7e0d-9fce-cfdd-4a03-172f1b719315" testName="QuestionNotifyTimedKeyTest" computerName="TW1FTENVY" duration="00:00:00.6534293" startTime="2014-04-28T10:31:17.3989424-05:00" endTime="2014-04-28T10:31:18.0555309-05:00" testType="13cdc9d9-ddb5-4fa4-a97d-d965ccfc6d4b" outcome="Passed" testListId="8c84fa94-04c1-424b-9868-57a2d4851a1d" relativeResultsDirectory="d94579fa-7dd5-42ac-92c3-dea0a091f99c">
    </UnitTestResult>
    <UnitTestResult executionId="7b27b1cb-ab16-4fb6-b5a3-6cf743990617" testId="b0b5b9af-8fcb-9aa2-b576-ea724fced88f" testName="PlayersTest1" computerName="TW1FTENVY" duration="00:00:00.7161066" startTime="2014-04-28T10:31:18.0605353-05:00" endTime="2014-04-28T10:31:18.7810959-05:00" testType="13cdc9d9-ddb5-4fa4-a97d-d965ccfc6d4b" outcome="Passed" testListId="8c84fa94-04c1-424b-9868-57a2d4851a1d" relativeResultsDirectory="7b27b1cb-ab16-4fb6-b5a3-6cf743990617">
    </UnitTestResult>
    <UnitTestResult executionId="850a2940-a9d3-4886-a53d-00f01c91e9ff" testId="e0382ce5-6740-35b3-fff5-be32133f4b54" testName="PlayersTest2" computerName="TW1FTENVY" duration="00:00:00.6304383" startTime="2014-04-28T10:31:18.7860849-05:00" endTime="2014-04-28T10:31:19.4195579-05:00" testType="13cdc9d9-ddb5-4fa4-a97d-d965ccfc6d4b" outcome="Passed" testListId="8c84fa94-04c1-424b-9868-57a2d4851a1d" relativeResultsDirectory="850a2940-a9d3-4886-a53d-00f01c91e9ff">
    </UnitTestResult>
    <UnitTestResult executionId="34311597-c65d-42bd-829f-e317d1725a9c" testId="96895812-5ec4-e95c-f82b-714f21329505" testName="PlayerScoreTest" computerName="TW1FTENVY" duration="00:00:00.7999831" startTime="2014-04-28T10:31:19.4245623-05:00" endTime="2014-04-28T10:31:20.2283028-05:00" testType="13cdc9d9-ddb5-4fa4-a97d-d965ccfc6d4b" outcome="Passed" testListId="8c84fa94-04c1-424b-9868-57a2d4851a1d" relativeResultsDirectory="34311597-c65d-42bd-829f-e317d1725a9c">
    </UnitTestResult>
    <UnitTestResult executionId="575cd95a-3210-403f-9d26-2602c6da0979" testId="3ebf47cf-4127-1f1d-d58e-0bdf47316ea3" testName="MultiPlayerCorrectScoreTest" computerName="TW1FTENVY" duration="00:00:00.7154737" startTime="2014-04-28T10:31:20.2323065-05:00" endTime="2014-04-28T10:31:20.9549712-05:00" testType="13cdc9d9-ddb5-4fa4-a97d-d965ccfc6d4b" outcome="Passed" testListId="8c84fa94-04c1-424b-9868-57a2d4851a1d" relativeResultsDirectory="575cd95a-3210-403f-9d26-2602c6da0979">
    </UnitTestResult>
    <UnitTestResult executionId="a9ff9333-2b41-401a-95bc-431987ac017b" testId="36411a89-5ee3-acf1-7ac9-7780454d7007" testName="MultiPlayerIncorrectScoreTest" computerName="TW1FTENVY" duration="00:00:00.8115383" startTime="2014-04-28T10:31:20.9599730-05:00" endTime="2014-04-28T10:31:21.7747530-05:00" testType="13cdc9d9-ddb5-4fa4-a97d-d965ccfc6d4b" outcome="Passed" testListId="8c84fa94-04c1-424b-9868-57a2d4851a1d" relativeResultsDirectory="a9ff9333-2b41-401a-95bc-431987ac017b">
    </UnitTestResult>
    <UnitTestResult executionId="f271f61a-f9f0-4872-b42c-a23ed5a07f2b" testId="32dd6141-e873-31bc-2141-154b736f81ed" testName="MultiPlayerMultiCorrectScoreTest" computerName="TW1FTENVY" duration="00:00:01.0580445" startTime="2014-04-28T10:31:21.7787455-05:00" endTime="2014-04-28T10:31:22.8479629-05:00" testType="13cdc9d9-ddb5-4fa4-a97d-d965ccfc6d4b" outcome="Passed" testListId="8c84fa94-04c1-424b-9868-57a2d4851a1d" relativeResultsDirectory="f271f61a-f9f0-4872-b42c-a23ed5a07f2b">
    </UnitTestResult>
    <UnitTestResult executionId="2c813068-fd01-49f3-b341-66ff2e4842d6" testId="371a4fb2-1529-7925-ea1a-b6ea6249a33b" testName="MultiPlayerMultiIncorrectScoreTest" computerName="TW1FTENVY" duration="00:00:01.0180345" startTime="2014-04-28T10:31:22.8589532-05:00" endTime="2014-04-28T10:31:23.8867152-05:00" testType="13cdc9d9-ddb5-4fa4-a97d-d965ccfc6d4b" outcome="Passed" testListId="8c84fa94-04c1-424b-9868-57a2d4851a1d" relativeResultsDirectory="2c813068-fd01-49f3-b341-66ff2e4842d6">
    </UnitTestResult>
    <UnitTestResult executionId="b7504f7c-45d9-4883-97e9-51166b1723e7" testId="09c838a6-25f6-fa3c-1eab-ebb143fae11f" testName="TwoPlayerSwapTest" computerName="TW1FTENVY" duration="00:00:00.6561962" startTime="2014-04-28T10:31:23.8917200-05:00" endTime="2014-04-28T10:31:24.5553010-05:00" testType="13cdc9d9-ddb5-4fa4-a97d-d965ccfc6d4b" outcome="Passed" testListId="8c84fa94-04c1-424b-9868-57a2d4851a1d" relativeResultsDirectory="b7504f7c-45d9-4883-97e9-51166b1723e7">
    </UnitTestResult>
    <UnitTestResult executionId="7a65c212-ac83-4660-a87d-f6a76f6bde3c" testId="d1cdae68-9615-5a15-fb7e-17feabe3919f" testName="BackwardsScoresTest" computerName="TW1FTENVY" duration="00:00:00.7249133" startTime="2014-04-28T10:31:24.5593055-05:00" endTime="2014-04-28T10:31:25.2869529-05:00" testType="13cdc9d9-ddb5-4fa4-a97d-d965ccfc6d4b" outcome="Passed" testListId="8c84fa94-04c1-424b-9868-57a2d4851a1d" relativeResultsDirectory="7a65c212-ac83-4660-a87d-f6a76f6bde3c">
    </UnitTestResult>
    <UnitTestResult executionId="1bb8b176-0882-4369-afe7-281e25a779fc" testId="2f70dbba-5fa6-6c2a-feef-1fb1c7241241" testName="MixedScoresTest" computerName="TW1FTENVY" duration="00:00:00.6907421" startTime="2014-04-28T10:31:25.2909412-05:00" endTime="2014-04-28T10:31:25.9846238-05:00" testType="13cdc9d9-ddb5-4fa4-a97d-d965ccfc6d4b" outcome="Passed" testListId="8c84fa94-04c1-424b-9868-57a2d4851a1d" relativeResultsDirectory="1bb8b176-0882-4369-afe7-281e25a779fc">
    </UnitTestResult>
    <UnitTestResult executionId="5c005603-f466-4ed9-a92a-c6e2256034c5" testId="17c0ccb2-7906-7e39-90cb-848a59e82687" testName="ChangeCategoryStateTest" computerName="TW1FTENVY" duration="00:00:00.8397318" startTime="2014-04-28T10:31:25.9896261-05:00" endTime="2014-04-28T10:31:26.8312785-05:00" testType="13cdc9d9-ddb5-4fa4-a97d-d965ccfc6d4b" outcome="Passed" testListId="8c84fa94-04c1-424b-9868-57a2d4851a1d" relativeResultsDirectory="5c005603-f466-4ed9-a92a-c6e2256034c5">
    </UnitTestResult>
    <UnitTestResult executionId="4c523065-6444-4162-a2d1-334ade243e65" testId="d045baa8-d6d4-4e92-c213-e7d3aa09150a" testName="RandomSwapStateTest" computerName="TW1FTENVY" duration="00:00:00.8628802" startTime="2014-04-28T10:31:26.8362824-05:00" endTime="2014-04-28T10:31:27.7009285-05:00" testType="13cdc9d9-ddb5-4fa4-a97d-d965ccfc6d4b" outcome="Passed" testListId="8c84fa94-04c1-424b-9868-57a2d4851a1d" relativeResultsDirectory="4c523065-6444-4162-a2d1-334ade243e65">
    </UnitTestResult>
    <UnitTestResult executionId="c889d7ce-b90b-4b47-bdb1-864f08c42472" testId="9abef8b5-33da-680e-a9bc-a83df0477c5d" testName="RandomSwapTestMultiplayerTest" computerName="TW1FTENVY" duration="00:00:00.8136757" startTime="2014-04-28T10:31:27.7059205-05:00" endTime="2014-04-28T10:31:28.5214971-05:00" testType="13cdc9d9-ddb5-4fa4-a97d-d965ccfc6d4b" outcome="Passed" testListId="8c84fa94-04c1-424b-9868-57a2d4851a1d" relativeResultsDirectory="c889d7ce-b90b-4b47-bdb1-864f08c42472">
    </UnitTestResult>
    <UnitTestResult executionId="6ec2e4e5-89fe-4e92-97bd-25e6ed5bd121" testId="083d22d7-fcb7-fbb5-cd62-3b304677a5ce" testName="KeyIsDownEvent" computerName="TW1FTENVY" duration="00:00:00.0009545" startTime="2014-04-28T10:31:28.5265015-05:00" endTime="2014-04-28T10:31:28.5295028-05:00" testType="13cdc9d9-ddb5-4fa4-a97d-d965ccfc6d4b" outcome="Passed" testListId="8c84fa94-04c1-424b-9868-57a2d4851a1d" relativeResultsDirectory="6ec2e4e5-89fe-4e92-97bd-25e6ed5bd121">
    </UnitTestResult>
    <UnitTestResult executionId="6562c10f-cec5-4e5e-a010-2890ed163952" testId="23e952be-43ac-69f6-e773-dec25ec58275" testName="KeyIsNotDownEvent" computerName="TW1FTENVY" duration="00:00:00.0002292" startTime="2014-04-28T10:31:28.5335065-05:00" endTime="2014-04-28T10:31:28.5365086-05:00" testType="13cdc9d9-ddb5-4fa4-a97d-d965ccfc6d4b" outcome="Passed" testListId="8c84fa94-04c1-424b-9868-57a2d4851a1d" relativeResultsDirectory="6562c10f-cec5-4e5e-a010-2890ed163952">
    </UnitTestResult>
    <UnitTestResult executionId="bfdccdc3-9576-4012-9639-a4bc9b34c52f" testId="a55ea7c9-eabb-9207-ac1a-8e11aa747df4" testName="SkipQuestionStateTest" computerName="TW1FTENVY" duration="00:00:00.8866231" startTime="2014-04-28T10:31:28.5405098-05:00" endTime="2014-04-28T10:31:29.4302530-05:00" testType="13cdc9d9-ddb5-4fa4-a97d-d965ccfc6d4b" outcome="Passed" testListId="8c84fa94-04c1-424b-9868-57a2d4851a1d" relativeResultsDirectory="bfdccdc3-9576-4012-9639-a4bc9b34c52f">
    </UnitTestResult>
    <UnitTestResult executionId="bfb35b75-9453-44a4-ae96-98b9352a20f7" testId="77e10824-1cca-c689-50b2-ed0e80430907" testName="TileConstructorTest" computerName="TW1FTENVY" duration="00:00:00.0003626" startTime="2014-04-28T10:31:29.4352587-05:00" endTime="2014-04-28T10:31:29.4382600-05:00" testType="13cdc9d9-ddb5-4fa4-a97d-d965ccfc6d4b" outcome="Passed" testListId="8c84fa94-04c1-424b-9868-57a2d4851a1d" relativeResultsDirectory="bfb35b75-9453-44a4-ae96-98b9352a20f7">
    </UnitTestResult>
    <UnitTestResult executionId="7274880e-bd82-4352-a64c-04c37bb68a14" testId="42431ad3-b2fa-3a89-f07f-b02ce47f85e3" testName="GetSetBoardXTest" computerName="TW1FTENVY" duration="00:00:00.0067133" startTime="2014-04-28T10:31:29.4422637-05:00" endTime="2014-04-28T10:31:29.4512692-05:00" testType="13cdc9d9-ddb5-4fa4-a97d-d965ccfc6d4b" outcome="Passed" testListId="8c84fa94-04c1-424b-9868-57a2d4851a1d" relativeResultsDirectory="7274880e-bd82-4352-a64c-04c37bb68a14">
    </UnitTestResult>
    <UnitTestResult executionId="b001ec44-4a81-4a9a-b1e0-7284a49b4dd5" testId="2ee5ec05-43c5-a370-94e2-7ce68113ecd3" testName="GetSetBoardYTest" computerName="TW1FTENVY" duration="00:00:00.0069775" startTime="2014-04-28T10:31:29.4562736-05:00" endTime="2014-04-28T10:31:29.4652796-05:00" testType="13cdc9d9-ddb5-4fa4-a97d-d965ccfc6d4b" outcome="Passed" testListId="8c84fa94-04c1-424b-9868-57a2d4851a1d" relativeResultsDirectory="b001ec44-4a81-4a9a-b1e0-7284a49b4dd5">
    </UnitTestResult>
    <UnitTestResult executionId="43ac9cba-010c-47f5-ab42-4e0040265aa6" testId="72f264a5-7de2-336c-60e6-b904b0cc1eea" testName="IsAdjacentTest" computerName="TW1FTENVY" duration="00:00:00.0060961" startTime="2014-04-28T10:31:29.4702840-05:00" endTime="2014-04-28T10:31:29.4782883-05:00" testType="13cdc9d9-ddb5-4fa4-a97d-d965ccfc6d4b" outcome="Passed" testListId="8c84fa94-04c1-424b-9868-57a2d4851a1d" relativeResultsDirectory="43ac9cba-010c-47f5-ab42-4e0040265aa6">
    </UnitTestResult>
    <UnitTestResult executionId="2b88366b-51b5-4cd3-94ca-a15cae3c854a" testId="e4ab14aa-1429-271f-5b09-0f8f32eeab9a" testName="TestStandardTile" computerName="TW1FTENVY" duration="00:00:00.0002232" startTime="2014-04-28T10:31:29.4832927-05:00" endTime="2014-04-28T10:31:29.4862944-05:00" testType="13cdc9d9-ddb5-4fa4-a97d-d965ccfc6d4b" outcome="Passed" testListId="8c84fa94-04c1-424b-9868-57a2d4851a1d" relativeResultsDirectory="2b88366b-51b5-4cd3-94ca-a15cae3c854a">
    </UnitTestResult>
    <UnitTestResult executionId="7891205f-8105-4294-bd5e-3e1d23f02841" testId="3a6c85dc-ff2e-cb74-a68e-e4c4f59a65bd" testName="TestMusicTile" computerName="TW1FTENVY" duration="00:00:00.0065563" startTime="2014-04-28T10:31:29.4902973-05:00" endTime="2014-04-28T10:31:29.4993028-05:00" testType="13cdc9d9-ddb5-4fa4-a97d-d965ccfc6d4b" outcome="Passed" testListId="8c84fa94-04c1-424b-9868-57a2d4851a1d" relativeResultsDirectory="7891205f-8105-4294-bd5e-3e1d23f02841">
    </UnitTestResult>
    <UnitTestResult executionId="2b469d50-dad6-470c-ac53-8a4ebad81d60" testId="fc573d78-4d31-4cef-4a5f-301b8eb35a18" testName="TestImageTile" computerName="TW1FTENVY" duration="00:00:00.0067128" startTime="2014-04-28T10:31:29.5033069-05:00" endTime="2014-04-28T10:31:29.5123124-05:00" testType="13cdc9d9-ddb5-4fa4-a97d-d965ccfc6d4b" outcome="Passed" testListId="8c84fa94-04c1-424b-9868-57a2d4851a1d" relativeResultsDirectory="2b469d50-dad6-470c-ac53-8a4ebad81d60">
    </UnitTestResult>
    <UnitTestResult executionId="c4792adb-e80c-46b5-ac64-4acc283e1c97" testId="52f2ba69-e8af-366e-fa05-7e9d58be5419" testName="TestDeathTile" computerName="TW1FTENVY" duration="00:00:00.0061830" startTime="2014-04-28T10:31:29.5163161-05:00" endTime="2014-04-28T10:31:29.5253217-05:00" testType="13cdc9d9-ddb5-4fa4-a97d-d965ccfc6d4b" outcome="Passed" testListId="8c84fa94-04c1-424b-9868-57a2d4851a1d" relativeResultsDirectory="c4792adb-e80c-46b5-ac64-4acc283e1c97">
    </UnitTestResult>
    <UnitTestResult executionId="e7fad69a-65d5-425c-b8a0-baf911a034f2" testId="d3f09b35-b610-a3b7-aac9-aa4bbf66fea6" testName="TestJokerTile" computerName="TW1FTENVY" duration="00:00:00.0068702" startTime="2014-04-28T10:31:29.5303269-05:00" endTime="2014-04-28T10:31:29.5403323-05:00" testType="13cdc9d9-ddb5-4fa4-a97d-d965ccfc6d4b" outcome="Passed" testListId="8c84fa94-04c1-424b-9868-57a2d4851a1d" relativeResultsDirectory="e7fad69a-65d5-425c-b8a0-baf911a034f2">
    </UnitTestResult>
    <UnitTestResult executionId="6b6f0751-ddb1-4e6d-a0f0-fc060f14cbf9" testId="93e1a339-56ec-6a9a-cc36-ee3412430608" testName="TileConstructorTest" computerName="TW1FTENVY" duration="00:00:00.0003292" startTime="2014-04-28T10:31:29.5443355-05:00" endTime="2014-04-28T10:31:29.5473368-05:00" testType="13cdc9d9-ddb5-4fa4-a97d-d965ccfc6d4b" outcome="Passed" testListId="8c84fa94-04c1-424b-9868-57a2d4851a1d" relativeResultsDirectory="6b6f0751-ddb1-4e6d-a0f0-fc060f14cbf9">
    </UnitTestResult>
    <UnitTestResult executionId="3dbcef4c-7e9e-4fab-978b-dddaa34bc919" testId="f0bdd7dd-7cef-1459-6d80-5f06a72cf810" testName="GetSetPlayerTileTest" computerName="TW1FTENVY" duration="00:00:00.0002027" startTime="2014-04-28T10:31:29.5513405-05:00" endTime="2014-04-28T10:31:29.5543426-05:00" testType="13cdc9d9-ddb5-4fa4-a97d-d965ccfc6d4b" outcome="Passed" testListId="8c84fa94-04c1-424b-9868-57a2d4851a1d" relativeResultsDirectory="3dbcef4c-7e9e-4fab-978b-dddaa34bc919">
    </UnitTestResult>
    <UnitTestResult executionId="97582aa1-4062-430c-851e-3ecadd9236a3" testId="c4cd8056-c9ff-caf6-98af-4ccd1972a29a" testName="GetSetPlayerNameTest" computerName="TW1FTENVY" duration="00:00:00.0002604" startTime="2014-04-28T10:31:29.5583455-05:00" endTime="2014-04-28T10:31:29.5613472-05:00" testType="13cdc9d9-ddb5-4fa4-a97d-d965ccfc6d4b" outcome="Passed" testListId="8c84fa94-04c1-424b-9868-57a2d4851a1d" relativeResultsDirectory="97582aa1-4062-430c-851e-3ecadd9236a3">
    </UnitTestResult>
    <UnitTestResult executionId="9e58c77e-5fb9-4da9-b89f-ca613f2acfe5" testId="d6f0928c-7367-b459-6ff5-32ca0241f57e" testName="MultiplePlayerTest" computerName="TW1FTENVY" duration="00:00:00.0086775" startTime="2014-04-28T10:31:29.5653509-05:00" endTime="2014-04-28T10:31:29.5763578-05:00" testType="13cdc9d9-ddb5-4fa4-a97d-d965ccfc6d4b" outcome="Passed" testListId="8c84fa94-04c1-424b-9868-57a2d4851a1d" relativeResultsDirectory="9e58c77e-5fb9-4da9-b89f-ca613f2acfe5">
      <Output>
        <StdOut>More then 4 players have been created.</StdOut>
      </Output>
    </UnitTestResult>
    <UnitTestResult executionId="30d4742a-1fc9-4f03-9ffd-13bd39fe3c2a" testId="212fceb0-e09b-bfef-a8c4-50fb8b97b08a" testName="VictoryTest" computerName="TW1FTENVY" duration="00:00:00.7019462" startTime="2014-04-28T10:31:29.5813618-05:00" endTime="2014-04-28T10:31:30.2859265-05:00" testType="13cdc9d9-ddb5-4fa4-a97d-d965ccfc6d4b" outcome="Passed" testListId="8c84fa94-04c1-424b-9868-57a2d4851a1d" relativeResultsDirectory="30d4742a-1fc9-4f03-9ffd-13bd39fe3c2a">
    </UnitTestResult>
    <UnitTestResult executionId="0babce1b-e423-42f0-832b-40efaba5115c" testId="48bc984d-60b1-5ee3-4b43-c5b6d211c605" testName="TestSum1" computerName="TW1FTENVY" duration="00:00:11.2262106" startTime="2014-04-28T10:31:30.2899302-05:00" endTime="2014-04-28T10:31:41.5161408-05:00" testType="13cdc9d9-ddb5-4fa4-a97d-d965ccfc6d4b" outcome="Aborted" testListId="8c84fa94-04c1-424b-9868-57a2d4851a1d" relativeResultsDirectory="0babce1b-e423-42f0-832b-40efaba5115c">
    </UnitTestResult>
    <UnitTestResult executionId="73767d79-8359-451a-99d0-0c47f916fc81" testId="30f09404-202f-bb57-b42e-01014a3c37b8" testName="TestSum2" computerName="TW1FTENVY" testType="13cdc9d9-ddb5-4fa4-a97d-d965ccfc6d4b" outcome="NotExecuted" testListId="8c84fa94-04c1-424b-9868-57a2d4851a1d" relativeResultsDirectory="73767d79-8359-451a-99d0-0c47f916fc81">
    </UnitTestResult>
    <UnitTestResult executionId="7fa90e44-244d-48a9-8258-a6727a41824e" testId="21de355f-3cde-a82e-6834-b7b2ac5c48b4" testName="TestSum3" computerName="TW1FTENVY" testType="13cdc9d9-ddb5-4fa4-a97d-d965ccfc6d4b" outcome="NotExecuted" testListId="8c84fa94-04c1-424b-9868-57a2d4851a1d" relativeResultsDirectory="7fa90e44-244d-48a9-8258-a6727a41824e">
    </UnitTestResult>
    <UnitTestResult executionId="6411adfb-955f-429e-8bf9-82dd27cd71e1" testId="a53d656d-e53c-fdfe-17c9-53dd52253f82" testName="TestSum4" computerName="TW1FTENVY" testType="13cdc9d9-ddb5-4fa4-a97d-d965ccfc6d4b" outcome="NotExecuted" testListId="8c84fa94-04c1-424b-9868-57a2d4851a1d" relativeResultsDirectory="6411adfb-955f-429e-8bf9-82dd27cd71e1">
    </UnitTestResult>
    <UnitTestResult executionId="8a642e43-2a31-40a2-a220-1bd24838183a" testId="f3643685-0921-c0f8-f8bd-a760364d558c" testName="TestSum5" computerName="TW1FTENVY" testType="13cdc9d9-ddb5-4fa4-a97d-d965ccfc6d4b" outcome="NotExecuted" testListId="8c84fa94-04c1-424b-9868-57a2d4851a1d" relativeResultsDirectory="8a642e43-2a31-40a2-a220-1bd24838183a">
    </UnitTestResult>
    <UnitTestResult executionId="872e47b0-c175-46b4-8b5f-62f8ce6efddd" testId="9d3ef40d-f455-4981-71a8-7eb112706c75" testName="TestSum6" computerName="TW1FTENVY" testType="13cdc9d9-ddb5-4fa4-a97d-d965ccfc6d4b" outcome="NotExecuted" testListId="8c84fa94-04c1-424b-9868-57a2d4851a1d" relativeResultsDirectory="872e47b0-c175-46b4-8b5f-62f8ce6efddd">
    </UnitTestResult>
    <UnitTestResult executionId="a1db40f6-7cb3-42e1-8b30-17f9f63b4fda" testId="232c75a8-2c33-71e1-2cf7-f791edd5ffaf" testName="TestSum7" computerName="TW1FTENVY" testType="13cdc9d9-ddb5-4fa4-a97d-d965ccfc6d4b" outcome="NotExecuted" testListId="8c84fa94-04c1-424b-9868-57a2d4851a1d" relativeResultsDirectory="a1db40f6-7cb3-42e1-8b30-17f9f63b4fda">
    </UnitTestResult>
  </Results>
</TestRun>