<?xml version="1.0" encoding="UTF-8"?>
<TestRun id="f0fc863d-d2e0-4576-8f22-5970a879fa16" name="Karan@TW1FTENVY 2014-04-28 12:14:19" runUser="TW1FTENVY\Karan" xmlns="http://microsoft.com/schemas/VisualStudio/TeamTest/2010">
  <TestSettings name="Local" id="cbb3cf31-cc5b-426d-a718-c9b63d5ad07b">
    <Description>These are default test settings for a local test run.</Description>
    <Deployment enabled="false" runDeploymentRoot="Karan_TW1FTENVY 2014-04-28 12_14_19">
      <DeploymentItem filename="C:\Users\Karan\Downloads\oKnow\trunk\OKnow\OKnow\OKnow\bin\x86\Debug\OKnow.exe" />
    </Deployment>
    <Execution>
      <TestTypeSpecific />
      <AgentRule name="Execution Agents">
      </AgentRule>
    </Execution>
  </TestSettings>
  <Times creation="2014-04-28T12:14:19.8534813-05:00" queuing="2014-04-28T12:14:20.6147195-05:00" start="2014-04-28T12:14:20.6557486-05:00" finish="2014-04-28T12:14:31.1729460-05:00" />
  <ResultSummary outcome="Error">
    <Counters total="95" executed="28" passed="27" error="0" failed="0" timeout="0" aborted="1" inconclusive="0" passedButRunAborted="0" notRunnable="0" notExecuted="67" disconnected="0" warning="0" completed="0" inProgress="0" pending="0" />
    <RunInfos>
      <RunInfo computerName="TW1FTENVY" outcome="Error" timestamp="2014-04-28T12:14:31.1689445-05:00">
        <Text>Test host process exited unexpectedly.</Text>
      </RunInfo>
    </RunInfos>
  </ResultSummary>
  <TestDefinitions>
    <UnitTest name="QuestionNotifyTimedOutTest" storage="c:\users\karan\downloads\oknow\trunk\oknow\oknowtest\bin\debug\oknowtest.dll" id="8eeca9a8-568d-a203-d287-a4d2eed3e1dd">
      <Execution id="c0b4d1f2-bd40-4129-8bd3-f7f90105f52d" />
      <TestMethod codeBase="C:/Users/Karan/Downloads/oKnow/trunk/OKnow/OKnowTest/bin/Debug/OKnowTest.DLL" adapterTypeName="Microsoft.VisualStudio.TestTools.TestTypes.Unit.UnitTestAdapter, Microsoft.VisualStudio.QualityTools.Tips.UnitTest.Adapter, Version=10.0.0.0, Culture=neutral, PublicKeyToken=b03f5f7f11d50a3a" className="OKnowTest.AnswerAQuestionTest, OKnowTest, Version=1.0.0.0, Culture=neutral, PublicKeyToken=null" name="QuestionNotifyTimedOutTest" />
    </UnitTest>
    <UnitTest name="TestSum1" storage="c:\users\karan\downloads\oknow\trunk\oknow\oknowtest\bin\debug\oknowtest.dll" id="48bc984d-60b1-5ee3-4b43-c5b6d211c605">
      <Execution id="7cf63cb7-1236-47eb-8298-849b26e16543" />
      <TestMethod codeBase="C:/Users/Karan/Downloads/oKnow/trunk/OKnow/OKnowTest/bin/Debug/OKnowTest.DLL" adapterTypeName="Microsoft.VisualStudio.TestTools.TestTypes.Unit.UnitTestAdapter, Microsoft.VisualStudio.QualityTools.Tips.UnitTest.Adapter, Version=10.0.0.0, Culture=neutral, PublicKeyToken=b03f5f7f11d50a3a" className="OKnowTest.BoardGeneratorTest, OKnowTest, Version=1.0.0.0, Culture=neutral, PublicKeyToken=null" name="TestSum1" />
    </UnitTest>
    <UnitTest name="QuestionNotifyTimedClickTest" storage="c:\users\karan\downloads\oknow\trunk\oknow\oknowtest\bin\debug\oknowtest.dll" id="5cd02d0c-c30c-d1d5-c21e-60ac4b27c097">
      <Execution id="422dcd4c-2448-442d-ae88-d0778f3cd3ed" />
      <TestMethod codeBase="C:/Users/Karan/Downloads/oKnow/trunk/OKnow/OKnowTest/bin/Debug/OKnowTest.DLL" adapterTypeName="Microsoft.VisualStudio.TestTools.TestTypes.Unit.UnitTestAdapter, Microsoft.VisualStudio.QualityTools.Tips.UnitTest.Adapter, Version=10.0.0.0, Culture=neutral, PublicKeyToken=b03f5f7f11d50a3a" className="OKnowTest.AnswerAQuestionTest, OKnowTest, Version=1.0.0.0, Culture=neutral, PublicKeyToken=null" name="QuestionNotifyTimedClickTest" />
    </UnitTest>
    <UnitTest name="testAnswerChoices" storage="c:\users\karan\downloads\oknow\trunk\oknow\oknowtest\bin\debug\oknowtest.dll" id="c633b636-e73d-6a16-4a3c-3a2d73d1a317">
      <Execution id="15e6e9ae-698d-4523-b0cc-eafffe9223b8" />
      <TestMethod codeBase="C:/Users/Karan/Downloads/oKnow/trunk/OKnow/OKnowTest/bin/Debug/OKnowTest.DLL" adapterTypeName="Microsoft.VisualStudio.TestTools.TestTypes.Unit.UnitTestAdapter, Microsoft.VisualStudio.QualityTools.Tips.UnitTest.Adapter, Version=10.0.0.0, Culture=neutral, PublicKeyToken=b03f5f7f11d50a3a" className="OKnowTest.AnswerTest, OKnowTest, Version=1.0.0.0, Culture=neutral, PublicKeyToken=null" name="testAnswerChoices" />
    </UnitTest>
    <UnitTest name="RandomSwapTestMultiplayerTest" storage="c:\users\karan\downloads\oknow\trunk\oknow\oknowtest\bin\debug\oknowtest.dll" id="9abef8b5-33da-680e-a9bc-a83df0477c5d">
      <Execution id="da070337-a63b-4412-9ff6-a37b80528d58" />
      <TestMethod codeBase="C:/Users/Karan/Downloads/oKnow/trunk/OKnow/OKnowTest/bin/Debug/OKnowTest.DLL" adapterTypeName="Microsoft.VisualStudio.TestTools.TestTypes.Unit.UnitTestAdapter, Microsoft.VisualStudio.QualityTools.Tips.UnitTest.Adapter, Version=10.0.0.0, Culture=neutral, PublicKeyToken=b03f5f7f11d50a3a" className="OKnowTest.RandomSwapTest, OKnowTest, Version=1.0.0.0, Culture=neutral, PublicKeyToken=null" name="RandomSwapTestMultiplayerTest" />
    </UnitTest>
    <UnitTest name="TestGetBoardType1" storage="c:\users\karan\downloads\oknow\trunk\oknow\oknowtest\bin\debug\oknowtest.dll" id="a1aa5338-462d-e2e2-e2ea-4adcd906fb81">
      <Execution id="128fa758-9933-4ff9-9f0d-2ad818f65325" />
      <TestMethod codeBase="C:/Users/Karan/Downloads/oKnow/trunk/OKnow/OKnowTest/bin/Debug/OKnowTest.DLL" adapterTypeName="Microsoft.VisualStudio.TestTools.TestTypes.Unit.UnitTestAdapter, Microsoft.VisualStudio.QualityTools.Tips.UnitTest.Adapter, Version=10.0.0.0, Culture=neutral, PublicKeyToken=b03f5f7f11d50a3a" className="OKnowTest.OptionScreenTest, OKnowTest, Version=1.0.0.0, Culture=neutral, PublicKeyToken=null" name="TestGetBoardType1" />
    </UnitTest>
    <UnitTest name="TestGetCurrentCategory4" storage="c:\users\karan\downloads\oknow\trunk\oknow\oknowtest\bin\debug\oknowtest.dll" id="0981af74-4ce1-6ad4-aeb6-cf0728ecf654">
      <Execution id="346bb6f7-449d-4f74-a0d4-06927389c003" />
      <TestMethod codeBase="C:/Users/Karan/Downloads/oKnow/trunk/OKnow/OKnowTest/bin/Debug/OKnowTest.DLL" adapterTypeName="Microsoft.VisualStudio.TestTools.TestTypes.Unit.UnitTestAdapter, Microsoft.VisualStudio.QualityTools.Tips.UnitTest.Adapter, Version=10.0.0.0, Culture=neutral, PublicKeyToken=b03f5f7f11d50a3a" className="OKnowTest.StartScreenTest, OKnowTest, Version=1.0.0.0, Culture=neutral, PublicKeyToken=null" name="TestGetCurrentCategory4" />
    </UnitTest>
    <UnitTest name="TestGetCurrentNumPlayers3" storage="c:\users\karan\downloads\oknow\trunk\oknow\oknowtest\bin\debug\oknowtest.dll" id="b0f5a7d2-2c31-4fb3-e775-c49bc4094186">
      <Execution id="59d478ee-1480-4cc5-8e05-124ee3deb906" />
      <TestMethod codeBase="C:/Users/Karan/Downloads/oKnow/trunk/OKnow/OKnowTest/bin/Debug/OKnowTest.DLL" adapterTypeName="Microsoft.VisualStudio.TestTools.TestTypes.Unit.UnitTestAdapter, Microsoft.VisualStudio.QualityTools.Tips.UnitTest.Adapter, Version=10.0.0.0, Culture=neutral, PublicKeyToken=b03f5f7f11d50a3a" className="OKnowTest.StartScreenTest, OKnowTest, Version=1.0.0.0, Culture=neutral, PublicKeyToken=null" name="TestGetCurrentNumPlayers3" />
    </UnitTest>
    <UnitTest name="TestGetCurrentCategory1" storage="c:\users\karan\downloads\oknow\trunk\oknow\oknowtest\bin\debug\oknowtest.dll" id="3afc1bea-bfbf-3c8e-8104-72a764af8b32">
      <Execution id="d638ab05-e3ee-41af-86e0-dc4561495cc2" />
      <TestMethod codeBase="C:/Users/Karan/Downloads/oKnow/trunk/OKnow/OKnowTest/bin/Debug/OKnowTest.DLL" adapterTypeName="Microsoft.VisualStudio.TestTools.TestTypes.Unit.UnitTestAdapter, Microsoft.VisualStudio.QualityTools.Tips.UnitTest.Adapter, Version=10.0.0.0, Culture=neutral, PublicKeyToken=b03f5f7f11d50a3a" className="OKnowTest.StartScreenTest, OKnowTest, Version=1.0.0.0, Culture=neutral, PublicKeyToken=null" name="TestGetCurrentCategory1" />
    </UnitTest>
    <UnitTest name="PlayersTest1" storage="c:\users\karan\downloads\oknow\trunk\oknow\oknowtest\bin\debug\oknowtest.dll" id="b0b5b9af-8fcb-9aa2-b576-ea724fced88f">
      <Execution id="5c32286f-bcd7-4183-baa8-a7f2c583c1bc" />
      <TestMethod codeBase="C:/Users/Karan/Downloads/oKnow/trunk/OKnow/OKnowTest/bin/Debug/OKnowTest.DLL" adapterTypeName="Microsoft.VisualStudio.TestTools.TestTypes.Unit.UnitTestAdapter, Microsoft.VisualStudio.QualityTools.Tips.UnitTest.Adapter, Version=10.0.0.0, Culture=neutral, PublicKeyToken=b03f5f7f11d50a3a" className="OKnowTest.GameBoardTest, OKnowTest, Version=1.0.0.0, Culture=neutral, PublicKeyToken=null" name="PlayersTest1" />
    </UnitTest>
    <UnitTest name="MixedScoresTest" storage="c:\users\karan\downloads\oknow\trunk\oknow\oknowtest\bin\debug\oknowtest.dll" id="2f70dbba-5fa6-6c2a-feef-1fb1c7241241">
      <Execution id="933ef45a-2378-4d59-9e79-7ddfdd45efaf" />
      <TestMethod codeBase="C:/Users/Karan/Downloads/oKnow/trunk/OKnow/OKnowTest/bin/Debug/OKnowTest.DLL" adapterTypeName="Microsoft.VisualStudio.TestTools.TestTypes.Unit.UnitTestAdapter, Microsoft.VisualStudio.QualityTools.Tips.UnitTest.Adapter, Version=10.0.0.0, Culture=neutral, PublicKeyToken=b03f5f7f11d50a3a" className="OKnowTest.ScoreBoardTest, OKnowTest, Version=1.0.0.0, Culture=neutral, PublicKeyToken=null" name="MixedScoresTest" />
    </UnitTest>
    <UnitTest name="TestLeftArrowParameter" storage="c:\users\karan\downloads\oknow\trunk\oknow\oknowtest\bin\debug\oknowtest.dll" id="11377ad6-2ba2-43a8-dd79-0dcabe15a502">
      <Execution id="8d48a544-00ec-4728-a3fd-9b968497df70" />
      <TestMethod codeBase="C:/Users/Karan/Downloads/oKnow/trunk/OKnow/OKnowTest/bin/Debug/OKnowTest.DLL" adapterTypeName="Microsoft.VisualStudio.TestTools.TestTypes.Unit.UnitTestAdapter, Microsoft.VisualStudio.QualityTools.Tips.UnitTest.Adapter, Version=10.0.0.0, Culture=neutral, PublicKeyToken=b03f5f7f11d50a3a" className="OKnowTest.StartScreenTest, OKnowTest, Version=1.0.0.0, Culture=neutral, PublicKeyToken=null" name="TestLeftArrowParameter" />
    </UnitTest>
    <UnitTest name="testInitialize" storage="c:\users\karan\downloads\oknow\trunk\oknow\oknowtest\bin\debug\oknowtest.dll" id="35fdcf18-0be3-5a33-49ea-9deec449ce72">
      <Execution id="930a2332-091a-43d0-b36b-9daea616b6d0" />
      <TestMethod codeBase="C:/Users/Karan/Downloads/oKnow/trunk/OKnow/OKnowTest/bin/Debug/OKnowTest.DLL" adapterTypeName="Microsoft.VisualStudio.TestTools.TestTypes.Unit.UnitTestAdapter, Microsoft.VisualStudio.QualityTools.Tips.UnitTest.Adapter, Version=10.0.0.0, Culture=neutral, PublicKeyToken=b03f5f7f11d50a3a" className="OKnowTest.AnswerTest, OKnowTest, Version=1.0.0.0, Culture=neutral, PublicKeyToken=null" name="testInitialize" />
    </UnitTest>
    <UnitTest name="TestSum6" storage="c:\users\karan\downloads\oknow\trunk\oknow\oknowtest\bin\debug\oknowtest.dll" id="9d3ef40d-f455-4981-71a8-7eb112706c75">
      <Execution id="94bb0b21-0b1f-42b0-b4ac-becf9e606f10" />
      <TestMethod codeBase="C:/Users/Karan/Downloads/oKnow/trunk/OKnow/OKnowTest/bin/Debug/OKnowTest.DLL" adapterTypeName="Microsoft.VisualStudio.TestTools.TestTypes.Unit.UnitTestAdapter, Microsoft.VisualStudio.QualityTools.Tips.UnitTest.Adapter, Version=10.0.0.0, Culture=neutral, PublicKeyToken=b03f5f7f11d50a3a" className="OKnowTest.BoardGeneratorTest, OKnowTest, Version=1.0.0.0, Culture=neutral, PublicKeyToken=null" name="TestSum6" />
    </UnitTest>
    <UnitTest name="TestGetBoardSize1" storage="c:\users\karan\downloads\oknow\trunk\oknow\oknowtest\bin\debug\oknowtest.dll" id="f9111be2-692d-3115-bf32-066358fe44cb">
      <Execution id="22f4cdd9-2a5f-4614-b42c-0852dc4d273b" />
      <TestMethod codeBase="C:/Users/Karan/Downloads/oKnow/trunk/OKnow/OKnowTest/bin/Debug/OKnowTest.DLL" adapterTypeName="Microsoft.VisualStudio.TestTools.TestTypes.Unit.UnitTestAdapter, Microsoft.VisualStudio.QualityTools.Tips.UnitTest.Adapter, Version=10.0.0.0, Culture=neutral, PublicKeyToken=b03f5f7f11d50a3a" className="OKnowTest.OptionScreenTest, OKnowTest, Version=1.0.0.0, Culture=neutral, PublicKeyToken=null" name="TestGetBoardSize1" />
    </UnitTest>
    <UnitTest name="StartGameTest1" storage="c:\users\karan\downloads\oknow\trunk\oknow\oknowtest\bin\debug\oknowtest.dll" id="adf1bbe7-f955-f1aa-c051-332a545e94e4">
      <Execution id="b9aab973-3915-4be4-95cc-723602333dd4" />
      <TestMethod codeBase="C:/Users/Karan/Downloads/oKnow/trunk/OKnow/OKnowTest/bin/Debug/OKnowTest.DLL" adapterTypeName="Microsoft.VisualStudio.TestTools.TestTypes.Unit.UnitTestAdapter, Microsoft.VisualStudio.QualityTools.Tips.UnitTest.Adapter, Version=10.0.0.0, Culture=neutral, PublicKeyToken=b03f5f7f11d50a3a" className="OKnowTest.Game1Test, OKnowTest, Version=1.0.0.0, Culture=neutral, PublicKeyToken=null" name="StartGameTest1" />
    </UnitTest>
    <UnitTest name="TestGetCurrentCategory5" storage="c:\users\karan\downloads\oknow\trunk\oknow\oknowtest\bin\debug\oknowtest.dll" id="dbf1d0a3-6fa9-ebb2-2c02-e59981d64ed1">
      <Execution id="fe441d47-a32b-48c2-9376-d0bdf8c99739" />
      <TestMethod codeBase="C:/Users/Karan/Downloads/oKnow/trunk/OKnow/OKnowTest/bin/Debug/OKnowTest.DLL" adapterTypeName="Microsoft.VisualStudio.TestTools.TestTypes.Unit.UnitTestAdapter, Microsoft.VisualStudio.QualityTools.Tips.UnitTest.Adapter, Version=10.0.0.0, Culture=neutral, PublicKeyToken=b03f5f7f11d50a3a" className="OKnowTest.StartScreenTest, OKnowTest, Version=1.0.0.0, Culture=neutral, PublicKeyToken=null" name="TestGetCurrentCategory5" />
    </UnitTest>
    <UnitTest name="TestGetRandomQuestion" storage="c:\users\karan\downloads\oknow\trunk\oknow\oknowtest\bin\debug\oknowtest.dll" id="87ab6c4b-2e53-ad24-94d0-e1500744f03c">
      <Execution id="92821ce2-90bf-42a1-9f4a-de98571d3329" />
      <TestMethod codeBase="C:/Users/Karan/Downloads/oKnow/trunk/OKnow/OKnowTest/bin/Debug/OKnowTest.DLL" adapterTypeName="Microsoft.VisualStudio.TestTools.TestTypes.Unit.UnitTestAdapter, Microsoft.VisualStudio.QualityTools.Tips.UnitTest.Adapter, Version=10.0.0.0, Culture=neutral, PublicKeyToken=b03f5f7f11d50a3a" className="OKnowTest.QuestionPoolTest, OKnowTest, Version=1.0.0.0, Culture=neutral, PublicKeyToken=null" name="TestGetRandomQuestion" />
    </UnitTest>
    <UnitTest name="TestGetBoardSize4" storage="c:\users\karan\downloads\oknow\trunk\oknow\oknowtest\bin\debug\oknowtest.dll" id="55771050-855f-bf13-de6b-1bf275f5c231">
      <Execution id="e1ceedea-bb42-41ca-89b9-d90ebc4a463c" />
      <TestMethod codeBase="C:/Users/Karan/Downloads/oKnow/trunk/OKnow/OKnowTest/bin/Debug/OKnowTest.DLL" adapterTypeName="Microsoft.VisualStudio.TestTools.TestTypes.Unit.UnitTestAdapter, Microsoft.VisualStudio.QualityTools.Tips.UnitTest.Adapter, Version=10.0.0.0, Culture=neutral, PublicKeyToken=b03f5f7f11d50a3a" className="OKnowTest.OptionScreenTest, OKnowTest, Version=1.0.0.0, Culture=neutral, PublicKeyToken=null" name="TestGetBoardSize4" />
    </UnitTest>
    <UnitTest name="TestGetCurrentNumPlayers2" storage="c:\users\karan\downloads\oknow\trunk\oknow\oknowtest\bin\debug\oknowtest.dll" id="a99a0acb-4556-0740-9f3d-fecb7b1ed1f8">
      <Execution id="6bcd670f-5ed8-46fb-ace0-63fe91ac6adc" />
      <TestMethod codeBase="C:/Users/Karan/Downloads/oKnow/trunk/OKnow/OKnowTest/bin/Debug/OKnowTest.DLL" adapterTypeName="Microsoft.VisualStudio.TestTools.TestTypes.Unit.UnitTestAdapter, Microsoft.VisualStudio.QualityTools.Tips.UnitTest.Adapter, Version=10.0.0.0, Culture=neutral, PublicKeyToken=b03f5f7f11d50a3a" className="OKnowTest.StartScreenTest, OKnowTest, Version=1.0.0.0, Culture=neutral, PublicKeyToken=null" name="TestGetCurrentNumPlayers2" />
    </UnitTest>
    <UnitTest name="TestGetBoardSize2" storage="c:\users\karan\downloads\oknow\trunk\oknow\oknowtest\bin\debug\oknowtest.dll" id="a3e23a53-836c-f0a0-4539-3cd1030ad8d1">
      <Execution id="665eac55-e523-46f4-8604-967721d5cc23" />
      <TestMethod codeBase="C:/Users/Karan/Downloads/oKnow/trunk/OKnow/OKnowTest/bin/Debug/OKnowTest.DLL" adapterTypeName="Microsoft.VisualStudio.TestTools.TestTypes.Unit.UnitTestAdapter, Microsoft.VisualStudio.QualityTools.Tips.UnitTest.Adapter, Version=10.0.0.0, Culture=neutral, PublicKeyToken=b03f5f7f11d50a3a" className="OKnowTest.OptionScreenTest, OKnowTest, Version=1.0.0.0, Culture=neutral, PublicKeyToken=null" name="TestGetBoardSize2" />
    </UnitTest>
    <UnitTest name="TestGetBoardSize5" storage="c:\users\karan\downloads\oknow\trunk\oknow\oknowtest\bin\debug\oknowtest.dll" id="11827a33-623c-6e19-e7cf-cc3c3122d686">
      <Execution id="e02c50ea-b664-4ea5-b4b1-2e8b1e4ebb98" />
      <TestMethod codeBase="C:/Users/Karan/Downloads/oKnow/trunk/OKnow/OKnowTest/bin/Debug/OKnowTest.DLL" adapterTypeName="Microsoft.VisualStudio.TestTools.TestTypes.Unit.UnitTestAdapter, Microsoft.VisualStudio.QualityTools.Tips.UnitTest.Adapter, Version=10.0.0.0, Culture=neutral, PublicKeyToken=b03f5f7f11d50a3a" className="OKnowTest.OptionScreenTest, OKnowTest, Version=1.0.0.0, Culture=neutral, PublicKeyToken=null" name="TestGetBoardSize5" />
    </UnitTest>
    <UnitTest name="TestJokerTile" storage="c:\users\karan\downloads\oknow\trunk\oknow\oknowtest\bin\debug\oknowtest.dll" id="d3f09b35-b610-a3b7-aac9-aa4bbf66fea6">
      <Execution id="7c478680-5fcc-455e-b835-75f7aed2a05a" />
      <TestMethod codeBase="C:/Users/Karan/Downloads/oKnow/trunk/OKnow/OKnowTest/bin/Debug/OKnowTest.DLL" adapterTypeName="Microsoft.VisualStudio.TestTools.TestTypes.Unit.UnitTestAdapter, Microsoft.VisualStudio.QualityTools.Tips.UnitTest.Adapter, Version=10.0.0.0, Culture=neutral, PublicKeyToken=b03f5f7f11d50a3a" className="OKnowTest.TileTest, OKnowTest, Version=1.0.0.0, Culture=neutral, PublicKeyToken=null" name="TestJokerTile" />
    </UnitTest>
    <UnitTest name="TestBoardTypeParameter" storage="c:\users\karan\downloads\oknow\trunk\oknow\oknowtest\bin\debug\oknowtest.dll" id="b91eb780-0815-88ba-1d7d-693ff26e234c">
      <Execution id="8aa4c75f-7cf6-401f-8d37-d9218ba94104" />
      <TestMethod codeBase="C:/Users/Karan/Downloads/oKnow/trunk/OKnow/OKnowTest/bin/Debug/OKnowTest.DLL" adapterTypeName="Microsoft.VisualStudio.TestTools.TestTypes.Unit.UnitTestAdapter, Microsoft.VisualStudio.QualityTools.Tips.UnitTest.Adapter, Version=10.0.0.0, Culture=neutral, PublicKeyToken=b03f5f7f11d50a3a" className="OKnowTest.OptionScreenTest, OKnowTest, Version=1.0.0.0, Culture=neutral, PublicKeyToken=null" name="TestBoardTypeParameter" />
    </UnitTest>
    <UnitTest name="MultiPlayerMultiCorrectScoreTest" storage="c:\users\karan\downloads\oknow\trunk\oknow\oknowtest\bin\debug\oknowtest.dll" id="32dd6141-e873-31bc-2141-154b736f81ed">
      <Execution id="2c3f9917-955e-470f-9f0e-effcfb1493e5" />
      <TestMethod codeBase="C:/Users/Karan/Downloads/oKnow/trunk/OKnow/OKnowTest/bin/Debug/OKnowTest.DLL" adapterTypeName="Microsoft.VisualStudio.TestTools.TestTypes.Unit.UnitTestAdapter, Microsoft.VisualStudio.QualityTools.Tips.UnitTest.Adapter, Version=10.0.0.0, Culture=neutral, PublicKeyToken=b03f5f7f11d50a3a" className="OKnowTest.ScoreBoardTest, OKnowTest, Version=1.0.0.0, Culture=neutral, PublicKeyToken=null" name="MultiPlayerMultiCorrectScoreTest" />
    </UnitTest>
    <UnitTest name="TestSum3" storage="c:\users\karan\downloads\oknow\trunk\oknow\oknowtest\bin\debug\oknowtest.dll" id="21de355f-3cde-a82e-6834-b7b2ac5c48b4">
      <Execution id="623c3a8f-89ec-4178-ae04-6c6651005822" />
      <TestMethod codeBase="C:/Users/Karan/Downloads/oKnow/trunk/OKnow/OKnowTest/bin/Debug/OKnowTest.DLL" adapterTypeName="Microsoft.VisualStudio.TestTools.TestTypes.Unit.UnitTestAdapter, Microsoft.VisualStudio.QualityTools.Tips.UnitTest.Adapter, Version=10.0.0.0, Culture=neutral, PublicKeyToken=b03f5f7f11d50a3a" className="OKnowTest.BoardGeneratorTest, OKnowTest, Version=1.0.0.0, Culture=neutral, PublicKeyToken=null" name="TestSum3" />
    </UnitTest>
    <UnitTest name="TestSum2" storage="c:\users\karan\downloads\oknow\trunk\oknow\oknowtest\bin\debug\oknowtest.dll" id="30f09404-202f-bb57-b42e-01014a3c37b8">
      <Execution id="c8203e64-476c-41db-8b5f-5313dfd2ae73" />
      <TestMethod codeBase="C:/Users/Karan/Downloads/oKnow/trunk/OKnow/OKnowTest/bin/Debug/OKnowTest.DLL" adapterTypeName="Microsoft.VisualStudio.TestTools.TestTypes.Unit.UnitTestAdapter, Microsoft.VisualStudio.QualityTools.Tips.UnitTest.Adapter, Version=10.0.0.0, Culture=neutral, PublicKeyToken=b03f5f7f11d50a3a" className="OKnowTest.BoardGeneratorTest, OKnowTest, Version=1.0.0.0, Culture=neutral, PublicKeyToken=null" name="TestSum2" />
    </UnitTest>
    <UnitTest name="TestSum5" storage="c:\users\karan\downloads\oknow\trunk\oknow\oknowtest\bin\debug\oknowtest.dll" id="f3643685-0921-c0f8-f8bd-a760364d558c">
      <Execution id="66590bd0-6532-4e41-a7ab-0be291c478ab" />
      <TestMethod codeBase="C:/Users/Karan/Downloads/oKnow/trunk/OKnow/OKnowTest/bin/Debug/OKnowTest.DLL" adapterTypeName="Microsoft.VisualStudio.TestTools.TestTypes.Unit.UnitTestAdapter, Microsoft.VisualStudio.QualityTools.Tips.UnitTest.Adapter, Version=10.0.0.0, Culture=neutral, PublicKeyToken=b03f5f7f11d50a3a" className="OKnowTest.BoardGeneratorTest, OKnowTest, Version=1.0.0.0, Culture=neutral, PublicKeyToken=null" name="TestSum5" />
    </UnitTest>
    <UnitTest name="TileConstructorTest" storage="c:\users\karan\downloads\oknow\trunk\oknow\oknowtest\bin\debug\oknowtest.dll" id="93e1a339-56ec-6a9a-cc36-ee3412430608">
      <Execution id="0ea781c2-94d4-4553-8e5e-1ddae4cba399" />
      <TestMethod codeBase="C:/Users/Karan/Downloads/oKnow/trunk/OKnow/OKnowTest/bin/Debug/OKnowTest.DLL" adapterTypeName="Microsoft.VisualStudio.TestTools.TestTypes.Unit.UnitTestAdapter, Microsoft.VisualStudio.QualityTools.Tips.UnitTest.Adapter, Version=10.0.0.0, Culture=neutral, PublicKeyToken=b03f5f7f11d50a3a" className="OKnowTest.PlayerTest, OKnowTest, Version=1.0.0.0, Culture=neutral, PublicKeyToken=null" name="TileConstructorTest" />
    </UnitTest>
    <UnitTest name="MultiplePlayerTest" storage="c:\users\karan\downloads\oknow\trunk\oknow\oknowtest\bin\debug\oknowtest.dll" id="d6f0928c-7367-b459-6ff5-32ca0241f57e">
      <Execution id="a65fd6fd-e5fa-4bca-9f7a-15f700b1e0d4" />
      <TestMethod codeBase="C:/Users/Karan/Downloads/oKnow/trunk/OKnow/OKnowTest/bin/Debug/OKnowTest.DLL" adapterTypeName="Microsoft.VisualStudio.TestTools.TestTypes.Unit.UnitTestAdapter, Microsoft.VisualStudio.QualityTools.Tips.UnitTest.Adapter, Version=10.0.0.0, Culture=neutral, PublicKeyToken=b03f5f7f11d50a3a" className="OKnowTest.PlayerTest, OKnowTest, Version=1.0.0.0, Culture=neutral, PublicKeyToken=null" name="MultiplePlayerTest" />
    </UnitTest>
    <UnitTest name="TestGetCurrentNumPlayers4" storage="c:\users\karan\downloads\oknow\trunk\oknow\oknowtest\bin\debug\oknowtest.dll" id="47b57d83-2c08-99b9-f3b1-14d4cde9b1e8">
      <Execution id="a1ae086e-062d-4193-8487-5baaea57b968" />
      <TestMethod codeBase="C:/Users/Karan/Downloads/oKnow/trunk/OKnow/OKnowTest/bin/Debug/OKnowTest.DLL" adapterTypeName="Microsoft.VisualStudio.TestTools.TestTypes.Unit.UnitTestAdapter, Microsoft.VisualStudio.QualityTools.Tips.UnitTest.Adapter, Version=10.0.0.0, Culture=neutral, PublicKeyToken=b03f5f7f11d50a3a" className="OKnowTest.StartScreenTest, OKnowTest, Version=1.0.0.0, Culture=neutral, PublicKeyToken=null" name="TestGetCurrentNumPlayers4" />
    </UnitTest>
    <UnitTest name="TestUpdateEventInequality" storage="c:\users\karan\downloads\oknow\trunk\oknow\oknowtest\bin\debug\oknowtest.dll" id="7e5b7cb7-b731-5fcc-3da1-9df84dfa3118">
      <Execution id="be054335-b522-40f2-aa59-3c1ac756622b" />
      <TestMethod codeBase="C:/Users/Karan/Downloads/oKnow/trunk/OKnow/OKnowTest/bin/Debug/OKnowTest.DLL" adapterTypeName="Microsoft.VisualStudio.TestTools.TestTypes.Unit.UnitTestAdapter, Microsoft.VisualStudio.QualityTools.Tips.UnitTest.Adapter, Version=10.0.0.0, Culture=neutral, PublicKeyToken=b03f5f7f11d50a3a" className="OKnowTest.IOTests.IOSubjectTest, OKnowTest, Version=1.0.0.0, Culture=neutral, PublicKeyToken=null" name="TestUpdateEventInequality" />
    </UnitTest>
    <UnitTest name="TestUpdateEventEquality" storage="c:\users\karan\downloads\oknow\trunk\oknow\oknowtest\bin\debug\oknowtest.dll" id="f92b1b75-bfbf-8087-5727-33e690da2f7f">
      <Execution id="957c0567-d6bf-4f88-9041-2b1ce3aa06d9" />
      <TestMethod codeBase="C:/Users/Karan/Downloads/oKnow/trunk/OKnow/OKnowTest/bin/Debug/OKnowTest.DLL" adapterTypeName="Microsoft.VisualStudio.TestTools.TestTypes.Unit.UnitTestAdapter, Microsoft.VisualStudio.QualityTools.Tips.UnitTest.Adapter, Version=10.0.0.0, Culture=neutral, PublicKeyToken=b03f5f7f11d50a3a" className="OKnowTest.IOTests.IOSubjectTest, OKnowTest, Version=1.0.0.0, Culture=neutral, PublicKeyToken=null" name="TestUpdateEventEquality" />
    </UnitTest>
    <UnitTest name="TileConstructorTest" storage="c:\users\karan\downloads\oknow\trunk\oknow\oknowtest\bin\debug\oknowtest.dll" id="77e10824-1cca-c689-50b2-ed0e80430907">
      <Execution id="8271a830-c689-4ae2-b829-405ea3b464e9" />
      <TestMethod codeBase="C:/Users/Karan/Downloads/oKnow/trunk/OKnow/OKnowTest/bin/Debug/OKnowTest.DLL" adapterTypeName="Microsoft.VisualStudio.TestTools.TestTypes.Unit.UnitTestAdapter, Microsoft.VisualStudio.QualityTools.Tips.UnitTest.Adapter, Version=10.0.0.0, Culture=neutral, PublicKeyToken=b03f5f7f11d50a3a" className="OKnowTest.TileTest, OKnowTest, Version=1.0.0.0, Culture=neutral, PublicKeyToken=null" name="TileConstructorTest" />
    </UnitTest>
    <UnitTest name="TestDeathTile" storage="c:\users\karan\downloads\oknow\trunk\oknow\oknowtest\bin\debug\oknowtest.dll" id="52f2ba69-e8af-366e-fa05-7e9d58be5419">
      <Execution id="c8dca27d-8b25-45a5-879d-1ee5b0c7d916" />
      <TestMethod codeBase="C:/Users/Karan/Downloads/oKnow/trunk/OKnow/OKnowTest/bin/Debug/OKnowTest.DLL" adapterTypeName="Microsoft.VisualStudio.TestTools.TestTypes.Unit.UnitTestAdapter, Microsoft.VisualStudio.QualityTools.Tips.UnitTest.Adapter, Version=10.0.0.0, Culture=neutral, PublicKeyToken=b03f5f7f11d50a3a" className="OKnowTest.TileTest, OKnowTest, Version=1.0.0.0, Culture=neutral, PublicKeyToken=null" name="TestDeathTile" />
    </UnitTest>
    <UnitTest name="TestGetTileWeights3" storage="c:\users\karan\downloads\oknow\trunk\oknow\oknowtest\bin\debug\oknowtest.dll" id="8729184e-d1e2-354e-e397-7fc211b803fc">
      <Execution id="de1a5709-13d9-47e0-94cd-0aaed3e9f88d" />
      <TestMethod codeBase="C:/Users/Karan/Downloads/oKnow/trunk/OKnow/OKnowTest/bin/Debug/OKnowTest.DLL" adapterTypeName="Microsoft.VisualStudio.TestTools.TestTypes.Unit.UnitTestAdapter, Microsoft.VisualStudio.QualityTools.Tips.UnitTest.Adapter, Version=10.0.0.0, Culture=neutral, PublicKeyToken=b03f5f7f11d50a3a" className="OKnowTest.OptionScreenTest, OKnowTest, Version=1.0.0.0, Culture=neutral, PublicKeyToken=null" name="TestGetTileWeights3" />
    </UnitTest>
    <UnitTest name="MultiPlayerMultiIncorrectScoreTest" storage="c:\users\karan\downloads\oknow\trunk\oknow\oknowtest\bin\debug\oknowtest.dll" id="371a4fb2-1529-7925-ea1a-b6ea6249a33b">
      <Execution id="1c7a1fb0-7511-444d-97a8-bc21f3bba43b" />
      <TestMethod codeBase="C:/Users/Karan/Downloads/oKnow/trunk/OKnow/OKnowTest/bin/Debug/OKnowTest.DLL" adapterTypeName="Microsoft.VisualStudio.TestTools.TestTypes.Unit.UnitTestAdapter, Microsoft.VisualStudio.QualityTools.Tips.UnitTest.Adapter, Version=10.0.0.0, Culture=neutral, PublicKeyToken=b03f5f7f11d50a3a" className="OKnowTest.ScoreBoardTest, OKnowTest, Version=1.0.0.0, Culture=neutral, PublicKeyToken=null" name="MultiPlayerMultiIncorrectScoreTest" />
    </UnitTest>
    <UnitTest name="TestRightArrowParameter" storage="c:\users\karan\downloads\oknow\trunk\oknow\oknowtest\bin\debug\oknowtest.dll" id="11996059-0c5c-2a07-3fc2-f275c1d824a3">
      <Execution id="34c7e040-8371-4b37-9d8b-68812cef9dc5" />
      <TestMethod codeBase="C:/Users/Karan/Downloads/oKnow/trunk/OKnow/OKnowTest/bin/Debug/OKnowTest.DLL" adapterTypeName="Microsoft.VisualStudio.TestTools.TestTypes.Unit.UnitTestAdapter, Microsoft.VisualStudio.QualityTools.Tips.UnitTest.Adapter, Version=10.0.0.0, Culture=neutral, PublicKeyToken=b03f5f7f11d50a3a" className="OKnowTest.StartScreenTest, OKnowTest, Version=1.0.0.0, Culture=neutral, PublicKeyToken=null" name="TestRightArrowParameter" />
    </UnitTest>
    <UnitTest name="MultiPlayerCorrectScoreTest" storage="c:\users\karan\downloads\oknow\trunk\oknow\oknowtest\bin\debug\oknowtest.dll" id="3ebf47cf-4127-1f1d-d58e-0bdf47316ea3">
      <Execution id="e550ed0e-f4c4-4e63-a22e-0616f0f0bc85" />
      <TestMethod codeBase="C:/Users/Karan/Downloads/oKnow/trunk/OKnow/OKnowTest/bin/Debug/OKnowTest.DLL" adapterTypeName="Microsoft.VisualStudio.TestTools.TestTypes.Unit.UnitTestAdapter, Microsoft.VisualStudio.QualityTools.Tips.UnitTest.Adapter, Version=10.0.0.0, Culture=neutral, PublicKeyToken=b03f5f7f11d50a3a" className="OKnowTest.ScoreBoardTest, OKnowTest, Version=1.0.0.0, Culture=neutral, PublicKeyToken=null" name="MultiPlayerCorrectScoreTest" />
    </UnitTest>
    <UnitTest name="TestGetLeftArrow" storage="c:\users\karan\downloads\oknow\trunk\oknow\oknowtest\bin\debug\oknowtest.dll" id="fc6917c6-2e73-f40a-5bb6-252957ae3d5b">
      <Execution id="a2a6e5c3-b5b1-4230-87b8-b70557d2bde3" />
      <TestMethod codeBase="C:/Users/Karan/Downloads/oKnow/trunk/OKnow/OKnowTest/bin/Debug/OKnowTest.DLL" adapterTypeName="Microsoft.VisualStudio.TestTools.TestTypes.Unit.UnitTestAdapter, Microsoft.VisualStudio.QualityTools.Tips.UnitTest.Adapter, Version=10.0.0.0, Culture=neutral, PublicKeyToken=b03f5f7f11d50a3a" className="OKnowTest.StartScreenTest, OKnowTest, Version=1.0.0.0, Culture=neutral, PublicKeyToken=null" name="TestGetLeftArrow" />
    </UnitTest>
    <UnitTest name="BackwardsScoresTest" storage="c:\users\karan\downloads\oknow\trunk\oknow\oknowtest\bin\debug\oknowtest.dll" id="d1cdae68-9615-5a15-fb7e-17feabe3919f">
      <Execution id="c7d1e727-7c0a-4a9f-8b8e-d29fdcc993a5" />
      <TestMethod codeBase="C:/Users/Karan/Downloads/oKnow/trunk/OKnow/OKnowTest/bin/Debug/OKnowTest.DLL" adapterTypeName="Microsoft.VisualStudio.TestTools.TestTypes.Unit.UnitTestAdapter, Microsoft.VisualStudio.QualityTools.Tips.UnitTest.Adapter, Version=10.0.0.0, Culture=neutral, PublicKeyToken=b03f5f7f11d50a3a" className="OKnowTest.ScoreBoardTest, OKnowTest, Version=1.0.0.0, Culture=neutral, PublicKeyToken=null" name="BackwardsScoresTest" />
    </UnitTest>
    <UnitTest name="TestGetTileWeights2" storage="c:\users\karan\downloads\oknow\trunk\oknow\oknowtest\bin\debug\oknowtest.dll" id="7f53bfc8-5e68-d8fc-378e-e7ac11b91a85">
      <Execution id="94713b5a-8f09-49f3-808c-9ebed103c84e" />
      <TestMethod codeBase="C:/Users/Karan/Downloads/oKnow/trunk/OKnow/OKnowTest/bin/Debug/OKnowTest.DLL" adapterTypeName="Microsoft.VisualStudio.TestTools.TestTypes.Unit.UnitTestAdapter, Microsoft.VisualStudio.QualityTools.Tips.UnitTest.Adapter, Version=10.0.0.0, Culture=neutral, PublicKeyToken=b03f5f7f11d50a3a" className="OKnowTest.OptionScreenTest, OKnowTest, Version=1.0.0.0, Culture=neutral, PublicKeyToken=null" name="TestGetTileWeights2" />
    </UnitTest>
    <UnitTest name="TestGetBoardSize3" storage="c:\users\karan\downloads\oknow\trunk\oknow\oknowtest\bin\debug\oknowtest.dll" id="b74f4fc9-56a5-f718-302b-ba5969de4238">
      <Execution id="8f4c668c-532f-453f-9b66-61c4b3e0e0e6" />
      <TestMethod codeBase="C:/Users/Karan/Downloads/oKnow/trunk/OKnow/OKnowTest/bin/Debug/OKnowTest.DLL" adapterTypeName="Microsoft.VisualStudio.TestTools.TestTypes.Unit.UnitTestAdapter, Microsoft.VisualStudio.QualityTools.Tips.UnitTest.Adapter, Version=10.0.0.0, Culture=neutral, PublicKeyToken=b03f5f7f11d50a3a" className="OKnowTest.OptionScreenTest, OKnowTest, Version=1.0.0.0, Culture=neutral, PublicKeyToken=null" name="TestGetBoardSize3" />
    </UnitTest>
    <UnitTest name="QuestionNotifyIncorrectClickTest" storage="c:\users\karan\downloads\oknow\trunk\oknow\oknowtest\bin\debug\oknowtest.dll" id="bd72cabd-0ddc-9517-5a13-70031cc0d420">
      <Execution id="76bafeb5-7c46-46c7-ad47-45de10e358bf" />
      <TestMethod codeBase="C:/Users/Karan/Downloads/oKnow/trunk/OKnow/OKnowTest/bin/Debug/OKnowTest.DLL" adapterTypeName="Microsoft.VisualStudio.TestTools.TestTypes.Unit.UnitTestAdapter, Microsoft.VisualStudio.QualityTools.Tips.UnitTest.Adapter, Version=10.0.0.0, Culture=neutral, PublicKeyToken=b03f5f7f11d50a3a" className="OKnowTest.AnswerAQuestionTest, OKnowTest, Version=1.0.0.0, Culture=neutral, PublicKeyToken=null" name="QuestionNotifyIncorrectClickTest" />
    </UnitTest>
    <UnitTest name="TestGetCurrentCategory6" storage="c:\users\karan\downloads\oknow\trunk\oknow\oknowtest\bin\debug\oknowtest.dll" id="d22d02ed-bb5c-57c7-bac8-2a4213191ea2">
      <Execution id="2963c8ea-0c21-45ac-a797-a6fd09b236b5" />
      <TestMethod codeBase="C:/Users/Karan/Downloads/oKnow/trunk/OKnow/OKnowTest/bin/Debug/OKnowTest.DLL" adapterTypeName="Microsoft.VisualStudio.TestTools.TestTypes.Unit.UnitTestAdapter, Microsoft.VisualStudio.QualityTools.Tips.UnitTest.Adapter, Version=10.0.0.0, Culture=neutral, PublicKeyToken=b03f5f7f11d50a3a" className="OKnowTest.StartScreenTest, OKnowTest, Version=1.0.0.0, Culture=neutral, PublicKeyToken=null" name="TestGetCurrentCategory6" />
    </UnitTest>
    <UnitTest name="TestCategory" storage="c:\users\karan\downloads\oknow\trunk\oknow\oknowtest\bin\debug\oknowtest.dll" id="a9a9f0f1-8a6b-9673-3b72-bfc82b22d458">
      <Execution id="dfec2a02-05d8-40c2-9eba-9fc065a0e6a4" />
      <TestMethod codeBase="C:/Users/Karan/Downloads/oKnow/trunk/OKnow/OKnowTest/bin/Debug/OKnowTest.DLL" adapterTypeName="Microsoft.VisualStudio.TestTools.TestTypes.Unit.UnitTestAdapter, Microsoft.VisualStudio.QualityTools.Tips.UnitTest.Adapter, Version=10.0.0.0, Culture=neutral, PublicKeyToken=b03f5f7f11d50a3a" className="OKnowTest.AnswerTest, OKnowTest, Version=1.0.0.0, Culture=neutral, PublicKeyToken=null" name="TestCategory" />
    </UnitTest>
    <UnitTest name="QuestionNotifyIncorrectKeyTest" storage="c:\users\karan\downloads\oknow\trunk\oknow\oknowtest\bin\debug\oknowtest.dll" id="60eb9c3d-cd29-58bd-5b44-c89d0731a54a">
      <Execution id="b565b088-ce96-493c-b203-ac721fc12097" />
      <TestMethod codeBase="C:/Users/Karan/Downloads/oKnow/trunk/OKnow/OKnowTest/bin/Debug/OKnowTest.DLL" adapterTypeName="Microsoft.VisualStudio.TestTools.TestTypes.Unit.UnitTestAdapter, Microsoft.VisualStudio.QualityTools.Tips.UnitTest.Adapter, Version=10.0.0.0, Culture=neutral, PublicKeyToken=b03f5f7f11d50a3a" className="OKnowTest.AnswerAQuestionTest, OKnowTest, Version=1.0.0.0, Culture=neutral, PublicKeyToken=null" name="QuestionNotifyIncorrectKeyTest" />
    </UnitTest>
    <UnitTest name="ChangeCategoryStateTest" storage="c:\users\karan\downloads\oknow\trunk\oknow\oknowtest\bin\debug\oknowtest.dll" id="17c0ccb2-7906-7e39-90cb-848a59e82687">
      <Execution id="35a4a241-b9fc-4492-8503-9bd2da260d37" />
      <TestMethod codeBase="C:/Users/Karan/Downloads/oKnow/trunk/OKnow/OKnowTest/bin/Debug/OKnowTest.DLL" adapterTypeName="Microsoft.VisualStudio.TestTools.TestTypes.Unit.UnitTestAdapter, Microsoft.VisualStudio.QualityTools.Tips.UnitTest.Adapter, Version=10.0.0.0, Culture=neutral, PublicKeyToken=b03f5f7f11d50a3a" className="OKnowTest.ChangeCategoryTest, OKnowTest, Version=1.0.0.0, Culture=neutral, PublicKeyToken=null" name="ChangeCategoryStateTest" />
    </UnitTest>
    <UnitTest name="StartGameTest2" storage="c:\users\karan\downloads\oknow\trunk\oknow\oknowtest\bin\debug\oknowtest.dll" id="8e77a49e-1ebb-33d0-321e-b1c7c45a8fa3">
      <Execution id="a198ed1a-9c9a-4dd1-b856-a9c434998ffe" />
      <TestMethod codeBase="C:/Users/Karan/Downloads/oKnow/trunk/OKnow/OKnowTest/bin/Debug/OKnowTest.DLL" adapterTypeName="Microsoft.VisualStudio.TestTools.TestTypes.Unit.UnitTestAdapter, Microsoft.VisualStudio.QualityTools.Tips.UnitTest.Adapter, Version=10.0.0.0, Culture=neutral, PublicKeyToken=b03f5f7f11d50a3a" className="OKnowTest.Game1Test, OKnowTest, Version=1.0.0.0, Culture=neutral, PublicKeyToken=null" name="StartGameTest2" />
    </UnitTest>
    <UnitTest name="TestGetRightArrow" storage="c:\users\karan\downloads\oknow\trunk\oknow\oknowtest\bin\debug\oknowtest.dll" id="dee46b0c-2f9d-52fc-c7b4-b5b58ca85be6">
      <Execution id="4421a72c-25be-4bac-aa0f-0bdd895f4f4e" />
      <TestMethod codeBase="C:/Users/Karan/Downloads/oKnow/trunk/OKnow/OKnowTest/bin/Debug/OKnowTest.DLL" adapterTypeName="Microsoft.VisualStudio.TestTools.TestTypes.Unit.UnitTestAdapter, Microsoft.VisualStudio.QualityTools.Tips.UnitTest.Adapter, Version=10.0.0.0, Culture=neutral, PublicKeyToken=b03f5f7f11d50a3a" className="OKnowTest.StartScreenTest, OKnowTest, Version=1.0.0.0, Culture=neutral, PublicKeyToken=null" name="TestGetRightArrow" />
    </UnitTest>
    <UnitTest name="TestGetTileWeights1" storage="c:\users\karan\downloads\oknow\trunk\oknow\oknowtest\bin\debug\oknowtest.dll" id="015f6da2-a554-d89e-ee82-ed24b884133e">
      <Execution id="571c7403-3213-45e8-b684-ab19d88ab927" />
      <TestMethod codeBase="C:/Users/Karan/Downloads/oKnow/trunk/OKnow/OKnowTest/bin/Debug/OKnowTest.DLL" adapterTypeName="Microsoft.VisualStudio.TestTools.TestTypes.Unit.UnitTestAdapter, Microsoft.VisualStudio.QualityTools.Tips.UnitTest.Adapter, Version=10.0.0.0, Culture=neutral, PublicKeyToken=b03f5f7f11d50a3a" className="OKnowTest.OptionScreenTest, OKnowTest, Version=1.0.0.0, Culture=neutral, PublicKeyToken=null" name="TestGetTileWeights1" />
    </UnitTest>
    <UnitTest name="IsAdjacentTest" storage="c:\users\karan\downloads\oknow\trunk\oknow\oknowtest\bin\debug\oknowtest.dll" id="72f264a5-7de2-336c-60e6-b904b0cc1eea">
      <Execution id="48371d51-bd38-4f45-bde9-0317cf5c8023" />
      <TestMethod codeBase="C:/Users/Karan/Downloads/oKnow/trunk/OKnow/OKnowTest/bin/Debug/OKnowTest.DLL" adapterTypeName="Microsoft.VisualStudio.TestTools.TestTypes.Unit.UnitTestAdapter, Microsoft.VisualStudio.QualityTools.Tips.UnitTest.Adapter, Version=10.0.0.0, Culture=neutral, PublicKeyToken=b03f5f7f11d50a3a" className="OKnowTest.TileTest, OKnowTest, Version=1.0.0.0, Culture=neutral, PublicKeyToken=null" name="IsAdjacentTest" />
    </UnitTest>
    <UnitTest name="TestUpdate" storage="c:\users\karan\downloads\oknow\trunk\oknow\oknowtest\bin\debug\oknowtest.dll" id="d0ddb7c1-ff4a-b3fe-6f4c-174f7a2fe81e">
      <Execution id="acd1ac79-0843-4100-8a0c-e89200861f39" />
      <TestMethod codeBase="C:/Users/Karan/Downloads/oKnow/trunk/OKnow/OKnowTest/bin/Debug/OKnowTest.DLL" adapterTypeName="Microsoft.VisualStudio.TestTools.TestTypes.Unit.UnitTestAdapter, Microsoft.VisualStudio.QualityTools.Tips.UnitTest.Adapter, Version=10.0.0.0, Culture=neutral, PublicKeyToken=b03f5f7f11d50a3a" className="OKnowTest.IOTests.IOSubjectTest, OKnowTest, Version=1.0.0.0, Culture=neutral, PublicKeyToken=null" name="TestUpdate" />
    </UnitTest>
    <UnitTest name="TestGetCurrentNumPlayers1" storage="c:\users\karan\downloads\oknow\trunk\oknow\oknowtest\bin\debug\oknowtest.dll" id="957b084a-82f1-c373-da0f-c9ece73ff22b">
      <Execution id="643eb810-348e-4097-9fb8-d583c86f7766" />
      <TestMethod codeBase="C:/Users/Karan/Downloads/oKnow/trunk/OKnow/OKnowTest/bin/Debug/OKnowTest.DLL" adapterTypeName="Microsoft.VisualStudio.TestTools.TestTypes.Unit.UnitTestAdapter, Microsoft.VisualStudio.QualityTools.Tips.UnitTest.Adapter, Version=10.0.0.0, Culture=neutral, PublicKeyToken=b03f5f7f11d50a3a" className="OKnowTest.StartScreenTest, OKnowTest, Version=1.0.0.0, Culture=neutral, PublicKeyToken=null" name="TestGetCurrentNumPlayers1" />
    </UnitTest>
    <UnitTest name="TestGetCurrentCategory3" storage="c:\users\karan\downloads\oknow\trunk\oknow\oknowtest\bin\debug\oknowtest.dll" id="6d90f370-9d6b-db58-3da4-8603bcc06965">
      <Execution id="f8851d27-c626-44a8-a149-cbec737ab12f" />
      <TestMethod codeBase="C:/Users/Karan/Downloads/oKnow/trunk/OKnow/OKnowTest/bin/Debug/OKnowTest.DLL" adapterTypeName="Microsoft.VisualStudio.TestTools.TestTypes.Unit.UnitTestAdapter, Microsoft.VisualStudio.QualityTools.Tips.UnitTest.Adapter, Version=10.0.0.0, Culture=neutral, PublicKeyToken=b03f5f7f11d50a3a" className="OKnowTest.StartScreenTest, OKnowTest, Version=1.0.0.0, Culture=neutral, PublicKeyToken=null" name="TestGetCurrentCategory3" />
    </UnitTest>
    <UnitTest name="TestImageTile" storage="c:\users\karan\downloads\oknow\trunk\oknow\oknowtest\bin\debug\oknowtest.dll" id="fc573d78-4d31-4cef-4a5f-301b8eb35a18">
      <Execution id="50a2dc63-23fc-40e8-92a7-48dcfcde169b" />
      <TestMethod codeBase="C:/Users/Karan/Downloads/oKnow/trunk/OKnow/OKnowTest/bin/Debug/OKnowTest.DLL" adapterTypeName="Microsoft.VisualStudio.TestTools.TestTypes.Unit.UnitTestAdapter, Microsoft.VisualStudio.QualityTools.Tips.UnitTest.Adapter, Version=10.0.0.0, Culture=neutral, PublicKeyToken=b03f5f7f11d50a3a" className="OKnowTest.TileTest, OKnowTest, Version=1.0.0.0, Culture=neutral, PublicKeyToken=null" name="TestImageTile" />
    </UnitTest>
    <UnitTest name="TestGetRandomMusicQuestion" storage="c:\users\karan\downloads\oknow\trunk\oknow\oknowtest\bin\debug\oknowtest.dll" id="0177b86e-d5fa-cf5b-7ea6-a50aa23a1f27">
      <Execution id="abf4feda-97db-4590-adc0-32713303318f" />
      <TestMethod codeBase="C:/Users/Karan/Downloads/oKnow/trunk/OKnow/OKnowTest/bin/Debug/OKnowTest.DLL" adapterTypeName="Microsoft.VisualStudio.TestTools.TestTypes.Unit.UnitTestAdapter, Microsoft.VisualStudio.QualityTools.Tips.UnitTest.Adapter, Version=10.0.0.0, Culture=neutral, PublicKeyToken=b03f5f7f11d50a3a" className="OKnowTest.QuestionPoolTest, OKnowTest, Version=1.0.0.0, Culture=neutral, PublicKeyToken=null" name="TestGetRandomMusicQuestion" />
    </UnitTest>
    <UnitTest name="TestGetCurrentNumPlayers5" storage="c:\users\karan\downloads\oknow\trunk\oknow\oknowtest\bin\debug\oknowtest.dll" id="7da4a519-5129-89a7-3d39-c6df56ad0742">
      <Execution id="629badde-999e-47f0-9b44-3c537b3db1cc" />
      <TestMethod codeBase="C:/Users/Karan/Downloads/oKnow/trunk/OKnow/OKnowTest/bin/Debug/OKnowTest.DLL" adapterTypeName="Microsoft.VisualStudio.TestTools.TestTypes.Unit.UnitTestAdapter, Microsoft.VisualStudio.QualityTools.Tips.UnitTest.Adapter, Version=10.0.0.0, Culture=neutral, PublicKeyToken=b03f5f7f11d50a3a" className="OKnowTest.StartScreenTest, OKnowTest, Version=1.0.0.0, Culture=neutral, PublicKeyToken=null" name="TestGetCurrentNumPlayers5" />
    </UnitTest>
    <UnitTest name="QuestionNotifyCorrectKeyTest" storage="c:\users\karan\downloads\oknow\trunk\oknow\oknowtest\bin\debug\oknowtest.dll" id="4241b6d4-e9df-72e9-77ef-f7714add0b73">
      <Execution id="c999d5b5-e3af-4766-890b-0ee6f93989f0" />
      <TestMethod codeBase="C:/Users/Karan/Downloads/oKnow/trunk/OKnow/OKnowTest/bin/Debug/OKnowTest.DLL" adapterTypeName="Microsoft.VisualStudio.TestTools.TestTypes.Unit.UnitTestAdapter, Microsoft.VisualStudio.QualityTools.Tips.UnitTest.Adapter, Version=10.0.0.0, Culture=neutral, PublicKeyToken=b03f5f7f11d50a3a" className="OKnowTest.AnswerAQuestionTest, OKnowTest, Version=1.0.0.0, Culture=neutral, PublicKeyToken=null" name="QuestionNotifyCorrectKeyTest" />
    </UnitTest>
    <UnitTest name="PlayerMoveStateTest" storage="c:\users\karan\downloads\oknow\trunk\oknow\oknowtest\bin\debug\oknowtest.dll" id="c5f604eb-bb73-2ed4-4b97-3223456ec415">
      <Execution id="1db53a61-6dc4-4d71-959d-317f8bedabc6" />
      <TestMethod codeBase="C:/Users/Karan/Downloads/oKnow/trunk/OKnow/OKnowTest/bin/Debug/OKnowTest.DLL" adapterTypeName="Microsoft.VisualStudio.TestTools.TestTypes.Unit.UnitTestAdapter, Microsoft.VisualStudio.QualityTools.Tips.UnitTest.Adapter, Version=10.0.0.0, Culture=neutral, PublicKeyToken=b03f5f7f11d50a3a" className="OKnowTest.AnswerAQuestionTest, OKnowTest, Version=1.0.0.0, Culture=neutral, PublicKeyToken=null" name="PlayerMoveStateTest" />
    </UnitTest>
    <UnitTest name="ResetAttemptsStateTest" storage="c:\users\karan\downloads\oknow\trunk\oknow\oknowtest\bin\debug\oknowtest.dll" id="5f9ff485-80f0-1581-b8ce-68cc871f9745">
      <Execution id="89a8b762-7149-4e3d-bd8a-8be3b4354842" />
      <TestMethod codeBase="C:/Users/Karan/Downloads/oKnow/trunk/OKnow/OKnowTest/bin/Debug/OKnowTest.DLL" adapterTypeName="Microsoft.VisualStudio.TestTools.TestTypes.Unit.UnitTestAdapter, Microsoft.VisualStudio.QualityTools.Tips.UnitTest.Adapter, Version=10.0.0.0, Culture=neutral, PublicKeyToken=b03f5f7f11d50a3a" className="OKnowTest.ResetAttemptsTest, OKnowTest, Version=1.0.0.0, Culture=neutral, PublicKeyToken=null" name="ResetAttemptsStateTest" />
    </UnitTest>
    <UnitTest name="TestGetBoardType3" storage="c:\users\karan\downloads\oknow\trunk\oknow\oknowtest\bin\debug\oknowtest.dll" id="218b5b1b-8cf3-9ec8-bd10-43e5d019c394">
      <Execution id="fb57b168-fde3-4d07-9395-7a4b1d0421f2" />
      <TestMethod codeBase="C:/Users/Karan/Downloads/oKnow/trunk/OKnow/OKnowTest/bin/Debug/OKnowTest.DLL" adapterTypeName="Microsoft.VisualStudio.TestTools.TestTypes.Unit.UnitTestAdapter, Microsoft.VisualStudio.QualityTools.Tips.UnitTest.Adapter, Version=10.0.0.0, Culture=neutral, PublicKeyToken=b03f5f7f11d50a3a" className="OKnowTest.OptionScreenTest, OKnowTest, Version=1.0.0.0, Culture=neutral, PublicKeyToken=null" name="TestGetBoardType3" />
    </UnitTest>
    <UnitTest name="TestGetTileWeights4" storage="c:\users\karan\downloads\oknow\trunk\oknow\oknowtest\bin\debug\oknowtest.dll" id="370fb289-966e-efac-dd35-8a43dfda305e">
      <Execution id="47ef1c80-658f-470b-bee6-42e272604b09" />
      <TestMethod codeBase="C:/Users/Karan/Downloads/oKnow/trunk/OKnow/OKnowTest/bin/Debug/OKnowTest.DLL" adapterTypeName="Microsoft.VisualStudio.TestTools.TestTypes.Unit.UnitTestAdapter, Microsoft.VisualStudio.QualityTools.Tips.UnitTest.Adapter, Version=10.0.0.0, Culture=neutral, PublicKeyToken=b03f5f7f11d50a3a" className="OKnowTest.OptionScreenTest, OKnowTest, Version=1.0.0.0, Culture=neutral, PublicKeyToken=null" name="TestGetTileWeights4" />
    </UnitTest>
    <UnitTest name="TestPlayerScoreParameter" storage="c:\users\karan\downloads\oknow\trunk\oknow\oknowtest\bin\debug\oknowtest.dll" id="14c76d6e-baba-abce-271f-bb53095ef8bb">
      <Execution id="30cc77a1-7b18-463a-8277-8c5cca228a41" />
      <TestMethod codeBase="C:/Users/Karan/Downloads/oKnow/trunk/OKnow/OKnowTest/bin/Debug/OKnowTest.DLL" adapterTypeName="Microsoft.VisualStudio.TestTools.TestTypes.Unit.UnitTestAdapter, Microsoft.VisualStudio.QualityTools.Tips.UnitTest.Adapter, Version=10.0.0.0, Culture=neutral, PublicKeyToken=b03f5f7f11d50a3a" className="OKnowTest.AnswerAQuestionTest, OKnowTest, Version=1.0.0.0, Culture=neutral, PublicKeyToken=null" name="TestPlayerScoreParameter" />
    </UnitTest>
    <UnitTest name="PlayerScoreTest" storage="c:\users\karan\downloads\oknow\trunk\oknow\oknowtest\bin\debug\oknowtest.dll" id="96895812-5ec4-e95c-f82b-714f21329505">
      <Execution id="2858ed65-63eb-4559-8bcf-386b158b80cb" />
      <TestMethod codeBase="C:/Users/Karan/Downloads/oKnow/trunk/OKnow/OKnowTest/bin/Debug/OKnowTest.DLL" adapterTypeName="Microsoft.VisualStudio.TestTools.TestTypes.Unit.UnitTestAdapter, Microsoft.VisualStudio.QualityTools.Tips.UnitTest.Adapter, Version=10.0.0.0, Culture=neutral, PublicKeyToken=b03f5f7f11d50a3a" className="OKnowTest.ScoreBoardTest, OKnowTest, Version=1.0.0.0, Culture=neutral, PublicKeyToken=null" name="PlayerScoreTest" />
    </UnitTest>
    <UnitTest name="TestGetBoardSize6" storage="c:\users\karan\downloads\oknow\trunk\oknow\oknowtest\bin\debug\oknowtest.dll" id="a10f1aa2-aab3-02b5-5765-dddc67566b50">
      <Execution id="9f2a6fd0-e847-4145-910f-39e20eb0358b" />
      <TestMethod codeBase="C:/Users/Karan/Downloads/oKnow/trunk/OKnow/OKnowTest/bin/Debug/OKnowTest.DLL" adapterTypeName="Microsoft.VisualStudio.TestTools.TestTypes.Unit.UnitTestAdapter, Microsoft.VisualStudio.QualityTools.Tips.UnitTest.Adapter, Version=10.0.0.0, Culture=neutral, PublicKeyToken=b03f5f7f11d50a3a" className="OKnowTest.OptionScreenTest, OKnowTest, Version=1.0.0.0, Culture=neutral, PublicKeyToken=null" name="TestGetBoardSize6" />
    </UnitTest>
    <UnitTest name="GetSetPlayerTileTest" storage="c:\users\karan\downloads\oknow\trunk\oknow\oknowtest\bin\debug\oknowtest.dll" id="f0bdd7dd-7cef-1459-6d80-5f06a72cf810">
      <Execution id="03ba86b7-2664-4cb3-98e1-703fc62a0e8f" />
      <TestMethod codeBase="C:/Users/Karan/Downloads/oKnow/trunk/OKnow/OKnowTest/bin/Debug/OKnowTest.DLL" adapterTypeName="Microsoft.VisualStudio.TestTools.TestTypes.Unit.UnitTestAdapter, Microsoft.VisualStudio.QualityTools.Tips.UnitTest.Adapter, Version=10.0.0.0, Culture=neutral, PublicKeyToken=b03f5f7f11d50a3a" className="OKnowTest.PlayerTest, OKnowTest, Version=1.0.0.0, Culture=neutral, PublicKeyToken=null" name="GetSetPlayerTileTest" />
    </UnitTest>
    <UnitTest name="TestGetBoardType2" storage="c:\users\karan\downloads\oknow\trunk\oknow\oknowtest\bin\debug\oknowtest.dll" id="f954d7aa-0b6b-b16d-b134-a5b7560709e3">
      <Execution id="27503a3d-a969-4242-bafd-7737f091cd77" />
      <TestMethod codeBase="C:/Users/Karan/Downloads/oKnow/trunk/OKnow/OKnowTest/bin/Debug/OKnowTest.DLL" adapterTypeName="Microsoft.VisualStudio.TestTools.TestTypes.Unit.UnitTestAdapter, Microsoft.VisualStudio.QualityTools.Tips.UnitTest.Adapter, Version=10.0.0.0, Culture=neutral, PublicKeyToken=b03f5f7f11d50a3a" className="OKnowTest.OptionScreenTest, OKnowTest, Version=1.0.0.0, Culture=neutral, PublicKeyToken=null" name="TestGetBoardType2" />
    </UnitTest>
    <UnitTest name="TestStandardTile" storage="c:\users\karan\downloads\oknow\trunk\oknow\oknowtest\bin\debug\oknowtest.dll" id="e4ab14aa-1429-271f-5b09-0f8f32eeab9a">
      <Execution id="d76985ad-7d33-4bf5-a51f-e6055cd48f4e" />
      <TestMethod codeBase="C:/Users/Karan/Downloads/oKnow/trunk/OKnow/OKnowTest/bin/Debug/OKnowTest.DLL" adapterTypeName="Microsoft.VisualStudio.TestTools.TestTypes.Unit.UnitTestAdapter, Microsoft.VisualStudio.QualityTools.Tips.UnitTest.Adapter, Version=10.0.0.0, Culture=neutral, PublicKeyToken=b03f5f7f11d50a3a" className="OKnowTest.TileTest, OKnowTest, Version=1.0.0.0, Culture=neutral, PublicKeyToken=null" name="TestStandardTile" />
    </UnitTest>
    <UnitTest name="GetSetPlayerNameTest" storage="c:\users\karan\downloads\oknow\trunk\oknow\oknowtest\bin\debug\oknowtest.dll" id="c4cd8056-c9ff-caf6-98af-4ccd1972a29a">
      <Execution id="426e4b7f-e455-4f34-a10d-b9ed717b9718" />
      <TestMethod codeBase="C:/Users/Karan/Downloads/oKnow/trunk/OKnow/OKnowTest/bin/Debug/OKnowTest.DLL" adapterTypeName="Microsoft.VisualStudio.TestTools.TestTypes.Unit.UnitTestAdapter, Microsoft.VisualStudio.QualityTools.Tips.UnitTest.Adapter, Version=10.0.0.0, Culture=neutral, PublicKeyToken=b03f5f7f11d50a3a" className="OKnowTest.PlayerTest, OKnowTest, Version=1.0.0.0, Culture=neutral, PublicKeyToken=null" name="GetSetPlayerNameTest" />
    </UnitTest>
    <UnitTest name="PlayersTest2" storage="c:\users\karan\downloads\oknow\trunk\oknow\oknowtest\bin\debug\oknowtest.dll" id="e0382ce5-6740-35b3-fff5-be32133f4b54">
      <Execution id="c151d61b-d6c5-464c-b14e-579b80a28f5d" />
      <TestMethod codeBase="C:/Users/Karan/Downloads/oKnow/trunk/OKnow/OKnowTest/bin/Debug/OKnowTest.DLL" adapterTypeName="Microsoft.VisualStudio.TestTools.TestTypes.Unit.UnitTestAdapter, Microsoft.VisualStudio.QualityTools.Tips.UnitTest.Adapter, Version=10.0.0.0, Culture=neutral, PublicKeyToken=b03f5f7f11d50a3a" className="OKnowTest.GameBoardTest, OKnowTest, Version=1.0.0.0, Culture=neutral, PublicKeyToken=null" name="PlayersTest2" />
    </UnitTest>
    <UnitTest name="TestMusicTile" storage="c:\users\karan\downloads\oknow\trunk\oknow\oknowtest\bin\debug\oknowtest.dll" id="3a6c85dc-ff2e-cb74-a68e-e4c4f59a65bd">
      <Execution id="82898e24-605a-4c1f-9db3-948ebaaf3bd4" />
      <TestMethod codeBase="C:/Users/Karan/Downloads/oKnow/trunk/OKnow/OKnowTest/bin/Debug/OKnowTest.DLL" adapterTypeName="Microsoft.VisualStudio.TestTools.TestTypes.Unit.UnitTestAdapter, Microsoft.VisualStudio.QualityTools.Tips.UnitTest.Adapter, Version=10.0.0.0, Culture=neutral, PublicKeyToken=b03f5f7f11d50a3a" className="OKnowTest.TileTest, OKnowTest, Version=1.0.0.0, Culture=neutral, PublicKeyToken=null" name="TestMusicTile" />
    </UnitTest>
    <UnitTest name="KeyIsNotDownEvent" storage="c:\users\karan\downloads\oknow\trunk\oknow\oknowtest\bin\debug\oknowtest.dll" id="23e952be-43ac-69f6-e773-dec25ec58275">
      <Execution id="e691d904-e418-4c7c-967a-5a854d923b35" />
      <TestMethod codeBase="C:/Users/Karan/Downloads/oKnow/trunk/OKnow/OKnowTest/bin/Debug/OKnowTest.DLL" adapterTypeName="Microsoft.VisualStudio.TestTools.TestTypes.Unit.UnitTestAdapter, Microsoft.VisualStudio.QualityTools.Tips.UnitTest.Adapter, Version=10.0.0.0, Culture=neutral, PublicKeyToken=b03f5f7f11d50a3a" className="OKnowTest.KeyDownEventTest, OKnowTest, Version=1.0.0.0, Culture=neutral, PublicKeyToken=null" name="KeyIsNotDownEvent" />
    </UnitTest>
    <UnitTest name="SkipQuestionStateTest" storage="c:\users\karan\downloads\oknow\trunk\oknow\oknowtest\bin\debug\oknowtest.dll" id="a55ea7c9-eabb-9207-ac1a-8e11aa747df4">
      <Execution id="b0f10726-11fc-4cf8-bab0-307866d492dc" />
      <TestMethod codeBase="C:/Users/Karan/Downloads/oKnow/trunk/OKnow/OKnowTest/bin/Debug/OKnowTest.DLL" adapterTypeName="Microsoft.VisualStudio.TestTools.TestTypes.Unit.UnitTestAdapter, Microsoft.VisualStudio.QualityTools.Tips.UnitTest.Adapter, Version=10.0.0.0, Culture=neutral, PublicKeyToken=b03f5f7f11d50a3a" className="OKnowTest.SkipAQuestionTest, OKnowTest, Version=1.0.0.0, Culture=neutral, PublicKeyToken=null" name="SkipQuestionStateTest" />
    </UnitTest>
    <UnitTest name="TestGetTileWeights6" storage="c:\users\karan\downloads\oknow\trunk\oknow\oknowtest\bin\debug\oknowtest.dll" id="74d6cac9-d4d3-9019-d46c-df65dffe4326">
      <Execution id="a61f13f1-827f-413d-8e68-317d28c40986" />
      <TestMethod codeBase="C:/Users/Karan/Downloads/oKnow/trunk/OKnow/OKnowTest/bin/Debug/OKnowTest.DLL" adapterTypeName="Microsoft.VisualStudio.TestTools.TestTypes.Unit.UnitTestAdapter, Microsoft.VisualStudio.QualityTools.Tips.UnitTest.Adapter, Version=10.0.0.0, Culture=neutral, PublicKeyToken=b03f5f7f11d50a3a" className="OKnowTest.OptionScreenTest, OKnowTest, Version=1.0.0.0, Culture=neutral, PublicKeyToken=null" name="TestGetTileWeights6" />
    </UnitTest>
    <UnitTest name="TestQuestionType" storage="c:\users\karan\downloads\oknow\trunk\oknow\oknowtest\bin\debug\oknowtest.dll" id="932006bf-cc9a-1649-4dd2-a8c07ced02bd">
      <Execution id="8c4ef42e-43e2-468a-b3d5-13f1c958938c" />
      <TestMethod codeBase="C:/Users/Karan/Downloads/oKnow/trunk/OKnow/OKnowTest/bin/Debug/OKnowTest.DLL" adapterTypeName="Microsoft.VisualStudio.TestTools.TestTypes.Unit.UnitTestAdapter, Microsoft.VisualStudio.QualityTools.Tips.UnitTest.Adapter, Version=10.0.0.0, Culture=neutral, PublicKeyToken=b03f5f7f11d50a3a" className="OKnowTest.QuestionTest, OKnowTest, Version=1.0.0.0, Culture=neutral, PublicKeyToken=null" name="TestQuestionType" />
    </UnitTest>
    <UnitTest name="MultiPlayerIncorrectScoreTest" storage="c:\users\karan\downloads\oknow\trunk\oknow\oknowtest\bin\debug\oknowtest.dll" id="36411a89-5ee3-acf1-7ac9-7780454d7007">
      <Execution id="2b340f6c-e3d7-4d61-82a3-a0447c85fd1c" />
      <TestMethod codeBase="C:/Users/Karan/Downloads/oKnow/trunk/OKnow/OKnowTest/bin/Debug/OKnowTest.DLL" adapterTypeName="Microsoft.VisualStudio.TestTools.TestTypes.Unit.UnitTestAdapter, Microsoft.VisualStudio.QualityTools.Tips.UnitTest.Adapter, Version=10.0.0.0, Culture=neutral, PublicKeyToken=b03f5f7f11d50a3a" className="OKnowTest.ScoreBoardTest, OKnowTest, Version=1.0.0.0, Culture=neutral, PublicKeyToken=null" name="MultiPlayerIncorrectScoreTest" />
    </UnitTest>
    <UnitTest name="TestCategoryParameter" storage="c:\users\karan\downloads\oknow\trunk\oknow\oknowtest\bin\debug\oknowtest.dll" id="ff82c0df-2a18-5756-6f34-2753161d947c">
      <Execution id="aa31a935-bff1-4d73-8833-ca2d7f89f160" />
      <TestMethod codeBase="C:/Users/Karan/Downloads/oKnow/trunk/OKnow/OKnowTest/bin/Debug/OKnowTest.DLL" adapterTypeName="Microsoft.VisualStudio.TestTools.TestTypes.Unit.UnitTestAdapter, Microsoft.VisualStudio.QualityTools.Tips.UnitTest.Adapter, Version=10.0.0.0, Culture=neutral, PublicKeyToken=b03f5f7f11d50a3a" className="OKnowTest.StartScreenTest, OKnowTest, Version=1.0.0.0, Culture=neutral, PublicKeyToken=null" name="TestCategoryParameter" />
    </UnitTest>
    <UnitTest name="KeyIsDownEvent" storage="c:\users\karan\downloads\oknow\trunk\oknow\oknowtest\bin\debug\oknowtest.dll" id="083d22d7-fcb7-fbb5-cd62-3b304677a5ce">
      <Execution id="6e897481-c8e1-4f59-956f-f31b4b8df933" />
      <TestMethod codeBase="C:/Users/Karan/Downloads/oKnow/trunk/OKnow/OKnowTest/bin/Debug/OKnowTest.DLL" adapterTypeName="Microsoft.VisualStudio.TestTools.TestTypes.Unit.UnitTestAdapter, Microsoft.VisualStudio.QualityTools.Tips.UnitTest.Adapter, Version=10.0.0.0, Culture=neutral, PublicKeyToken=b03f5f7f11d50a3a" className="OKnowTest.KeyDownEventTest, OKnowTest, Version=1.0.0.0, Culture=neutral, PublicKeyToken=null" name="KeyIsDownEvent" />
    </UnitTest>
    <UnitTest name="VictoryTest" storage="c:\users\karan\downloads\oknow\trunk\oknow\oknowtest\bin\debug\oknowtest.dll" id="212fceb0-e09b-bfef-a8c4-50fb8b97b08a">
      <Execution id="e7176d72-80a6-4860-bb39-7cc6abb3cf41" />
      <TestMethod codeBase="C:/Users/Karan/Downloads/oKnow/trunk/OKnow/OKnowTest/bin/Debug/OKnowTest.DLL" adapterTypeName="Microsoft.VisualStudio.TestTools.TestTypes.Unit.UnitTestAdapter, Microsoft.VisualStudio.QualityTools.Tips.UnitTest.Adapter, Version=10.0.0.0, Culture=neutral, PublicKeyToken=b03f5f7f11d50a3a" className="OKnowTest.PlayerTest, OKnowTest, Version=1.0.0.0, Culture=neutral, PublicKeyToken=null" name="VictoryTest" />
    </UnitTest>
    <UnitTest name="RandomSwapStateTest" storage="c:\users\karan\downloads\oknow\trunk\oknow\oknowtest\bin\debug\oknowtest.dll" id="d045baa8-d6d4-4e92-c213-e7d3aa09150a">
      <Execution id="ba41013e-26f9-4f19-8db1-fe243fb4ad8d" />
      <TestMethod codeBase="C:/Users/Karan/Downloads/oKnow/trunk/OKnow/OKnowTest/bin/Debug/OKnowTest.DLL" adapterTypeName="Microsoft.VisualStudio.TestTools.TestTypes.Unit.UnitTestAdapter, Microsoft.VisualStudio.QualityTools.Tips.UnitTest.Adapter, Version=10.0.0.0, Culture=neutral, PublicKeyToken=b03f5f7f11d50a3a" className="OKnowTest.RandomSwapTest, OKnowTest, Version=1.0.0.0, Culture=neutral, PublicKeyToken=null" name="RandomSwapStateTest" />
    </UnitTest>
    <UnitTest name="TwoPlayerSwapTest" storage="c:\users\karan\downloads\oknow\trunk\oknow\oknowtest\bin\debug\oknowtest.dll" id="09c838a6-25f6-fa3c-1eab-ebb143fae11f">
      <Execution id="c161933b-5218-4cd4-9b5e-23b1a6117d28" />
      <TestMethod codeBase="C:/Users/Karan/Downloads/oKnow/trunk/OKnow/OKnowTest/bin/Debug/OKnowTest.DLL" adapterTypeName="Microsoft.VisualStudio.TestTools.TestTypes.Unit.UnitTestAdapter, Microsoft.VisualStudio.QualityTools.Tips.UnitTest.Adapter, Version=10.0.0.0, Culture=neutral, PublicKeyToken=b03f5f7f11d50a3a" className="OKnowTest.ScoreBoardTest, OKnowTest, Version=1.0.0.0, Culture=neutral, PublicKeyToken=null" name="TwoPlayerSwapTest" />
    </UnitTest>
    <UnitTest name="TestNumPlayersParameter" storage="c:\users\karan\downloads\oknow\trunk\oknow\oknowtest\bin\debug\oknowtest.dll" id="f7fd56b8-376d-ce9f-bfd5-273500f7ad17">
      <Execution id="f95a6f9d-6cd0-49fb-afa9-ef16c2e42dd5" />
      <TestMethod codeBase="C:/Users/Karan/Downloads/oKnow/trunk/OKnow/OKnowTest/bin/Debug/OKnowTest.DLL" adapterTypeName="Microsoft.VisualStudio.TestTools.TestTypes.Unit.UnitTestAdapter, Microsoft.VisualStudio.QualityTools.Tips.UnitTest.Adapter, Version=10.0.0.0, Culture=neutral, PublicKeyToken=b03f5f7f11d50a3a" className="OKnowTest.StartScreenTest, OKnowTest, Version=1.0.0.0, Culture=neutral, PublicKeyToken=null" name="TestNumPlayersParameter" />
    </UnitTest>
    <UnitTest name="QuestionNotifyCorrectClickTest" storage="c:\users\karan\downloads\oknow\trunk\oknow\oknowtest\bin\debug\oknowtest.dll" id="23883945-af6d-c48a-20a2-7a04c60637c8">
      <Execution id="492b044c-d656-4d22-8c36-bffdf1a53e19" />
      <TestMethod codeBase="C:/Users/Karan/Downloads/oKnow/trunk/OKnow/OKnowTest/bin/Debug/OKnowTest.DLL" adapterTypeName="Microsoft.VisualStudio.TestTools.TestTypes.Unit.UnitTestAdapter, Microsoft.VisualStudio.QualityTools.Tips.UnitTest.Adapter, Version=10.0.0.0, Culture=neutral, PublicKeyToken=b03f5f7f11d50a3a" className="OKnowTest.AnswerAQuestionTest, OKnowTest, Version=1.0.0.0, Culture=neutral, PublicKeyToken=null" name="QuestionNotifyCorrectClickTest" />
    </UnitTest>
    <UnitTest name="TestBoardSizeParameter" storage="c:\users\karan\downloads\oknow\trunk\oknow\oknowtest\bin\debug\oknowtest.dll" id="6f7b0bcf-675c-4d22-135c-fae2d68f56c8">
      <Execution id="40220b47-c9c3-475c-8455-7347532d1dba" />
      <TestMethod codeBase="C:/Users/Karan/Downloads/oKnow/trunk/OKnow/OKnowTest/bin/Debug/OKnowTest.DLL" adapterTypeName="Microsoft.VisualStudio.TestTools.TestTypes.Unit.UnitTestAdapter, Microsoft.VisualStudio.QualityTools.Tips.UnitTest.Adapter, Version=10.0.0.0, Culture=neutral, PublicKeyToken=b03f5f7f11d50a3a" className="OKnowTest.OptionScreenTest, OKnowTest, Version=1.0.0.0, Culture=neutral, PublicKeyToken=null" name="TestBoardSizeParameter" />
    </UnitTest>
    <UnitTest name="QuestionNotifyTimedKeyTest" storage="c:\users\karan\downloads\oknow\trunk\oknow\oknowtest\bin\debug\oknowtest.dll" id="c34a7e0d-9fce-cfdd-4a03-172f1b719315">
      <Execution id="d5bcfe08-3e03-4443-ab85-600cb56ea174" />
      <TestMethod codeBase="C:/Users/Karan/Downloads/oKnow/trunk/OKnow/OKnowTest/bin/Debug/OKnowTest.DLL" adapterTypeName="Microsoft.VisualStudio.TestTools.TestTypes.Unit.UnitTestAdapter, Microsoft.VisualStudio.QualityTools.Tips.UnitTest.Adapter, Version=10.0.0.0, Culture=neutral, PublicKeyToken=b03f5f7f11d50a3a" className="OKnowTest.AnswerAQuestionTest, OKnowTest, Version=1.0.0.0, Culture=neutral, PublicKeyToken=null" name="QuestionNotifyTimedKeyTest" />
    </UnitTest>
    <UnitTest name="testGetRand" storage="c:\users\karan\downloads\oknow\trunk\oknow\oknowtest\bin\debug\oknowtest.dll" id="3e6d226b-4bb5-5427-0a53-d601701ece07">
      <Execution id="13938566-7019-4af6-8fc2-df57ee9db459" />
      <TestMethod codeBase="C:/Users/Karan/Downloads/oKnow/trunk/OKnow/OKnowTest/bin/Debug/OKnowTest.DLL" adapterTypeName="Microsoft.VisualStudio.TestTools.TestTypes.Unit.UnitTestAdapter, Microsoft.VisualStudio.QualityTools.Tips.UnitTest.Adapter, Version=10.0.0.0, Culture=neutral, PublicKeyToken=b03f5f7f11d50a3a" className="OKnowTest.AnswerTest, OKnowTest, Version=1.0.0.0, Culture=neutral, PublicKeyToken=null" name="testGetRand" />
    </UnitTest>
    <UnitTest name="TestGetCurrentCategory2" storage="c:\users\karan\downloads\oknow\trunk\oknow\oknowtest\bin\debug\oknowtest.dll" id="f1fc9670-606b-c73a-b756-bddec5b37878">
      <Execution id="fab19819-8e19-4091-bf48-9ab1c44a50c3" />
      <TestMethod codeBase="C:/Users/Karan/Downloads/oKnow/trunk/OKnow/OKnowTest/bin/Debug/OKnowTest.DLL" adapterTypeName="Microsoft.VisualStudio.TestTools.TestTypes.Unit.UnitTestAdapter, Microsoft.VisualStudio.QualityTools.Tips.UnitTest.Adapter, Version=10.0.0.0, Culture=neutral, PublicKeyToken=b03f5f7f11d50a3a" className="OKnowTest.StartScreenTest, OKnowTest, Version=1.0.0.0, Culture=neutral, PublicKeyToken=null" name="TestGetCurrentCategory2" />
    </UnitTest>
    <UnitTest name="TestSum7" storage="c:\users\karan\downloads\oknow\trunk\oknow\oknowtest\bin\debug\oknowtest.dll" id="232c75a8-2c33-71e1-2cf7-f791edd5ffaf">
      <Execution id="69e0aa05-48c3-451c-af32-3ba58612d53e" />
      <TestMethod codeBase="C:/Users/Karan/Downloads/oKnow/trunk/OKnow/OKnowTest/bin/Debug/OKnowTest.DLL" adapterTypeName="Microsoft.VisualStudio.TestTools.TestTypes.Unit.UnitTestAdapter, Microsoft.VisualStudio.QualityTools.Tips.UnitTest.Adapter, Version=10.0.0.0, Culture=neutral, PublicKeyToken=b03f5f7f11d50a3a" className="OKnowTest.BoardGeneratorTest, OKnowTest, Version=1.0.0.0, Culture=neutral, PublicKeyToken=null" name="TestSum7" />
    </UnitTest>
    <UnitTest name="TestGetRandomImageQuestion" storage="c:\users\karan\downloads\oknow\trunk\oknow\oknowtest\bin\debug\oknowtest.dll" id="604165a1-c7e2-e583-c8fc-41ba1842763f">
      <Execution id="cb79d56a-156b-4269-9ad6-ab8e052e28ad" />
      <TestMethod codeBase="C:/Users/Karan/Downloads/oKnow/trunk/OKnow/OKnowTest/bin/Debug/OKnowTest.DLL" adapterTypeName="Microsoft.VisualStudio.TestTools.TestTypes.Unit.UnitTestAdapter, Microsoft.VisualStudio.QualityTools.Tips.UnitTest.Adapter, Version=10.0.0.0, Culture=neutral, PublicKeyToken=b03f5f7f11d50a3a" className="OKnowTest.QuestionPoolTest, OKnowTest, Version=1.0.0.0, Culture=neutral, PublicKeyToken=null" name="TestGetRandomImageQuestion" />
    </UnitTest>
    <UnitTest name="TestGetTileWeights5" storage="c:\users\karan\downloads\oknow\trunk\oknow\oknowtest\bin\debug\oknowtest.dll" id="39f67779-52ec-6b4c-441c-3f91936d436b">
      <Execution id="153a7f91-fdfe-414e-aaa5-5dd0128986c5" />
      <TestMethod codeBase="C:/Users/Karan/Downloads/oKnow/trunk/OKnow/OKnowTest/bin/Debug/OKnowTest.DLL" adapterTypeName="Microsoft.VisualStudio.TestTools.TestTypes.Unit.UnitTestAdapter, Microsoft.VisualStudio.QualityTools.Tips.UnitTest.Adapter, Version=10.0.0.0, Culture=neutral, PublicKeyToken=b03f5f7f11d50a3a" className="OKnowTest.OptionScreenTest, OKnowTest, Version=1.0.0.0, Culture=neutral, PublicKeyToken=null" name="TestGetTileWeights5" />
    </UnitTest>
    <UnitTest name="TestSum4" storage="c:\users\karan\downloads\oknow\trunk\oknow\oknowtest\bin\debug\oknowtest.dll" id="a53d656d-e53c-fdfe-17c9-53dd52253f82">
      <Execution id="442e989c-667e-4166-a76c-6092adb030e6" />
      <TestMethod codeBase="C:/Users/Karan/Downloads/oKnow/trunk/OKnow/OKnowTest/bin/Debug/OKnowTest.DLL" adapterTypeName="Microsoft.VisualStudio.TestTools.TestTypes.Unit.UnitTestAdapter, Microsoft.VisualStudio.QualityTools.Tips.UnitTest.Adapter, Version=10.0.0.0, Culture=neutral, PublicKeyToken=b03f5f7f11d50a3a" className="OKnowTest.BoardGeneratorTest, OKnowTest, Version=1.0.0.0, Culture=neutral, PublicKeyToken=null" name="TestSum4" />
    </UnitTest>
    <UnitTest name="GetSetBoardXTest" storage="c:\users\karan\downloads\oknow\trunk\oknow\oknowtest\bin\debug\oknowtest.dll" id="42431ad3-b2fa-3a89-f07f-b02ce47f85e3">
      <Execution id="e43f85c5-aa0d-49bb-aca9-f63cc66eb00e" />
      <TestMethod codeBase="C:/Users/Karan/Downloads/oKnow/trunk/OKnow/OKnowTest/bin/Debug/OKnowTest.DLL" adapterTypeName="Microsoft.VisualStudio.TestTools.TestTypes.Unit.UnitTestAdapter, Microsoft.VisualStudio.QualityTools.Tips.UnitTest.Adapter, Version=10.0.0.0, Culture=neutral, PublicKeyToken=b03f5f7f11d50a3a" className="OKnowTest.TileTest, OKnowTest, Version=1.0.0.0, Culture=neutral, PublicKeyToken=null" name="GetSetBoardXTest" />
    </UnitTest>
    <UnitTest name="GetSetBoardYTest" storage="c:\users\karan\downloads\oknow\trunk\oknow\oknowtest\bin\debug\oknowtest.dll" id="2ee5ec05-43c5-a370-94e2-7ce68113ecd3">
      <Execution id="3c297062-6a89-4db9-9d63-ed7d24fdd61d" />
      <TestMethod codeBase="C:/Users/Karan/Downloads/oKnow/trunk/OKnow/OKnowTest/bin/Debug/OKnowTest.DLL" adapterTypeName="Microsoft.VisualStudio.TestTools.TestTypes.Unit.UnitTestAdapter, Microsoft.VisualStudio.QualityTools.Tips.UnitTest.Adapter, Version=10.0.0.0, Culture=neutral, PublicKeyToken=b03f5f7f11d50a3a" className="OKnowTest.TileTest, OKnowTest, Version=1.0.0.0, Culture=neutral, PublicKeyToken=null" name="GetSetBoardYTest" />
    </UnitTest>
    <UnitTest name="TestGetCurrentNumPlayers6" storage="c:\users\karan\downloads\oknow\trunk\oknow\oknowtest\bin\debug\oknowtest.dll" id="4b07ec87-2578-4a11-af32-e14de6fedfb0">
      <Execution id="ec3959a4-75a9-441c-a70b-074816e82b55" />
      <TestMethod codeBase="C:/Users/Karan/Downloads/oKnow/trunk/OKnow/OKnowTest/bin/Debug/OKnowTest.DLL" adapterTypeName="Microsoft.VisualStudio.TestTools.TestTypes.Unit.UnitTestAdapter, Microsoft.VisualStudio.QualityTools.Tips.UnitTest.Adapter, Version=10.0.0.0, Culture=neutral, PublicKeyToken=b03f5f7f11d50a3a" className="OKnowTest.StartScreenTest, OKnowTest, Version=1.0.0.0, Culture=neutral, PublicKeyToken=null" name="TestGetCurrentNumPlayers6" />
    </UnitTest>
  </TestDefinitions>
  <TestLists>
    <TestList name="Results Not in a List" id="8c84fa94-04c1-424b-9868-57a2d4851a1d" />
    <TestList name="All Loaded Results" id="19431567-8539-422a-85d7-44ee4e166bda" />
  </TestLists>
  <TestEntries>
    <TestEntry testId="d0ddb7c1-ff4a-b3fe-6f4c-174f7a2fe81e" executionId="acd1ac79-0843-4100-8a0c-e89200861f39" testListId="8c84fa94-04c1-424b-9868-57a2d4851a1d" />
    <TestEntry testId="f92b1b75-bfbf-8087-5727-33e690da2f7f" executionId="957c0567-d6bf-4f88-9041-2b1ce3aa06d9" testListId="8c84fa94-04c1-424b-9868-57a2d4851a1d" />
    <TestEntry testId="7e5b7cb7-b731-5fcc-3da1-9df84dfa3118" executionId="be054335-b522-40f2-aa59-3c1ac756622b" testListId="8c84fa94-04c1-424b-9868-57a2d4851a1d" />
    <TestEntry testId="87ab6c4b-2e53-ad24-94d0-e1500744f03c" executionId="92821ce2-90bf-42a1-9f4a-de98571d3329" testListId="8c84fa94-04c1-424b-9868-57a2d4851a1d" />
    <TestEntry testId="0177b86e-d5fa-cf5b-7ea6-a50aa23a1f27" executionId="abf4feda-97db-4590-adc0-32713303318f" testListId="8c84fa94-04c1-424b-9868-57a2d4851a1d" />
    <TestEntry testId="604165a1-c7e2-e583-c8fc-41ba1842763f" executionId="cb79d56a-156b-4269-9ad6-ab8e052e28ad" testListId="8c84fa94-04c1-424b-9868-57a2d4851a1d" />
    <TestEntry testId="35fdcf18-0be3-5a33-49ea-9deec449ce72" executionId="930a2332-091a-43d0-b36b-9daea616b6d0" testListId="8c84fa94-04c1-424b-9868-57a2d4851a1d" />
    <TestEntry testId="c633b636-e73d-6a16-4a3c-3a2d73d1a317" executionId="15e6e9ae-698d-4523-b0cc-eafffe9223b8" testListId="8c84fa94-04c1-424b-9868-57a2d4851a1d" />
    <TestEntry testId="a9a9f0f1-8a6b-9673-3b72-bfc82b22d458" executionId="dfec2a02-05d8-40c2-9eba-9fc065a0e6a4" testListId="8c84fa94-04c1-424b-9868-57a2d4851a1d" />
    <TestEntry testId="3e6d226b-4bb5-5427-0a53-d601701ece07" executionId="13938566-7019-4af6-8fc2-df57ee9db459" testListId="8c84fa94-04c1-424b-9868-57a2d4851a1d" />
    <TestEntry testId="957b084a-82f1-c373-da0f-c9ece73ff22b" executionId="643eb810-348e-4097-9fb8-d583c86f7766" testListId="8c84fa94-04c1-424b-9868-57a2d4851a1d" />
    <TestEntry testId="a99a0acb-4556-0740-9f3d-fecb7b1ed1f8" executionId="6bcd670f-5ed8-46fb-ace0-63fe91ac6adc" testListId="8c84fa94-04c1-424b-9868-57a2d4851a1d" />
    <TestEntry testId="b0f5a7d2-2c31-4fb3-e775-c49bc4094186" executionId="59d478ee-1480-4cc5-8e05-124ee3deb906" testListId="8c84fa94-04c1-424b-9868-57a2d4851a1d" />
    <TestEntry testId="47b57d83-2c08-99b9-f3b1-14d4cde9b1e8" executionId="a1ae086e-062d-4193-8487-5baaea57b968" testListId="8c84fa94-04c1-424b-9868-57a2d4851a1d" />
    <TestEntry testId="7da4a519-5129-89a7-3d39-c6df56ad0742" executionId="629badde-999e-47f0-9b44-3c537b3db1cc" testListId="8c84fa94-04c1-424b-9868-57a2d4851a1d" />
    <TestEntry testId="4b07ec87-2578-4a11-af32-e14de6fedfb0" executionId="ec3959a4-75a9-441c-a70b-074816e82b55" testListId="8c84fa94-04c1-424b-9868-57a2d4851a1d" />
    <TestEntry testId="f7fd56b8-376d-ce9f-bfd5-273500f7ad17" executionId="f95a6f9d-6cd0-49fb-afa9-ef16c2e42dd5" testListId="8c84fa94-04c1-424b-9868-57a2d4851a1d" />
    <TestEntry testId="3afc1bea-bfbf-3c8e-8104-72a764af8b32" executionId="d638ab05-e3ee-41af-86e0-dc4561495cc2" testListId="8c84fa94-04c1-424b-9868-57a2d4851a1d" />
    <TestEntry testId="f1fc9670-606b-c73a-b756-bddec5b37878" executionId="fab19819-8e19-4091-bf48-9ab1c44a50c3" testListId="8c84fa94-04c1-424b-9868-57a2d4851a1d" />
    <TestEntry testId="6d90f370-9d6b-db58-3da4-8603bcc06965" executionId="f8851d27-c626-44a8-a149-cbec737ab12f" testListId="8c84fa94-04c1-424b-9868-57a2d4851a1d" />
    <TestEntry testId="0981af74-4ce1-6ad4-aeb6-cf0728ecf654" executionId="346bb6f7-449d-4f74-a0d4-06927389c003" testListId="8c84fa94-04c1-424b-9868-57a2d4851a1d" />
    <TestEntry testId="dbf1d0a3-6fa9-ebb2-2c02-e59981d64ed1" executionId="fe441d47-a32b-48c2-9376-d0bdf8c99739" testListId="8c84fa94-04c1-424b-9868-57a2d4851a1d" />
    <TestEntry testId="d22d02ed-bb5c-57c7-bac8-2a4213191ea2" executionId="2963c8ea-0c21-45ac-a797-a6fd09b236b5" testListId="8c84fa94-04c1-424b-9868-57a2d4851a1d" />
    <TestEntry testId="ff82c0df-2a18-5756-6f34-2753161d947c" executionId="aa31a935-bff1-4d73-8833-ca2d7f89f160" testListId="8c84fa94-04c1-424b-9868-57a2d4851a1d" />
    <TestEntry testId="fc6917c6-2e73-f40a-5bb6-252957ae3d5b" executionId="a2a6e5c3-b5b1-4230-87b8-b70557d2bde3" testListId="8c84fa94-04c1-424b-9868-57a2d4851a1d" />
    <TestEntry testId="dee46b0c-2f9d-52fc-c7b4-b5b58ca85be6" executionId="4421a72c-25be-4bac-aa0f-0bdd895f4f4e" testListId="8c84fa94-04c1-424b-9868-57a2d4851a1d" />
    <TestEntry testId="11377ad6-2ba2-43a8-dd79-0dcabe15a502" executionId="8d48a544-00ec-4728-a3fd-9b968497df70" testListId="8c84fa94-04c1-424b-9868-57a2d4851a1d" />
    <TestEntry testId="11996059-0c5c-2a07-3fc2-f275c1d824a3" executionId="34c7e040-8371-4b37-9d8b-68812cef9dc5" testListId="8c84fa94-04c1-424b-9868-57a2d4851a1d" />
    <TestEntry testId="adf1bbe7-f955-f1aa-c051-332a545e94e4" executionId="b9aab973-3915-4be4-95cc-723602333dd4" testListId="8c84fa94-04c1-424b-9868-57a2d4851a1d" />
    <TestEntry testId="8e77a49e-1ebb-33d0-321e-b1c7c45a8fa3" executionId="a198ed1a-9c9a-4dd1-b856-a9c434998ffe" testListId="8c84fa94-04c1-424b-9868-57a2d4851a1d" />
    <TestEntry testId="f9111be2-692d-3115-bf32-066358fe44cb" executionId="22f4cdd9-2a5f-4614-b42c-0852dc4d273b" testListId="8c84fa94-04c1-424b-9868-57a2d4851a1d" />
    <TestEntry testId="a3e23a53-836c-f0a0-4539-3cd1030ad8d1" executionId="665eac55-e523-46f4-8604-967721d5cc23" testListId="8c84fa94-04c1-424b-9868-57a2d4851a1d" />
    <TestEntry testId="b74f4fc9-56a5-f718-302b-ba5969de4238" executionId="8f4c668c-532f-453f-9b66-61c4b3e0e0e6" testListId="8c84fa94-04c1-424b-9868-57a2d4851a1d" />
    <TestEntry testId="55771050-855f-bf13-de6b-1bf275f5c231" executionId="e1ceedea-bb42-41ca-89b9-d90ebc4a463c" testListId="8c84fa94-04c1-424b-9868-57a2d4851a1d" />
    <TestEntry testId="11827a33-623c-6e19-e7cf-cc3c3122d686" executionId="e02c50ea-b664-4ea5-b4b1-2e8b1e4ebb98" testListId="8c84fa94-04c1-424b-9868-57a2d4851a1d" />
    <TestEntry testId="a10f1aa2-aab3-02b5-5765-dddc67566b50" executionId="9f2a6fd0-e847-4145-910f-39e20eb0358b" testListId="8c84fa94-04c1-424b-9868-57a2d4851a1d" />
    <TestEntry testId="6f7b0bcf-675c-4d22-135c-fae2d68f56c8" executionId="40220b47-c9c3-475c-8455-7347532d1dba" testListId="8c84fa94-04c1-424b-9868-57a2d4851a1d" />
    <TestEntry testId="a1aa5338-462d-e2e2-e2ea-4adcd906fb81" executionId="128fa758-9933-4ff9-9f0d-2ad818f65325" testListId="8c84fa94-04c1-424b-9868-57a2d4851a1d" />
    <TestEntry testId="f954d7aa-0b6b-b16d-b134-a5b7560709e3" executionId="27503a3d-a969-4242-bafd-7737f091cd77" testListId="8c84fa94-04c1-424b-9868-57a2d4851a1d" />
    <TestEntry testId="218b5b1b-8cf3-9ec8-bd10-43e5d019c394" executionId="fb57b168-fde3-4d07-9395-7a4b1d0421f2" testListId="8c84fa94-04c1-424b-9868-57a2d4851a1d" />
    <TestEntry testId="b91eb780-0815-88ba-1d7d-693ff26e234c" executionId="8aa4c75f-7cf6-401f-8d37-d9218ba94104" testListId="8c84fa94-04c1-424b-9868-57a2d4851a1d" />
    <TestEntry testId="015f6da2-a554-d89e-ee82-ed24b884133e" executionId="571c7403-3213-45e8-b684-ab19d88ab927" testListId="8c84fa94-04c1-424b-9868-57a2d4851a1d" />
    <TestEntry testId="7f53bfc8-5e68-d8fc-378e-e7ac11b91a85" executionId="94713b5a-8f09-49f3-808c-9ebed103c84e" testListId="8c84fa94-04c1-424b-9868-57a2d4851a1d" />
    <TestEntry testId="8729184e-d1e2-354e-e397-7fc211b803fc" executionId="de1a5709-13d9-47e0-94cd-0aaed3e9f88d" testListId="8c84fa94-04c1-424b-9868-57a2d4851a1d" />
    <TestEntry testId="370fb289-966e-efac-dd35-8a43dfda305e" executionId="47ef1c80-658f-470b-bee6-42e272604b09" testListId="8c84fa94-04c1-424b-9868-57a2d4851a1d" />
    <TestEntry testId="39f67779-52ec-6b4c-441c-3f91936d436b" executionId="153a7f91-fdfe-414e-aaa5-5dd0128986c5" testListId="8c84fa94-04c1-424b-9868-57a2d4851a1d" />
    <TestEntry testId="74d6cac9-d4d3-9019-d46c-df65dffe4326" executionId="a61f13f1-827f-413d-8e68-317d28c40986" testListId="8c84fa94-04c1-424b-9868-57a2d4851a1d" />
    <TestEntry testId="932006bf-cc9a-1649-4dd2-a8c07ced02bd" executionId="8c4ef42e-43e2-468a-b3d5-13f1c958938c" testListId="8c84fa94-04c1-424b-9868-57a2d4851a1d" />
    <TestEntry testId="5f9ff485-80f0-1581-b8ce-68cc871f9745" executionId="89a8b762-7149-4e3d-bd8a-8be3b4354842" testListId="8c84fa94-04c1-424b-9868-57a2d4851a1d" />
    <TestEntry testId="48bc984d-60b1-5ee3-4b43-c5b6d211c605" executionId="7cf63cb7-1236-47eb-8298-849b26e16543" testListId="8c84fa94-04c1-424b-9868-57a2d4851a1d" />
    <TestEntry testId="30f09404-202f-bb57-b42e-01014a3c37b8" executionId="c8203e64-476c-41db-8b5f-5313dfd2ae73" testListId="8c84fa94-04c1-424b-9868-57a2d4851a1d" />
    <TestEntry testId="21de355f-3cde-a82e-6834-b7b2ac5c48b4" executionId="623c3a8f-89ec-4178-ae04-6c6651005822" testListId="8c84fa94-04c1-424b-9868-57a2d4851a1d" />
    <TestEntry testId="a53d656d-e53c-fdfe-17c9-53dd52253f82" executionId="442e989c-667e-4166-a76c-6092adb030e6" testListId="8c84fa94-04c1-424b-9868-57a2d4851a1d" />
    <TestEntry testId="f3643685-0921-c0f8-f8bd-a760364d558c" executionId="66590bd0-6532-4e41-a7ab-0be291c478ab" testListId="8c84fa94-04c1-424b-9868-57a2d4851a1d" />
    <TestEntry testId="9d3ef40d-f455-4981-71a8-7eb112706c75" executionId="94bb0b21-0b1f-42b0-b4ac-becf9e606f10" testListId="8c84fa94-04c1-424b-9868-57a2d4851a1d" />
    <TestEntry testId="232c75a8-2c33-71e1-2cf7-f791edd5ffaf" executionId="69e0aa05-48c3-451c-af32-3ba58612d53e" testListId="8c84fa94-04c1-424b-9868-57a2d4851a1d" />
    <TestEntry testId="c5f604eb-bb73-2ed4-4b97-3223456ec415" executionId="1db53a61-6dc4-4d71-959d-317f8bedabc6" testListId="8c84fa94-04c1-424b-9868-57a2d4851a1d" />
    <TestEntry testId="23883945-af6d-c48a-20a2-7a04c60637c8" executionId="492b044c-d656-4d22-8c36-bffdf1a53e19" testListId="8c84fa94-04c1-424b-9868-57a2d4851a1d" />
    <TestEntry testId="bd72cabd-0ddc-9517-5a13-70031cc0d420" executionId="76bafeb5-7c46-46c7-ad47-45de10e358bf" testListId="8c84fa94-04c1-424b-9868-57a2d4851a1d" />
    <TestEntry testId="5cd02d0c-c30c-d1d5-c21e-60ac4b27c097" executionId="422dcd4c-2448-442d-ae88-d0778f3cd3ed" testListId="8c84fa94-04c1-424b-9868-57a2d4851a1d" />
    <TestEntry testId="8eeca9a8-568d-a203-d287-a4d2eed3e1dd" executionId="c0b4d1f2-bd40-4129-8bd3-f7f90105f52d" testListId="8c84fa94-04c1-424b-9868-57a2d4851a1d" />
    <TestEntry testId="14c76d6e-baba-abce-271f-bb53095ef8bb" executionId="30cc77a1-7b18-463a-8277-8c5cca228a41" testListId="8c84fa94-04c1-424b-9868-57a2d4851a1d" />
    <TestEntry testId="4241b6d4-e9df-72e9-77ef-f7714add0b73" executionId="c999d5b5-e3af-4766-890b-0ee6f93989f0" testListId="8c84fa94-04c1-424b-9868-57a2d4851a1d" />
    <TestEntry testId="60eb9c3d-cd29-58bd-5b44-c89d0731a54a" executionId="b565b088-ce96-493c-b203-ac721fc12097" testListId="8c84fa94-04c1-424b-9868-57a2d4851a1d" />
    <TestEntry testId="c34a7e0d-9fce-cfdd-4a03-172f1b719315" executionId="d5bcfe08-3e03-4443-ab85-600cb56ea174" testListId="8c84fa94-04c1-424b-9868-57a2d4851a1d" />
    <TestEntry testId="b0b5b9af-8fcb-9aa2-b576-ea724fced88f" executionId="5c32286f-bcd7-4183-baa8-a7f2c583c1bc" testListId="8c84fa94-04c1-424b-9868-57a2d4851a1d" />
    <TestEntry testId="e0382ce5-6740-35b3-fff5-be32133f4b54" executionId="c151d61b-d6c5-464c-b14e-579b80a28f5d" testListId="8c84fa94-04c1-424b-9868-57a2d4851a1d" />
    <TestEntry testId="96895812-5ec4-e95c-f82b-714f21329505" executionId="2858ed65-63eb-4559-8bcf-386b158b80cb" testListId="8c84fa94-04c1-424b-9868-57a2d4851a1d" />
    <TestEntry testId="3ebf47cf-4127-1f1d-d58e-0bdf47316ea3" executionId="e550ed0e-f4c4-4e63-a22e-0616f0f0bc85" testListId="8c84fa94-04c1-424b-9868-57a2d4851a1d" />
    <TestEntry testId="36411a89-5ee3-acf1-7ac9-7780454d7007" executionId="2b340f6c-e3d7-4d61-82a3-a0447c85fd1c" testListId="8c84fa94-04c1-424b-9868-57a2d4851a1d" />
    <TestEntry testId="32dd6141-e873-31bc-2141-154b736f81ed" executionId="2c3f9917-955e-470f-9f0e-effcfb1493e5" testListId="8c84fa94-04c1-424b-9868-57a2d4851a1d" />
    <TestEntry testId="371a4fb2-1529-7925-ea1a-b6ea6249a33b" executionId="1c7a1fb0-7511-444d-97a8-bc21f3bba43b" testListId="8c84fa94-04c1-424b-9868-57a2d4851a1d" />
    <TestEntry testId="09c838a6-25f6-fa3c-1eab-ebb143fae11f" executionId="c161933b-5218-4cd4-9b5e-23b1a6117d28" testListId="8c84fa94-04c1-424b-9868-57a2d4851a1d" />
    <TestEntry testId="d1cdae68-9615-5a15-fb7e-17feabe3919f" executionId="c7d1e727-7c0a-4a9f-8b8e-d29fdcc993a5" testListId="8c84fa94-04c1-424b-9868-57a2d4851a1d" />
    <TestEntry testId="2f70dbba-5fa6-6c2a-feef-1fb1c7241241" executionId="933ef45a-2378-4d59-9e79-7ddfdd45efaf" testListId="8c84fa94-04c1-424b-9868-57a2d4851a1d" />
    <TestEntry testId="17c0ccb2-7906-7e39-90cb-848a59e82687" executionId="35a4a241-b9fc-4492-8503-9bd2da260d37" testListId="8c84fa94-04c1-424b-9868-57a2d4851a1d" />
    <TestEntry testId="d045baa8-d6d4-4e92-c213-e7d3aa09150a" executionId="ba41013e-26f9-4f19-8db1-fe243fb4ad8d" testListId="8c84fa94-04c1-424b-9868-57a2d4851a1d" />
    <TestEntry testId="9abef8b5-33da-680e-a9bc-a83df0477c5d" executionId="da070337-a63b-4412-9ff6-a37b80528d58" testListId="8c84fa94-04c1-424b-9868-57a2d4851a1d" />
    <TestEntry testId="083d22d7-fcb7-fbb5-cd62-3b304677a5ce" executionId="6e897481-c8e1-4f59-956f-f31b4b8df933" testListId="8c84fa94-04c1-424b-9868-57a2d4851a1d" />
    <TestEntry testId="23e952be-43ac-69f6-e773-dec25ec58275" executionId="e691d904-e418-4c7c-967a-5a854d923b35" testListId="8c84fa94-04c1-424b-9868-57a2d4851a1d" />
    <TestEntry testId="a55ea7c9-eabb-9207-ac1a-8e11aa747df4" executionId="b0f10726-11fc-4cf8-bab0-307866d492dc" testListId="8c84fa94-04c1-424b-9868-57a2d4851a1d" />
    <TestEntry testId="77e10824-1cca-c689-50b2-ed0e80430907" executionId="8271a830-c689-4ae2-b829-405ea3b464e9" testListId="8c84fa94-04c1-424b-9868-57a2d4851a1d" />
    <TestEntry testId="42431ad3-b2fa-3a89-f07f-b02ce47f85e3" executionId="e43f85c5-aa0d-49bb-aca9-f63cc66eb00e" testListId="8c84fa94-04c1-424b-9868-57a2d4851a1d" />
    <TestEntry testId="2ee5ec05-43c5-a370-94e2-7ce68113ecd3" executionId="3c297062-6a89-4db9-9d63-ed7d24fdd61d" testListId="8c84fa94-04c1-424b-9868-57a2d4851a1d" />
    <TestEntry testId="72f264a5-7de2-336c-60e6-b904b0cc1eea" executionId="48371d51-bd38-4f45-bde9-0317cf5c8023" testListId="8c84fa94-04c1-424b-9868-57a2d4851a1d" />
    <TestEntry testId="e4ab14aa-1429-271f-5b09-0f8f32eeab9a" executionId="d76985ad-7d33-4bf5-a51f-e6055cd48f4e" testListId="8c84fa94-04c1-424b-9868-57a2d4851a1d" />
    <TestEntry testId="3a6c85dc-ff2e-cb74-a68e-e4c4f59a65bd" executionId="82898e24-605a-4c1f-9db3-948ebaaf3bd4" testListId="8c84fa94-04c1-424b-9868-57a2d4851a1d" />
    <TestEntry testId="fc573d78-4d31-4cef-4a5f-301b8eb35a18" executionId="50a2dc63-23fc-40e8-92a7-48dcfcde169b" testListId="8c84fa94-04c1-424b-9868-57a2d4851a1d" />
    <TestEntry testId="52f2ba69-e8af-366e-fa05-7e9d58be5419" executionId="c8dca27d-8b25-45a5-879d-1ee5b0c7d916" testListId="8c84fa94-04c1-424b-9868-57a2d4851a1d" />
    <TestEntry testId="d3f09b35-b610-a3b7-aac9-aa4bbf66fea6" executionId="7c478680-5fcc-455e-b835-75f7aed2a05a" testListId="8c84fa94-04c1-424b-9868-57a2d4851a1d" />
    <TestEntry testId="93e1a339-56ec-6a9a-cc36-ee3412430608" executionId="0ea781c2-94d4-4553-8e5e-1ddae4cba399" testListId="8c84fa94-04c1-424b-9868-57a2d4851a1d" />
    <TestEntry testId="f0bdd7dd-7cef-1459-6d80-5f06a72cf810" executionId="03ba86b7-2664-4cb3-98e1-703fc62a0e8f" testListId="8c84fa94-04c1-424b-9868-57a2d4851a1d" />
    <TestEntry testId="c4cd8056-c9ff-caf6-98af-4ccd1972a29a" executionId="426e4b7f-e455-4f34-a10d-b9ed717b9718" testListId="8c84fa94-04c1-424b-9868-57a2d4851a1d" />
    <TestEntry testId="d6f0928c-7367-b459-6ff5-32ca0241f57e" executionId="a65fd6fd-e5fa-4bca-9f7a-15f700b1e0d4" testListId="8c84fa94-04c1-424b-9868-57a2d4851a1d" />
    <TestEntry testId="212fceb0-e09b-bfef-a8c4-50fb8b97b08a" executionId="e7176d72-80a6-4860-bb39-7cc6abb3cf41" testListId="8c84fa94-04c1-424b-9868-57a2d4851a1d" />
  </TestEntries>
  <Results>
    <UnitTestResult executionId="acd1ac79-0843-4100-8a0c-e89200861f39" testId="d0ddb7c1-ff4a-b3fe-6f4c-174f7a2fe81e" testName="TestUpdate" computerName="TW1FTENVY" duration="00:00:00.0552314" startTime="2014-04-28T12:14:20.6787644-05:00" endTime="2014-04-28T12:14:21.3032070-05:00" testType="13cdc9d9-ddb5-4fa4-a97d-d965ccfc6d4b" outcome="Passed" testListId="8c84fa94-04c1-424b-9868-57a2d4851a1d" relativeResultsDirectory="acd1ac79-0843-4100-8a0c-e89200861f39">
    </UnitTestResult>
    <UnitTestResult executionId="957c0567-d6bf-4f88-9041-2b1ce3aa06d9" testId="f92b1b75-bfbf-8087-5727-33e690da2f7f" testName="TestUpdateEventEquality" computerName="TW1FTENVY" duration="00:00:00.0002510" startTime="2014-04-28T12:14:21.3272262-05:00" endTime="2014-04-28T12:14:21.3302360-05:00" testType="13cdc9d9-ddb5-4fa4-a97d-d965ccfc6d4b" outcome="Passed" testListId="8c84fa94-04c1-424b-9868-57a2d4851a1d" relativeResultsDirectory="957c0567-d6bf-4f88-9041-2b1ce3aa06d9">
    </UnitTestResult>
    <UnitTestResult executionId="be054335-b522-40f2-aa59-3c1ac756622b" testId="7e5b7cb7-b731-5fcc-3da1-9df84dfa3118" testName="TestUpdateEventInequality" computerName="TW1FTENVY" duration="00:00:00.0002476" startTime="2014-04-28T12:14:21.3342286-05:00" endTime="2014-04-28T12:14:21.3372311-05:00" testType="13cdc9d9-ddb5-4fa4-a97d-d965ccfc6d4b" outcome="Passed" testListId="8c84fa94-04c1-424b-9868-57a2d4851a1d" relativeResultsDirectory="be054335-b522-40f2-aa59-3c1ac756622b">
    </UnitTestResult>
    <UnitTestResult executionId="92821ce2-90bf-42a1-9f4a-de98571d3329" testId="87ab6c4b-2e53-ad24-94d0-e1500744f03c" testName="TestGetRandomQuestion" computerName="TW1FTENVY" duration="00:00:00.6119683" startTime="2014-04-28T12:14:21.3412335-05:00" endTime="2014-04-28T12:14:21.9567172-05:00" testType="13cdc9d9-ddb5-4fa4-a97d-d965ccfc6d4b" outcome="Passed" testListId="8c84fa94-04c1-424b-9868-57a2d4851a1d" relativeResultsDirectory="92821ce2-90bf-42a1-9f4a-de98571d3329">
    </UnitTestResult>
    <UnitTestResult executionId="abf4feda-97db-4590-adc0-32713303318f" testId="0177b86e-d5fa-cf5b-7ea6-a50aa23a1f27" testName="TestGetRandomMusicQuestion" computerName="TW1FTENVY" duration="00:00:00.5860782" startTime="2014-04-28T12:14:21.9607077-05:00" endTime="2014-04-28T12:14:22.5491654-05:00" testType="13cdc9d9-ddb5-4fa4-a97d-d965ccfc6d4b" outcome="Passed" testListId="8c84fa94-04c1-424b-9868-57a2d4851a1d" relativeResultsDirectory="abf4feda-97db-4590-adc0-32713303318f">
    </UnitTestResult>
    <UnitTestResult executionId="cb79d56a-156b-4269-9ad6-ab8e052e28ad" testId="604165a1-c7e2-e583-c8fc-41ba1842763f" testName="TestGetRandomImageQuestion" computerName="TW1FTENVY" duration="00:00:00.6693842" startTime="2014-04-28T12:14:22.5541694-05:00" endTime="2014-04-28T12:14:23.2256829-05:00" testType="13cdc9d9-ddb5-4fa4-a97d-d965ccfc6d4b" outcome="Passed" testListId="8c84fa94-04c1-424b-9868-57a2d4851a1d" relativeResultsDirectory="cb79d56a-156b-4269-9ad6-ab8e052e28ad">
    </UnitTestResult>
    <UnitTestResult executionId="930a2332-091a-43d0-b36b-9daea616b6d0" testId="35fdcf18-0be3-5a33-49ea-9deec449ce72" testName="testInitialize" computerName="TW1FTENVY" duration="00:00:00.0011255" startTime="2014-04-28T12:14:23.2306869-05:00" endTime="2014-04-28T12:14:23.2346897-05:00" testType="13cdc9d9-ddb5-4fa4-a97d-d965ccfc6d4b" outcome="Passed" testListId="8c84fa94-04c1-424b-9868-57a2d4851a1d" relativeResultsDirectory="930a2332-091a-43d0-b36b-9daea616b6d0">
    </UnitTestResult>
    <UnitTestResult executionId="15e6e9ae-698d-4523-b0cc-eafffe9223b8" testId="c633b636-e73d-6a16-4a3c-3a2d73d1a317" testName="testAnswerChoices" computerName="TW1FTENVY" duration="00:00:00.0065888" startTime="2014-04-28T12:14:23.2386934-05:00" endTime="2014-04-28T12:14:23.2476998-05:00" testType="13cdc9d9-ddb5-4fa4-a97d-d965ccfc6d4b" outcome="Passed" testListId="8c84fa94-04c1-424b-9868-57a2d4851a1d" relativeResultsDirectory="15e6e9ae-698d-4523-b0cc-eafffe9223b8">
      <Output>
        <StdOut>Green</StdOut>
      </Output>
    </UnitTestResult>
    <UnitTestResult executionId="dfec2a02-05d8-40c2-9eba-9fc065a0e6a4" testId="a9a9f0f1-8a6b-9673-3b72-bfc82b22d458" testName="TestCategory" computerName="TW1FTENVY" duration="00:00:00.5903624" startTime="2014-04-28T12:14:23.2527038-05:00" endTime="2014-04-28T12:14:23.8451331-05:00" testType="13cdc9d9-ddb5-4fa4-a97d-d965ccfc6d4b" outcome="Passed" testListId="8c84fa94-04c1-424b-9868-57a2d4851a1d" relativeResultsDirectory="dfec2a02-05d8-40c2-9eba-9fc065a0e6a4">
    </UnitTestResult>
    <UnitTestResult executionId="13938566-7019-4af6-8fc2-df57ee9db459" testId="3e6d226b-4bb5-5427-0a53-d601701ece07" testName="testGetRand" computerName="TW1FTENVY" duration="00:00:00.7287771" startTime="2014-04-28T12:14:23.8501443-05:00" endTime="2014-04-28T12:14:24.5816718-05:00" testType="13cdc9d9-ddb5-4fa4-a97d-d965ccfc6d4b" outcome="Passed" testListId="8c84fa94-04c1-424b-9868-57a2d4851a1d" relativeResultsDirectory="13938566-7019-4af6-8fc2-df57ee9db459">
    </UnitTestResult>
    <UnitTestResult executionId="643eb810-348e-4097-9fb8-d583c86f7766" testId="957b084a-82f1-c373-da0f-c9ece73ff22b" testName="TestGetCurrentNumPlayers1" computerName="TW1FTENVY" duration="00:00:00.0014741" startTime="2014-04-28T12:14:24.5856750-05:00" endTime="2014-04-28T12:14:24.5906790-05:00" testType="13cdc9d9-ddb5-4fa4-a97d-d965ccfc6d4b" outcome="Passed" testListId="8c84fa94-04c1-424b-9868-57a2d4851a1d" relativeResultsDirectory="643eb810-348e-4097-9fb8-d583c86f7766">
    </UnitTestResult>
    <UnitTestResult executionId="6bcd670f-5ed8-46fb-ace0-63fe91ac6adc" testId="a99a0acb-4556-0740-9f3d-fecb7b1ed1f8" testName="TestGetCurrentNumPlayers2" computerName="TW1FTENVY" duration="00:00:00.0003369" startTime="2014-04-28T12:14:24.5966892-05:00" endTime="2014-04-28T12:14:24.6006856-05:00" testType="13cdc9d9-ddb5-4fa4-a97d-d965ccfc6d4b" outcome="Passed" testListId="8c84fa94-04c1-424b-9868-57a2d4851a1d" relativeResultsDirectory="6bcd670f-5ed8-46fb-ace0-63fe91ac6adc">
    </UnitTestResult>
    <UnitTestResult executionId="59d478ee-1480-4cc5-8e05-124ee3deb906" testId="b0f5a7d2-2c31-4fb3-e775-c49bc4094186" testName="TestGetCurrentNumPlayers3" computerName="TW1FTENVY" duration="00:00:00.0001774" startTime="2014-04-28T12:14:24.6056905-05:00" endTime="2014-04-28T12:14:24.6086926-05:00" testType="13cdc9d9-ddb5-4fa4-a97d-d965ccfc6d4b" outcome="Passed" testListId="8c84fa94-04c1-424b-9868-57a2d4851a1d" relativeResultsDirectory="59d478ee-1480-4cc5-8e05-124ee3deb906">
    </UnitTestResult>
    <UnitTestResult executionId="a1ae086e-062d-4193-8487-5baaea57b968" testId="47b57d83-2c08-99b9-f3b1-14d4cde9b1e8" testName="TestGetCurrentNumPlayers4" computerName="TW1FTENVY" duration="00:00:00.0001791" startTime="2014-04-28T12:14:24.6136953-05:00" endTime="2014-04-28T12:14:24.6156958-05:00" testType="13cdc9d9-ddb5-4fa4-a97d-d965ccfc6d4b" outcome="Passed" testListId="8c84fa94-04c1-424b-9868-57a2d4851a1d" relativeResultsDirectory="a1ae086e-062d-4193-8487-5baaea57b968">
    </UnitTestResult>
    <UnitTestResult executionId="629badde-999e-47f0-9b44-3c537b3db1cc" testId="7da4a519-5129-89a7-3d39-c6df56ad0742" testName="TestGetCurrentNumPlayers5" computerName="TW1FTENVY" duration="00:00:00.0001753" startTime="2014-04-28T12:14:24.6196991-05:00" endTime="2014-04-28T12:14:24.6227004-05:00" testType="13cdc9d9-ddb5-4fa4-a97d-d965ccfc6d4b" outcome="Passed" testListId="8c84fa94-04c1-424b-9868-57a2d4851a1d" relativeResultsDirectory="629badde-999e-47f0-9b44-3c537b3db1cc">
    </UnitTestResult>
    <UnitTestResult executionId="ec3959a4-75a9-441c-a70b-074816e82b55" testId="4b07ec87-2578-4a11-af32-e14de6fedfb0" testName="TestGetCurrentNumPlayers6" computerName="TW1FTENVY" duration="00:00:00.0001877" startTime="2014-04-28T12:14:24.6267045-05:00" endTime="2014-04-28T12:14:24.6297053-05:00" testType="13cdc9d9-ddb5-4fa4-a97d-d965ccfc6d4b" outcome="Passed" testListId="8c84fa94-04c1-424b-9868-57a2d4851a1d" relativeResultsDirectory="ec3959a4-75a9-441c-a70b-074816e82b55">
    </UnitTestResult>
    <UnitTestResult executionId="f95a6f9d-6cd0-49fb-afa9-ef16c2e42dd5" testId="f7fd56b8-376d-ce9f-bfd5-273500f7ad17" testName="TestNumPlayersParameter" computerName="TW1FTENVY" duration="00:00:00.0098467" startTime="2014-04-28T12:14:24.6337086-05:00" endTime="2014-04-28T12:14:24.6457167-05:00" testType="13cdc9d9-ddb5-4fa4-a97d-d965ccfc6d4b" outcome="Passed" testListId="8c84fa94-04c1-424b-9868-57a2d4851a1d" relativeResultsDirectory="f95a6f9d-6cd0-49fb-afa9-ef16c2e42dd5">
    </UnitTestResult>
    <UnitTestResult executionId="d638ab05-e3ee-41af-86e0-dc4561495cc2" testId="3afc1bea-bfbf-3c8e-8104-72a764af8b32" testName="TestGetCurrentCategory1" computerName="TW1FTENVY" duration="00:00:00.0002843" startTime="2014-04-28T12:14:24.6507215-05:00" endTime="2014-04-28T12:14:24.6537223-05:00" testType="13cdc9d9-ddb5-4fa4-a97d-d965ccfc6d4b" outcome="Passed" testListId="8c84fa94-04c1-424b-9868-57a2d4851a1d" relativeResultsDirectory="d638ab05-e3ee-41af-86e0-dc4561495cc2">
    </UnitTestResult>
    <UnitTestResult executionId="fab19819-8e19-4091-bf48-9ab1c44a50c3" testId="f1fc9670-606b-c73a-b756-bddec5b37878" testName="TestGetCurrentCategory2" computerName="TW1FTENVY" duration="00:00:00.0002446" startTime="2014-04-28T12:14:24.6577256-05:00" endTime="2014-04-28T12:14:24.6607277-05:00" testType="13cdc9d9-ddb5-4fa4-a97d-d965ccfc6d4b" outcome="Passed" testListId="8c84fa94-04c1-424b-9868-57a2d4851a1d" relativeResultsDirectory="fab19819-8e19-4091-bf48-9ab1c44a50c3">
    </UnitTestResult>
    <UnitTestResult executionId="f8851d27-c626-44a8-a149-cbec737ab12f" testId="6d90f370-9d6b-db58-3da4-8603bcc06965" testName="TestGetCurrentCategory3" computerName="TW1FTENVY" duration="00:00:00.0002065" startTime="2014-04-28T12:14:24.6647306-05:00" endTime="2014-04-28T12:14:24.6687343-05:00" testType="13cdc9d9-ddb5-4fa4-a97d-d965ccfc6d4b" outcome="Passed" testListId="8c84fa94-04c1-424b-9868-57a2d4851a1d" relativeResultsDirectory="f8851d27-c626-44a8-a149-cbec737ab12f">
    </UnitTestResult>
    <UnitTestResult executionId="346bb6f7-449d-4f74-a0d4-06927389c003" testId="0981af74-4ce1-6ad4-aeb6-cf0728ecf654" testName="TestGetCurrentCategory4" computerName="TW1FTENVY" duration="00:00:00.0002446" startTime="2014-04-28T12:14:24.7688038-05:00" endTime="2014-04-28T12:14:24.7728084-05:00" testType="13cdc9d9-ddb5-4fa4-a97d-d965ccfc6d4b" outcome="Passed" testListId="8c84fa94-04c1-424b-9868-57a2d4851a1d" relativeResultsDirectory="346bb6f7-449d-4f74-a0d4-06927389c003">
    </UnitTestResult>
    <UnitTestResult executionId="fe441d47-a32b-48c2-9376-d0bdf8c99739" testId="dbf1d0a3-6fa9-ebb2-2c02-e59981d64ed1" testName="TestGetCurrentCategory5" computerName="TW1FTENVY" duration="00:00:00.0001727" startTime="2014-04-28T12:14:24.7778102-05:00" endTime="2014-04-28T12:14:24.7808128-05:00" testType="13cdc9d9-ddb5-4fa4-a97d-d965ccfc6d4b" outcome="Passed" testListId="8c84fa94-04c1-424b-9868-57a2d4851a1d" relativeResultsDirectory="fe441d47-a32b-48c2-9376-d0bdf8c99739">
    </UnitTestResult>
    <UnitTestResult executionId="2963c8ea-0c21-45ac-a797-a6fd09b236b5" testId="d22d02ed-bb5c-57c7-bac8-2a4213191ea2" testName="TestGetCurrentCategory6" computerName="TW1FTENVY" duration="00:00:00.0002433" startTime="2014-04-28T12:14:24.7858163-05:00" endTime="2014-04-28T12:14:24.7888180-05:00" testType="13cdc9d9-ddb5-4fa4-a97d-d965ccfc6d4b" outcome="Passed" testListId="8c84fa94-04c1-424b-9868-57a2d4851a1d" relativeResultsDirectory="2963c8ea-0c21-45ac-a797-a6fd09b236b5">
    </UnitTestResult>
    <UnitTestResult executionId="aa31a935-bff1-4d73-8833-ca2d7f89f160" testId="ff82c0df-2a18-5756-6f34-2753161d947c" testName="TestCategoryParameter" computerName="TW1FTENVY" duration="00:00:00.0007501" startTime="2014-04-28T12:14:24.7938228-05:00" endTime="2014-04-28T12:14:24.7978265-05:00" testType="13cdc9d9-ddb5-4fa4-a97d-d965ccfc6d4b" outcome="Passed" testListId="8c84fa94-04c1-424b-9868-57a2d4851a1d" relativeResultsDirectory="aa31a935-bff1-4d73-8833-ca2d7f89f160">
    </UnitTestResult>
    <UnitTestResult executionId="a2a6e5c3-b5b1-4230-87b8-b70557d2bde3" testId="fc6917c6-2e73-f40a-5bb6-252957ae3d5b" testName="TestGetLeftArrow" computerName="TW1FTENVY" duration="00:00:00.0003613" startTime="2014-04-28T12:14:24.8028284-05:00" endTime="2014-04-28T12:14:24.8078315-05:00" testType="13cdc9d9-ddb5-4fa4-a97d-d965ccfc6d4b" outcome="Passed" testListId="8c84fa94-04c1-424b-9868-57a2d4851a1d" relativeResultsDirectory="a2a6e5c3-b5b1-4230-87b8-b70557d2bde3">
    </UnitTestResult>
    <UnitTestResult executionId="4421a72c-25be-4bac-aa0f-0bdd895f4f4e" testId="dee46b0c-2f9d-52fc-c7b4-b5b58ca85be6" testName="TestGetRightArrow" computerName="TW1FTENVY" duration="00:00:00.0002326" startTime="2014-04-28T12:14:24.8128350-05:00" endTime="2014-04-28T12:14:24.8158367-05:00" testType="13cdc9d9-ddb5-4fa4-a97d-d965ccfc6d4b" outcome="Passed" testListId="8c84fa94-04c1-424b-9868-57a2d4851a1d" relativeResultsDirectory="4421a72c-25be-4bac-aa0f-0bdd895f4f4e">
    </UnitTestResult>
    <UnitTestResult executionId="8d48a544-00ec-4728-a3fd-9b968497df70" testId="11377ad6-2ba2-43a8-dd79-0dcabe15a502" testName="TestLeftArrowParameter" computerName="TW1FTENVY" duration="00:00:00.0011512" startTime="2014-04-28T12:14:24.8198404-05:00" endTime="2014-04-28T12:14:24.8228421-05:00" testType="13cdc9d9-ddb5-4fa4-a97d-d965ccfc6d4b" outcome="Passed" testListId="8c84fa94-04c1-424b-9868-57a2d4851a1d" relativeResultsDirectory="8d48a544-00ec-4728-a3fd-9b968497df70">
    </UnitTestResult>
    <UnitTestResult executionId="34c7e040-8371-4b37-9d8b-68812cef9dc5" testId="11996059-0c5c-2a07-3fc2-f275c1d824a3" testName="TestRightArrowParameter" computerName="TW1FTENVY" duration="00:00:06.3420995" startTime="2014-04-28T12:14:24.8278461-05:00" endTime="2014-04-28T12:14:31.1699456-05:00" testType="13cdc9d9-ddb5-4fa4-a97d-d965ccfc6d4b" outcome="Aborted" testListId="8c84fa94-04c1-424b-9868-57a2d4851a1d" relativeResultsDirectory="34c7e040-8371-4b37-9d8b-68812cef9dc5">
    </UnitTestResult>
    <UnitTestResult executionId="b9aab973-3915-4be4-95cc-723602333dd4" testId="adf1bbe7-f955-f1aa-c051-332a545e94e4" testName="StartGameTest1" computerName="TW1FTENVY" testType="13cdc9d9-ddb5-4fa4-a97d-d965ccfc6d4b" outcome="NotExecuted" testListId="8c84fa94-04c1-424b-9868-57a2d4851a1d" relativeResultsDirectory="b9aab973-3915-4be4-95cc-723602333dd4">
    </UnitTestResult>
    <UnitTestResult executionId="a198ed1a-9c9a-4dd1-b856-a9c434998ffe" testId="8e77a49e-1ebb-33d0-321e-b1c7c45a8fa3" testName="StartGameTest2" computerName="TW1FTENVY" testType="13cdc9d9-ddb5-4fa4-a97d-d965ccfc6d4b" outcome="NotExecuted" testListId="8c84fa94-04c1-424b-9868-57a2d4851a1d" relativeResultsDirectory="a198ed1a-9c9a-4dd1-b856-a9c434998ffe">
    </UnitTestResult>
    <UnitTestResult executionId="22f4cdd9-2a5f-4614-b42c-0852dc4d273b" testId="f9111be2-692d-3115-bf32-066358fe44cb" testName="TestGetBoardSize1" computerName="TW1FTENVY" testType="13cdc9d9-ddb5-4fa4-a97d-d965ccfc6d4b" outcome="NotExecuted" testListId="8c84fa94-04c1-424b-9868-57a2d4851a1d" relativeResultsDirectory="22f4cdd9-2a5f-4614-b42c-0852dc4d273b">
    </UnitTestResult>
    <UnitTestResult executionId="665eac55-e523-46f4-8604-967721d5cc23" testId="a3e23a53-836c-f0a0-4539-3cd1030ad8d1" testName="TestGetBoardSize2" computerName="TW1FTENVY" testType="13cdc9d9-ddb5-4fa4-a97d-d965ccfc6d4b" outcome="NotExecuted" testListId="8c84fa94-04c1-424b-9868-57a2d4851a1d" relativeResultsDirectory="665eac55-e523-46f4-8604-967721d5cc23">
    </UnitTestResult>
    <UnitTestResult executionId="8f4c668c-532f-453f-9b66-61c4b3e0e0e6" testId="b74f4fc9-56a5-f718-302b-ba5969de4238" testName="TestGetBoardSize3" computerName="TW1FTENVY" testType="13cdc9d9-ddb5-4fa4-a97d-d965ccfc6d4b" outcome="NotExecuted" testListId="8c84fa94-04c1-424b-9868-57a2d4851a1d" relativeResultsDirectory="8f4c668c-532f-453f-9b66-61c4b3e0e0e6">
    </UnitTestResult>
    <UnitTestResult executionId="e1ceedea-bb42-41ca-89b9-d90ebc4a463c" testId="55771050-855f-bf13-de6b-1bf275f5c231" testName="TestGetBoardSize4" computerName="TW1FTENVY" testType="13cdc9d9-ddb5-4fa4-a97d-d965ccfc6d4b" outcome="NotExecuted" testListId="8c84fa94-04c1-424b-9868-57a2d4851a1d" relativeResultsDirectory="e1ceedea-bb42-41ca-89b9-d90ebc4a463c">
    </UnitTestResult>
    <UnitTestResult executionId="e02c50ea-b664-4ea5-b4b1-2e8b1e4ebb98" testId="11827a33-623c-6e19-e7cf-cc3c3122d686" testName="TestGetBoardSize5" computerName="TW1FTENVY" testType="13cdc9d9-ddb5-4fa4-a97d-d965ccfc6d4b" outcome="NotExecuted" testListId="8c84fa94-04c1-424b-9868-57a2d4851a1d" relativeResultsDirectory="e02c50ea-b664-4ea5-b4b1-2e8b1e4ebb98">
    </UnitTestResult>
    <UnitTestResult executionId="9f2a6fd0-e847-4145-910f-39e20eb0358b" testId="a10f1aa2-aab3-02b5-5765-dddc67566b50" testName="TestGetBoardSize6" computerName="TW1FTENVY" testType="13cdc9d9-ddb5-4fa4-a97d-d965ccfc6d4b" outcome="NotExecuted" testListId="8c84fa94-04c1-424b-9868-57a2d4851a1d" relativeResultsDirectory="9f2a6fd0-e847-4145-910f-39e20eb0358b">
    </UnitTestResult>
    <UnitTestResult executionId="40220b47-c9c3-475c-8455-7347532d1dba" testId="6f7b0bcf-675c-4d22-135c-fae2d68f56c8" testName="TestBoardSizeParameter" computerName="TW1FTENVY" testType="13cdc9d9-ddb5-4fa4-a97d-d965ccfc6d4b" outcome="NotExecuted" testListId="8c84fa94-04c1-424b-9868-57a2d4851a1d" relativeResultsDirectory="40220b47-c9c3-475c-8455-7347532d1dba">
    </UnitTestResult>
    <UnitTestResult executionId="128fa758-9933-4ff9-9f0d-2ad818f65325" testId="a1aa5338-462d-e2e2-e2ea-4adcd906fb81" testName="TestGetBoardType1" computerName="TW1FTENVY" testType="13cdc9d9-ddb5-4fa4-a97d-d965ccfc6d4b" outcome="NotExecuted" testListId="8c84fa94-04c1-424b-9868-57a2d4851a1d" relativeResultsDirectory="128fa758-9933-4ff9-9f0d-2ad818f65325">
    </UnitTestResult>
    <UnitTestResult executionId="27503a3d-a969-4242-bafd-7737f091cd77" testId="f954d7aa-0b6b-b16d-b134-a5b7560709e3" testName="TestGetBoardType2" computerName="TW1FTENVY" testType="13cdc9d9-ddb5-4fa4-a97d-d965ccfc6d4b" outcome="NotExecuted" testListId="8c84fa94-04c1-424b-9868-57a2d4851a1d" relativeResultsDirectory="27503a3d-a969-4242-bafd-7737f091cd77">
    </UnitTestResult>
    <UnitTestResult executionId="fb57b168-fde3-4d07-9395-7a4b1d0421f2" testId="218b5b1b-8cf3-9ec8-bd10-43e5d019c394" testName="TestGetBoardType3" computerName="TW1FTENVY" testType="13cdc9d9-ddb5-4fa4-a97d-d965ccfc6d4b" outcome="NotExecuted" testListId="8c84fa94-04c1-424b-9868-57a2d4851a1d" relativeResultsDirectory="fb57b168-fde3-4d07-9395-7a4b1d0421f2">
    </UnitTestResult>
    <UnitTestResult executionId="8aa4c75f-7cf6-401f-8d37-d9218ba94104" testId="b91eb780-0815-88ba-1d7d-693ff26e234c" testName="TestBoardTypeParameter" computerName="TW1FTENVY" testType="13cdc9d9-ddb5-4fa4-a97d-d965ccfc6d4b" outcome="NotExecuted" testListId="8c84fa94-04c1-424b-9868-57a2d4851a1d" relativeResultsDirectory="8aa4c75f-7cf6-401f-8d37-d9218ba94104">
    </UnitTestResult>
    <UnitTestResult executionId="571c7403-3213-45e8-b684-ab19d88ab927" testId="015f6da2-a554-d89e-ee82-ed24b884133e" testName="TestGetTileWeights1" computerName="TW1FTENVY" testType="13cdc9d9-ddb5-4fa4-a97d-d965ccfc6d4b" outcome="NotExecuted" testListId="8c84fa94-04c1-424b-9868-57a2d4851a1d" relativeResultsDirectory="571c7403-3213-45e8-b684-ab19d88ab927">
    </UnitTestResult>
    <UnitTestResult executionId="94713b5a-8f09-49f3-808c-9ebed103c84e" testId="7f53bfc8-5e68-d8fc-378e-e7ac11b91a85" testName="TestGetTileWeights2" computerName="TW1FTENVY" testType="13cdc9d9-ddb5-4fa4-a97d-d965ccfc6d4b" outcome="NotExecuted" testListId="8c84fa94-04c1-424b-9868-57a2d4851a1d" relativeResultsDirectory="94713b5a-8f09-49f3-808c-9ebed103c84e">
    </UnitTestResult>
    <UnitTestResult executionId="de1a5709-13d9-47e0-94cd-0aaed3e9f88d" testId="8729184e-d1e2-354e-e397-7fc211b803fc" testName="TestGetTileWeights3" computerName="TW1FTENVY" testType="13cdc9d9-ddb5-4fa4-a97d-d965ccfc6d4b" outcome="NotExecuted" testListId="8c84fa94-04c1-424b-9868-57a2d4851a1d" relativeResultsDirectory="de1a5709-13d9-47e0-94cd-0aaed3e9f88d">
    </UnitTestResult>
    <UnitTestResult executionId="47ef1c80-658f-470b-bee6-42e272604b09" testId="370fb289-966e-efac-dd35-8a43dfda305e" testName="TestGetTileWeights4" computerName="TW1FTENVY" testType="13cdc9d9-ddb5-4fa4-a97d-d965ccfc6d4b" outcome="NotExecuted" testListId="8c84fa94-04c1-424b-9868-57a2d4851a1d" relativeResultsDirectory="47ef1c80-658f-470b-bee6-42e272604b09">
    </UnitTestResult>
    <UnitTestResult executionId="153a7f91-fdfe-414e-aaa5-5dd0128986c5" testId="39f67779-52ec-6b4c-441c-3f91936d436b" testName="TestGetTileWeights5" computerName="TW1FTENVY" testType="13cdc9d9-ddb5-4fa4-a97d-d965ccfc6d4b" outcome="NotExecuted" testListId="8c84fa94-04c1-424b-9868-57a2d4851a1d" relativeResultsDirectory="153a7f91-fdfe-414e-aaa5-5dd0128986c5">
    </UnitTestResult>
    <UnitTestResult executionId="a61f13f1-827f-413d-8e68-317d28c40986" testId="74d6cac9-d4d3-9019-d46c-df65dffe4326" testName="TestGetTileWeights6" computerName="TW1FTENVY" testType="13cdc9d9-ddb5-4fa4-a97d-d965ccfc6d4b" outcome="NotExecuted" testListId="8c84fa94-04c1-424b-9868-57a2d4851a1d" relativeResultsDirectory="a61f13f1-827f-413d-8e68-317d28c40986">
    </UnitTestResult>
    <UnitTestResult executionId="8c4ef42e-43e2-468a-b3d5-13f1c958938c" testId="932006bf-cc9a-1649-4dd2-a8c07ced02bd" testName="TestQuestionType" computerName="TW1FTENVY" testType="13cdc9d9-ddb5-4fa4-a97d-d965ccfc6d4b" outcome="NotExecuted" testListId="8c84fa94-04c1-424b-9868-57a2d4851a1d" relativeResultsDirectory="8c4ef42e-43e2-468a-b3d5-13f1c958938c">
    </UnitTestResult>
    <UnitTestResult executionId="89a8b762-7149-4e3d-bd8a-8be3b4354842" testId="5f9ff485-80f0-1581-b8ce-68cc871f9745" testName="ResetAttemptsStateTest" computerName="TW1FTENVY" testType="13cdc9d9-ddb5-4fa4-a97d-d965ccfc6d4b" outcome="NotExecuted" testListId="8c84fa94-04c1-424b-9868-57a2d4851a1d" relativeResultsDirectory="89a8b762-7149-4e3d-bd8a-8be3b4354842">
    </UnitTestResult>
    <UnitTestResult executionId="7cf63cb7-1236-47eb-8298-849b26e16543" testId="48bc984d-60b1-5ee3-4b43-c5b6d211c605" testName="TestSum1" computerName="TW1FTENVY" testType="13cdc9d9-ddb5-4fa4-a97d-d965ccfc6d4b" outcome="NotExecuted" testListId="8c84fa94-04c1-424b-9868-57a2d4851a1d" relativeResultsDirectory="7cf63cb7-1236-47eb-8298-849b26e16543">
    </UnitTestResult>
    <UnitTestResult executionId="c8203e64-476c-41db-8b5f-5313dfd2ae73" testId="30f09404-202f-bb57-b42e-01014a3c37b8" testName="TestSum2" computerName="TW1FTENVY" testType="13cdc9d9-ddb5-4fa4-a97d-d965ccfc6d4b" outcome="NotExecuted" testListId="8c84fa94-04c1-424b-9868-57a2d4851a1d" relativeResultsDirectory="c8203e64-476c-41db-8b5f-5313dfd2ae73">
    </UnitTestResult>
    <UnitTestResult executionId="623c3a8f-89ec-4178-ae04-6c6651005822" testId="21de355f-3cde-a82e-6834-b7b2ac5c48b4" testName="TestSum3" computerName="TW1FTENVY" testType="13cdc9d9-ddb5-4fa4-a97d-d965ccfc6d4b" outcome="NotExecuted" testListId="8c84fa94-04c1-424b-9868-57a2d4851a1d" relativeResultsDirectory="623c3a8f-89ec-4178-ae04-6c6651005822">
    </UnitTestResult>
    <UnitTestResult executionId="442e989c-667e-4166-a76c-6092adb030e6" testId="a53d656d-e53c-fdfe-17c9-53dd52253f82" testName="TestSum4" computerName="TW1FTENVY" testType="13cdc9d9-ddb5-4fa4-a97d-d965ccfc6d4b" outcome="NotExecuted" testListId="8c84fa94-04c1-424b-9868-57a2d4851a1d" relativeResultsDirectory="442e989c-667e-4166-a76c-6092adb030e6">
    </UnitTestResult>
    <UnitTestResult executionId="66590bd0-6532-4e41-a7ab-0be291c478ab" testId="f3643685-0921-c0f8-f8bd-a760364d558c" testName="TestSum5" computerName="TW1FTENVY" testType="13cdc9d9-ddb5-4fa4-a97d-d965ccfc6d4b" outcome="NotExecuted" testListId="8c84fa94-04c1-424b-9868-57a2d4851a1d" relativeResultsDirectory="66590bd0-6532-4e41-a7ab-0be291c478ab">
    </UnitTestResult>
    <UnitTestResult executionId="94bb0b21-0b1f-42b0-b4ac-becf9e606f10" testId="9d3ef40d-f455-4981-71a8-7eb112706c75" testName="TestSum6" computerName="TW1FTENVY" testType="13cdc9d9-ddb5-4fa4-a97d-d965ccfc6d4b" outcome="NotExecuted" testListId="8c84fa94-04c1-424b-9868-57a2d4851a1d" relativeResultsDirectory="94bb0b21-0b1f-42b0-b4ac-becf9e606f10">
    </UnitTestResult>
    <UnitTestResult executionId="69e0aa05-48c3-451c-af32-3ba58612d53e" testId="232c75a8-2c33-71e1-2cf7-f791edd5ffaf" testName="TestSum7" computerName="TW1FTENVY" testType="13cdc9d9-ddb5-4fa4-a97d-d965ccfc6d4b" outcome="NotExecuted" testListId="8c84fa94-04c1-424b-9868-57a2d4851a1d" relativeResultsDirectory="69e0aa05-48c3-451c-af32-3ba58612d53e">
    </UnitTestResult>
    <UnitTestResult executionId="1db53a61-6dc4-4d71-959d-317f8bedabc6" testId="c5f604eb-bb73-2ed4-4b97-3223456ec415" testName="PlayerMoveStateTest" computerName="TW1FTENVY" testType="13cdc9d9-ddb5-4fa4-a97d-d965ccfc6d4b" outcome="NotExecuted" testListId="8c84fa94-04c1-424b-9868-57a2d4851a1d" relativeResultsDirectory="1db53a61-6dc4-4d71-959d-317f8bedabc6">
    </UnitTestResult>
    <UnitTestResult executionId="492b044c-d656-4d22-8c36-bffdf1a53e19" testId="23883945-af6d-c48a-20a2-7a04c60637c8" testName="QuestionNotifyCorrectClickTest" computerName="TW1FTENVY" testType="13cdc9d9-ddb5-4fa4-a97d-d965ccfc6d4b" outcome="NotExecuted" testListId="8c84fa94-04c1-424b-9868-57a2d4851a1d" relativeResultsDirectory="492b044c-d656-4d22-8c36-bffdf1a53e19">
    </UnitTestResult>
    <UnitTestResult executionId="76bafeb5-7c46-46c7-ad47-45de10e358bf" testId="bd72cabd-0ddc-9517-5a13-70031cc0d420" testName="QuestionNotifyIncorrectClickTest" computerName="TW1FTENVY" testType="13cdc9d9-ddb5-4fa4-a97d-d965ccfc6d4b" outcome="NotExecuted" testListId="8c84fa94-04c1-424b-9868-57a2d4851a1d" relativeResultsDirectory="76bafeb5-7c46-46c7-ad47-45de10e358bf">
    </UnitTestResult>
    <UnitTestResult executionId="422dcd4c-2448-442d-ae88-d0778f3cd3ed" testId="5cd02d0c-c30c-d1d5-c21e-60ac4b27c097" testName="QuestionNotifyTimedClickTest" computerName="TW1FTENVY" testType="13cdc9d9-ddb5-4fa4-a97d-d965ccfc6d4b" outcome="NotExecuted" testListId="8c84fa94-04c1-424b-9868-57a2d4851a1d" relativeResultsDirectory="422dcd4c-2448-442d-ae88-d0778f3cd3ed">
    </UnitTestResult>
    <UnitTestResult executionId="c0b4d1f2-bd40-4129-8bd3-f7f90105f52d" testId="8eeca9a8-568d-a203-d287-a4d2eed3e1dd" testName="QuestionNotifyTimedOutTest" computerName="TW1FTENVY" testType="13cdc9d9-ddb5-4fa4-a97d-d965ccfc6d4b" outcome="NotExecuted" testListId="8c84fa94-04c1-424b-9868-57a2d4851a1d" relativeResultsDirectory="c0b4d1f2-bd40-4129-8bd3-f7f90105f52d">
    </UnitTestResult>
    <UnitTestResult executionId="30cc77a1-7b18-463a-8277-8c5cca228a41" testId="14c76d6e-baba-abce-271f-bb53095ef8bb" testName="TestPlayerScoreParameter" computerName="TW1FTENVY" testType="13cdc9d9-ddb5-4fa4-a97d-d965ccfc6d4b" outcome="NotExecuted" testListId="8c84fa94-04c1-424b-9868-57a2d4851a1d" relativeResultsDirectory="30cc77a1-7b18-463a-8277-8c5cca228a41">
    </UnitTestResult>
    <UnitTestResult executionId="c999d5b5-e3af-4766-890b-0ee6f93989f0" testId="4241b6d4-e9df-72e9-77ef-f7714add0b73" testName="QuestionNotifyCorrectKeyTest" computerName="TW1FTENVY" testType="13cdc9d9-ddb5-4fa4-a97d-d965ccfc6d4b" outcome="NotExecuted" testListId="8c84fa94-04c1-424b-9868-57a2d4851a1d" relativeResultsDirectory="c999d5b5-e3af-4766-890b-0ee6f93989f0">
    </UnitTestResult>
    <UnitTestResult executionId="b565b088-ce96-493c-b203-ac721fc12097" testId="60eb9c3d-cd29-58bd-5b44-c89d0731a54a" testName="QuestionNotifyIncorrectKeyTest" computerName="TW1FTENVY" testType="13cdc9d9-ddb5-4fa4-a97d-d965ccfc6d4b" outcome="NotExecuted" testListId="8c84fa94-04c1-424b-9868-57a2d4851a1d" relativeResultsDirectory="b565b088-ce96-493c-b203-ac721fc12097">
    </UnitTestResult>
    <UnitTestResult executionId="d5bcfe08-3e03-4443-ab85-600cb56ea174" testId="c34a7e0d-9fce-cfdd-4a03-172f1b719315" testName="QuestionNotifyTimedKeyTest" computerName="TW1FTENVY" testType="13cdc9d9-ddb5-4fa4-a97d-d965ccfc6d4b" outcome="NotExecuted" testListId="8c84fa94-04c1-424b-9868-57a2d4851a1d" relativeResultsDirectory="d5bcfe08-3e03-4443-ab85-600cb56ea174">
    </UnitTestResult>
    <UnitTestResult executionId="5c32286f-bcd7-4183-baa8-a7f2c583c1bc" testId="b0b5b9af-8fcb-9aa2-b576-ea724fced88f" testName="PlayersTest1" computerName="TW1FTENVY" testType="13cdc9d9-ddb5-4fa4-a97d-d965ccfc6d4b" outcome="NotExecuted" testListId="8c84fa94-04c1-424b-9868-57a2d4851a1d" relativeResultsDirectory="5c32286f-bcd7-4183-baa8-a7f2c583c1bc">
    </UnitTestResult>
    <UnitTestResult executionId="c151d61b-d6c5-464c-b14e-579b80a28f5d" testId="e0382ce5-6740-35b3-fff5-be32133f4b54" testName="PlayersTest2" computerName="TW1FTENVY" testType="13cdc9d9-ddb5-4fa4-a97d-d965ccfc6d4b" outcome="NotExecuted" testListId="8c84fa94-04c1-424b-9868-57a2d4851a1d" relativeResultsDirectory="c151d61b-d6c5-464c-b14e-579b80a28f5d">
    </UnitTestResult>
    <UnitTestResult executionId="2858ed65-63eb-4559-8bcf-386b158b80cb" testId="96895812-5ec4-e95c-f82b-714f21329505" testName="PlayerScoreTest" computerName="TW1FTENVY" testType="13cdc9d9-ddb5-4fa4-a97d-d965ccfc6d4b" outcome="NotExecuted" testListId="8c84fa94-04c1-424b-9868-57a2d4851a1d" relativeResultsDirectory="2858ed65-63eb-4559-8bcf-386b158b80cb">
    </UnitTestResult>
    <UnitTestResult executionId="e550ed0e-f4c4-4e63-a22e-0616f0f0bc85" testId="3ebf47cf-4127-1f1d-d58e-0bdf47316ea3" testName="MultiPlayerCorrectScoreTest" computerName="TW1FTENVY" testType="13cdc9d9-ddb5-4fa4-a97d-d965ccfc6d4b" outcome="NotExecuted" testListId="8c84fa94-04c1-424b-9868-57a2d4851a1d" relativeResultsDirectory="e550ed0e-f4c4-4e63-a22e-0616f0f0bc85">
    </UnitTestResult>
    <UnitTestResult executionId="2b340f6c-e3d7-4d61-82a3-a0447c85fd1c" testId="36411a89-5ee3-acf1-7ac9-7780454d7007" testName="MultiPlayerIncorrectScoreTest" computerName="TW1FTENVY" testType="13cdc9d9-ddb5-4fa4-a97d-d965ccfc6d4b" outcome="NotExecuted" testListId="8c84fa94-04c1-424b-9868-57a2d4851a1d" relativeResultsDirectory="2b340f6c-e3d7-4d61-82a3-a0447c85fd1c">
    </UnitTestResult>
    <UnitTestResult executionId="2c3f9917-955e-470f-9f0e-effcfb1493e5" testId="32dd6141-e873-31bc-2141-154b736f81ed" testName="MultiPlayerMultiCorrectScoreTest" computerName="TW1FTENVY" testType="13cdc9d9-ddb5-4fa4-a97d-d965ccfc6d4b" outcome="NotExecuted" testListId="8c84fa94-04c1-424b-9868-57a2d4851a1d" relativeResultsDirectory="2c3f9917-955e-470f-9f0e-effcfb1493e5">
    </UnitTestResult>
    <UnitTestResult executionId="1c7a1fb0-7511-444d-97a8-bc21f3bba43b" testId="371a4fb2-1529-7925-ea1a-b6ea6249a33b" testName="MultiPlayerMultiIncorrectScoreTest" computerName="TW1FTENVY" testType="13cdc9d9-ddb5-4fa4-a97d-d965ccfc6d4b" outcome="NotExecuted" testListId="8c84fa94-04c1-424b-9868-57a2d4851a1d" relativeResultsDirectory="1c7a1fb0-7511-444d-97a8-bc21f3bba43b">
    </UnitTestResult>
    <UnitTestResult executionId="c161933b-5218-4cd4-9b5e-23b1a6117d28" testId="09c838a6-25f6-fa3c-1eab-ebb143fae11f" testName="TwoPlayerSwapTest" computerName="TW1FTENVY" testType="13cdc9d9-ddb5-4fa4-a97d-d965ccfc6d4b" outcome="NotExecuted" testListId="8c84fa94-04c1-424b-9868-57a2d4851a1d" relativeResultsDirectory="c161933b-5218-4cd4-9b5e-23b1a6117d28">
    </UnitTestResult>
    <UnitTestResult executionId="c7d1e727-7c0a-4a9f-8b8e-d29fdcc993a5" testId="d1cdae68-9615-5a15-fb7e-17feabe3919f" testName="BackwardsScoresTest" computerName="TW1FTENVY" testType="13cdc9d9-ddb5-4fa4-a97d-d965ccfc6d4b" outcome="NotExecuted" testListId="8c84fa94-04c1-424b-9868-57a2d4851a1d" relativeResultsDirectory="c7d1e727-7c0a-4a9f-8b8e-d29fdcc993a5">
    </UnitTestResult>
    <UnitTestResult executionId="933ef45a-2378-4d59-9e79-7ddfdd45efaf" testId="2f70dbba-5fa6-6c2a-feef-1fb1c7241241" testName="MixedScoresTest" computerName="TW1FTENVY" testType="13cdc9d9-ddb5-4fa4-a97d-d965ccfc6d4b" outcome="NotExecuted" testListId="8c84fa94-04c1-424b-9868-57a2d4851a1d" relativeResultsDirectory="933ef45a-2378-4d59-9e79-7ddfdd45efaf">
    </UnitTestResult>
    <UnitTestResult executionId="35a4a241-b9fc-4492-8503-9bd2da260d37" testId="17c0ccb2-7906-7e39-90cb-848a59e82687" testName="ChangeCategoryStateTest" computerName="TW1FTENVY" testType="13cdc9d9-ddb5-4fa4-a97d-d965ccfc6d4b" outcome="NotExecuted" testListId="8c84fa94-04c1-424b-9868-57a2d4851a1d" relativeResultsDirectory="35a4a241-b9fc-4492-8503-9bd2da260d37">
    </UnitTestResult>
    <UnitTestResult executionId="ba41013e-26f9-4f19-8db1-fe243fb4ad8d" testId="d045baa8-d6d4-4e92-c213-e7d3aa09150a" testName="RandomSwapStateTest" computerName="TW1FTENVY" testType="13cdc9d9-ddb5-4fa4-a97d-d965ccfc6d4b" outcome="NotExecuted" testListId="8c84fa94-04c1-424b-9868-57a2d4851a1d" relativeResultsDirectory="ba41013e-26f9-4f19-8db1-fe243fb4ad8d">
    </UnitTestResult>
    <UnitTestResult executionId="da070337-a63b-4412-9ff6-a37b80528d58" testId="9abef8b5-33da-680e-a9bc-a83df0477c5d" testName="RandomSwapTestMultiplayerTest" computerName="TW1FTENVY" testType="13cdc9d9-ddb5-4fa4-a97d-d965ccfc6d4b" outcome="NotExecuted" testListId="8c84fa94-04c1-424b-9868-57a2d4851a1d" relativeResultsDirectory="da070337-a63b-4412-9ff6-a37b80528d58">
    </UnitTestResult>
    <UnitTestResult executionId="6e897481-c8e1-4f59-956f-f31b4b8df933" testId="083d22d7-fcb7-fbb5-cd62-3b304677a5ce" testName="KeyIsDownEvent" computerName="TW1FTENVY" testType="13cdc9d9-ddb5-4fa4-a97d-d965ccfc6d4b" outcome="NotExecuted" testListId="8c84fa94-04c1-424b-9868-57a2d4851a1d" relativeResultsDirectory="6e897481-c8e1-4f59-956f-f31b4b8df933">
    </UnitTestResult>
    <UnitTestResult executionId="e691d904-e418-4c7c-967a-5a854d923b35" testId="23e952be-43ac-69f6-e773-dec25ec58275" testName="KeyIsNotDownEvent" computerName="TW1FTENVY" testType="13cdc9d9-ddb5-4fa4-a97d-d965ccfc6d4b" outcome="NotExecuted" testListId="8c84fa94-04c1-424b-9868-57a2d4851a1d" relativeResultsDirectory="e691d904-e418-4c7c-967a-5a854d923b35">
    </UnitTestResult>
    <UnitTestResult executionId="b0f10726-11fc-4cf8-bab0-307866d492dc" testId="a55ea7c9-eabb-9207-ac1a-8e11aa747df4" testName="SkipQuestionStateTest" computerName="TW1FTENVY" testType="13cdc9d9-ddb5-4fa4-a97d-d965ccfc6d4b" outcome="NotExecuted" testListId="8c84fa94-04c1-424b-9868-57a2d4851a1d" relativeResultsDirectory="b0f10726-11fc-4cf8-bab0-307866d492dc">
    </UnitTestResult>
    <UnitTestResult executionId="8271a830-c689-4ae2-b829-405ea3b464e9" testId="77e10824-1cca-c689-50b2-ed0e80430907" testName="TileConstructorTest" computerName="TW1FTENVY" testType="13cdc9d9-ddb5-4fa4-a97d-d965ccfc6d4b" outcome="NotExecuted" testListId="8c84fa94-04c1-424b-9868-57a2d4851a1d" relativeResultsDirectory="8271a830-c689-4ae2-b829-405ea3b464e9">
    </UnitTestResult>
    <UnitTestResult executionId="e43f85c5-aa0d-49bb-aca9-f63cc66eb00e" testId="42431ad3-b2fa-3a89-f07f-b02ce47f85e3" testName="GetSetBoardXTest" computerName="TW1FTENVY" testType="13cdc9d9-ddb5-4fa4-a97d-d965ccfc6d4b" outcome="NotExecuted" testListId="8c84fa94-04c1-424b-9868-57a2d4851a1d" relativeResultsDirectory="e43f85c5-aa0d-49bb-aca9-f63cc66eb00e">
    </UnitTestResult>
    <UnitTestResult executionId="3c297062-6a89-4db9-9d63-ed7d24fdd61d" testId="2ee5ec05-43c5-a370-94e2-7ce68113ecd3" testName="GetSetBoardYTest" computerName="TW1FTENVY" testType="13cdc9d9-ddb5-4fa4-a97d-d965ccfc6d4b" outcome="NotExecuted" testListId="8c84fa94-04c1-424b-9868-57a2d4851a1d" relativeResultsDirectory="3c297062-6a89-4db9-9d63-ed7d24fdd61d">
    </UnitTestResult>
    <UnitTestResult executionId="48371d51-bd38-4f45-bde9-0317cf5c8023" testId="72f264a5-7de2-336c-60e6-b904b0cc1eea" testName="IsAdjacentTest" computerName="TW1FTENVY" testType="13cdc9d9-ddb5-4fa4-a97d-d965ccfc6d4b" outcome="NotExecuted" testListId="8c84fa94-04c1-424b-9868-57a2d4851a1d" relativeResultsDirectory="48371d51-bd38-4f45-bde9-0317cf5c8023">
    </UnitTestResult>
    <UnitTestResult executionId="d76985ad-7d33-4bf5-a51f-e6055cd48f4e" testId="e4ab14aa-1429-271f-5b09-0f8f32eeab9a" testName="TestStandardTile" computerName="TW1FTENVY" testType="13cdc9d9-ddb5-4fa4-a97d-d965ccfc6d4b" outcome="NotExecuted" testListId="8c84fa94-04c1-424b-9868-57a2d4851a1d" relativeResultsDirectory="d76985ad-7d33-4bf5-a51f-e6055cd48f4e">
    </UnitTestResult>
    <UnitTestResult executionId="82898e24-605a-4c1f-9db3-948ebaaf3bd4" testId="3a6c85dc-ff2e-cb74-a68e-e4c4f59a65bd" testName="TestMusicTile" computerName="TW1FTENVY" testType="13cdc9d9-ddb5-4fa4-a97d-d965ccfc6d4b" outcome="NotExecuted" testListId="8c84fa94-04c1-424b-9868-57a2d4851a1d" relativeResultsDirectory="82898e24-605a-4c1f-9db3-948ebaaf3bd4">
    </UnitTestResult>
    <UnitTestResult executionId="50a2dc63-23fc-40e8-92a7-48dcfcde169b" testId="fc573d78-4d31-4cef-4a5f-301b8eb35a18" testName="TestImageTile" computerName="TW1FTENVY" testType="13cdc9d9-ddb5-4fa4-a97d-d965ccfc6d4b" outcome="NotExecuted" testListId="8c84fa94-04c1-424b-9868-57a2d4851a1d" relativeResultsDirectory="50a2dc63-23fc-40e8-92a7-48dcfcde169b">
    </UnitTestResult>
    <UnitTestResult executionId="c8dca27d-8b25-45a5-879d-1ee5b0c7d916" testId="52f2ba69-e8af-366e-fa05-7e9d58be5419" testName="TestDeathTile" computerName="TW1FTENVY" testType="13cdc9d9-ddb5-4fa4-a97d-d965ccfc6d4b" outcome="NotExecuted" testListId="8c84fa94-04c1-424b-9868-57a2d4851a1d" relativeResultsDirectory="c8dca27d-8b25-45a5-879d-1ee5b0c7d916">
    </UnitTestResult>
    <UnitTestResult executionId="7c478680-5fcc-455e-b835-75f7aed2a05a" testId="d3f09b35-b610-a3b7-aac9-aa4bbf66fea6" testName="TestJokerTile" computerName="TW1FTENVY" testType="13cdc9d9-ddb5-4fa4-a97d-d965ccfc6d4b" outcome="NotExecuted" testListId="8c84fa94-04c1-424b-9868-57a2d4851a1d" relativeResultsDirectory="7c478680-5fcc-455e-b835-75f7aed2a05a">
    </UnitTestResult>
    <UnitTestResult executionId="0ea781c2-94d4-4553-8e5e-1ddae4cba399" testId="93e1a339-56ec-6a9a-cc36-ee3412430608" testName="TileConstructorTest" computerName="TW1FTENVY" testType="13cdc9d9-ddb5-4fa4-a97d-d965ccfc6d4b" outcome="NotExecuted" testListId="8c84fa94-04c1-424b-9868-57a2d4851a1d" relativeResultsDirectory="0ea781c2-94d4-4553-8e5e-1ddae4cba399">
    </UnitTestResult>
    <UnitTestResult executionId="03ba86b7-2664-4cb3-98e1-703fc62a0e8f" testId="f0bdd7dd-7cef-1459-6d80-5f06a72cf810" testName="GetSetPlayerTileTest" computerName="TW1FTENVY" testType="13cdc9d9-ddb5-4fa4-a97d-d965ccfc6d4b" outcome="NotExecuted" testListId="8c84fa94-04c1-424b-9868-57a2d4851a1d" relativeResultsDirectory="03ba86b7-2664-4cb3-98e1-703fc62a0e8f">
    </UnitTestResult>
    <UnitTestResult executionId="426e4b7f-e455-4f34-a10d-b9ed717b9718" testId="c4cd8056-c9ff-caf6-98af-4ccd1972a29a" testName="GetSetPlayerNameTest" computerName="TW1FTENVY" testType="13cdc9d9-ddb5-4fa4-a97d-d965ccfc6d4b" outcome="NotExecuted" testListId="8c84fa94-04c1-424b-9868-57a2d4851a1d" relativeResultsDirectory="426e4b7f-e455-4f34-a10d-b9ed717b9718">
    </UnitTestResult>
    <UnitTestResult executionId="a65fd6fd-e5fa-4bca-9f7a-15f700b1e0d4" testId="d6f0928c-7367-b459-6ff5-32ca0241f57e" testName="MultiplePlayerTest" computerName="TW1FTENVY" testType="13cdc9d9-ddb5-4fa4-a97d-d965ccfc6d4b" outcome="NotExecuted" testListId="8c84fa94-04c1-424b-9868-57a2d4851a1d" relativeResultsDirectory="a65fd6fd-e5fa-4bca-9f7a-15f700b1e0d4">
    </UnitTestResult>
    <UnitTestResult executionId="e7176d72-80a6-4860-bb39-7cc6abb3cf41" testId="212fceb0-e09b-bfef-a8c4-50fb8b97b08a" testName="VictoryTest" computerName="TW1FTENVY" testType="13cdc9d9-ddb5-4fa4-a97d-d965ccfc6d4b" outcome="NotExecuted" testListId="8c84fa94-04c1-424b-9868-57a2d4851a1d" relativeResultsDirectory="e7176d72-80a6-4860-bb39-7cc6abb3cf41">
    </UnitTestResult>
  </Results>
</TestRun>