<?xml version="1.0" encoding="UTF-8"?>
<TestRun id="2c428f63-ed4b-47dd-83ca-ab8e4a797c55" name="Karan@TW1FTENVY 2014-04-11 13:29:19" runUser="TW1FTENVY\Karan" xmlns="http://microsoft.com/schemas/VisualStudio/TeamTest/2010">
  <TestSettings name="Local" id="cbb3cf31-cc5b-426d-a718-c9b63d5ad07b">
    <Description>These are default test settings for a local test run.</Description>
    <Deployment enabled="false" runDeploymentRoot="Karan_TW1FTENVY 2014-04-11 13_29_19">
      <DeploymentItem filename="C:\Users\Karan\Downloads\oKnow\trunk\OKnow\OKnow\OKnow\bin\x86\Debug\OKnow.exe" />
    </Deployment>
    <Execution>
      <TestTypeSpecific />
      <AgentRule name="Execution Agents">
      </AgentRule>
    </Execution>
  </TestSettings>
  <Times creation="2014-04-11T13:29:19.6761106-05:00" queuing="2014-04-11T13:29:31.0368832-05:00" start="2014-04-11T13:29:31.0525088-05:00" finish="2014-04-11T13:29:31.6020485-05:00" />
  <ResultSummary outcome="Failed">
    <Counters total="11" executed="11" passed="10" error="0" failed="1" timeout="0" aborted="0" inconclusive="0" passedButRunAborted="0" notRunnable="0" notExecuted="0" disconnected="0" warning="0" completed="0" inProgress="0" pending="0" />
  </ResultSummary>
  <TestDefinitions>
    <UnitTest name="MultiPlayerMultiIncorrectScoreTest" storage="c:\users\karan\downloads\oknow\trunk\oknow\oknowtest\bin\debug\oknowtest.dll" id="a81f56c5-74e9-14f6-48bb-7e6f0be57fcf">
      <Execution id="09558c8b-9fe7-419b-a0ae-c08ab3c6c53c" />
      <TestMethod codeBase="C:/Users/Karan/Downloads/oKnow/trunk/OKnow/OKnowTest/bin/Debug/OKnowTest.DLL" adapterTypeName="Microsoft.VisualStudio.TestTools.TestTypes.Unit.UnitTestAdapter, Microsoft.VisualStudio.QualityTools.Tips.UnitTest.Adapter, Version=10.0.0.0, Culture=neutral, PublicKeyToken=b03f5f7f11d50a3a" className="OKnowTest.AnswerAQuestionTest, OKnowTest, Version=1.0.0.0, Culture=neutral, PublicKeyToken=null" name="MultiPlayerMultiIncorrectScoreTest" />
    </UnitTest>
    <UnitTest name="TestPlayerScoreParameter" storage="c:\users\karan\downloads\oknow\trunk\oknow\oknowtest\bin\debug\oknowtest.dll" id="14c76d6e-baba-abce-271f-bb53095ef8bb">
      <Execution id="c4c7b937-767d-4de3-af0c-63941034388c" />
      <TestMethod codeBase="C:/Users/Karan/Downloads/oKnow/trunk/OKnow/OKnowTest/bin/Debug/OKnowTest.DLL" adapterTypeName="Microsoft.VisualStudio.TestTools.TestTypes.Unit.UnitTestAdapter, Microsoft.VisualStudio.QualityTools.Tips.UnitTest.Adapter, Version=10.0.0.0, Culture=neutral, PublicKeyToken=b03f5f7f11d50a3a" className="OKnowTest.AnswerAQuestionTest, OKnowTest, Version=1.0.0.0, Culture=neutral, PublicKeyToken=null" name="TestPlayerScoreParameter" />
    </UnitTest>
    <UnitTest name="PlayerMoveStateTest" storage="c:\users\karan\downloads\oknow\trunk\oknow\oknowtest\bin\debug\oknowtest.dll" id="c5f604eb-bb73-2ed4-4b97-3223456ec415">
      <Execution id="897389fa-fdec-455c-842d-412d5ae3bae9" />
      <TestMethod codeBase="C:/Users/Karan/Downloads/oKnow/trunk/OKnow/OKnowTest/bin/Debug/OKnowTest.DLL" adapterTypeName="Microsoft.VisualStudio.TestTools.TestTypes.Unit.UnitTestAdapter, Microsoft.VisualStudio.QualityTools.Tips.UnitTest.Adapter, Version=10.0.0.0, Culture=neutral, PublicKeyToken=b03f5f7f11d50a3a" className="OKnowTest.AnswerAQuestionTest, OKnowTest, Version=1.0.0.0, Culture=neutral, PublicKeyToken=null" name="PlayerMoveStateTest" />
    </UnitTest>
    <UnitTest name="MultiPlayerCorrectScoreTest" storage="c:\users\karan\downloads\oknow\trunk\oknow\oknowtest\bin\debug\oknowtest.dll" id="0a7f5c09-c086-80df-c06d-2812cf1f1782">
      <Execution id="adf0ca91-9ac7-408f-a4e4-558874340d45" />
      <TestMethod codeBase="C:/Users/Karan/Downloads/oKnow/trunk/OKnow/OKnowTest/bin/Debug/OKnowTest.DLL" adapterTypeName="Microsoft.VisualStudio.TestTools.TestTypes.Unit.UnitTestAdapter, Microsoft.VisualStudio.QualityTools.Tips.UnitTest.Adapter, Version=10.0.0.0, Culture=neutral, PublicKeyToken=b03f5f7f11d50a3a" className="OKnowTest.AnswerAQuestionTest, OKnowTest, Version=1.0.0.0, Culture=neutral, PublicKeyToken=null" name="MultiPlayerCorrectScoreTest" />
    </UnitTest>
    <UnitTest name="MultiPlayerIncorrectScoreTest" storage="c:\users\karan\downloads\oknow\trunk\oknow\oknowtest\bin\debug\oknowtest.dll" id="c09686dd-e939-ec34-d8ed-edc8ca70bde9">
      <Execution id="d06817dc-ab89-4357-b58f-564f2b1b7158" />
      <TestMethod codeBase="C:/Users/Karan/Downloads/oKnow/trunk/OKnow/OKnowTest/bin/Debug/OKnowTest.DLL" adapterTypeName="Microsoft.VisualStudio.TestTools.TestTypes.Unit.UnitTestAdapter, Microsoft.VisualStudio.QualityTools.Tips.UnitTest.Adapter, Version=10.0.0.0, Culture=neutral, PublicKeyToken=b03f5f7f11d50a3a" className="OKnowTest.AnswerAQuestionTest, OKnowTest, Version=1.0.0.0, Culture=neutral, PublicKeyToken=null" name="MultiPlayerIncorrectScoreTest" />
    </UnitTest>
    <UnitTest name="QuestionNotifyTimedOutTest" storage="c:\users\karan\downloads\oknow\trunk\oknow\oknowtest\bin\debug\oknowtest.dll" id="8eeca9a8-568d-a203-d287-a4d2eed3e1dd">
      <Execution id="0d882a8d-70d4-483d-a9e6-6f0a7f590b0b" />
      <TestMethod codeBase="C:/Users/Karan/Downloads/oKnow/trunk/OKnow/OKnowTest/bin/Debug/OKnowTest.DLL" adapterTypeName="Microsoft.VisualStudio.TestTools.TestTypes.Unit.UnitTestAdapter, Microsoft.VisualStudio.QualityTools.Tips.UnitTest.Adapter, Version=10.0.0.0, Culture=neutral, PublicKeyToken=b03f5f7f11d50a3a" className="OKnowTest.AnswerAQuestionTest, OKnowTest, Version=1.0.0.0, Culture=neutral, PublicKeyToken=null" name="QuestionNotifyTimedOutTest" />
    </UnitTest>
    <UnitTest name="QuestionNotifyTimedTest" storage="c:\users\karan\downloads\oknow\trunk\oknow\oknowtest\bin\debug\oknowtest.dll" id="6ddec735-adc4-4828-1b50-0783b6fe82b2">
      <Execution id="bf14367e-0eac-4fa0-a99f-a5549b14081a" />
      <TestMethod codeBase="C:/Users/Karan/Downloads/oKnow/trunk/OKnow/OKnowTest/bin/Debug/OKnowTest.DLL" adapterTypeName="Microsoft.VisualStudio.TestTools.TestTypes.Unit.UnitTestAdapter, Microsoft.VisualStudio.QualityTools.Tips.UnitTest.Adapter, Version=10.0.0.0, Culture=neutral, PublicKeyToken=b03f5f7f11d50a3a" className="OKnowTest.AnswerAQuestionTest, OKnowTest, Version=1.0.0.0, Culture=neutral, PublicKeyToken=null" name="QuestionNotifyTimedTest" />
    </UnitTest>
    <UnitTest name="QuestionNotifyCorrectTest" storage="c:\users\karan\downloads\oknow\trunk\oknow\oknowtest\bin\debug\oknowtest.dll" id="0a8df4b3-fa85-ec9c-d895-b7c85a5e6e45">
      <Execution id="416f6af0-f9ce-437b-acff-0b4c46bed840" />
      <TestMethod codeBase="C:/Users/Karan/Downloads/oKnow/trunk/OKnow/OKnowTest/bin/Debug/OKnowTest.DLL" adapterTypeName="Microsoft.VisualStudio.TestTools.TestTypes.Unit.UnitTestAdapter, Microsoft.VisualStudio.QualityTools.Tips.UnitTest.Adapter, Version=10.0.0.0, Culture=neutral, PublicKeyToken=b03f5f7f11d50a3a" className="OKnowTest.AnswerAQuestionTest, OKnowTest, Version=1.0.0.0, Culture=neutral, PublicKeyToken=null" name="QuestionNotifyCorrectTest" />
    </UnitTest>
    <UnitTest name="MultiPlayerMultiCorrectScoreTest" storage="c:\users\karan\downloads\oknow\trunk\oknow\oknowtest\bin\debug\oknowtest.dll" id="059666f1-5e31-9935-27e7-c86f346ab18d">
      <Execution id="ed61f2eb-b32a-411b-a9a1-ac73e614c149" />
      <TestMethod codeBase="C:/Users/Karan/Downloads/oKnow/trunk/OKnow/OKnowTest/bin/Debug/OKnowTest.DLL" adapterTypeName="Microsoft.VisualStudio.TestTools.TestTypes.Unit.UnitTestAdapter, Microsoft.VisualStudio.QualityTools.Tips.UnitTest.Adapter, Version=10.0.0.0, Culture=neutral, PublicKeyToken=b03f5f7f11d50a3a" className="OKnowTest.AnswerAQuestionTest, OKnowTest, Version=1.0.0.0, Culture=neutral, PublicKeyToken=null" name="MultiPlayerMultiCorrectScoreTest" />
    </UnitTest>
    <UnitTest name="QuestionNotifyIncorrectTest" storage="c:\users\karan\downloads\oknow\trunk\oknow\oknowtest\bin\debug\oknowtest.dll" id="25d0a51a-60b0-76e9-f661-66ae7f35161c">
      <Execution id="33c72ccf-9c7b-4992-8779-8153505381dc" />
      <TestMethod codeBase="C:/Users/Karan/Downloads/oKnow/trunk/OKnow/OKnowTest/bin/Debug/OKnowTest.DLL" adapterTypeName="Microsoft.VisualStudio.TestTools.TestTypes.Unit.UnitTestAdapter, Microsoft.VisualStudio.QualityTools.Tips.UnitTest.Adapter, Version=10.0.0.0, Culture=neutral, PublicKeyToken=b03f5f7f11d50a3a" className="OKnowTest.AnswerAQuestionTest, OKnowTest, Version=1.0.0.0, Culture=neutral, PublicKeyToken=null" name="QuestionNotifyIncorrectTest" />
    </UnitTest>
    <UnitTest name="PlayerScoreTest" storage="c:\users\karan\downloads\oknow\trunk\oknow\oknowtest\bin\debug\oknowtest.dll" id="91c07066-d43e-0eb0-77df-79776a3b8e34">
      <Execution id="317105b3-4ddf-4438-a5b5-c02444d75957" />
      <TestMethod codeBase="C:/Users/Karan/Downloads/oKnow/trunk/OKnow/OKnowTest/bin/Debug/OKnowTest.DLL" adapterTypeName="Microsoft.VisualStudio.TestTools.TestTypes.Unit.UnitTestAdapter, Microsoft.VisualStudio.QualityTools.Tips.UnitTest.Adapter, Version=10.0.0.0, Culture=neutral, PublicKeyToken=b03f5f7f11d50a3a" className="OKnowTest.AnswerAQuestionTest, OKnowTest, Version=1.0.0.0, Culture=neutral, PublicKeyToken=null" name="PlayerScoreTest" />
    </UnitTest>
  </TestDefinitions>
  <TestLists>
    <TestList name="Results Not in a List" id="8c84fa94-04c1-424b-9868-57a2d4851a1d" />
    <TestList name="All Loaded Results" id="19431567-8539-422a-85d7-44ee4e166bda" />
  </TestLists>
  <TestEntries>
    <TestEntry testId="059666f1-5e31-9935-27e7-c86f346ab18d" executionId="ed61f2eb-b32a-411b-a9a1-ac73e614c149" testListId="8c84fa94-04c1-424b-9868-57a2d4851a1d" />
    <TestEntry testId="0a7f5c09-c086-80df-c06d-2812cf1f1782" executionId="adf0ca91-9ac7-408f-a4e4-558874340d45" testListId="8c84fa94-04c1-424b-9868-57a2d4851a1d" />
    <TestEntry testId="0a8df4b3-fa85-ec9c-d895-b7c85a5e6e45" executionId="416f6af0-f9ce-437b-acff-0b4c46bed840" testListId="8c84fa94-04c1-424b-9868-57a2d4851a1d" />
    <TestEntry testId="14c76d6e-baba-abce-271f-bb53095ef8bb" executionId="c4c7b937-767d-4de3-af0c-63941034388c" testListId="8c84fa94-04c1-424b-9868-57a2d4851a1d" />
    <TestEntry testId="25d0a51a-60b0-76e9-f661-66ae7f35161c" executionId="33c72ccf-9c7b-4992-8779-8153505381dc" testListId="8c84fa94-04c1-424b-9868-57a2d4851a1d" />
    <TestEntry testId="6ddec735-adc4-4828-1b50-0783b6fe82b2" executionId="bf14367e-0eac-4fa0-a99f-a5549b14081a" testListId="8c84fa94-04c1-424b-9868-57a2d4851a1d" />
    <TestEntry testId="8eeca9a8-568d-a203-d287-a4d2eed3e1dd" executionId="0d882a8d-70d4-483d-a9e6-6f0a7f590b0b" testListId="8c84fa94-04c1-424b-9868-57a2d4851a1d" />
    <TestEntry testId="91c07066-d43e-0eb0-77df-79776a3b8e34" executionId="317105b3-4ddf-4438-a5b5-c02444d75957" testListId="8c84fa94-04c1-424b-9868-57a2d4851a1d" />
    <TestEntry testId="a81f56c5-74e9-14f6-48bb-7e6f0be57fcf" executionId="09558c8b-9fe7-419b-a0ae-c08ab3c6c53c" testListId="8c84fa94-04c1-424b-9868-57a2d4851a1d" />
    <TestEntry testId="c09686dd-e939-ec34-d8ed-edc8ca70bde9" executionId="d06817dc-ab89-4357-b58f-564f2b1b7158" testListId="8c84fa94-04c1-424b-9868-57a2d4851a1d" />
    <TestEntry testId="c5f604eb-bb73-2ed4-4b97-3223456ec415" executionId="897389fa-fdec-455c-842d-412d5ae3bae9" testListId="8c84fa94-04c1-424b-9868-57a2d4851a1d" />
  </TestEntries>
  <Results>
    <UnitTestResult executionId="ed61f2eb-b32a-411b-a9a1-ac73e614c149" testId="059666f1-5e31-9935-27e7-c86f346ab18d" testName="MultiPlayerMultiCorrectScoreTest" computerName="TW1FTENVY" duration="00:00:00.1657768" startTime="2014-04-11T13:29:31.0525088-05:00" endTime="2014-04-11T13:29:31.3846540-05:00" testType="13cdc9d9-ddb5-4fa4-a97d-d965ccfc6d4b" outcome="Passed" testListId="8c84fa94-04c1-424b-9868-57a2d4851a1d" relativeResultsDirectory="ed61f2eb-b32a-411b-a9a1-ac73e614c149">
    </UnitTestResult>
    <UnitTestResult executionId="adf0ca91-9ac7-408f-a4e4-558874340d45" testId="0a7f5c09-c086-80df-c06d-2812cf1f1782" testName="MultiPlayerCorrectScoreTest" computerName="TW1FTENVY" duration="00:00:00.0078315" startTime="2014-04-11T13:29:31.3856547-05:00" endTime="2014-04-11T13:29:31.3956622-05:00" testType="13cdc9d9-ddb5-4fa4-a97d-d965ccfc6d4b" outcome="Passed" testListId="8c84fa94-04c1-424b-9868-57a2d4851a1d" relativeResultsDirectory="adf0ca91-9ac7-408f-a4e4-558874340d45">
    </UnitTestResult>
    <UnitTestResult executionId="416f6af0-f9ce-437b-acff-0b4c46bed840" testId="0a8df4b3-fa85-ec9c-d895-b7c85a5e6e45" testName="QuestionNotifyCorrectTest" computerName="TW1FTENVY" duration="00:00:00.0087826" startTime="2014-04-11T13:29:31.3976640-05:00" endTime="2014-04-11T13:29:31.4076706-05:00" testType="13cdc9d9-ddb5-4fa4-a97d-d965ccfc6d4b" outcome="Passed" testListId="8c84fa94-04c1-424b-9868-57a2d4851a1d" relativeResultsDirectory="416f6af0-f9ce-437b-acff-0b4c46bed840">
    </UnitTestResult>
    <UnitTestResult executionId="c4c7b937-767d-4de3-af0c-63941034388c" testId="14c76d6e-baba-abce-271f-bb53095ef8bb" testName="TestPlayerScoreParameter" computerName="TW1FTENVY" duration="00:00:00.0713875" startTime="2014-04-11T13:29:31.4096712-05:00" endTime="2014-04-11T13:29:31.4818452-05:00" testType="13cdc9d9-ddb5-4fa4-a97d-d965ccfc6d4b" outcome="Failed" testListId="8c84fa94-04c1-424b-9868-57a2d4851a1d" relativeResultsDirectory="c4c7b937-767d-4de3-af0c-63941034388c">
      <Output>
        <ErrorInfo>
          <Message>Test method OKnowTest.AnswerAQuestionTest.TestPlayerScoreParameter threw exception: 
System.Exception: No question yet</Message>
          <StackTrace>    at OKnow.PlayerMoveState.QuestionAnswered(Boolean isCorrect, Question question) in C:\Users\Karan\Downloads\oKnow\trunk\OKnow\OKnow\OKnow\PlayerMoveState.cs:line 58
   at OKnowTest.AnswerAQuestionTest.TestPlayerScoreHelper(Boolean[] array, Int32 answer) in C:\Users\Karan\Downloads\oKnow\trunk\OKnow\OKnowTest\AnswerAQuestionTest.cs:line 217
   at OKnowTest.AnswerAQuestionTest.TestPlayerScoreParameter() in C:\Users\Karan\Downloads\oKnow\trunk\OKnow\OKnowTest\AnswerAQuestionTest.cs:line 203
</StackTrace>
        </ErrorInfo>
      </Output>
    </UnitTestResult>
    <UnitTestResult executionId="33c72ccf-9c7b-4992-8779-8153505381dc" testId="25d0a51a-60b0-76e9-f661-66ae7f35161c" testName="QuestionNotifyIncorrectTest" computerName="TW1FTENVY" duration="00:00:00.0060901" startTime="2014-04-11T13:29:31.4838582-05:00" endTime="2014-04-11T13:29:31.4918343-05:00" testType="13cdc9d9-ddb5-4fa4-a97d-d965ccfc6d4b" outcome="Passed" testListId="8c84fa94-04c1-424b-9868-57a2d4851a1d" relativeResultsDirectory="33c72ccf-9c7b-4992-8779-8153505381dc">
    </UnitTestResult>
    <UnitTestResult executionId="bf14367e-0eac-4fa0-a99f-a5549b14081a" testId="6ddec735-adc4-4828-1b50-0783b6fe82b2" testName="QuestionNotifyTimedTest" computerName="TW1FTENVY" duration="00:00:00.0066679" startTime="2014-04-11T13:29:31.4938375-05:00" endTime="2014-04-11T13:29:31.5018585-05:00" testType="13cdc9d9-ddb5-4fa4-a97d-d965ccfc6d4b" outcome="Passed" testListId="8c84fa94-04c1-424b-9868-57a2d4851a1d" relativeResultsDirectory="bf14367e-0eac-4fa0-a99f-a5549b14081a">
    </UnitTestResult>
    <UnitTestResult executionId="0d882a8d-70d4-483d-a9e6-6f0a7f590b0b" testId="8eeca9a8-568d-a203-d287-a4d2eed3e1dd" testName="QuestionNotifyTimedOutTest" computerName="TW1FTENVY" duration="00:00:00.0057194" startTime="2014-04-11T13:29:31.5028601-05:00" endTime="2014-04-11T13:29:31.5108649-05:00" testType="13cdc9d9-ddb5-4fa4-a97d-d965ccfc6d4b" outcome="Passed" testListId="8c84fa94-04c1-424b-9868-57a2d4851a1d" relativeResultsDirectory="0d882a8d-70d4-483d-a9e6-6f0a7f590b0b">
    </UnitTestResult>
    <UnitTestResult executionId="317105b3-4ddf-4438-a5b5-c02444d75957" testId="91c07066-d43e-0eb0-77df-79776a3b8e34" testName="PlayerScoreTest" computerName="TW1FTENVY" duration="00:00:00.0074586" startTime="2014-04-11T13:29:31.5293390-05:00" endTime="2014-04-11T13:29:31.5383864-05:00" testType="13cdc9d9-ddb5-4fa4-a97d-d965ccfc6d4b" outcome="Passed" testListId="8c84fa94-04c1-424b-9868-57a2d4851a1d" relativeResultsDirectory="317105b3-4ddf-4438-a5b5-c02444d75957">
    </UnitTestResult>
    <UnitTestResult executionId="09558c8b-9fe7-419b-a0ae-c08ab3c6c53c" testId="a81f56c5-74e9-14f6-48bb-7e6f0be57fcf" testName="MultiPlayerMultiIncorrectScoreTest" computerName="TW1FTENVY" duration="00:00:00.0063048" startTime="2014-04-11T13:29:31.5404079-05:00" endTime="2014-04-11T13:29:31.5483935-05:00" testType="13cdc9d9-ddb5-4fa4-a97d-d965ccfc6d4b" outcome="Passed" testListId="8c84fa94-04c1-424b-9868-57a2d4851a1d" relativeResultsDirectory="09558c8b-9fe7-419b-a0ae-c08ab3c6c53c">
    </UnitTestResult>
    <UnitTestResult executionId="d06817dc-ab89-4357-b58f-564f2b1b7158" testId="c09686dd-e939-ec34-d8ed-edc8ca70bde9" testName="MultiPlayerIncorrectScoreTest" computerName="TW1FTENVY" duration="00:00:00.0071665" startTime="2014-04-11T13:29:31.5493946-05:00" endTime="2014-04-11T13:29:31.5584006-05:00" testType="13cdc9d9-ddb5-4fa4-a97d-d965ccfc6d4b" outcome="Passed" testListId="8c84fa94-04c1-424b-9868-57a2d4851a1d" relativeResultsDirectory="d06817dc-ab89-4357-b58f-564f2b1b7158">
    </UnitTestResult>
    <UnitTestResult executionId="897389fa-fdec-455c-842d-412d5ae3bae9" testId="c5f604eb-bb73-2ed4-4b97-3223456ec415" testName="PlayerMoveStateTest" computerName="TW1FTENVY" duration="00:00:00.0074582" startTime="2014-04-11T13:29:31.5604139-05:00" endTime="2014-04-11T13:29:31.5684080-05:00" testType="13cdc9d9-ddb5-4fa4-a97d-d965ccfc6d4b" outcome="Passed" testListId="8c84fa94-04c1-424b-9868-57a2d4851a1d" relativeResultsDirectory="897389fa-fdec-455c-842d-412d5ae3bae9">
    </UnitTestResult>
  </Results>
</TestRun>