<?xml version="1.0" encoding="UTF-8"?>
<TestRun id="7fcc5392-29c4-469c-844b-52a9c7924d11" name="Karan@TW1FTENVY 2014-04-28 12:13:15" runUser="TW1FTENVY\Karan" xmlns="http://microsoft.com/schemas/VisualStudio/TeamTest/2010">
  <TestSettings name="Local" id="cbb3cf31-cc5b-426d-a718-c9b63d5ad07b">
    <Description>These are default test settings for a local test run.</Description>
    <Deployment enabled="false" runDeploymentRoot="Karan_TW1FTENVY 2014-04-28 12_13_15">
      <DeploymentItem filename="C:\Users\Karan\Downloads\oKnow\trunk\OKnow\OKnow\OKnow\bin\x86\Debug\OKnow.exe" />
    </Deployment>
    <Execution>
      <TestTypeSpecific />
      <AgentRule name="Execution Agents">
      </AgentRule>
    </Execution>
  </TestSettings>
  <Times creation="2014-04-28T12:13:15.8118583-05:00" queuing="2014-04-28T12:13:16.6074293-05:00" start="2014-04-28T12:13:16.6554625-05:00" finish="2014-04-28T12:14:10.2081286-05:00" />
  <ResultSummary outcome="Error">
    <Counters total="95" executed="27" passed="26" error="0" failed="0" timeout="0" aborted="1" inconclusive="0" passedButRunAborted="0" notRunnable="0" notExecuted="68" disconnected="0" warning="0" completed="0" inProgress="0" pending="0" />
    <RunInfos>
      <RunInfo computerName="TW1FTENVY" outcome="Error" timestamp="2014-04-28T12:14:10.2051252-05:00">
        <Text>Test host process exited unexpectedly.</Text>
      </RunInfo>
    </RunInfos>
  </ResultSummary>
  <TestDefinitions>
    <UnitTest name="QuestionNotifyTimedOutTest" storage="c:\users\karan\downloads\oknow\trunk\oknow\oknowtest\bin\debug\oknowtest.dll" id="8eeca9a8-568d-a203-d287-a4d2eed3e1dd">
      <Execution id="8576b4c1-a33c-449a-aabd-6ab8b1eeb436" />
      <TestMethod codeBase="C:/Users/Karan/Downloads/oKnow/trunk/OKnow/OKnowTest/bin/Debug/OKnowTest.DLL" adapterTypeName="Microsoft.VisualStudio.TestTools.TestTypes.Unit.UnitTestAdapter, Microsoft.VisualStudio.QualityTools.Tips.UnitTest.Adapter, Version=10.0.0.0, Culture=neutral, PublicKeyToken=b03f5f7f11d50a3a" className="OKnowTest.AnswerAQuestionTest, OKnowTest, Version=1.0.0.0, Culture=neutral, PublicKeyToken=null" name="QuestionNotifyTimedOutTest" />
    </UnitTest>
    <UnitTest name="TestSum1" storage="c:\users\karan\downloads\oknow\trunk\oknow\oknowtest\bin\debug\oknowtest.dll" id="48bc984d-60b1-5ee3-4b43-c5b6d211c605">
      <Execution id="dd27f7fd-cf33-4ccb-9527-b50f92a8797c" />
      <TestMethod codeBase="C:/Users/Karan/Downloads/oKnow/trunk/OKnow/OKnowTest/bin/Debug/OKnowTest.DLL" adapterTypeName="Microsoft.VisualStudio.TestTools.TestTypes.Unit.UnitTestAdapter, Microsoft.VisualStudio.QualityTools.Tips.UnitTest.Adapter, Version=10.0.0.0, Culture=neutral, PublicKeyToken=b03f5f7f11d50a3a" className="OKnowTest.BoardGeneratorTest, OKnowTest, Version=1.0.0.0, Culture=neutral, PublicKeyToken=null" name="TestSum1" />
    </UnitTest>
    <UnitTest name="QuestionNotifyTimedClickTest" storage="c:\users\karan\downloads\oknow\trunk\oknow\oknowtest\bin\debug\oknowtest.dll" id="5cd02d0c-c30c-d1d5-c21e-60ac4b27c097">
      <Execution id="d053d557-c391-4256-9f80-45ac5f2ab297" />
      <TestMethod codeBase="C:/Users/Karan/Downloads/oKnow/trunk/OKnow/OKnowTest/bin/Debug/OKnowTest.DLL" adapterTypeName="Microsoft.VisualStudio.TestTools.TestTypes.Unit.UnitTestAdapter, Microsoft.VisualStudio.QualityTools.Tips.UnitTest.Adapter, Version=10.0.0.0, Culture=neutral, PublicKeyToken=b03f5f7f11d50a3a" className="OKnowTest.AnswerAQuestionTest, OKnowTest, Version=1.0.0.0, Culture=neutral, PublicKeyToken=null" name="QuestionNotifyTimedClickTest" />
    </UnitTest>
    <UnitTest name="testAnswerChoices" storage="c:\users\karan\downloads\oknow\trunk\oknow\oknowtest\bin\debug\oknowtest.dll" id="c633b636-e73d-6a16-4a3c-3a2d73d1a317">
      <Execution id="67cec0bb-0408-48ce-b2e2-0d29bffb00a3" />
      <TestMethod codeBase="C:/Users/Karan/Downloads/oKnow/trunk/OKnow/OKnowTest/bin/Debug/OKnowTest.DLL" adapterTypeName="Microsoft.VisualStudio.TestTools.TestTypes.Unit.UnitTestAdapter, Microsoft.VisualStudio.QualityTools.Tips.UnitTest.Adapter, Version=10.0.0.0, Culture=neutral, PublicKeyToken=b03f5f7f11d50a3a" className="OKnowTest.AnswerTest, OKnowTest, Version=1.0.0.0, Culture=neutral, PublicKeyToken=null" name="testAnswerChoices" />
    </UnitTest>
    <UnitTest name="RandomSwapTestMultiplayerTest" storage="c:\users\karan\downloads\oknow\trunk\oknow\oknowtest\bin\debug\oknowtest.dll" id="9abef8b5-33da-680e-a9bc-a83df0477c5d">
      <Execution id="7cfff59f-17c6-4794-a695-a7c681144e8d" />
      <TestMethod codeBase="C:/Users/Karan/Downloads/oKnow/trunk/OKnow/OKnowTest/bin/Debug/OKnowTest.DLL" adapterTypeName="Microsoft.VisualStudio.TestTools.TestTypes.Unit.UnitTestAdapter, Microsoft.VisualStudio.QualityTools.Tips.UnitTest.Adapter, Version=10.0.0.0, Culture=neutral, PublicKeyToken=b03f5f7f11d50a3a" className="OKnowTest.RandomSwapTest, OKnowTest, Version=1.0.0.0, Culture=neutral, PublicKeyToken=null" name="RandomSwapTestMultiplayerTest" />
    </UnitTest>
    <UnitTest name="TestGetBoardType1" storage="c:\users\karan\downloads\oknow\trunk\oknow\oknowtest\bin\debug\oknowtest.dll" id="a1aa5338-462d-e2e2-e2ea-4adcd906fb81">
      <Execution id="d984756c-e7a9-4f4e-bfca-48da385c2052" />
      <TestMethod codeBase="C:/Users/Karan/Downloads/oKnow/trunk/OKnow/OKnowTest/bin/Debug/OKnowTest.DLL" adapterTypeName="Microsoft.VisualStudio.TestTools.TestTypes.Unit.UnitTestAdapter, Microsoft.VisualStudio.QualityTools.Tips.UnitTest.Adapter, Version=10.0.0.0, Culture=neutral, PublicKeyToken=b03f5f7f11d50a3a" className="OKnowTest.OptionScreenTest, OKnowTest, Version=1.0.0.0, Culture=neutral, PublicKeyToken=null" name="TestGetBoardType1" />
    </UnitTest>
    <UnitTest name="TestGetCurrentCategory4" storage="c:\users\karan\downloads\oknow\trunk\oknow\oknowtest\bin\debug\oknowtest.dll" id="0981af74-4ce1-6ad4-aeb6-cf0728ecf654">
      <Execution id="c1412537-7556-4058-a842-a5487b6bb5fb" />
      <TestMethod codeBase="C:/Users/Karan/Downloads/oKnow/trunk/OKnow/OKnowTest/bin/Debug/OKnowTest.DLL" adapterTypeName="Microsoft.VisualStudio.TestTools.TestTypes.Unit.UnitTestAdapter, Microsoft.VisualStudio.QualityTools.Tips.UnitTest.Adapter, Version=10.0.0.0, Culture=neutral, PublicKeyToken=b03f5f7f11d50a3a" className="OKnowTest.StartScreenTest, OKnowTest, Version=1.0.0.0, Culture=neutral, PublicKeyToken=null" name="TestGetCurrentCategory4" />
    </UnitTest>
    <UnitTest name="TestGetCurrentNumPlayers3" storage="c:\users\karan\downloads\oknow\trunk\oknow\oknowtest\bin\debug\oknowtest.dll" id="b0f5a7d2-2c31-4fb3-e775-c49bc4094186">
      <Execution id="a2943a51-1acb-42d7-9e1b-1191c9251c2c" />
      <TestMethod codeBase="C:/Users/Karan/Downloads/oKnow/trunk/OKnow/OKnowTest/bin/Debug/OKnowTest.DLL" adapterTypeName="Microsoft.VisualStudio.TestTools.TestTypes.Unit.UnitTestAdapter, Microsoft.VisualStudio.QualityTools.Tips.UnitTest.Adapter, Version=10.0.0.0, Culture=neutral, PublicKeyToken=b03f5f7f11d50a3a" className="OKnowTest.StartScreenTest, OKnowTest, Version=1.0.0.0, Culture=neutral, PublicKeyToken=null" name="TestGetCurrentNumPlayers3" />
    </UnitTest>
    <UnitTest name="TestGetCurrentCategory1" storage="c:\users\karan\downloads\oknow\trunk\oknow\oknowtest\bin\debug\oknowtest.dll" id="3afc1bea-bfbf-3c8e-8104-72a764af8b32">
      <Execution id="a67bf5f7-4c10-4844-bd4e-2d2863f8a907" />
      <TestMethod codeBase="C:/Users/Karan/Downloads/oKnow/trunk/OKnow/OKnowTest/bin/Debug/OKnowTest.DLL" adapterTypeName="Microsoft.VisualStudio.TestTools.TestTypes.Unit.UnitTestAdapter, Microsoft.VisualStudio.QualityTools.Tips.UnitTest.Adapter, Version=10.0.0.0, Culture=neutral, PublicKeyToken=b03f5f7f11d50a3a" className="OKnowTest.StartScreenTest, OKnowTest, Version=1.0.0.0, Culture=neutral, PublicKeyToken=null" name="TestGetCurrentCategory1" />
    </UnitTest>
    <UnitTest name="PlayersTest1" storage="c:\users\karan\downloads\oknow\trunk\oknow\oknowtest\bin\debug\oknowtest.dll" id="b0b5b9af-8fcb-9aa2-b576-ea724fced88f">
      <Execution id="ea01499f-4424-4dba-a706-63e9c6536ed5" />
      <TestMethod codeBase="C:/Users/Karan/Downloads/oKnow/trunk/OKnow/OKnowTest/bin/Debug/OKnowTest.DLL" adapterTypeName="Microsoft.VisualStudio.TestTools.TestTypes.Unit.UnitTestAdapter, Microsoft.VisualStudio.QualityTools.Tips.UnitTest.Adapter, Version=10.0.0.0, Culture=neutral, PublicKeyToken=b03f5f7f11d50a3a" className="OKnowTest.GameBoardTest, OKnowTest, Version=1.0.0.0, Culture=neutral, PublicKeyToken=null" name="PlayersTest1" />
    </UnitTest>
    <UnitTest name="MixedScoresTest" storage="c:\users\karan\downloads\oknow\trunk\oknow\oknowtest\bin\debug\oknowtest.dll" id="2f70dbba-5fa6-6c2a-feef-1fb1c7241241">
      <Execution id="d49d7055-7f02-42eb-a899-239e40e6bb1e" />
      <TestMethod codeBase="C:/Users/Karan/Downloads/oKnow/trunk/OKnow/OKnowTest/bin/Debug/OKnowTest.DLL" adapterTypeName="Microsoft.VisualStudio.TestTools.TestTypes.Unit.UnitTestAdapter, Microsoft.VisualStudio.QualityTools.Tips.UnitTest.Adapter, Version=10.0.0.0, Culture=neutral, PublicKeyToken=b03f5f7f11d50a3a" className="OKnowTest.ScoreBoardTest, OKnowTest, Version=1.0.0.0, Culture=neutral, PublicKeyToken=null" name="MixedScoresTest" />
    </UnitTest>
    <UnitTest name="TestLeftArrowParameter" storage="c:\users\karan\downloads\oknow\trunk\oknow\oknowtest\bin\debug\oknowtest.dll" id="11377ad6-2ba2-43a8-dd79-0dcabe15a502">
      <Execution id="504412b7-37fe-43ef-bdaa-43f0c3cf57db" />
      <TestMethod codeBase="C:/Users/Karan/Downloads/oKnow/trunk/OKnow/OKnowTest/bin/Debug/OKnowTest.DLL" adapterTypeName="Microsoft.VisualStudio.TestTools.TestTypes.Unit.UnitTestAdapter, Microsoft.VisualStudio.QualityTools.Tips.UnitTest.Adapter, Version=10.0.0.0, Culture=neutral, PublicKeyToken=b03f5f7f11d50a3a" className="OKnowTest.StartScreenTest, OKnowTest, Version=1.0.0.0, Culture=neutral, PublicKeyToken=null" name="TestLeftArrowParameter" />
    </UnitTest>
    <UnitTest name="testInitialize" storage="c:\users\karan\downloads\oknow\trunk\oknow\oknowtest\bin\debug\oknowtest.dll" id="35fdcf18-0be3-5a33-49ea-9deec449ce72">
      <Execution id="5aa59a33-8305-4b64-8c05-687cd31cf193" />
      <TestMethod codeBase="C:/Users/Karan/Downloads/oKnow/trunk/OKnow/OKnowTest/bin/Debug/OKnowTest.DLL" adapterTypeName="Microsoft.VisualStudio.TestTools.TestTypes.Unit.UnitTestAdapter, Microsoft.VisualStudio.QualityTools.Tips.UnitTest.Adapter, Version=10.0.0.0, Culture=neutral, PublicKeyToken=b03f5f7f11d50a3a" className="OKnowTest.AnswerTest, OKnowTest, Version=1.0.0.0, Culture=neutral, PublicKeyToken=null" name="testInitialize" />
    </UnitTest>
    <UnitTest name="TestSum6" storage="c:\users\karan\downloads\oknow\trunk\oknow\oknowtest\bin\debug\oknowtest.dll" id="9d3ef40d-f455-4981-71a8-7eb112706c75">
      <Execution id="5e4e6b65-ab7a-4624-ba50-4872056c068f" />
      <TestMethod codeBase="C:/Users/Karan/Downloads/oKnow/trunk/OKnow/OKnowTest/bin/Debug/OKnowTest.DLL" adapterTypeName="Microsoft.VisualStudio.TestTools.TestTypes.Unit.UnitTestAdapter, Microsoft.VisualStudio.QualityTools.Tips.UnitTest.Adapter, Version=10.0.0.0, Culture=neutral, PublicKeyToken=b03f5f7f11d50a3a" className="OKnowTest.BoardGeneratorTest, OKnowTest, Version=1.0.0.0, Culture=neutral, PublicKeyToken=null" name="TestSum6" />
    </UnitTest>
    <UnitTest name="TestGetBoardSize1" storage="c:\users\karan\downloads\oknow\trunk\oknow\oknowtest\bin\debug\oknowtest.dll" id="f9111be2-692d-3115-bf32-066358fe44cb">
      <Execution id="51a49636-8afb-46ec-ae4c-2513510ff2d5" />
      <TestMethod codeBase="C:/Users/Karan/Downloads/oKnow/trunk/OKnow/OKnowTest/bin/Debug/OKnowTest.DLL" adapterTypeName="Microsoft.VisualStudio.TestTools.TestTypes.Unit.UnitTestAdapter, Microsoft.VisualStudio.QualityTools.Tips.UnitTest.Adapter, Version=10.0.0.0, Culture=neutral, PublicKeyToken=b03f5f7f11d50a3a" className="OKnowTest.OptionScreenTest, OKnowTest, Version=1.0.0.0, Culture=neutral, PublicKeyToken=null" name="TestGetBoardSize1" />
    </UnitTest>
    <UnitTest name="StartGameTest1" storage="c:\users\karan\downloads\oknow\trunk\oknow\oknowtest\bin\debug\oknowtest.dll" id="adf1bbe7-f955-f1aa-c051-332a545e94e4">
      <Execution id="1e76b084-bf75-4040-9fe3-fde76163eeb4" />
      <TestMethod codeBase="C:/Users/Karan/Downloads/oKnow/trunk/OKnow/OKnowTest/bin/Debug/OKnowTest.DLL" adapterTypeName="Microsoft.VisualStudio.TestTools.TestTypes.Unit.UnitTestAdapter, Microsoft.VisualStudio.QualityTools.Tips.UnitTest.Adapter, Version=10.0.0.0, Culture=neutral, PublicKeyToken=b03f5f7f11d50a3a" className="OKnowTest.Game1Test, OKnowTest, Version=1.0.0.0, Culture=neutral, PublicKeyToken=null" name="StartGameTest1" />
    </UnitTest>
    <UnitTest name="TestGetCurrentCategory5" storage="c:\users\karan\downloads\oknow\trunk\oknow\oknowtest\bin\debug\oknowtest.dll" id="dbf1d0a3-6fa9-ebb2-2c02-e59981d64ed1">
      <Execution id="bfb95ebb-3aa5-46c1-bf27-8ed34762c40c" />
      <TestMethod codeBase="C:/Users/Karan/Downloads/oKnow/trunk/OKnow/OKnowTest/bin/Debug/OKnowTest.DLL" adapterTypeName="Microsoft.VisualStudio.TestTools.TestTypes.Unit.UnitTestAdapter, Microsoft.VisualStudio.QualityTools.Tips.UnitTest.Adapter, Version=10.0.0.0, Culture=neutral, PublicKeyToken=b03f5f7f11d50a3a" className="OKnowTest.StartScreenTest, OKnowTest, Version=1.0.0.0, Culture=neutral, PublicKeyToken=null" name="TestGetCurrentCategory5" />
    </UnitTest>
    <UnitTest name="TestGetRandomQuestion" storage="c:\users\karan\downloads\oknow\trunk\oknow\oknowtest\bin\debug\oknowtest.dll" id="87ab6c4b-2e53-ad24-94d0-e1500744f03c">
      <Execution id="544b0e11-8968-4337-869e-4ccd99929dcf" />
      <TestMethod codeBase="C:/Users/Karan/Downloads/oKnow/trunk/OKnow/OKnowTest/bin/Debug/OKnowTest.DLL" adapterTypeName="Microsoft.VisualStudio.TestTools.TestTypes.Unit.UnitTestAdapter, Microsoft.VisualStudio.QualityTools.Tips.UnitTest.Adapter, Version=10.0.0.0, Culture=neutral, PublicKeyToken=b03f5f7f11d50a3a" className="OKnowTest.QuestionPoolTest, OKnowTest, Version=1.0.0.0, Culture=neutral, PublicKeyToken=null" name="TestGetRandomQuestion" />
    </UnitTest>
    <UnitTest name="TestGetBoardSize4" storage="c:\users\karan\downloads\oknow\trunk\oknow\oknowtest\bin\debug\oknowtest.dll" id="55771050-855f-bf13-de6b-1bf275f5c231">
      <Execution id="a1bd3442-f6d7-4a3b-835a-5422eac522eb" />
      <TestMethod codeBase="C:/Users/Karan/Downloads/oKnow/trunk/OKnow/OKnowTest/bin/Debug/OKnowTest.DLL" adapterTypeName="Microsoft.VisualStudio.TestTools.TestTypes.Unit.UnitTestAdapter, Microsoft.VisualStudio.QualityTools.Tips.UnitTest.Adapter, Version=10.0.0.0, Culture=neutral, PublicKeyToken=b03f5f7f11d50a3a" className="OKnowTest.OptionScreenTest, OKnowTest, Version=1.0.0.0, Culture=neutral, PublicKeyToken=null" name="TestGetBoardSize4" />
    </UnitTest>
    <UnitTest name="TestGetCurrentNumPlayers2" storage="c:\users\karan\downloads\oknow\trunk\oknow\oknowtest\bin\debug\oknowtest.dll" id="a99a0acb-4556-0740-9f3d-fecb7b1ed1f8">
      <Execution id="5c7aa927-7510-496b-833f-bd8b942fe6b5" />
      <TestMethod codeBase="C:/Users/Karan/Downloads/oKnow/trunk/OKnow/OKnowTest/bin/Debug/OKnowTest.DLL" adapterTypeName="Microsoft.VisualStudio.TestTools.TestTypes.Unit.UnitTestAdapter, Microsoft.VisualStudio.QualityTools.Tips.UnitTest.Adapter, Version=10.0.0.0, Culture=neutral, PublicKeyToken=b03f5f7f11d50a3a" className="OKnowTest.StartScreenTest, OKnowTest, Version=1.0.0.0, Culture=neutral, PublicKeyToken=null" name="TestGetCurrentNumPlayers2" />
    </UnitTest>
    <UnitTest name="TestGetBoardSize2" storage="c:\users\karan\downloads\oknow\trunk\oknow\oknowtest\bin\debug\oknowtest.dll" id="a3e23a53-836c-f0a0-4539-3cd1030ad8d1">
      <Execution id="43ea6d26-ea20-4723-9843-871b5ddfb411" />
      <TestMethod codeBase="C:/Users/Karan/Downloads/oKnow/trunk/OKnow/OKnowTest/bin/Debug/OKnowTest.DLL" adapterTypeName="Microsoft.VisualStudio.TestTools.TestTypes.Unit.UnitTestAdapter, Microsoft.VisualStudio.QualityTools.Tips.UnitTest.Adapter, Version=10.0.0.0, Culture=neutral, PublicKeyToken=b03f5f7f11d50a3a" className="OKnowTest.OptionScreenTest, OKnowTest, Version=1.0.0.0, Culture=neutral, PublicKeyToken=null" name="TestGetBoardSize2" />
    </UnitTest>
    <UnitTest name="TestGetBoardSize5" storage="c:\users\karan\downloads\oknow\trunk\oknow\oknowtest\bin\debug\oknowtest.dll" id="11827a33-623c-6e19-e7cf-cc3c3122d686">
      <Execution id="fe9588a4-6545-4ede-a431-37dbc5e1e0fe" />
      <TestMethod codeBase="C:/Users/Karan/Downloads/oKnow/trunk/OKnow/OKnowTest/bin/Debug/OKnowTest.DLL" adapterTypeName="Microsoft.VisualStudio.TestTools.TestTypes.Unit.UnitTestAdapter, Microsoft.VisualStudio.QualityTools.Tips.UnitTest.Adapter, Version=10.0.0.0, Culture=neutral, PublicKeyToken=b03f5f7f11d50a3a" className="OKnowTest.OptionScreenTest, OKnowTest, Version=1.0.0.0, Culture=neutral, PublicKeyToken=null" name="TestGetBoardSize5" />
    </UnitTest>
    <UnitTest name="TestJokerTile" storage="c:\users\karan\downloads\oknow\trunk\oknow\oknowtest\bin\debug\oknowtest.dll" id="d3f09b35-b610-a3b7-aac9-aa4bbf66fea6">
      <Execution id="7be70db9-a285-4022-b791-fa5c49d974a3" />
      <TestMethod codeBase="C:/Users/Karan/Downloads/oKnow/trunk/OKnow/OKnowTest/bin/Debug/OKnowTest.DLL" adapterTypeName="Microsoft.VisualStudio.TestTools.TestTypes.Unit.UnitTestAdapter, Microsoft.VisualStudio.QualityTools.Tips.UnitTest.Adapter, Version=10.0.0.0, Culture=neutral, PublicKeyToken=b03f5f7f11d50a3a" className="OKnowTest.TileTest, OKnowTest, Version=1.0.0.0, Culture=neutral, PublicKeyToken=null" name="TestJokerTile" />
    </UnitTest>
    <UnitTest name="TestBoardTypeParameter" storage="c:\users\karan\downloads\oknow\trunk\oknow\oknowtest\bin\debug\oknowtest.dll" id="b91eb780-0815-88ba-1d7d-693ff26e234c">
      <Execution id="2fdbe521-c503-4070-a50a-378a6283a863" />
      <TestMethod codeBase="C:/Users/Karan/Downloads/oKnow/trunk/OKnow/OKnowTest/bin/Debug/OKnowTest.DLL" adapterTypeName="Microsoft.VisualStudio.TestTools.TestTypes.Unit.UnitTestAdapter, Microsoft.VisualStudio.QualityTools.Tips.UnitTest.Adapter, Version=10.0.0.0, Culture=neutral, PublicKeyToken=b03f5f7f11d50a3a" className="OKnowTest.OptionScreenTest, OKnowTest, Version=1.0.0.0, Culture=neutral, PublicKeyToken=null" name="TestBoardTypeParameter" />
    </UnitTest>
    <UnitTest name="MultiPlayerMultiCorrectScoreTest" storage="c:\users\karan\downloads\oknow\trunk\oknow\oknowtest\bin\debug\oknowtest.dll" id="32dd6141-e873-31bc-2141-154b736f81ed">
      <Execution id="6f6c19d1-b16e-46da-bc4d-ad313f9f56b5" />
      <TestMethod codeBase="C:/Users/Karan/Downloads/oKnow/trunk/OKnow/OKnowTest/bin/Debug/OKnowTest.DLL" adapterTypeName="Microsoft.VisualStudio.TestTools.TestTypes.Unit.UnitTestAdapter, Microsoft.VisualStudio.QualityTools.Tips.UnitTest.Adapter, Version=10.0.0.0, Culture=neutral, PublicKeyToken=b03f5f7f11d50a3a" className="OKnowTest.ScoreBoardTest, OKnowTest, Version=1.0.0.0, Culture=neutral, PublicKeyToken=null" name="MultiPlayerMultiCorrectScoreTest" />
    </UnitTest>
    <UnitTest name="TestSum3" storage="c:\users\karan\downloads\oknow\trunk\oknow\oknowtest\bin\debug\oknowtest.dll" id="21de355f-3cde-a82e-6834-b7b2ac5c48b4">
      <Execution id="bc563422-a453-4bfb-a896-e8c62c60e93d" />
      <TestMethod codeBase="C:/Users/Karan/Downloads/oKnow/trunk/OKnow/OKnowTest/bin/Debug/OKnowTest.DLL" adapterTypeName="Microsoft.VisualStudio.TestTools.TestTypes.Unit.UnitTestAdapter, Microsoft.VisualStudio.QualityTools.Tips.UnitTest.Adapter, Version=10.0.0.0, Culture=neutral, PublicKeyToken=b03f5f7f11d50a3a" className="OKnowTest.BoardGeneratorTest, OKnowTest, Version=1.0.0.0, Culture=neutral, PublicKeyToken=null" name="TestSum3" />
    </UnitTest>
    <UnitTest name="TestSum2" storage="c:\users\karan\downloads\oknow\trunk\oknow\oknowtest\bin\debug\oknowtest.dll" id="30f09404-202f-bb57-b42e-01014a3c37b8">
      <Execution id="6ae273fc-c4ee-44ab-8520-1ebbc76d1b75" />
      <TestMethod codeBase="C:/Users/Karan/Downloads/oKnow/trunk/OKnow/OKnowTest/bin/Debug/OKnowTest.DLL" adapterTypeName="Microsoft.VisualStudio.TestTools.TestTypes.Unit.UnitTestAdapter, Microsoft.VisualStudio.QualityTools.Tips.UnitTest.Adapter, Version=10.0.0.0, Culture=neutral, PublicKeyToken=b03f5f7f11d50a3a" className="OKnowTest.BoardGeneratorTest, OKnowTest, Version=1.0.0.0, Culture=neutral, PublicKeyToken=null" name="TestSum2" />
    </UnitTest>
    <UnitTest name="TestSum5" storage="c:\users\karan\downloads\oknow\trunk\oknow\oknowtest\bin\debug\oknowtest.dll" id="f3643685-0921-c0f8-f8bd-a760364d558c">
      <Execution id="022b823d-ae40-4ec3-b531-341cdf0628a5" />
      <TestMethod codeBase="C:/Users/Karan/Downloads/oKnow/trunk/OKnow/OKnowTest/bin/Debug/OKnowTest.DLL" adapterTypeName="Microsoft.VisualStudio.TestTools.TestTypes.Unit.UnitTestAdapter, Microsoft.VisualStudio.QualityTools.Tips.UnitTest.Adapter, Version=10.0.0.0, Culture=neutral, PublicKeyToken=b03f5f7f11d50a3a" className="OKnowTest.BoardGeneratorTest, OKnowTest, Version=1.0.0.0, Culture=neutral, PublicKeyToken=null" name="TestSum5" />
    </UnitTest>
    <UnitTest name="TileConstructorTest" storage="c:\users\karan\downloads\oknow\trunk\oknow\oknowtest\bin\debug\oknowtest.dll" id="93e1a339-56ec-6a9a-cc36-ee3412430608">
      <Execution id="0b8aa5d2-fbd7-413d-847c-a137054e5c11" />
      <TestMethod codeBase="C:/Users/Karan/Downloads/oKnow/trunk/OKnow/OKnowTest/bin/Debug/OKnowTest.DLL" adapterTypeName="Microsoft.VisualStudio.TestTools.TestTypes.Unit.UnitTestAdapter, Microsoft.VisualStudio.QualityTools.Tips.UnitTest.Adapter, Version=10.0.0.0, Culture=neutral, PublicKeyToken=b03f5f7f11d50a3a" className="OKnowTest.PlayerTest, OKnowTest, Version=1.0.0.0, Culture=neutral, PublicKeyToken=null" name="TileConstructorTest" />
    </UnitTest>
    <UnitTest name="MultiplePlayerTest" storage="c:\users\karan\downloads\oknow\trunk\oknow\oknowtest\bin\debug\oknowtest.dll" id="d6f0928c-7367-b459-6ff5-32ca0241f57e">
      <Execution id="620a3982-e6d1-497a-8277-b47c839bbade" />
      <TestMethod codeBase="C:/Users/Karan/Downloads/oKnow/trunk/OKnow/OKnowTest/bin/Debug/OKnowTest.DLL" adapterTypeName="Microsoft.VisualStudio.TestTools.TestTypes.Unit.UnitTestAdapter, Microsoft.VisualStudio.QualityTools.Tips.UnitTest.Adapter, Version=10.0.0.0, Culture=neutral, PublicKeyToken=b03f5f7f11d50a3a" className="OKnowTest.PlayerTest, OKnowTest, Version=1.0.0.0, Culture=neutral, PublicKeyToken=null" name="MultiplePlayerTest" />
    </UnitTest>
    <UnitTest name="TestGetCurrentNumPlayers4" storage="c:\users\karan\downloads\oknow\trunk\oknow\oknowtest\bin\debug\oknowtest.dll" id="47b57d83-2c08-99b9-f3b1-14d4cde9b1e8">
      <Execution id="7ec0a75a-6a9c-4f34-a17c-87ff5e9e1450" />
      <TestMethod codeBase="C:/Users/Karan/Downloads/oKnow/trunk/OKnow/OKnowTest/bin/Debug/OKnowTest.DLL" adapterTypeName="Microsoft.VisualStudio.TestTools.TestTypes.Unit.UnitTestAdapter, Microsoft.VisualStudio.QualityTools.Tips.UnitTest.Adapter, Version=10.0.0.0, Culture=neutral, PublicKeyToken=b03f5f7f11d50a3a" className="OKnowTest.StartScreenTest, OKnowTest, Version=1.0.0.0, Culture=neutral, PublicKeyToken=null" name="TestGetCurrentNumPlayers4" />
    </UnitTest>
    <UnitTest name="TestUpdateEventInequality" storage="c:\users\karan\downloads\oknow\trunk\oknow\oknowtest\bin\debug\oknowtest.dll" id="7e5b7cb7-b731-5fcc-3da1-9df84dfa3118">
      <Execution id="497e48a3-2a8b-490d-a9f4-e9d4516333a5" />
      <TestMethod codeBase="C:/Users/Karan/Downloads/oKnow/trunk/OKnow/OKnowTest/bin/Debug/OKnowTest.DLL" adapterTypeName="Microsoft.VisualStudio.TestTools.TestTypes.Unit.UnitTestAdapter, Microsoft.VisualStudio.QualityTools.Tips.UnitTest.Adapter, Version=10.0.0.0, Culture=neutral, PublicKeyToken=b03f5f7f11d50a3a" className="OKnowTest.IOTests.IOSubjectTest, OKnowTest, Version=1.0.0.0, Culture=neutral, PublicKeyToken=null" name="TestUpdateEventInequality" />
    </UnitTest>
    <UnitTest name="TestUpdateEventEquality" storage="c:\users\karan\downloads\oknow\trunk\oknow\oknowtest\bin\debug\oknowtest.dll" id="f92b1b75-bfbf-8087-5727-33e690da2f7f">
      <Execution id="62e17c83-20d1-4cf6-8213-0d0672345685" />
      <TestMethod codeBase="C:/Users/Karan/Downloads/oKnow/trunk/OKnow/OKnowTest/bin/Debug/OKnowTest.DLL" adapterTypeName="Microsoft.VisualStudio.TestTools.TestTypes.Unit.UnitTestAdapter, Microsoft.VisualStudio.QualityTools.Tips.UnitTest.Adapter, Version=10.0.0.0, Culture=neutral, PublicKeyToken=b03f5f7f11d50a3a" className="OKnowTest.IOTests.IOSubjectTest, OKnowTest, Version=1.0.0.0, Culture=neutral, PublicKeyToken=null" name="TestUpdateEventEquality" />
    </UnitTest>
    <UnitTest name="TileConstructorTest" storage="c:\users\karan\downloads\oknow\trunk\oknow\oknowtest\bin\debug\oknowtest.dll" id="77e10824-1cca-c689-50b2-ed0e80430907">
      <Execution id="966886ed-7eaf-4a23-9a70-6e285dc6f52f" />
      <TestMethod codeBase="C:/Users/Karan/Downloads/oKnow/trunk/OKnow/OKnowTest/bin/Debug/OKnowTest.DLL" adapterTypeName="Microsoft.VisualStudio.TestTools.TestTypes.Unit.UnitTestAdapter, Microsoft.VisualStudio.QualityTools.Tips.UnitTest.Adapter, Version=10.0.0.0, Culture=neutral, PublicKeyToken=b03f5f7f11d50a3a" className="OKnowTest.TileTest, OKnowTest, Version=1.0.0.0, Culture=neutral, PublicKeyToken=null" name="TileConstructorTest" />
    </UnitTest>
    <UnitTest name="TestDeathTile" storage="c:\users\karan\downloads\oknow\trunk\oknow\oknowtest\bin\debug\oknowtest.dll" id="52f2ba69-e8af-366e-fa05-7e9d58be5419">
      <Execution id="6b897bf0-b407-4e13-9cc9-fc91ac38e6d0" />
      <TestMethod codeBase="C:/Users/Karan/Downloads/oKnow/trunk/OKnow/OKnowTest/bin/Debug/OKnowTest.DLL" adapterTypeName="Microsoft.VisualStudio.TestTools.TestTypes.Unit.UnitTestAdapter, Microsoft.VisualStudio.QualityTools.Tips.UnitTest.Adapter, Version=10.0.0.0, Culture=neutral, PublicKeyToken=b03f5f7f11d50a3a" className="OKnowTest.TileTest, OKnowTest, Version=1.0.0.0, Culture=neutral, PublicKeyToken=null" name="TestDeathTile" />
    </UnitTest>
    <UnitTest name="TestGetTileWeights3" storage="c:\users\karan\downloads\oknow\trunk\oknow\oknowtest\bin\debug\oknowtest.dll" id="8729184e-d1e2-354e-e397-7fc211b803fc">
      <Execution id="d605ecf1-c7d5-43ce-a647-5c081ed53464" />
      <TestMethod codeBase="C:/Users/Karan/Downloads/oKnow/trunk/OKnow/OKnowTest/bin/Debug/OKnowTest.DLL" adapterTypeName="Microsoft.VisualStudio.TestTools.TestTypes.Unit.UnitTestAdapter, Microsoft.VisualStudio.QualityTools.Tips.UnitTest.Adapter, Version=10.0.0.0, Culture=neutral, PublicKeyToken=b03f5f7f11d50a3a" className="OKnowTest.OptionScreenTest, OKnowTest, Version=1.0.0.0, Culture=neutral, PublicKeyToken=null" name="TestGetTileWeights3" />
    </UnitTest>
    <UnitTest name="MultiPlayerMultiIncorrectScoreTest" storage="c:\users\karan\downloads\oknow\trunk\oknow\oknowtest\bin\debug\oknowtest.dll" id="371a4fb2-1529-7925-ea1a-b6ea6249a33b">
      <Execution id="f1c98544-8fcc-479b-a28d-ce7f273b6a9d" />
      <TestMethod codeBase="C:/Users/Karan/Downloads/oKnow/trunk/OKnow/OKnowTest/bin/Debug/OKnowTest.DLL" adapterTypeName="Microsoft.VisualStudio.TestTools.TestTypes.Unit.UnitTestAdapter, Microsoft.VisualStudio.QualityTools.Tips.UnitTest.Adapter, Version=10.0.0.0, Culture=neutral, PublicKeyToken=b03f5f7f11d50a3a" className="OKnowTest.ScoreBoardTest, OKnowTest, Version=1.0.0.0, Culture=neutral, PublicKeyToken=null" name="MultiPlayerMultiIncorrectScoreTest" />
    </UnitTest>
    <UnitTest name="TestRightArrowParameter" storage="c:\users\karan\downloads\oknow\trunk\oknow\oknowtest\bin\debug\oknowtest.dll" id="11996059-0c5c-2a07-3fc2-f275c1d824a3">
      <Execution id="5fccd66b-c27b-4231-bfb7-e3eb5f122720" />
      <TestMethod codeBase="C:/Users/Karan/Downloads/oKnow/trunk/OKnow/OKnowTest/bin/Debug/OKnowTest.DLL" adapterTypeName="Microsoft.VisualStudio.TestTools.TestTypes.Unit.UnitTestAdapter, Microsoft.VisualStudio.QualityTools.Tips.UnitTest.Adapter, Version=10.0.0.0, Culture=neutral, PublicKeyToken=b03f5f7f11d50a3a" className="OKnowTest.StartScreenTest, OKnowTest, Version=1.0.0.0, Culture=neutral, PublicKeyToken=null" name="TestRightArrowParameter" />
    </UnitTest>
    <UnitTest name="MultiPlayerCorrectScoreTest" storage="c:\users\karan\downloads\oknow\trunk\oknow\oknowtest\bin\debug\oknowtest.dll" id="3ebf47cf-4127-1f1d-d58e-0bdf47316ea3">
      <Execution id="854aab67-7693-4d95-a691-1801870f2cfe" />
      <TestMethod codeBase="C:/Users/Karan/Downloads/oKnow/trunk/OKnow/OKnowTest/bin/Debug/OKnowTest.DLL" adapterTypeName="Microsoft.VisualStudio.TestTools.TestTypes.Unit.UnitTestAdapter, Microsoft.VisualStudio.QualityTools.Tips.UnitTest.Adapter, Version=10.0.0.0, Culture=neutral, PublicKeyToken=b03f5f7f11d50a3a" className="OKnowTest.ScoreBoardTest, OKnowTest, Version=1.0.0.0, Culture=neutral, PublicKeyToken=null" name="MultiPlayerCorrectScoreTest" />
    </UnitTest>
    <UnitTest name="TestGetLeftArrow" storage="c:\users\karan\downloads\oknow\trunk\oknow\oknowtest\bin\debug\oknowtest.dll" id="fc6917c6-2e73-f40a-5bb6-252957ae3d5b">
      <Execution id="2f39b0d7-58f6-412c-95c1-759a9a7d91f5" />
      <TestMethod codeBase="C:/Users/Karan/Downloads/oKnow/trunk/OKnow/OKnowTest/bin/Debug/OKnowTest.DLL" adapterTypeName="Microsoft.VisualStudio.TestTools.TestTypes.Unit.UnitTestAdapter, Microsoft.VisualStudio.QualityTools.Tips.UnitTest.Adapter, Version=10.0.0.0, Culture=neutral, PublicKeyToken=b03f5f7f11d50a3a" className="OKnowTest.StartScreenTest, OKnowTest, Version=1.0.0.0, Culture=neutral, PublicKeyToken=null" name="TestGetLeftArrow" />
    </UnitTest>
    <UnitTest name="BackwardsScoresTest" storage="c:\users\karan\downloads\oknow\trunk\oknow\oknowtest\bin\debug\oknowtest.dll" id="d1cdae68-9615-5a15-fb7e-17feabe3919f">
      <Execution id="2c8efa46-1e51-476c-b60b-891e0981b9b0" />
      <TestMethod codeBase="C:/Users/Karan/Downloads/oKnow/trunk/OKnow/OKnowTest/bin/Debug/OKnowTest.DLL" adapterTypeName="Microsoft.VisualStudio.TestTools.TestTypes.Unit.UnitTestAdapter, Microsoft.VisualStudio.QualityTools.Tips.UnitTest.Adapter, Version=10.0.0.0, Culture=neutral, PublicKeyToken=b03f5f7f11d50a3a" className="OKnowTest.ScoreBoardTest, OKnowTest, Version=1.0.0.0, Culture=neutral, PublicKeyToken=null" name="BackwardsScoresTest" />
    </UnitTest>
    <UnitTest name="TestGetTileWeights2" storage="c:\users\karan\downloads\oknow\trunk\oknow\oknowtest\bin\debug\oknowtest.dll" id="7f53bfc8-5e68-d8fc-378e-e7ac11b91a85">
      <Execution id="ca463987-dab9-4e87-8376-356fe57d3e01" />
      <TestMethod codeBase="C:/Users/Karan/Downloads/oKnow/trunk/OKnow/OKnowTest/bin/Debug/OKnowTest.DLL" adapterTypeName="Microsoft.VisualStudio.TestTools.TestTypes.Unit.UnitTestAdapter, Microsoft.VisualStudio.QualityTools.Tips.UnitTest.Adapter, Version=10.0.0.0, Culture=neutral, PublicKeyToken=b03f5f7f11d50a3a" className="OKnowTest.OptionScreenTest, OKnowTest, Version=1.0.0.0, Culture=neutral, PublicKeyToken=null" name="TestGetTileWeights2" />
    </UnitTest>
    <UnitTest name="TestGetBoardSize3" storage="c:\users\karan\downloads\oknow\trunk\oknow\oknowtest\bin\debug\oknowtest.dll" id="b74f4fc9-56a5-f718-302b-ba5969de4238">
      <Execution id="4332ab32-c970-489a-8d14-bf65706144b8" />
      <TestMethod codeBase="C:/Users/Karan/Downloads/oKnow/trunk/OKnow/OKnowTest/bin/Debug/OKnowTest.DLL" adapterTypeName="Microsoft.VisualStudio.TestTools.TestTypes.Unit.UnitTestAdapter, Microsoft.VisualStudio.QualityTools.Tips.UnitTest.Adapter, Version=10.0.0.0, Culture=neutral, PublicKeyToken=b03f5f7f11d50a3a" className="OKnowTest.OptionScreenTest, OKnowTest, Version=1.0.0.0, Culture=neutral, PublicKeyToken=null" name="TestGetBoardSize3" />
    </UnitTest>
    <UnitTest name="QuestionNotifyIncorrectClickTest" storage="c:\users\karan\downloads\oknow\trunk\oknow\oknowtest\bin\debug\oknowtest.dll" id="bd72cabd-0ddc-9517-5a13-70031cc0d420">
      <Execution id="f02f34ba-9d4d-4ed6-9634-80b1da74e71a" />
      <TestMethod codeBase="C:/Users/Karan/Downloads/oKnow/trunk/OKnow/OKnowTest/bin/Debug/OKnowTest.DLL" adapterTypeName="Microsoft.VisualStudio.TestTools.TestTypes.Unit.UnitTestAdapter, Microsoft.VisualStudio.QualityTools.Tips.UnitTest.Adapter, Version=10.0.0.0, Culture=neutral, PublicKeyToken=b03f5f7f11d50a3a" className="OKnowTest.AnswerAQuestionTest, OKnowTest, Version=1.0.0.0, Culture=neutral, PublicKeyToken=null" name="QuestionNotifyIncorrectClickTest" />
    </UnitTest>
    <UnitTest name="TestGetCurrentCategory6" storage="c:\users\karan\downloads\oknow\trunk\oknow\oknowtest\bin\debug\oknowtest.dll" id="d22d02ed-bb5c-57c7-bac8-2a4213191ea2">
      <Execution id="5bdeaa79-ed1e-456a-ac92-5cbf97482abd" />
      <TestMethod codeBase="C:/Users/Karan/Downloads/oKnow/trunk/OKnow/OKnowTest/bin/Debug/OKnowTest.DLL" adapterTypeName="Microsoft.VisualStudio.TestTools.TestTypes.Unit.UnitTestAdapter, Microsoft.VisualStudio.QualityTools.Tips.UnitTest.Adapter, Version=10.0.0.0, Culture=neutral, PublicKeyToken=b03f5f7f11d50a3a" className="OKnowTest.StartScreenTest, OKnowTest, Version=1.0.0.0, Culture=neutral, PublicKeyToken=null" name="TestGetCurrentCategory6" />
    </UnitTest>
    <UnitTest name="TestCategory" storage="c:\users\karan\downloads\oknow\trunk\oknow\oknowtest\bin\debug\oknowtest.dll" id="a9a9f0f1-8a6b-9673-3b72-bfc82b22d458">
      <Execution id="7661a38e-e29a-45a5-ae21-efcde9d56b5b" />
      <TestMethod codeBase="C:/Users/Karan/Downloads/oKnow/trunk/OKnow/OKnowTest/bin/Debug/OKnowTest.DLL" adapterTypeName="Microsoft.VisualStudio.TestTools.TestTypes.Unit.UnitTestAdapter, Microsoft.VisualStudio.QualityTools.Tips.UnitTest.Adapter, Version=10.0.0.0, Culture=neutral, PublicKeyToken=b03f5f7f11d50a3a" className="OKnowTest.AnswerTest, OKnowTest, Version=1.0.0.0, Culture=neutral, PublicKeyToken=null" name="TestCategory" />
    </UnitTest>
    <UnitTest name="QuestionNotifyIncorrectKeyTest" storage="c:\users\karan\downloads\oknow\trunk\oknow\oknowtest\bin\debug\oknowtest.dll" id="60eb9c3d-cd29-58bd-5b44-c89d0731a54a">
      <Execution id="efe8c1f8-7060-4ae2-ad7d-4bd969ffd50a" />
      <TestMethod codeBase="C:/Users/Karan/Downloads/oKnow/trunk/OKnow/OKnowTest/bin/Debug/OKnowTest.DLL" adapterTypeName="Microsoft.VisualStudio.TestTools.TestTypes.Unit.UnitTestAdapter, Microsoft.VisualStudio.QualityTools.Tips.UnitTest.Adapter, Version=10.0.0.0, Culture=neutral, PublicKeyToken=b03f5f7f11d50a3a" className="OKnowTest.AnswerAQuestionTest, OKnowTest, Version=1.0.0.0, Culture=neutral, PublicKeyToken=null" name="QuestionNotifyIncorrectKeyTest" />
    </UnitTest>
    <UnitTest name="ChangeCategoryStateTest" storage="c:\users\karan\downloads\oknow\trunk\oknow\oknowtest\bin\debug\oknowtest.dll" id="17c0ccb2-7906-7e39-90cb-848a59e82687">
      <Execution id="0c46ec98-53d1-41ae-b3b3-c9dc5d81ac50" />
      <TestMethod codeBase="C:/Users/Karan/Downloads/oKnow/trunk/OKnow/OKnowTest/bin/Debug/OKnowTest.DLL" adapterTypeName="Microsoft.VisualStudio.TestTools.TestTypes.Unit.UnitTestAdapter, Microsoft.VisualStudio.QualityTools.Tips.UnitTest.Adapter, Version=10.0.0.0, Culture=neutral, PublicKeyToken=b03f5f7f11d50a3a" className="OKnowTest.ChangeCategoryTest, OKnowTest, Version=1.0.0.0, Culture=neutral, PublicKeyToken=null" name="ChangeCategoryStateTest" />
    </UnitTest>
    <UnitTest name="StartGameTest2" storage="c:\users\karan\downloads\oknow\trunk\oknow\oknowtest\bin\debug\oknowtest.dll" id="8e77a49e-1ebb-33d0-321e-b1c7c45a8fa3">
      <Execution id="878ef41d-e8f6-437b-b588-de806e507512" />
      <TestMethod codeBase="C:/Users/Karan/Downloads/oKnow/trunk/OKnow/OKnowTest/bin/Debug/OKnowTest.DLL" adapterTypeName="Microsoft.VisualStudio.TestTools.TestTypes.Unit.UnitTestAdapter, Microsoft.VisualStudio.QualityTools.Tips.UnitTest.Adapter, Version=10.0.0.0, Culture=neutral, PublicKeyToken=b03f5f7f11d50a3a" className="OKnowTest.Game1Test, OKnowTest, Version=1.0.0.0, Culture=neutral, PublicKeyToken=null" name="StartGameTest2" />
    </UnitTest>
    <UnitTest name="TestGetRightArrow" storage="c:\users\karan\downloads\oknow\trunk\oknow\oknowtest\bin\debug\oknowtest.dll" id="dee46b0c-2f9d-52fc-c7b4-b5b58ca85be6">
      <Execution id="e58b755a-3978-423f-8dc0-86277fd949b2" />
      <TestMethod codeBase="C:/Users/Karan/Downloads/oKnow/trunk/OKnow/OKnowTest/bin/Debug/OKnowTest.DLL" adapterTypeName="Microsoft.VisualStudio.TestTools.TestTypes.Unit.UnitTestAdapter, Microsoft.VisualStudio.QualityTools.Tips.UnitTest.Adapter, Version=10.0.0.0, Culture=neutral, PublicKeyToken=b03f5f7f11d50a3a" className="OKnowTest.StartScreenTest, OKnowTest, Version=1.0.0.0, Culture=neutral, PublicKeyToken=null" name="TestGetRightArrow" />
    </UnitTest>
    <UnitTest name="TestGetTileWeights1" storage="c:\users\karan\downloads\oknow\trunk\oknow\oknowtest\bin\debug\oknowtest.dll" id="015f6da2-a554-d89e-ee82-ed24b884133e">
      <Execution id="714afce2-33b4-4f4b-98b3-a15288f92b08" />
      <TestMethod codeBase="C:/Users/Karan/Downloads/oKnow/trunk/OKnow/OKnowTest/bin/Debug/OKnowTest.DLL" adapterTypeName="Microsoft.VisualStudio.TestTools.TestTypes.Unit.UnitTestAdapter, Microsoft.VisualStudio.QualityTools.Tips.UnitTest.Adapter, Version=10.0.0.0, Culture=neutral, PublicKeyToken=b03f5f7f11d50a3a" className="OKnowTest.OptionScreenTest, OKnowTest, Version=1.0.0.0, Culture=neutral, PublicKeyToken=null" name="TestGetTileWeights1" />
    </UnitTest>
    <UnitTest name="IsAdjacentTest" storage="c:\users\karan\downloads\oknow\trunk\oknow\oknowtest\bin\debug\oknowtest.dll" id="72f264a5-7de2-336c-60e6-b904b0cc1eea">
      <Execution id="0840814b-f776-433c-b66b-9b32666cfb82" />
      <TestMethod codeBase="C:/Users/Karan/Downloads/oKnow/trunk/OKnow/OKnowTest/bin/Debug/OKnowTest.DLL" adapterTypeName="Microsoft.VisualStudio.TestTools.TestTypes.Unit.UnitTestAdapter, Microsoft.VisualStudio.QualityTools.Tips.UnitTest.Adapter, Version=10.0.0.0, Culture=neutral, PublicKeyToken=b03f5f7f11d50a3a" className="OKnowTest.TileTest, OKnowTest, Version=1.0.0.0, Culture=neutral, PublicKeyToken=null" name="IsAdjacentTest" />
    </UnitTest>
    <UnitTest name="TestUpdate" storage="c:\users\karan\downloads\oknow\trunk\oknow\oknowtest\bin\debug\oknowtest.dll" id="d0ddb7c1-ff4a-b3fe-6f4c-174f7a2fe81e">
      <Execution id="89af46f5-003e-4538-9671-b45c9c1f99ed" />
      <TestMethod codeBase="C:/Users/Karan/Downloads/oKnow/trunk/OKnow/OKnowTest/bin/Debug/OKnowTest.DLL" adapterTypeName="Microsoft.VisualStudio.TestTools.TestTypes.Unit.UnitTestAdapter, Microsoft.VisualStudio.QualityTools.Tips.UnitTest.Adapter, Version=10.0.0.0, Culture=neutral, PublicKeyToken=b03f5f7f11d50a3a" className="OKnowTest.IOTests.IOSubjectTest, OKnowTest, Version=1.0.0.0, Culture=neutral, PublicKeyToken=null" name="TestUpdate" />
    </UnitTest>
    <UnitTest name="TestGetCurrentNumPlayers1" storage="c:\users\karan\downloads\oknow\trunk\oknow\oknowtest\bin\debug\oknowtest.dll" id="957b084a-82f1-c373-da0f-c9ece73ff22b">
      <Execution id="6f8714ec-4c8a-47d5-a797-a03faceb137d" />
      <TestMethod codeBase="C:/Users/Karan/Downloads/oKnow/trunk/OKnow/OKnowTest/bin/Debug/OKnowTest.DLL" adapterTypeName="Microsoft.VisualStudio.TestTools.TestTypes.Unit.UnitTestAdapter, Microsoft.VisualStudio.QualityTools.Tips.UnitTest.Adapter, Version=10.0.0.0, Culture=neutral, PublicKeyToken=b03f5f7f11d50a3a" className="OKnowTest.StartScreenTest, OKnowTest, Version=1.0.0.0, Culture=neutral, PublicKeyToken=null" name="TestGetCurrentNumPlayers1" />
    </UnitTest>
    <UnitTest name="TestGetCurrentCategory3" storage="c:\users\karan\downloads\oknow\trunk\oknow\oknowtest\bin\debug\oknowtest.dll" id="6d90f370-9d6b-db58-3da4-8603bcc06965">
      <Execution id="16a788ba-caea-4e19-ae11-cca08d56e51a" />
      <TestMethod codeBase="C:/Users/Karan/Downloads/oKnow/trunk/OKnow/OKnowTest/bin/Debug/OKnowTest.DLL" adapterTypeName="Microsoft.VisualStudio.TestTools.TestTypes.Unit.UnitTestAdapter, Microsoft.VisualStudio.QualityTools.Tips.UnitTest.Adapter, Version=10.0.0.0, Culture=neutral, PublicKeyToken=b03f5f7f11d50a3a" className="OKnowTest.StartScreenTest, OKnowTest, Version=1.0.0.0, Culture=neutral, PublicKeyToken=null" name="TestGetCurrentCategory3" />
    </UnitTest>
    <UnitTest name="TestImageTile" storage="c:\users\karan\downloads\oknow\trunk\oknow\oknowtest\bin\debug\oknowtest.dll" id="fc573d78-4d31-4cef-4a5f-301b8eb35a18">
      <Execution id="3f9e3080-0de3-4867-8e81-4a5d91a85e9d" />
      <TestMethod codeBase="C:/Users/Karan/Downloads/oKnow/trunk/OKnow/OKnowTest/bin/Debug/OKnowTest.DLL" adapterTypeName="Microsoft.VisualStudio.TestTools.TestTypes.Unit.UnitTestAdapter, Microsoft.VisualStudio.QualityTools.Tips.UnitTest.Adapter, Version=10.0.0.0, Culture=neutral, PublicKeyToken=b03f5f7f11d50a3a" className="OKnowTest.TileTest, OKnowTest, Version=1.0.0.0, Culture=neutral, PublicKeyToken=null" name="TestImageTile" />
    </UnitTest>
    <UnitTest name="TestGetRandomMusicQuestion" storage="c:\users\karan\downloads\oknow\trunk\oknow\oknowtest\bin\debug\oknowtest.dll" id="0177b86e-d5fa-cf5b-7ea6-a50aa23a1f27">
      <Execution id="21fc3ab4-73a6-4e9d-8585-3d73323d336b" />
      <TestMethod codeBase="C:/Users/Karan/Downloads/oKnow/trunk/OKnow/OKnowTest/bin/Debug/OKnowTest.DLL" adapterTypeName="Microsoft.VisualStudio.TestTools.TestTypes.Unit.UnitTestAdapter, Microsoft.VisualStudio.QualityTools.Tips.UnitTest.Adapter, Version=10.0.0.0, Culture=neutral, PublicKeyToken=b03f5f7f11d50a3a" className="OKnowTest.QuestionPoolTest, OKnowTest, Version=1.0.0.0, Culture=neutral, PublicKeyToken=null" name="TestGetRandomMusicQuestion" />
    </UnitTest>
    <UnitTest name="TestGetCurrentNumPlayers5" storage="c:\users\karan\downloads\oknow\trunk\oknow\oknowtest\bin\debug\oknowtest.dll" id="7da4a519-5129-89a7-3d39-c6df56ad0742">
      <Execution id="e54be3df-0e39-4bd2-8709-985fc8671a69" />
      <TestMethod codeBase="C:/Users/Karan/Downloads/oKnow/trunk/OKnow/OKnowTest/bin/Debug/OKnowTest.DLL" adapterTypeName="Microsoft.VisualStudio.TestTools.TestTypes.Unit.UnitTestAdapter, Microsoft.VisualStudio.QualityTools.Tips.UnitTest.Adapter, Version=10.0.0.0, Culture=neutral, PublicKeyToken=b03f5f7f11d50a3a" className="OKnowTest.StartScreenTest, OKnowTest, Version=1.0.0.0, Culture=neutral, PublicKeyToken=null" name="TestGetCurrentNumPlayers5" />
    </UnitTest>
    <UnitTest name="QuestionNotifyCorrectKeyTest" storage="c:\users\karan\downloads\oknow\trunk\oknow\oknowtest\bin\debug\oknowtest.dll" id="4241b6d4-e9df-72e9-77ef-f7714add0b73">
      <Execution id="d9e24e1d-1fb4-4b48-b1fc-56d00cb13c34" />
      <TestMethod codeBase="C:/Users/Karan/Downloads/oKnow/trunk/OKnow/OKnowTest/bin/Debug/OKnowTest.DLL" adapterTypeName="Microsoft.VisualStudio.TestTools.TestTypes.Unit.UnitTestAdapter, Microsoft.VisualStudio.QualityTools.Tips.UnitTest.Adapter, Version=10.0.0.0, Culture=neutral, PublicKeyToken=b03f5f7f11d50a3a" className="OKnowTest.AnswerAQuestionTest, OKnowTest, Version=1.0.0.0, Culture=neutral, PublicKeyToken=null" name="QuestionNotifyCorrectKeyTest" />
    </UnitTest>
    <UnitTest name="PlayerMoveStateTest" storage="c:\users\karan\downloads\oknow\trunk\oknow\oknowtest\bin\debug\oknowtest.dll" id="c5f604eb-bb73-2ed4-4b97-3223456ec415">
      <Execution id="6699012e-cce7-4333-9eb8-7ddf84effcb9" />
      <TestMethod codeBase="C:/Users/Karan/Downloads/oKnow/trunk/OKnow/OKnowTest/bin/Debug/OKnowTest.DLL" adapterTypeName="Microsoft.VisualStudio.TestTools.TestTypes.Unit.UnitTestAdapter, Microsoft.VisualStudio.QualityTools.Tips.UnitTest.Adapter, Version=10.0.0.0, Culture=neutral, PublicKeyToken=b03f5f7f11d50a3a" className="OKnowTest.AnswerAQuestionTest, OKnowTest, Version=1.0.0.0, Culture=neutral, PublicKeyToken=null" name="PlayerMoveStateTest" />
    </UnitTest>
    <UnitTest name="ResetAttemptsStateTest" storage="c:\users\karan\downloads\oknow\trunk\oknow\oknowtest\bin\debug\oknowtest.dll" id="5f9ff485-80f0-1581-b8ce-68cc871f9745">
      <Execution id="b08e6994-6a08-4e0b-bbf5-5db74b43133b" />
      <TestMethod codeBase="C:/Users/Karan/Downloads/oKnow/trunk/OKnow/OKnowTest/bin/Debug/OKnowTest.DLL" adapterTypeName="Microsoft.VisualStudio.TestTools.TestTypes.Unit.UnitTestAdapter, Microsoft.VisualStudio.QualityTools.Tips.UnitTest.Adapter, Version=10.0.0.0, Culture=neutral, PublicKeyToken=b03f5f7f11d50a3a" className="OKnowTest.ResetAttemptsTest, OKnowTest, Version=1.0.0.0, Culture=neutral, PublicKeyToken=null" name="ResetAttemptsStateTest" />
    </UnitTest>
    <UnitTest name="TestGetBoardType3" storage="c:\users\karan\downloads\oknow\trunk\oknow\oknowtest\bin\debug\oknowtest.dll" id="218b5b1b-8cf3-9ec8-bd10-43e5d019c394">
      <Execution id="1456372b-68cc-4fdf-984d-e6f20eb36a43" />
      <TestMethod codeBase="C:/Users/Karan/Downloads/oKnow/trunk/OKnow/OKnowTest/bin/Debug/OKnowTest.DLL" adapterTypeName="Microsoft.VisualStudio.TestTools.TestTypes.Unit.UnitTestAdapter, Microsoft.VisualStudio.QualityTools.Tips.UnitTest.Adapter, Version=10.0.0.0, Culture=neutral, PublicKeyToken=b03f5f7f11d50a3a" className="OKnowTest.OptionScreenTest, OKnowTest, Version=1.0.0.0, Culture=neutral, PublicKeyToken=null" name="TestGetBoardType3" />
    </UnitTest>
    <UnitTest name="TestGetTileWeights4" storage="c:\users\karan\downloads\oknow\trunk\oknow\oknowtest\bin\debug\oknowtest.dll" id="370fb289-966e-efac-dd35-8a43dfda305e">
      <Execution id="f9ca0d3f-6595-4731-93c9-e922bfedef01" />
      <TestMethod codeBase="C:/Users/Karan/Downloads/oKnow/trunk/OKnow/OKnowTest/bin/Debug/OKnowTest.DLL" adapterTypeName="Microsoft.VisualStudio.TestTools.TestTypes.Unit.UnitTestAdapter, Microsoft.VisualStudio.QualityTools.Tips.UnitTest.Adapter, Version=10.0.0.0, Culture=neutral, PublicKeyToken=b03f5f7f11d50a3a" className="OKnowTest.OptionScreenTest, OKnowTest, Version=1.0.0.0, Culture=neutral, PublicKeyToken=null" name="TestGetTileWeights4" />
    </UnitTest>
    <UnitTest name="TestPlayerScoreParameter" storage="c:\users\karan\downloads\oknow\trunk\oknow\oknowtest\bin\debug\oknowtest.dll" id="14c76d6e-baba-abce-271f-bb53095ef8bb">
      <Execution id="4b804b15-6f6e-4380-b7bc-3d96030b4ee1" />
      <TestMethod codeBase="C:/Users/Karan/Downloads/oKnow/trunk/OKnow/OKnowTest/bin/Debug/OKnowTest.DLL" adapterTypeName="Microsoft.VisualStudio.TestTools.TestTypes.Unit.UnitTestAdapter, Microsoft.VisualStudio.QualityTools.Tips.UnitTest.Adapter, Version=10.0.0.0, Culture=neutral, PublicKeyToken=b03f5f7f11d50a3a" className="OKnowTest.AnswerAQuestionTest, OKnowTest, Version=1.0.0.0, Culture=neutral, PublicKeyToken=null" name="TestPlayerScoreParameter" />
    </UnitTest>
    <UnitTest name="PlayerScoreTest" storage="c:\users\karan\downloads\oknow\trunk\oknow\oknowtest\bin\debug\oknowtest.dll" id="96895812-5ec4-e95c-f82b-714f21329505">
      <Execution id="6f2e4b5e-319e-4731-9dcd-fc9cfda80d06" />
      <TestMethod codeBase="C:/Users/Karan/Downloads/oKnow/trunk/OKnow/OKnowTest/bin/Debug/OKnowTest.DLL" adapterTypeName="Microsoft.VisualStudio.TestTools.TestTypes.Unit.UnitTestAdapter, Microsoft.VisualStudio.QualityTools.Tips.UnitTest.Adapter, Version=10.0.0.0, Culture=neutral, PublicKeyToken=b03f5f7f11d50a3a" className="OKnowTest.ScoreBoardTest, OKnowTest, Version=1.0.0.0, Culture=neutral, PublicKeyToken=null" name="PlayerScoreTest" />
    </UnitTest>
    <UnitTest name="TestGetBoardSize6" storage="c:\users\karan\downloads\oknow\trunk\oknow\oknowtest\bin\debug\oknowtest.dll" id="a10f1aa2-aab3-02b5-5765-dddc67566b50">
      <Execution id="493399c6-5554-48f8-8805-dd787adc9c42" />
      <TestMethod codeBase="C:/Users/Karan/Downloads/oKnow/trunk/OKnow/OKnowTest/bin/Debug/OKnowTest.DLL" adapterTypeName="Microsoft.VisualStudio.TestTools.TestTypes.Unit.UnitTestAdapter, Microsoft.VisualStudio.QualityTools.Tips.UnitTest.Adapter, Version=10.0.0.0, Culture=neutral, PublicKeyToken=b03f5f7f11d50a3a" className="OKnowTest.OptionScreenTest, OKnowTest, Version=1.0.0.0, Culture=neutral, PublicKeyToken=null" name="TestGetBoardSize6" />
    </UnitTest>
    <UnitTest name="GetSetPlayerTileTest" storage="c:\users\karan\downloads\oknow\trunk\oknow\oknowtest\bin\debug\oknowtest.dll" id="f0bdd7dd-7cef-1459-6d80-5f06a72cf810">
      <Execution id="7c55a490-fa4d-440c-bb10-a2c5ab5d055d" />
      <TestMethod codeBase="C:/Users/Karan/Downloads/oKnow/trunk/OKnow/OKnowTest/bin/Debug/OKnowTest.DLL" adapterTypeName="Microsoft.VisualStudio.TestTools.TestTypes.Unit.UnitTestAdapter, Microsoft.VisualStudio.QualityTools.Tips.UnitTest.Adapter, Version=10.0.0.0, Culture=neutral, PublicKeyToken=b03f5f7f11d50a3a" className="OKnowTest.PlayerTest, OKnowTest, Version=1.0.0.0, Culture=neutral, PublicKeyToken=null" name="GetSetPlayerTileTest" />
    </UnitTest>
    <UnitTest name="TestGetBoardType2" storage="c:\users\karan\downloads\oknow\trunk\oknow\oknowtest\bin\debug\oknowtest.dll" id="f954d7aa-0b6b-b16d-b134-a5b7560709e3">
      <Execution id="17748bd6-e91d-4daa-8106-21e450cc6b62" />
      <TestMethod codeBase="C:/Users/Karan/Downloads/oKnow/trunk/OKnow/OKnowTest/bin/Debug/OKnowTest.DLL" adapterTypeName="Microsoft.VisualStudio.TestTools.TestTypes.Unit.UnitTestAdapter, Microsoft.VisualStudio.QualityTools.Tips.UnitTest.Adapter, Version=10.0.0.0, Culture=neutral, PublicKeyToken=b03f5f7f11d50a3a" className="OKnowTest.OptionScreenTest, OKnowTest, Version=1.0.0.0, Culture=neutral, PublicKeyToken=null" name="TestGetBoardType2" />
    </UnitTest>
    <UnitTest name="TestStandardTile" storage="c:\users\karan\downloads\oknow\trunk\oknow\oknowtest\bin\debug\oknowtest.dll" id="e4ab14aa-1429-271f-5b09-0f8f32eeab9a">
      <Execution id="8f5c9628-9cc1-42f5-89dd-29075db477b3" />
      <TestMethod codeBase="C:/Users/Karan/Downloads/oKnow/trunk/OKnow/OKnowTest/bin/Debug/OKnowTest.DLL" adapterTypeName="Microsoft.VisualStudio.TestTools.TestTypes.Unit.UnitTestAdapter, Microsoft.VisualStudio.QualityTools.Tips.UnitTest.Adapter, Version=10.0.0.0, Culture=neutral, PublicKeyToken=b03f5f7f11d50a3a" className="OKnowTest.TileTest, OKnowTest, Version=1.0.0.0, Culture=neutral, PublicKeyToken=null" name="TestStandardTile" />
    </UnitTest>
    <UnitTest name="GetSetPlayerNameTest" storage="c:\users\karan\downloads\oknow\trunk\oknow\oknowtest\bin\debug\oknowtest.dll" id="c4cd8056-c9ff-caf6-98af-4ccd1972a29a">
      <Execution id="aa2c09ed-98a9-4bf2-9e60-193c088f894d" />
      <TestMethod codeBase="C:/Users/Karan/Downloads/oKnow/trunk/OKnow/OKnowTest/bin/Debug/OKnowTest.DLL" adapterTypeName="Microsoft.VisualStudio.TestTools.TestTypes.Unit.UnitTestAdapter, Microsoft.VisualStudio.QualityTools.Tips.UnitTest.Adapter, Version=10.0.0.0, Culture=neutral, PublicKeyToken=b03f5f7f11d50a3a" className="OKnowTest.PlayerTest, OKnowTest, Version=1.0.0.0, Culture=neutral, PublicKeyToken=null" name="GetSetPlayerNameTest" />
    </UnitTest>
    <UnitTest name="PlayersTest2" storage="c:\users\karan\downloads\oknow\trunk\oknow\oknowtest\bin\debug\oknowtest.dll" id="e0382ce5-6740-35b3-fff5-be32133f4b54">
      <Execution id="d3ca55df-f0ba-42ee-8dfa-ee9fb48fdd09" />
      <TestMethod codeBase="C:/Users/Karan/Downloads/oKnow/trunk/OKnow/OKnowTest/bin/Debug/OKnowTest.DLL" adapterTypeName="Microsoft.VisualStudio.TestTools.TestTypes.Unit.UnitTestAdapter, Microsoft.VisualStudio.QualityTools.Tips.UnitTest.Adapter, Version=10.0.0.0, Culture=neutral, PublicKeyToken=b03f5f7f11d50a3a" className="OKnowTest.GameBoardTest, OKnowTest, Version=1.0.0.0, Culture=neutral, PublicKeyToken=null" name="PlayersTest2" />
    </UnitTest>
    <UnitTest name="TestMusicTile" storage="c:\users\karan\downloads\oknow\trunk\oknow\oknowtest\bin\debug\oknowtest.dll" id="3a6c85dc-ff2e-cb74-a68e-e4c4f59a65bd">
      <Execution id="4c848328-c8f8-4f2f-904a-e648323467c2" />
      <TestMethod codeBase="C:/Users/Karan/Downloads/oKnow/trunk/OKnow/OKnowTest/bin/Debug/OKnowTest.DLL" adapterTypeName="Microsoft.VisualStudio.TestTools.TestTypes.Unit.UnitTestAdapter, Microsoft.VisualStudio.QualityTools.Tips.UnitTest.Adapter, Version=10.0.0.0, Culture=neutral, PublicKeyToken=b03f5f7f11d50a3a" className="OKnowTest.TileTest, OKnowTest, Version=1.0.0.0, Culture=neutral, PublicKeyToken=null" name="TestMusicTile" />
    </UnitTest>
    <UnitTest name="KeyIsNotDownEvent" storage="c:\users\karan\downloads\oknow\trunk\oknow\oknowtest\bin\debug\oknowtest.dll" id="23e952be-43ac-69f6-e773-dec25ec58275">
      <Execution id="0ffb85fa-5862-42a1-93e1-20ede396b365" />
      <TestMethod codeBase="C:/Users/Karan/Downloads/oKnow/trunk/OKnow/OKnowTest/bin/Debug/OKnowTest.DLL" adapterTypeName="Microsoft.VisualStudio.TestTools.TestTypes.Unit.UnitTestAdapter, Microsoft.VisualStudio.QualityTools.Tips.UnitTest.Adapter, Version=10.0.0.0, Culture=neutral, PublicKeyToken=b03f5f7f11d50a3a" className="OKnowTest.KeyDownEventTest, OKnowTest, Version=1.0.0.0, Culture=neutral, PublicKeyToken=null" name="KeyIsNotDownEvent" />
    </UnitTest>
    <UnitTest name="SkipQuestionStateTest" storage="c:\users\karan\downloads\oknow\trunk\oknow\oknowtest\bin\debug\oknowtest.dll" id="a55ea7c9-eabb-9207-ac1a-8e11aa747df4">
      <Execution id="a272fe26-bb36-4423-a803-6f1eb2f984b8" />
      <TestMethod codeBase="C:/Users/Karan/Downloads/oKnow/trunk/OKnow/OKnowTest/bin/Debug/OKnowTest.DLL" adapterTypeName="Microsoft.VisualStudio.TestTools.TestTypes.Unit.UnitTestAdapter, Microsoft.VisualStudio.QualityTools.Tips.UnitTest.Adapter, Version=10.0.0.0, Culture=neutral, PublicKeyToken=b03f5f7f11d50a3a" className="OKnowTest.SkipAQuestionTest, OKnowTest, Version=1.0.0.0, Culture=neutral, PublicKeyToken=null" name="SkipQuestionStateTest" />
    </UnitTest>
    <UnitTest name="TestGetTileWeights6" storage="c:\users\karan\downloads\oknow\trunk\oknow\oknowtest\bin\debug\oknowtest.dll" id="74d6cac9-d4d3-9019-d46c-df65dffe4326">
      <Execution id="a46ddcc7-9bb3-46d4-b1a1-8dcd299dc2ad" />
      <TestMethod codeBase="C:/Users/Karan/Downloads/oKnow/trunk/OKnow/OKnowTest/bin/Debug/OKnowTest.DLL" adapterTypeName="Microsoft.VisualStudio.TestTools.TestTypes.Unit.UnitTestAdapter, Microsoft.VisualStudio.QualityTools.Tips.UnitTest.Adapter, Version=10.0.0.0, Culture=neutral, PublicKeyToken=b03f5f7f11d50a3a" className="OKnowTest.OptionScreenTest, OKnowTest, Version=1.0.0.0, Culture=neutral, PublicKeyToken=null" name="TestGetTileWeights6" />
    </UnitTest>
    <UnitTest name="TestQuestionType" storage="c:\users\karan\downloads\oknow\trunk\oknow\oknowtest\bin\debug\oknowtest.dll" id="932006bf-cc9a-1649-4dd2-a8c07ced02bd">
      <Execution id="5228bc45-c527-4e85-b830-3643ee5ad3de" />
      <TestMethod codeBase="C:/Users/Karan/Downloads/oKnow/trunk/OKnow/OKnowTest/bin/Debug/OKnowTest.DLL" adapterTypeName="Microsoft.VisualStudio.TestTools.TestTypes.Unit.UnitTestAdapter, Microsoft.VisualStudio.QualityTools.Tips.UnitTest.Adapter, Version=10.0.0.0, Culture=neutral, PublicKeyToken=b03f5f7f11d50a3a" className="OKnowTest.QuestionTest, OKnowTest, Version=1.0.0.0, Culture=neutral, PublicKeyToken=null" name="TestQuestionType" />
    </UnitTest>
    <UnitTest name="MultiPlayerIncorrectScoreTest" storage="c:\users\karan\downloads\oknow\trunk\oknow\oknowtest\bin\debug\oknowtest.dll" id="36411a89-5ee3-acf1-7ac9-7780454d7007">
      <Execution id="add4bfa7-5af6-4e54-a1a0-981e89fb3b4a" />
      <TestMethod codeBase="C:/Users/Karan/Downloads/oKnow/trunk/OKnow/OKnowTest/bin/Debug/OKnowTest.DLL" adapterTypeName="Microsoft.VisualStudio.TestTools.TestTypes.Unit.UnitTestAdapter, Microsoft.VisualStudio.QualityTools.Tips.UnitTest.Adapter, Version=10.0.0.0, Culture=neutral, PublicKeyToken=b03f5f7f11d50a3a" className="OKnowTest.ScoreBoardTest, OKnowTest, Version=1.0.0.0, Culture=neutral, PublicKeyToken=null" name="MultiPlayerIncorrectScoreTest" />
    </UnitTest>
    <UnitTest name="TestCategoryParameter" storage="c:\users\karan\downloads\oknow\trunk\oknow\oknowtest\bin\debug\oknowtest.dll" id="ff82c0df-2a18-5756-6f34-2753161d947c">
      <Execution id="200c6e81-38b2-4639-acee-8e91ad726bd9" />
      <TestMethod codeBase="C:/Users/Karan/Downloads/oKnow/trunk/OKnow/OKnowTest/bin/Debug/OKnowTest.DLL" adapterTypeName="Microsoft.VisualStudio.TestTools.TestTypes.Unit.UnitTestAdapter, Microsoft.VisualStudio.QualityTools.Tips.UnitTest.Adapter, Version=10.0.0.0, Culture=neutral, PublicKeyToken=b03f5f7f11d50a3a" className="OKnowTest.StartScreenTest, OKnowTest, Version=1.0.0.0, Culture=neutral, PublicKeyToken=null" name="TestCategoryParameter" />
    </UnitTest>
    <UnitTest name="KeyIsDownEvent" storage="c:\users\karan\downloads\oknow\trunk\oknow\oknowtest\bin\debug\oknowtest.dll" id="083d22d7-fcb7-fbb5-cd62-3b304677a5ce">
      <Execution id="ff25e15c-d5da-4012-bc24-4b96b4d58986" />
      <TestMethod codeBase="C:/Users/Karan/Downloads/oKnow/trunk/OKnow/OKnowTest/bin/Debug/OKnowTest.DLL" adapterTypeName="Microsoft.VisualStudio.TestTools.TestTypes.Unit.UnitTestAdapter, Microsoft.VisualStudio.QualityTools.Tips.UnitTest.Adapter, Version=10.0.0.0, Culture=neutral, PublicKeyToken=b03f5f7f11d50a3a" className="OKnowTest.KeyDownEventTest, OKnowTest, Version=1.0.0.0, Culture=neutral, PublicKeyToken=null" name="KeyIsDownEvent" />
    </UnitTest>
    <UnitTest name="VictoryTest" storage="c:\users\karan\downloads\oknow\trunk\oknow\oknowtest\bin\debug\oknowtest.dll" id="212fceb0-e09b-bfef-a8c4-50fb8b97b08a">
      <Execution id="ee90742f-433a-4416-82eb-037774825ef7" />
      <TestMethod codeBase="C:/Users/Karan/Downloads/oKnow/trunk/OKnow/OKnowTest/bin/Debug/OKnowTest.DLL" adapterTypeName="Microsoft.VisualStudio.TestTools.TestTypes.Unit.UnitTestAdapter, Microsoft.VisualStudio.QualityTools.Tips.UnitTest.Adapter, Version=10.0.0.0, Culture=neutral, PublicKeyToken=b03f5f7f11d50a3a" className="OKnowTest.PlayerTest, OKnowTest, Version=1.0.0.0, Culture=neutral, PublicKeyToken=null" name="VictoryTest" />
    </UnitTest>
    <UnitTest name="RandomSwapStateTest" storage="c:\users\karan\downloads\oknow\trunk\oknow\oknowtest\bin\debug\oknowtest.dll" id="d045baa8-d6d4-4e92-c213-e7d3aa09150a">
      <Execution id="70915519-96e1-42c4-9164-ea12c3422f2f" />
      <TestMethod codeBase="C:/Users/Karan/Downloads/oKnow/trunk/OKnow/OKnowTest/bin/Debug/OKnowTest.DLL" adapterTypeName="Microsoft.VisualStudio.TestTools.TestTypes.Unit.UnitTestAdapter, Microsoft.VisualStudio.QualityTools.Tips.UnitTest.Adapter, Version=10.0.0.0, Culture=neutral, PublicKeyToken=b03f5f7f11d50a3a" className="OKnowTest.RandomSwapTest, OKnowTest, Version=1.0.0.0, Culture=neutral, PublicKeyToken=null" name="RandomSwapStateTest" />
    </UnitTest>
    <UnitTest name="TwoPlayerSwapTest" storage="c:\users\karan\downloads\oknow\trunk\oknow\oknowtest\bin\debug\oknowtest.dll" id="09c838a6-25f6-fa3c-1eab-ebb143fae11f">
      <Execution id="9d7b52f3-8b69-4c53-b013-c26071eb34cd" />
      <TestMethod codeBase="C:/Users/Karan/Downloads/oKnow/trunk/OKnow/OKnowTest/bin/Debug/OKnowTest.DLL" adapterTypeName="Microsoft.VisualStudio.TestTools.TestTypes.Unit.UnitTestAdapter, Microsoft.VisualStudio.QualityTools.Tips.UnitTest.Adapter, Version=10.0.0.0, Culture=neutral, PublicKeyToken=b03f5f7f11d50a3a" className="OKnowTest.ScoreBoardTest, OKnowTest, Version=1.0.0.0, Culture=neutral, PublicKeyToken=null" name="TwoPlayerSwapTest" />
    </UnitTest>
    <UnitTest name="TestNumPlayersParameter" storage="c:\users\karan\downloads\oknow\trunk\oknow\oknowtest\bin\debug\oknowtest.dll" id="f7fd56b8-376d-ce9f-bfd5-273500f7ad17">
      <Execution id="98fe175e-cdbc-4e42-ae5a-df3ebb398b39" />
      <TestMethod codeBase="C:/Users/Karan/Downloads/oKnow/trunk/OKnow/OKnowTest/bin/Debug/OKnowTest.DLL" adapterTypeName="Microsoft.VisualStudio.TestTools.TestTypes.Unit.UnitTestAdapter, Microsoft.VisualStudio.QualityTools.Tips.UnitTest.Adapter, Version=10.0.0.0, Culture=neutral, PublicKeyToken=b03f5f7f11d50a3a" className="OKnowTest.StartScreenTest, OKnowTest, Version=1.0.0.0, Culture=neutral, PublicKeyToken=null" name="TestNumPlayersParameter" />
    </UnitTest>
    <UnitTest name="QuestionNotifyCorrectClickTest" storage="c:\users\karan\downloads\oknow\trunk\oknow\oknowtest\bin\debug\oknowtest.dll" id="23883945-af6d-c48a-20a2-7a04c60637c8">
      <Execution id="1c6e39b9-c164-4bf6-885a-3ac9fdf40e5d" />
      <TestMethod codeBase="C:/Users/Karan/Downloads/oKnow/trunk/OKnow/OKnowTest/bin/Debug/OKnowTest.DLL" adapterTypeName="Microsoft.VisualStudio.TestTools.TestTypes.Unit.UnitTestAdapter, Microsoft.VisualStudio.QualityTools.Tips.UnitTest.Adapter, Version=10.0.0.0, Culture=neutral, PublicKeyToken=b03f5f7f11d50a3a" className="OKnowTest.AnswerAQuestionTest, OKnowTest, Version=1.0.0.0, Culture=neutral, PublicKeyToken=null" name="QuestionNotifyCorrectClickTest" />
    </UnitTest>
    <UnitTest name="TestBoardSizeParameter" storage="c:\users\karan\downloads\oknow\trunk\oknow\oknowtest\bin\debug\oknowtest.dll" id="6f7b0bcf-675c-4d22-135c-fae2d68f56c8">
      <Execution id="616de0c7-f5dd-4d23-bf42-1232f76f6e1a" />
      <TestMethod codeBase="C:/Users/Karan/Downloads/oKnow/trunk/OKnow/OKnowTest/bin/Debug/OKnowTest.DLL" adapterTypeName="Microsoft.VisualStudio.TestTools.TestTypes.Unit.UnitTestAdapter, Microsoft.VisualStudio.QualityTools.Tips.UnitTest.Adapter, Version=10.0.0.0, Culture=neutral, PublicKeyToken=b03f5f7f11d50a3a" className="OKnowTest.OptionScreenTest, OKnowTest, Version=1.0.0.0, Culture=neutral, PublicKeyToken=null" name="TestBoardSizeParameter" />
    </UnitTest>
    <UnitTest name="QuestionNotifyTimedKeyTest" storage="c:\users\karan\downloads\oknow\trunk\oknow\oknowtest\bin\debug\oknowtest.dll" id="c34a7e0d-9fce-cfdd-4a03-172f1b719315">
      <Execution id="7f5ceffe-0a8b-4cd5-8e8c-ddbc0d8ec194" />
      <TestMethod codeBase="C:/Users/Karan/Downloads/oKnow/trunk/OKnow/OKnowTest/bin/Debug/OKnowTest.DLL" adapterTypeName="Microsoft.VisualStudio.TestTools.TestTypes.Unit.UnitTestAdapter, Microsoft.VisualStudio.QualityTools.Tips.UnitTest.Adapter, Version=10.0.0.0, Culture=neutral, PublicKeyToken=b03f5f7f11d50a3a" className="OKnowTest.AnswerAQuestionTest, OKnowTest, Version=1.0.0.0, Culture=neutral, PublicKeyToken=null" name="QuestionNotifyTimedKeyTest" />
    </UnitTest>
    <UnitTest name="testGetRand" storage="c:\users\karan\downloads\oknow\trunk\oknow\oknowtest\bin\debug\oknowtest.dll" id="3e6d226b-4bb5-5427-0a53-d601701ece07">
      <Execution id="bbc5411b-3ee5-4cba-9cf3-ae02447ddb4c" />
      <TestMethod codeBase="C:/Users/Karan/Downloads/oKnow/trunk/OKnow/OKnowTest/bin/Debug/OKnowTest.DLL" adapterTypeName="Microsoft.VisualStudio.TestTools.TestTypes.Unit.UnitTestAdapter, Microsoft.VisualStudio.QualityTools.Tips.UnitTest.Adapter, Version=10.0.0.0, Culture=neutral, PublicKeyToken=b03f5f7f11d50a3a" className="OKnowTest.AnswerTest, OKnowTest, Version=1.0.0.0, Culture=neutral, PublicKeyToken=null" name="testGetRand" />
    </UnitTest>
    <UnitTest name="TestGetCurrentCategory2" storage="c:\users\karan\downloads\oknow\trunk\oknow\oknowtest\bin\debug\oknowtest.dll" id="f1fc9670-606b-c73a-b756-bddec5b37878">
      <Execution id="3c1d1b98-e4b7-48fa-a896-aa0847d41997" />
      <TestMethod codeBase="C:/Users/Karan/Downloads/oKnow/trunk/OKnow/OKnowTest/bin/Debug/OKnowTest.DLL" adapterTypeName="Microsoft.VisualStudio.TestTools.TestTypes.Unit.UnitTestAdapter, Microsoft.VisualStudio.QualityTools.Tips.UnitTest.Adapter, Version=10.0.0.0, Culture=neutral, PublicKeyToken=b03f5f7f11d50a3a" className="OKnowTest.StartScreenTest, OKnowTest, Version=1.0.0.0, Culture=neutral, PublicKeyToken=null" name="TestGetCurrentCategory2" />
    </UnitTest>
    <UnitTest name="TestSum7" storage="c:\users\karan\downloads\oknow\trunk\oknow\oknowtest\bin\debug\oknowtest.dll" id="232c75a8-2c33-71e1-2cf7-f791edd5ffaf">
      <Execution id="1f94fe59-0c60-459f-bedf-cac7cc4faf68" />
      <TestMethod codeBase="C:/Users/Karan/Downloads/oKnow/trunk/OKnow/OKnowTest/bin/Debug/OKnowTest.DLL" adapterTypeName="Microsoft.VisualStudio.TestTools.TestTypes.Unit.UnitTestAdapter, Microsoft.VisualStudio.QualityTools.Tips.UnitTest.Adapter, Version=10.0.0.0, Culture=neutral, PublicKeyToken=b03f5f7f11d50a3a" className="OKnowTest.BoardGeneratorTest, OKnowTest, Version=1.0.0.0, Culture=neutral, PublicKeyToken=null" name="TestSum7" />
    </UnitTest>
    <UnitTest name="TestGetRandomImageQuestion" storage="c:\users\karan\downloads\oknow\trunk\oknow\oknowtest\bin\debug\oknowtest.dll" id="604165a1-c7e2-e583-c8fc-41ba1842763f">
      <Execution id="7b3b8f3e-a149-45b4-873c-c993f310dc17" />
      <TestMethod codeBase="C:/Users/Karan/Downloads/oKnow/trunk/OKnow/OKnowTest/bin/Debug/OKnowTest.DLL" adapterTypeName="Microsoft.VisualStudio.TestTools.TestTypes.Unit.UnitTestAdapter, Microsoft.VisualStudio.QualityTools.Tips.UnitTest.Adapter, Version=10.0.0.0, Culture=neutral, PublicKeyToken=b03f5f7f11d50a3a" className="OKnowTest.QuestionPoolTest, OKnowTest, Version=1.0.0.0, Culture=neutral, PublicKeyToken=null" name="TestGetRandomImageQuestion" />
    </UnitTest>
    <UnitTest name="TestGetTileWeights5" storage="c:\users\karan\downloads\oknow\trunk\oknow\oknowtest\bin\debug\oknowtest.dll" id="39f67779-52ec-6b4c-441c-3f91936d436b">
      <Execution id="8606dc83-d2b3-4dbf-b8e7-96225189cf27" />
      <TestMethod codeBase="C:/Users/Karan/Downloads/oKnow/trunk/OKnow/OKnowTest/bin/Debug/OKnowTest.DLL" adapterTypeName="Microsoft.VisualStudio.TestTools.TestTypes.Unit.UnitTestAdapter, Microsoft.VisualStudio.QualityTools.Tips.UnitTest.Adapter, Version=10.0.0.0, Culture=neutral, PublicKeyToken=b03f5f7f11d50a3a" className="OKnowTest.OptionScreenTest, OKnowTest, Version=1.0.0.0, Culture=neutral, PublicKeyToken=null" name="TestGetTileWeights5" />
    </UnitTest>
    <UnitTest name="TestSum4" storage="c:\users\karan\downloads\oknow\trunk\oknow\oknowtest\bin\debug\oknowtest.dll" id="a53d656d-e53c-fdfe-17c9-53dd52253f82">
      <Execution id="689ae3ae-b18c-4d2c-99de-3f2ac4f05edb" />
      <TestMethod codeBase="C:/Users/Karan/Downloads/oKnow/trunk/OKnow/OKnowTest/bin/Debug/OKnowTest.DLL" adapterTypeName="Microsoft.VisualStudio.TestTools.TestTypes.Unit.UnitTestAdapter, Microsoft.VisualStudio.QualityTools.Tips.UnitTest.Adapter, Version=10.0.0.0, Culture=neutral, PublicKeyToken=b03f5f7f11d50a3a" className="OKnowTest.BoardGeneratorTest, OKnowTest, Version=1.0.0.0, Culture=neutral, PublicKeyToken=null" name="TestSum4" />
    </UnitTest>
    <UnitTest name="GetSetBoardXTest" storage="c:\users\karan\downloads\oknow\trunk\oknow\oknowtest\bin\debug\oknowtest.dll" id="42431ad3-b2fa-3a89-f07f-b02ce47f85e3">
      <Execution id="d6c64aca-5f62-4a7f-9e74-45e16a6b2a50" />
      <TestMethod codeBase="C:/Users/Karan/Downloads/oKnow/trunk/OKnow/OKnowTest/bin/Debug/OKnowTest.DLL" adapterTypeName="Microsoft.VisualStudio.TestTools.TestTypes.Unit.UnitTestAdapter, Microsoft.VisualStudio.QualityTools.Tips.UnitTest.Adapter, Version=10.0.0.0, Culture=neutral, PublicKeyToken=b03f5f7f11d50a3a" className="OKnowTest.TileTest, OKnowTest, Version=1.0.0.0, Culture=neutral, PublicKeyToken=null" name="GetSetBoardXTest" />
    </UnitTest>
    <UnitTest name="GetSetBoardYTest" storage="c:\users\karan\downloads\oknow\trunk\oknow\oknowtest\bin\debug\oknowtest.dll" id="2ee5ec05-43c5-a370-94e2-7ce68113ecd3">
      <Execution id="837e6bd6-91e1-4bb4-becc-bee1373fe6b2" />
      <TestMethod codeBase="C:/Users/Karan/Downloads/oKnow/trunk/OKnow/OKnowTest/bin/Debug/OKnowTest.DLL" adapterTypeName="Microsoft.VisualStudio.TestTools.TestTypes.Unit.UnitTestAdapter, Microsoft.VisualStudio.QualityTools.Tips.UnitTest.Adapter, Version=10.0.0.0, Culture=neutral, PublicKeyToken=b03f5f7f11d50a3a" className="OKnowTest.TileTest, OKnowTest, Version=1.0.0.0, Culture=neutral, PublicKeyToken=null" name="GetSetBoardYTest" />
    </UnitTest>
    <UnitTest name="TestGetCurrentNumPlayers6" storage="c:\users\karan\downloads\oknow\trunk\oknow\oknowtest\bin\debug\oknowtest.dll" id="4b07ec87-2578-4a11-af32-e14de6fedfb0">
      <Execution id="c4888076-7aaa-409d-a277-2ff1308b9524" />
      <TestMethod codeBase="C:/Users/Karan/Downloads/oKnow/trunk/OKnow/OKnowTest/bin/Debug/OKnowTest.DLL" adapterTypeName="Microsoft.VisualStudio.TestTools.TestTypes.Unit.UnitTestAdapter, Microsoft.VisualStudio.QualityTools.Tips.UnitTest.Adapter, Version=10.0.0.0, Culture=neutral, PublicKeyToken=b03f5f7f11d50a3a" className="OKnowTest.StartScreenTest, OKnowTest, Version=1.0.0.0, Culture=neutral, PublicKeyToken=null" name="TestGetCurrentNumPlayers6" />
    </UnitTest>
  </TestDefinitions>
  <TestLists>
    <TestList name="Results Not in a List" id="8c84fa94-04c1-424b-9868-57a2d4851a1d" />
    <TestList name="All Loaded Results" id="19431567-8539-422a-85d7-44ee4e166bda" />
  </TestLists>
  <TestEntries>
    <TestEntry testId="d0ddb7c1-ff4a-b3fe-6f4c-174f7a2fe81e" executionId="89af46f5-003e-4538-9671-b45c9c1f99ed" testListId="8c84fa94-04c1-424b-9868-57a2d4851a1d" />
    <TestEntry testId="f92b1b75-bfbf-8087-5727-33e690da2f7f" executionId="62e17c83-20d1-4cf6-8213-0d0672345685" testListId="8c84fa94-04c1-424b-9868-57a2d4851a1d" />
    <TestEntry testId="7e5b7cb7-b731-5fcc-3da1-9df84dfa3118" executionId="497e48a3-2a8b-490d-a9f4-e9d4516333a5" testListId="8c84fa94-04c1-424b-9868-57a2d4851a1d" />
    <TestEntry testId="87ab6c4b-2e53-ad24-94d0-e1500744f03c" executionId="544b0e11-8968-4337-869e-4ccd99929dcf" testListId="8c84fa94-04c1-424b-9868-57a2d4851a1d" />
    <TestEntry testId="0177b86e-d5fa-cf5b-7ea6-a50aa23a1f27" executionId="21fc3ab4-73a6-4e9d-8585-3d73323d336b" testListId="8c84fa94-04c1-424b-9868-57a2d4851a1d" />
    <TestEntry testId="604165a1-c7e2-e583-c8fc-41ba1842763f" executionId="7b3b8f3e-a149-45b4-873c-c993f310dc17" testListId="8c84fa94-04c1-424b-9868-57a2d4851a1d" />
    <TestEntry testId="35fdcf18-0be3-5a33-49ea-9deec449ce72" executionId="5aa59a33-8305-4b64-8c05-687cd31cf193" testListId="8c84fa94-04c1-424b-9868-57a2d4851a1d" />
    <TestEntry testId="c633b636-e73d-6a16-4a3c-3a2d73d1a317" executionId="67cec0bb-0408-48ce-b2e2-0d29bffb00a3" testListId="8c84fa94-04c1-424b-9868-57a2d4851a1d" />
    <TestEntry testId="a9a9f0f1-8a6b-9673-3b72-bfc82b22d458" executionId="7661a38e-e29a-45a5-ae21-efcde9d56b5b" testListId="8c84fa94-04c1-424b-9868-57a2d4851a1d" />
    <TestEntry testId="3e6d226b-4bb5-5427-0a53-d601701ece07" executionId="bbc5411b-3ee5-4cba-9cf3-ae02447ddb4c" testListId="8c84fa94-04c1-424b-9868-57a2d4851a1d" />
    <TestEntry testId="957b084a-82f1-c373-da0f-c9ece73ff22b" executionId="6f8714ec-4c8a-47d5-a797-a03faceb137d" testListId="8c84fa94-04c1-424b-9868-57a2d4851a1d" />
    <TestEntry testId="a99a0acb-4556-0740-9f3d-fecb7b1ed1f8" executionId="5c7aa927-7510-496b-833f-bd8b942fe6b5" testListId="8c84fa94-04c1-424b-9868-57a2d4851a1d" />
    <TestEntry testId="b0f5a7d2-2c31-4fb3-e775-c49bc4094186" executionId="a2943a51-1acb-42d7-9e1b-1191c9251c2c" testListId="8c84fa94-04c1-424b-9868-57a2d4851a1d" />
    <TestEntry testId="47b57d83-2c08-99b9-f3b1-14d4cde9b1e8" executionId="7ec0a75a-6a9c-4f34-a17c-87ff5e9e1450" testListId="8c84fa94-04c1-424b-9868-57a2d4851a1d" />
    <TestEntry testId="7da4a519-5129-89a7-3d39-c6df56ad0742" executionId="e54be3df-0e39-4bd2-8709-985fc8671a69" testListId="8c84fa94-04c1-424b-9868-57a2d4851a1d" />
    <TestEntry testId="4b07ec87-2578-4a11-af32-e14de6fedfb0" executionId="c4888076-7aaa-409d-a277-2ff1308b9524" testListId="8c84fa94-04c1-424b-9868-57a2d4851a1d" />
    <TestEntry testId="f7fd56b8-376d-ce9f-bfd5-273500f7ad17" executionId="98fe175e-cdbc-4e42-ae5a-df3ebb398b39" testListId="8c84fa94-04c1-424b-9868-57a2d4851a1d" />
    <TestEntry testId="3afc1bea-bfbf-3c8e-8104-72a764af8b32" executionId="a67bf5f7-4c10-4844-bd4e-2d2863f8a907" testListId="8c84fa94-04c1-424b-9868-57a2d4851a1d" />
    <TestEntry testId="f1fc9670-606b-c73a-b756-bddec5b37878" executionId="3c1d1b98-e4b7-48fa-a896-aa0847d41997" testListId="8c84fa94-04c1-424b-9868-57a2d4851a1d" />
    <TestEntry testId="6d90f370-9d6b-db58-3da4-8603bcc06965" executionId="16a788ba-caea-4e19-ae11-cca08d56e51a" testListId="8c84fa94-04c1-424b-9868-57a2d4851a1d" />
    <TestEntry testId="0981af74-4ce1-6ad4-aeb6-cf0728ecf654" executionId="c1412537-7556-4058-a842-a5487b6bb5fb" testListId="8c84fa94-04c1-424b-9868-57a2d4851a1d" />
    <TestEntry testId="dbf1d0a3-6fa9-ebb2-2c02-e59981d64ed1" executionId="bfb95ebb-3aa5-46c1-bf27-8ed34762c40c" testListId="8c84fa94-04c1-424b-9868-57a2d4851a1d" />
    <TestEntry testId="d22d02ed-bb5c-57c7-bac8-2a4213191ea2" executionId="5bdeaa79-ed1e-456a-ac92-5cbf97482abd" testListId="8c84fa94-04c1-424b-9868-57a2d4851a1d" />
    <TestEntry testId="ff82c0df-2a18-5756-6f34-2753161d947c" executionId="200c6e81-38b2-4639-acee-8e91ad726bd9" testListId="8c84fa94-04c1-424b-9868-57a2d4851a1d" />
    <TestEntry testId="fc6917c6-2e73-f40a-5bb6-252957ae3d5b" executionId="2f39b0d7-58f6-412c-95c1-759a9a7d91f5" testListId="8c84fa94-04c1-424b-9868-57a2d4851a1d" />
    <TestEntry testId="dee46b0c-2f9d-52fc-c7b4-b5b58ca85be6" executionId="e58b755a-3978-423f-8dc0-86277fd949b2" testListId="8c84fa94-04c1-424b-9868-57a2d4851a1d" />
    <TestEntry testId="11377ad6-2ba2-43a8-dd79-0dcabe15a502" executionId="504412b7-37fe-43ef-bdaa-43f0c3cf57db" testListId="8c84fa94-04c1-424b-9868-57a2d4851a1d" />
    <TestEntry testId="11996059-0c5c-2a07-3fc2-f275c1d824a3" executionId="5fccd66b-c27b-4231-bfb7-e3eb5f122720" testListId="8c84fa94-04c1-424b-9868-57a2d4851a1d" />
    <TestEntry testId="adf1bbe7-f955-f1aa-c051-332a545e94e4" executionId="1e76b084-bf75-4040-9fe3-fde76163eeb4" testListId="8c84fa94-04c1-424b-9868-57a2d4851a1d" />
    <TestEntry testId="8e77a49e-1ebb-33d0-321e-b1c7c45a8fa3" executionId="878ef41d-e8f6-437b-b588-de806e507512" testListId="8c84fa94-04c1-424b-9868-57a2d4851a1d" />
    <TestEntry testId="f9111be2-692d-3115-bf32-066358fe44cb" executionId="51a49636-8afb-46ec-ae4c-2513510ff2d5" testListId="8c84fa94-04c1-424b-9868-57a2d4851a1d" />
    <TestEntry testId="a3e23a53-836c-f0a0-4539-3cd1030ad8d1" executionId="43ea6d26-ea20-4723-9843-871b5ddfb411" testListId="8c84fa94-04c1-424b-9868-57a2d4851a1d" />
    <TestEntry testId="b74f4fc9-56a5-f718-302b-ba5969de4238" executionId="4332ab32-c970-489a-8d14-bf65706144b8" testListId="8c84fa94-04c1-424b-9868-57a2d4851a1d" />
    <TestEntry testId="55771050-855f-bf13-de6b-1bf275f5c231" executionId="a1bd3442-f6d7-4a3b-835a-5422eac522eb" testListId="8c84fa94-04c1-424b-9868-57a2d4851a1d" />
    <TestEntry testId="11827a33-623c-6e19-e7cf-cc3c3122d686" executionId="fe9588a4-6545-4ede-a431-37dbc5e1e0fe" testListId="8c84fa94-04c1-424b-9868-57a2d4851a1d" />
    <TestEntry testId="a10f1aa2-aab3-02b5-5765-dddc67566b50" executionId="493399c6-5554-48f8-8805-dd787adc9c42" testListId="8c84fa94-04c1-424b-9868-57a2d4851a1d" />
    <TestEntry testId="6f7b0bcf-675c-4d22-135c-fae2d68f56c8" executionId="616de0c7-f5dd-4d23-bf42-1232f76f6e1a" testListId="8c84fa94-04c1-424b-9868-57a2d4851a1d" />
    <TestEntry testId="a1aa5338-462d-e2e2-e2ea-4adcd906fb81" executionId="d984756c-e7a9-4f4e-bfca-48da385c2052" testListId="8c84fa94-04c1-424b-9868-57a2d4851a1d" />
    <TestEntry testId="f954d7aa-0b6b-b16d-b134-a5b7560709e3" executionId="17748bd6-e91d-4daa-8106-21e450cc6b62" testListId="8c84fa94-04c1-424b-9868-57a2d4851a1d" />
    <TestEntry testId="218b5b1b-8cf3-9ec8-bd10-43e5d019c394" executionId="1456372b-68cc-4fdf-984d-e6f20eb36a43" testListId="8c84fa94-04c1-424b-9868-57a2d4851a1d" />
    <TestEntry testId="b91eb780-0815-88ba-1d7d-693ff26e234c" executionId="2fdbe521-c503-4070-a50a-378a6283a863" testListId="8c84fa94-04c1-424b-9868-57a2d4851a1d" />
    <TestEntry testId="015f6da2-a554-d89e-ee82-ed24b884133e" executionId="714afce2-33b4-4f4b-98b3-a15288f92b08" testListId="8c84fa94-04c1-424b-9868-57a2d4851a1d" />
    <TestEntry testId="7f53bfc8-5e68-d8fc-378e-e7ac11b91a85" executionId="ca463987-dab9-4e87-8376-356fe57d3e01" testListId="8c84fa94-04c1-424b-9868-57a2d4851a1d" />
    <TestEntry testId="8729184e-d1e2-354e-e397-7fc211b803fc" executionId="d605ecf1-c7d5-43ce-a647-5c081ed53464" testListId="8c84fa94-04c1-424b-9868-57a2d4851a1d" />
    <TestEntry testId="370fb289-966e-efac-dd35-8a43dfda305e" executionId="f9ca0d3f-6595-4731-93c9-e922bfedef01" testListId="8c84fa94-04c1-424b-9868-57a2d4851a1d" />
    <TestEntry testId="39f67779-52ec-6b4c-441c-3f91936d436b" executionId="8606dc83-d2b3-4dbf-b8e7-96225189cf27" testListId="8c84fa94-04c1-424b-9868-57a2d4851a1d" />
    <TestEntry testId="74d6cac9-d4d3-9019-d46c-df65dffe4326" executionId="a46ddcc7-9bb3-46d4-b1a1-8dcd299dc2ad" testListId="8c84fa94-04c1-424b-9868-57a2d4851a1d" />
    <TestEntry testId="932006bf-cc9a-1649-4dd2-a8c07ced02bd" executionId="5228bc45-c527-4e85-b830-3643ee5ad3de" testListId="8c84fa94-04c1-424b-9868-57a2d4851a1d" />
    <TestEntry testId="5f9ff485-80f0-1581-b8ce-68cc871f9745" executionId="b08e6994-6a08-4e0b-bbf5-5db74b43133b" testListId="8c84fa94-04c1-424b-9868-57a2d4851a1d" />
    <TestEntry testId="48bc984d-60b1-5ee3-4b43-c5b6d211c605" executionId="dd27f7fd-cf33-4ccb-9527-b50f92a8797c" testListId="8c84fa94-04c1-424b-9868-57a2d4851a1d" />
    <TestEntry testId="30f09404-202f-bb57-b42e-01014a3c37b8" executionId="6ae273fc-c4ee-44ab-8520-1ebbc76d1b75" testListId="8c84fa94-04c1-424b-9868-57a2d4851a1d" />
    <TestEntry testId="21de355f-3cde-a82e-6834-b7b2ac5c48b4" executionId="bc563422-a453-4bfb-a896-e8c62c60e93d" testListId="8c84fa94-04c1-424b-9868-57a2d4851a1d" />
    <TestEntry testId="a53d656d-e53c-fdfe-17c9-53dd52253f82" executionId="689ae3ae-b18c-4d2c-99de-3f2ac4f05edb" testListId="8c84fa94-04c1-424b-9868-57a2d4851a1d" />
    <TestEntry testId="f3643685-0921-c0f8-f8bd-a760364d558c" executionId="022b823d-ae40-4ec3-b531-341cdf0628a5" testListId="8c84fa94-04c1-424b-9868-57a2d4851a1d" />
    <TestEntry testId="9d3ef40d-f455-4981-71a8-7eb112706c75" executionId="5e4e6b65-ab7a-4624-ba50-4872056c068f" testListId="8c84fa94-04c1-424b-9868-57a2d4851a1d" />
    <TestEntry testId="232c75a8-2c33-71e1-2cf7-f791edd5ffaf" executionId="1f94fe59-0c60-459f-bedf-cac7cc4faf68" testListId="8c84fa94-04c1-424b-9868-57a2d4851a1d" />
    <TestEntry testId="c5f604eb-bb73-2ed4-4b97-3223456ec415" executionId="6699012e-cce7-4333-9eb8-7ddf84effcb9" testListId="8c84fa94-04c1-424b-9868-57a2d4851a1d" />
    <TestEntry testId="23883945-af6d-c48a-20a2-7a04c60637c8" executionId="1c6e39b9-c164-4bf6-885a-3ac9fdf40e5d" testListId="8c84fa94-04c1-424b-9868-57a2d4851a1d" />
    <TestEntry testId="bd72cabd-0ddc-9517-5a13-70031cc0d420" executionId="f02f34ba-9d4d-4ed6-9634-80b1da74e71a" testListId="8c84fa94-04c1-424b-9868-57a2d4851a1d" />
    <TestEntry testId="5cd02d0c-c30c-d1d5-c21e-60ac4b27c097" executionId="d053d557-c391-4256-9f80-45ac5f2ab297" testListId="8c84fa94-04c1-424b-9868-57a2d4851a1d" />
    <TestEntry testId="8eeca9a8-568d-a203-d287-a4d2eed3e1dd" executionId="8576b4c1-a33c-449a-aabd-6ab8b1eeb436" testListId="8c84fa94-04c1-424b-9868-57a2d4851a1d" />
    <TestEntry testId="14c76d6e-baba-abce-271f-bb53095ef8bb" executionId="4b804b15-6f6e-4380-b7bc-3d96030b4ee1" testListId="8c84fa94-04c1-424b-9868-57a2d4851a1d" />
    <TestEntry testId="4241b6d4-e9df-72e9-77ef-f7714add0b73" executionId="d9e24e1d-1fb4-4b48-b1fc-56d00cb13c34" testListId="8c84fa94-04c1-424b-9868-57a2d4851a1d" />
    <TestEntry testId="60eb9c3d-cd29-58bd-5b44-c89d0731a54a" executionId="efe8c1f8-7060-4ae2-ad7d-4bd969ffd50a" testListId="8c84fa94-04c1-424b-9868-57a2d4851a1d" />
    <TestEntry testId="c34a7e0d-9fce-cfdd-4a03-172f1b719315" executionId="7f5ceffe-0a8b-4cd5-8e8c-ddbc0d8ec194" testListId="8c84fa94-04c1-424b-9868-57a2d4851a1d" />
    <TestEntry testId="b0b5b9af-8fcb-9aa2-b576-ea724fced88f" executionId="ea01499f-4424-4dba-a706-63e9c6536ed5" testListId="8c84fa94-04c1-424b-9868-57a2d4851a1d" />
    <TestEntry testId="e0382ce5-6740-35b3-fff5-be32133f4b54" executionId="d3ca55df-f0ba-42ee-8dfa-ee9fb48fdd09" testListId="8c84fa94-04c1-424b-9868-57a2d4851a1d" />
    <TestEntry testId="96895812-5ec4-e95c-f82b-714f21329505" executionId="6f2e4b5e-319e-4731-9dcd-fc9cfda80d06" testListId="8c84fa94-04c1-424b-9868-57a2d4851a1d" />
    <TestEntry testId="3ebf47cf-4127-1f1d-d58e-0bdf47316ea3" executionId="854aab67-7693-4d95-a691-1801870f2cfe" testListId="8c84fa94-04c1-424b-9868-57a2d4851a1d" />
    <TestEntry testId="36411a89-5ee3-acf1-7ac9-7780454d7007" executionId="add4bfa7-5af6-4e54-a1a0-981e89fb3b4a" testListId="8c84fa94-04c1-424b-9868-57a2d4851a1d" />
    <TestEntry testId="32dd6141-e873-31bc-2141-154b736f81ed" executionId="6f6c19d1-b16e-46da-bc4d-ad313f9f56b5" testListId="8c84fa94-04c1-424b-9868-57a2d4851a1d" />
    <TestEntry testId="371a4fb2-1529-7925-ea1a-b6ea6249a33b" executionId="f1c98544-8fcc-479b-a28d-ce7f273b6a9d" testListId="8c84fa94-04c1-424b-9868-57a2d4851a1d" />
    <TestEntry testId="09c838a6-25f6-fa3c-1eab-ebb143fae11f" executionId="9d7b52f3-8b69-4c53-b013-c26071eb34cd" testListId="8c84fa94-04c1-424b-9868-57a2d4851a1d" />
    <TestEntry testId="d1cdae68-9615-5a15-fb7e-17feabe3919f" executionId="2c8efa46-1e51-476c-b60b-891e0981b9b0" testListId="8c84fa94-04c1-424b-9868-57a2d4851a1d" />
    <TestEntry testId="2f70dbba-5fa6-6c2a-feef-1fb1c7241241" executionId="d49d7055-7f02-42eb-a899-239e40e6bb1e" testListId="8c84fa94-04c1-424b-9868-57a2d4851a1d" />
    <TestEntry testId="17c0ccb2-7906-7e39-90cb-848a59e82687" executionId="0c46ec98-53d1-41ae-b3b3-c9dc5d81ac50" testListId="8c84fa94-04c1-424b-9868-57a2d4851a1d" />
    <TestEntry testId="d045baa8-d6d4-4e92-c213-e7d3aa09150a" executionId="70915519-96e1-42c4-9164-ea12c3422f2f" testListId="8c84fa94-04c1-424b-9868-57a2d4851a1d" />
    <TestEntry testId="9abef8b5-33da-680e-a9bc-a83df0477c5d" executionId="7cfff59f-17c6-4794-a695-a7c681144e8d" testListId="8c84fa94-04c1-424b-9868-57a2d4851a1d" />
    <TestEntry testId="083d22d7-fcb7-fbb5-cd62-3b304677a5ce" executionId="ff25e15c-d5da-4012-bc24-4b96b4d58986" testListId="8c84fa94-04c1-424b-9868-57a2d4851a1d" />
    <TestEntry testId="23e952be-43ac-69f6-e773-dec25ec58275" executionId="0ffb85fa-5862-42a1-93e1-20ede396b365" testListId="8c84fa94-04c1-424b-9868-57a2d4851a1d" />
    <TestEntry testId="a55ea7c9-eabb-9207-ac1a-8e11aa747df4" executionId="a272fe26-bb36-4423-a803-6f1eb2f984b8" testListId="8c84fa94-04c1-424b-9868-57a2d4851a1d" />
    <TestEntry testId="77e10824-1cca-c689-50b2-ed0e80430907" executionId="966886ed-7eaf-4a23-9a70-6e285dc6f52f" testListId="8c84fa94-04c1-424b-9868-57a2d4851a1d" />
    <TestEntry testId="42431ad3-b2fa-3a89-f07f-b02ce47f85e3" executionId="d6c64aca-5f62-4a7f-9e74-45e16a6b2a50" testListId="8c84fa94-04c1-424b-9868-57a2d4851a1d" />
    <TestEntry testId="2ee5ec05-43c5-a370-94e2-7ce68113ecd3" executionId="837e6bd6-91e1-4bb4-becc-bee1373fe6b2" testListId="8c84fa94-04c1-424b-9868-57a2d4851a1d" />
    <TestEntry testId="72f264a5-7de2-336c-60e6-b904b0cc1eea" executionId="0840814b-f776-433c-b66b-9b32666cfb82" testListId="8c84fa94-04c1-424b-9868-57a2d4851a1d" />
    <TestEntry testId="e4ab14aa-1429-271f-5b09-0f8f32eeab9a" executionId="8f5c9628-9cc1-42f5-89dd-29075db477b3" testListId="8c84fa94-04c1-424b-9868-57a2d4851a1d" />
    <TestEntry testId="3a6c85dc-ff2e-cb74-a68e-e4c4f59a65bd" executionId="4c848328-c8f8-4f2f-904a-e648323467c2" testListId="8c84fa94-04c1-424b-9868-57a2d4851a1d" />
    <TestEntry testId="fc573d78-4d31-4cef-4a5f-301b8eb35a18" executionId="3f9e3080-0de3-4867-8e81-4a5d91a85e9d" testListId="8c84fa94-04c1-424b-9868-57a2d4851a1d" />
    <TestEntry testId="52f2ba69-e8af-366e-fa05-7e9d58be5419" executionId="6b897bf0-b407-4e13-9cc9-fc91ac38e6d0" testListId="8c84fa94-04c1-424b-9868-57a2d4851a1d" />
    <TestEntry testId="d3f09b35-b610-a3b7-aac9-aa4bbf66fea6" executionId="7be70db9-a285-4022-b791-fa5c49d974a3" testListId="8c84fa94-04c1-424b-9868-57a2d4851a1d" />
    <TestEntry testId="93e1a339-56ec-6a9a-cc36-ee3412430608" executionId="0b8aa5d2-fbd7-413d-847c-a137054e5c11" testListId="8c84fa94-04c1-424b-9868-57a2d4851a1d" />
    <TestEntry testId="f0bdd7dd-7cef-1459-6d80-5f06a72cf810" executionId="7c55a490-fa4d-440c-bb10-a2c5ab5d055d" testListId="8c84fa94-04c1-424b-9868-57a2d4851a1d" />
    <TestEntry testId="c4cd8056-c9ff-caf6-98af-4ccd1972a29a" executionId="aa2c09ed-98a9-4bf2-9e60-193c088f894d" testListId="8c84fa94-04c1-424b-9868-57a2d4851a1d" />
    <TestEntry testId="d6f0928c-7367-b459-6ff5-32ca0241f57e" executionId="620a3982-e6d1-497a-8277-b47c839bbade" testListId="8c84fa94-04c1-424b-9868-57a2d4851a1d" />
    <TestEntry testId="212fceb0-e09b-bfef-a8c4-50fb8b97b08a" executionId="ee90742f-433a-4416-82eb-037774825ef7" testListId="8c84fa94-04c1-424b-9868-57a2d4851a1d" />
  </TestEntries>
  <Results>
    <UnitTestResult executionId="89af46f5-003e-4538-9671-b45c9c1f99ed" testId="d0ddb7c1-ff4a-b3fe-6f4c-174f7a2fe81e" testName="TestUpdate" computerName="TW1FTENVY" duration="00:00:00.0554495" startTime="2014-04-28T12:13:16.6794812-05:00" endTime="2014-04-28T12:13:17.3069426-05:00" testType="13cdc9d9-ddb5-4fa4-a97d-d965ccfc6d4b" outcome="Passed" testListId="8c84fa94-04c1-424b-9868-57a2d4851a1d" relativeResultsDirectory="89af46f5-003e-4538-9671-b45c9c1f99ed">
    </UnitTestResult>
    <UnitTestResult executionId="62e17c83-20d1-4cf6-8213-0d0672345685" testId="f92b1b75-bfbf-8087-5727-33e690da2f7f" testName="TestUpdateEventEquality" computerName="TW1FTENVY" duration="00:00:00.0003570" startTime="2014-04-28T12:13:17.3149324-05:00" endTime="2014-04-28T12:13:17.3199531-05:00" testType="13cdc9d9-ddb5-4fa4-a97d-d965ccfc6d4b" outcome="Passed" testListId="8c84fa94-04c1-424b-9868-57a2d4851a1d" relativeResultsDirectory="62e17c83-20d1-4cf6-8213-0d0672345685">
    </UnitTestResult>
    <UnitTestResult executionId="497e48a3-2a8b-490d-a9f4-e9d4516333a5" testId="7e5b7cb7-b731-5fcc-3da1-9df84dfa3118" testName="TestUpdateEventInequality" computerName="TW1FTENVY" duration="00:00:00.0002651" startTime="2014-04-28T12:13:17.3239363-05:00" endTime="2014-04-28T12:13:17.3279391-05:00" testType="13cdc9d9-ddb5-4fa4-a97d-d965ccfc6d4b" outcome="Passed" testListId="8c84fa94-04c1-424b-9868-57a2d4851a1d" relativeResultsDirectory="497e48a3-2a8b-490d-a9f4-e9d4516333a5">
    </UnitTestResult>
    <UnitTestResult executionId="544b0e11-8968-4337-869e-4ccd99929dcf" testId="87ab6c4b-2e53-ad24-94d0-e1500744f03c" testName="TestGetRandomQuestion" computerName="TW1FTENVY" duration="00:00:00.6998772" startTime="2014-04-28T12:13:17.3319428-05:00" endTime="2014-04-28T12:13:18.0354589-05:00" testType="13cdc9d9-ddb5-4fa4-a97d-d965ccfc6d4b" outcome="Passed" testListId="8c84fa94-04c1-424b-9868-57a2d4851a1d" relativeResultsDirectory="544b0e11-8968-4337-869e-4ccd99929dcf">
    </UnitTestResult>
    <UnitTestResult executionId="21fc3ab4-73a6-4e9d-8585-3d73323d336b" testId="0177b86e-d5fa-cf5b-7ea6-a50aa23a1f27" testName="TestGetRandomMusicQuestion" computerName="TW1FTENVY" duration="00:00:00.5828417" startTime="2014-04-28T12:13:18.0404620-05:00" endTime="2014-04-28T12:13:18.6258766-05:00" testType="13cdc9d9-ddb5-4fa4-a97d-d965ccfc6d4b" outcome="Passed" testListId="8c84fa94-04c1-424b-9868-57a2d4851a1d" relativeResultsDirectory="21fc3ab4-73a6-4e9d-8585-3d73323d336b">
    </UnitTestResult>
    <UnitTestResult executionId="7b3b8f3e-a149-45b4-873c-c993f310dc17" testId="604165a1-c7e2-e583-c8fc-41ba1842763f" testName="TestGetRandomImageQuestion" computerName="TW1FTENVY" duration="00:00:00.6858933" startTime="2014-04-28T12:13:18.6308801-05:00" endTime="2014-04-28T12:13:19.3193856-05:00" testType="13cdc9d9-ddb5-4fa4-a97d-d965ccfc6d4b" outcome="Passed" testListId="8c84fa94-04c1-424b-9868-57a2d4851a1d" relativeResultsDirectory="7b3b8f3e-a149-45b4-873c-c993f310dc17">
    </UnitTestResult>
    <UnitTestResult executionId="5aa59a33-8305-4b64-8c05-687cd31cf193" testId="35fdcf18-0be3-5a33-49ea-9deec449ce72" testName="testInitialize" computerName="TW1FTENVY" duration="00:00:00.0075113" startTime="2014-04-28T12:13:19.3233884-05:00" endTime="2014-04-28T12:13:19.3343962-05:00" testType="13cdc9d9-ddb5-4fa4-a97d-d965ccfc6d4b" outcome="Passed" testListId="8c84fa94-04c1-424b-9868-57a2d4851a1d" relativeResultsDirectory="5aa59a33-8305-4b64-8c05-687cd31cf193">
    </UnitTestResult>
    <UnitTestResult executionId="67cec0bb-0408-48ce-b2e2-0d29bffb00a3" testId="c633b636-e73d-6a16-4a3c-3a2d73d1a317" testName="testAnswerChoices" computerName="TW1FTENVY" duration="00:00:00.0066739" startTime="2014-04-28T12:13:19.3383991-05:00" endTime="2014-04-28T12:13:19.3474059-05:00" testType="13cdc9d9-ddb5-4fa4-a97d-d965ccfc6d4b" outcome="Passed" testListId="8c84fa94-04c1-424b-9868-57a2d4851a1d" relativeResultsDirectory="67cec0bb-0408-48ce-b2e2-0d29bffb00a3">
      <Output>
        <StdOut>Green</StdOut>
      </Output>
    </UnitTestResult>
    <UnitTestResult executionId="7661a38e-e29a-45a5-ae21-efcde9d56b5b" testId="a9a9f0f1-8a6b-9673-3b72-bfc82b22d458" testName="TestCategory" computerName="TW1FTENVY" duration="00:00:00.6291074" startTime="2014-04-28T12:13:19.3524094-05:00" endTime="2014-04-28T12:13:19.9838959-05:00" testType="13cdc9d9-ddb5-4fa4-a97d-d965ccfc6d4b" outcome="Passed" testListId="8c84fa94-04c1-424b-9868-57a2d4851a1d" relativeResultsDirectory="7661a38e-e29a-45a5-ae21-efcde9d56b5b">
    </UnitTestResult>
    <UnitTestResult executionId="bbc5411b-3ee5-4cba-9cf3-ae02447ddb4c" testId="3e6d226b-4bb5-5427-0a53-d601701ece07" testName="testGetRand" computerName="TW1FTENVY" duration="00:00:00.6820175" startTime="2014-04-28T12:13:19.9889003-05:00" endTime="2014-04-28T12:13:20.6744178-05:00" testType="13cdc9d9-ddb5-4fa4-a97d-d965ccfc6d4b" outcome="Passed" testListId="8c84fa94-04c1-424b-9868-57a2d4851a1d" relativeResultsDirectory="bbc5411b-3ee5-4cba-9cf3-ae02447ddb4c">
    </UnitTestResult>
    <UnitTestResult executionId="6f8714ec-4c8a-47d5-a797-a03faceb137d" testId="957b084a-82f1-c373-da0f-c9ece73ff22b" testName="TestGetCurrentNumPlayers1" computerName="TW1FTENVY" duration="00:00:00.0014287" startTime="2014-04-28T12:13:20.6794222-05:00" endTime="2014-04-28T12:13:20.6834242-05:00" testType="13cdc9d9-ddb5-4fa4-a97d-d965ccfc6d4b" outcome="Passed" testListId="8c84fa94-04c1-424b-9868-57a2d4851a1d" relativeResultsDirectory="6f8714ec-4c8a-47d5-a797-a03faceb137d">
    </UnitTestResult>
    <UnitTestResult executionId="5c7aa927-7510-496b-833f-bd8b942fe6b5" testId="a99a0acb-4556-0740-9f3d-fecb7b1ed1f8" testName="TestGetCurrentNumPlayers2" computerName="TW1FTENVY" duration="00:00:00.0002835" startTime="2014-04-28T12:13:20.6894305-05:00" endTime="2014-04-28T12:13:20.6924335-05:00" testType="13cdc9d9-ddb5-4fa4-a97d-d965ccfc6d4b" outcome="Passed" testListId="8c84fa94-04c1-424b-9868-57a2d4851a1d" relativeResultsDirectory="5c7aa927-7510-496b-833f-bd8b942fe6b5">
    </UnitTestResult>
    <UnitTestResult executionId="a2943a51-1acb-42d7-9e1b-1191c9251c2c" testId="b0f5a7d2-2c31-4fb3-e775-c49bc4094186" testName="TestGetCurrentNumPlayers3" computerName="TW1FTENVY" duration="00:00:00.0002048" startTime="2014-04-28T12:13:20.6984369-05:00" endTime="2014-04-28T12:13:20.7024385-05:00" testType="13cdc9d9-ddb5-4fa4-a97d-d965ccfc6d4b" outcome="Passed" testListId="8c84fa94-04c1-424b-9868-57a2d4851a1d" relativeResultsDirectory="a2943a51-1acb-42d7-9e1b-1191c9251c2c">
    </UnitTestResult>
    <UnitTestResult executionId="7ec0a75a-6a9c-4f34-a17c-87ff5e9e1450" testId="47b57d83-2c08-99b9-f3b1-14d4cde9b1e8" testName="TestGetCurrentNumPlayers4" computerName="TW1FTENVY" duration="00:00:00.0001830" startTime="2014-04-28T12:13:20.7084423-05:00" endTime="2014-04-28T12:13:20.7114448-05:00" testType="13cdc9d9-ddb5-4fa4-a97d-d965ccfc6d4b" outcome="Passed" testListId="8c84fa94-04c1-424b-9868-57a2d4851a1d" relativeResultsDirectory="7ec0a75a-6a9c-4f34-a17c-87ff5e9e1450">
    </UnitTestResult>
    <UnitTestResult executionId="e54be3df-0e39-4bd2-8709-985fc8671a69" testId="7da4a519-5129-89a7-3d39-c6df56ad0742" testName="TestGetCurrentNumPlayers5" computerName="TW1FTENVY" duration="00:00:00.0001736" startTime="2014-04-28T12:13:20.7154477-05:00" endTime="2014-04-28T12:13:20.7184490-05:00" testType="13cdc9d9-ddb5-4fa4-a97d-d965ccfc6d4b" outcome="Passed" testListId="8c84fa94-04c1-424b-9868-57a2d4851a1d" relativeResultsDirectory="e54be3df-0e39-4bd2-8709-985fc8671a69">
    </UnitTestResult>
    <UnitTestResult executionId="c4888076-7aaa-409d-a277-2ff1308b9524" testId="4b07ec87-2578-4a11-af32-e14de6fedfb0" testName="TestGetCurrentNumPlayers6" computerName="TW1FTENVY" duration="00:00:00.0001967" startTime="2014-04-28T12:13:20.7224518-05:00" endTime="2014-04-28T12:13:20.7254539-05:00" testType="13cdc9d9-ddb5-4fa4-a97d-d965ccfc6d4b" outcome="Passed" testListId="8c84fa94-04c1-424b-9868-57a2d4851a1d" relativeResultsDirectory="c4888076-7aaa-409d-a277-2ff1308b9524">
    </UnitTestResult>
    <UnitTestResult executionId="98fe175e-cdbc-4e42-ae5a-df3ebb398b39" testId="f7fd56b8-376d-ce9f-bfd5-273500f7ad17" testName="TestNumPlayersParameter" computerName="TW1FTENVY" duration="00:00:00.0090251" startTime="2014-04-28T12:13:20.7294567-05:00" endTime="2014-04-28T12:13:20.7404650-05:00" testType="13cdc9d9-ddb5-4fa4-a97d-d965ccfc6d4b" outcome="Passed" testListId="8c84fa94-04c1-424b-9868-57a2d4851a1d" relativeResultsDirectory="98fe175e-cdbc-4e42-ae5a-df3ebb398b39">
    </UnitTestResult>
    <UnitTestResult executionId="a67bf5f7-4c10-4844-bd4e-2d2863f8a907" testId="3afc1bea-bfbf-3c8e-8104-72a764af8b32" testName="TestGetCurrentCategory1" computerName="TW1FTENVY" duration="00:00:00.0002967" startTime="2014-04-28T12:13:20.7454685-05:00" endTime="2014-04-28T12:13:20.7484702-05:00" testType="13cdc9d9-ddb5-4fa4-a97d-d965ccfc6d4b" outcome="Passed" testListId="8c84fa94-04c1-424b-9868-57a2d4851a1d" relativeResultsDirectory="a67bf5f7-4c10-4844-bd4e-2d2863f8a907">
    </UnitTestResult>
    <UnitTestResult executionId="3c1d1b98-e4b7-48fa-a896-aa0847d41997" testId="f1fc9670-606b-c73a-b756-bddec5b37878" testName="TestGetCurrentCategory2" computerName="TW1FTENVY" duration="00:00:00.0002441" startTime="2014-04-28T12:13:20.7524735-05:00" endTime="2014-04-28T12:13:20.7554752-05:00" testType="13cdc9d9-ddb5-4fa4-a97d-d965ccfc6d4b" outcome="Passed" testListId="8c84fa94-04c1-424b-9868-57a2d4851a1d" relativeResultsDirectory="3c1d1b98-e4b7-48fa-a896-aa0847d41997">
    </UnitTestResult>
    <UnitTestResult executionId="16a788ba-caea-4e19-ae11-cca08d56e51a" testId="6d90f370-9d6b-db58-3da4-8603bcc06965" testName="TestGetCurrentCategory3" computerName="TW1FTENVY" duration="00:00:00.0002715" startTime="2014-04-28T12:13:20.7594784-05:00" endTime="2014-04-28T12:13:20.7624806-05:00" testType="13cdc9d9-ddb5-4fa4-a97d-d965ccfc6d4b" outcome="Passed" testListId="8c84fa94-04c1-424b-9868-57a2d4851a1d" relativeResultsDirectory="16a788ba-caea-4e19-ae11-cca08d56e51a">
    </UnitTestResult>
    <UnitTestResult executionId="c1412537-7556-4058-a842-a5487b6bb5fb" testId="0981af74-4ce1-6ad4-aeb6-cf0728ecf654" testName="TestGetCurrentCategory4" computerName="TW1FTENVY" duration="00:00:00.0001903" startTime="2014-04-28T12:13:20.7694859-05:00" endTime="2014-04-28T12:13:20.7724872-05:00" testType="13cdc9d9-ddb5-4fa4-a97d-d965ccfc6d4b" outcome="Passed" testListId="8c84fa94-04c1-424b-9868-57a2d4851a1d" relativeResultsDirectory="c1412537-7556-4058-a842-a5487b6bb5fb">
    </UnitTestResult>
    <UnitTestResult executionId="bfb95ebb-3aa5-46c1-bf27-8ed34762c40c" testId="dbf1d0a3-6fa9-ebb2-2c02-e59981d64ed1" testName="TestGetCurrentCategory5" computerName="TW1FTENVY" duration="00:00:00.0001856" startTime="2014-04-28T12:13:20.7774916-05:00" endTime="2014-04-28T12:13:20.7804937-05:00" testType="13cdc9d9-ddb5-4fa4-a97d-d965ccfc6d4b" outcome="Passed" testListId="8c84fa94-04c1-424b-9868-57a2d4851a1d" relativeResultsDirectory="bfb95ebb-3aa5-46c1-bf27-8ed34762c40c">
    </UnitTestResult>
    <UnitTestResult executionId="5bdeaa79-ed1e-456a-ac92-5cbf97482abd" testId="d22d02ed-bb5c-57c7-bac8-2a4213191ea2" testName="TestGetCurrentCategory6" computerName="TW1FTENVY" duration="00:00:00.0002035" startTime="2014-04-28T12:13:20.7844957-05:00" endTime="2014-04-28T12:13:20.7874983-05:00" testType="13cdc9d9-ddb5-4fa4-a97d-d965ccfc6d4b" outcome="Passed" testListId="8c84fa94-04c1-424b-9868-57a2d4851a1d" relativeResultsDirectory="5bdeaa79-ed1e-456a-ac92-5cbf97482abd">
    </UnitTestResult>
    <UnitTestResult executionId="200c6e81-38b2-4639-acee-8e91ad726bd9" testId="ff82c0df-2a18-5756-6f34-2753161d947c" testName="TestCategoryParameter" computerName="TW1FTENVY" duration="00:00:00.0009322" startTime="2014-04-28T12:13:20.7925027-05:00" endTime="2014-04-28T12:13:20.7965068-05:00" testType="13cdc9d9-ddb5-4fa4-a97d-d965ccfc6d4b" outcome="Passed" testListId="8c84fa94-04c1-424b-9868-57a2d4851a1d" relativeResultsDirectory="200c6e81-38b2-4639-acee-8e91ad726bd9">
    </UnitTestResult>
    <UnitTestResult executionId="2f39b0d7-58f6-412c-95c1-759a9a7d91f5" testId="fc6917c6-2e73-f40a-5bb6-252957ae3d5b" testName="TestGetLeftArrow" computerName="TW1FTENVY" duration="00:00:00.0002818" startTime="2014-04-28T12:13:20.8015086-05:00" endTime="2014-04-28T12:13:20.8055115-05:00" testType="13cdc9d9-ddb5-4fa4-a97d-d965ccfc6d4b" outcome="Passed" testListId="8c84fa94-04c1-424b-9868-57a2d4851a1d" relativeResultsDirectory="2f39b0d7-58f6-412c-95c1-759a9a7d91f5">
    </UnitTestResult>
    <UnitTestResult executionId="e58b755a-3978-423f-8dc0-86277fd949b2" testId="dee46b0c-2f9d-52fc-c7b4-b5b58ca85be6" testName="TestGetRightArrow" computerName="TW1FTENVY" duration="00:00:00.0002394" startTime="2014-04-28T12:13:20.8105141-05:00" endTime="2014-04-28T12:13:20.8135167-05:00" testType="13cdc9d9-ddb5-4fa4-a97d-d965ccfc6d4b" outcome="Passed" testListId="8c84fa94-04c1-424b-9868-57a2d4851a1d" relativeResultsDirectory="e58b755a-3978-423f-8dc0-86277fd949b2">
    </UnitTestResult>
    <UnitTestResult executionId="504412b7-37fe-43ef-bdaa-43f0c3cf57db" testId="11377ad6-2ba2-43a8-dd79-0dcabe15a502" testName="TestLeftArrowParameter" computerName="TW1FTENVY" duration="00:00:49.3876078" startTime="2014-04-28T12:13:20.8185198-05:00" endTime="2014-04-28T12:14:10.2061276-05:00" testType="13cdc9d9-ddb5-4fa4-a97d-d965ccfc6d4b" outcome="Aborted" testListId="8c84fa94-04c1-424b-9868-57a2d4851a1d" relativeResultsDirectory="504412b7-37fe-43ef-bdaa-43f0c3cf57db">
    </UnitTestResult>
    <UnitTestResult executionId="5fccd66b-c27b-4231-bfb7-e3eb5f122720" testId="11996059-0c5c-2a07-3fc2-f275c1d824a3" testName="TestRightArrowParameter" computerName="TW1FTENVY" testType="13cdc9d9-ddb5-4fa4-a97d-d965ccfc6d4b" outcome="NotExecuted" testListId="8c84fa94-04c1-424b-9868-57a2d4851a1d" relativeResultsDirectory="5fccd66b-c27b-4231-bfb7-e3eb5f122720">
    </UnitTestResult>
    <UnitTestResult executionId="1e76b084-bf75-4040-9fe3-fde76163eeb4" testId="adf1bbe7-f955-f1aa-c051-332a545e94e4" testName="StartGameTest1" computerName="TW1FTENVY" testType="13cdc9d9-ddb5-4fa4-a97d-d965ccfc6d4b" outcome="NotExecuted" testListId="8c84fa94-04c1-424b-9868-57a2d4851a1d" relativeResultsDirectory="1e76b084-bf75-4040-9fe3-fde76163eeb4">
    </UnitTestResult>
    <UnitTestResult executionId="878ef41d-e8f6-437b-b588-de806e507512" testId="8e77a49e-1ebb-33d0-321e-b1c7c45a8fa3" testName="StartGameTest2" computerName="TW1FTENVY" testType="13cdc9d9-ddb5-4fa4-a97d-d965ccfc6d4b" outcome="NotExecuted" testListId="8c84fa94-04c1-424b-9868-57a2d4851a1d" relativeResultsDirectory="878ef41d-e8f6-437b-b588-de806e507512">
    </UnitTestResult>
    <UnitTestResult executionId="51a49636-8afb-46ec-ae4c-2513510ff2d5" testId="f9111be2-692d-3115-bf32-066358fe44cb" testName="TestGetBoardSize1" computerName="TW1FTENVY" testType="13cdc9d9-ddb5-4fa4-a97d-d965ccfc6d4b" outcome="NotExecuted" testListId="8c84fa94-04c1-424b-9868-57a2d4851a1d" relativeResultsDirectory="51a49636-8afb-46ec-ae4c-2513510ff2d5">
    </UnitTestResult>
    <UnitTestResult executionId="43ea6d26-ea20-4723-9843-871b5ddfb411" testId="a3e23a53-836c-f0a0-4539-3cd1030ad8d1" testName="TestGetBoardSize2" computerName="TW1FTENVY" testType="13cdc9d9-ddb5-4fa4-a97d-d965ccfc6d4b" outcome="NotExecuted" testListId="8c84fa94-04c1-424b-9868-57a2d4851a1d" relativeResultsDirectory="43ea6d26-ea20-4723-9843-871b5ddfb411">
    </UnitTestResult>
    <UnitTestResult executionId="4332ab32-c970-489a-8d14-bf65706144b8" testId="b74f4fc9-56a5-f718-302b-ba5969de4238" testName="TestGetBoardSize3" computerName="TW1FTENVY" testType="13cdc9d9-ddb5-4fa4-a97d-d965ccfc6d4b" outcome="NotExecuted" testListId="8c84fa94-04c1-424b-9868-57a2d4851a1d" relativeResultsDirectory="4332ab32-c970-489a-8d14-bf65706144b8">
    </UnitTestResult>
    <UnitTestResult executionId="a1bd3442-f6d7-4a3b-835a-5422eac522eb" testId="55771050-855f-bf13-de6b-1bf275f5c231" testName="TestGetBoardSize4" computerName="TW1FTENVY" testType="13cdc9d9-ddb5-4fa4-a97d-d965ccfc6d4b" outcome="NotExecuted" testListId="8c84fa94-04c1-424b-9868-57a2d4851a1d" relativeResultsDirectory="a1bd3442-f6d7-4a3b-835a-5422eac522eb">
    </UnitTestResult>
    <UnitTestResult executionId="fe9588a4-6545-4ede-a431-37dbc5e1e0fe" testId="11827a33-623c-6e19-e7cf-cc3c3122d686" testName="TestGetBoardSize5" computerName="TW1FTENVY" testType="13cdc9d9-ddb5-4fa4-a97d-d965ccfc6d4b" outcome="NotExecuted" testListId="8c84fa94-04c1-424b-9868-57a2d4851a1d" relativeResultsDirectory="fe9588a4-6545-4ede-a431-37dbc5e1e0fe">
    </UnitTestResult>
    <UnitTestResult executionId="493399c6-5554-48f8-8805-dd787adc9c42" testId="a10f1aa2-aab3-02b5-5765-dddc67566b50" testName="TestGetBoardSize6" computerName="TW1FTENVY" testType="13cdc9d9-ddb5-4fa4-a97d-d965ccfc6d4b" outcome="NotExecuted" testListId="8c84fa94-04c1-424b-9868-57a2d4851a1d" relativeResultsDirectory="493399c6-5554-48f8-8805-dd787adc9c42">
    </UnitTestResult>
    <UnitTestResult executionId="616de0c7-f5dd-4d23-bf42-1232f76f6e1a" testId="6f7b0bcf-675c-4d22-135c-fae2d68f56c8" testName="TestBoardSizeParameter" computerName="TW1FTENVY" testType="13cdc9d9-ddb5-4fa4-a97d-d965ccfc6d4b" outcome="NotExecuted" testListId="8c84fa94-04c1-424b-9868-57a2d4851a1d" relativeResultsDirectory="616de0c7-f5dd-4d23-bf42-1232f76f6e1a">
    </UnitTestResult>
    <UnitTestResult executionId="d984756c-e7a9-4f4e-bfca-48da385c2052" testId="a1aa5338-462d-e2e2-e2ea-4adcd906fb81" testName="TestGetBoardType1" computerName="TW1FTENVY" testType="13cdc9d9-ddb5-4fa4-a97d-d965ccfc6d4b" outcome="NotExecuted" testListId="8c84fa94-04c1-424b-9868-57a2d4851a1d" relativeResultsDirectory="d984756c-e7a9-4f4e-bfca-48da385c2052">
    </UnitTestResult>
    <UnitTestResult executionId="17748bd6-e91d-4daa-8106-21e450cc6b62" testId="f954d7aa-0b6b-b16d-b134-a5b7560709e3" testName="TestGetBoardType2" computerName="TW1FTENVY" testType="13cdc9d9-ddb5-4fa4-a97d-d965ccfc6d4b" outcome="NotExecuted" testListId="8c84fa94-04c1-424b-9868-57a2d4851a1d" relativeResultsDirectory="17748bd6-e91d-4daa-8106-21e450cc6b62">
    </UnitTestResult>
    <UnitTestResult executionId="1456372b-68cc-4fdf-984d-e6f20eb36a43" testId="218b5b1b-8cf3-9ec8-bd10-43e5d019c394" testName="TestGetBoardType3" computerName="TW1FTENVY" testType="13cdc9d9-ddb5-4fa4-a97d-d965ccfc6d4b" outcome="NotExecuted" testListId="8c84fa94-04c1-424b-9868-57a2d4851a1d" relativeResultsDirectory="1456372b-68cc-4fdf-984d-e6f20eb36a43">
    </UnitTestResult>
    <UnitTestResult executionId="2fdbe521-c503-4070-a50a-378a6283a863" testId="b91eb780-0815-88ba-1d7d-693ff26e234c" testName="TestBoardTypeParameter" computerName="TW1FTENVY" testType="13cdc9d9-ddb5-4fa4-a97d-d965ccfc6d4b" outcome="NotExecuted" testListId="8c84fa94-04c1-424b-9868-57a2d4851a1d" relativeResultsDirectory="2fdbe521-c503-4070-a50a-378a6283a863">
    </UnitTestResult>
    <UnitTestResult executionId="714afce2-33b4-4f4b-98b3-a15288f92b08" testId="015f6da2-a554-d89e-ee82-ed24b884133e" testName="TestGetTileWeights1" computerName="TW1FTENVY" testType="13cdc9d9-ddb5-4fa4-a97d-d965ccfc6d4b" outcome="NotExecuted" testListId="8c84fa94-04c1-424b-9868-57a2d4851a1d" relativeResultsDirectory="714afce2-33b4-4f4b-98b3-a15288f92b08">
    </UnitTestResult>
    <UnitTestResult executionId="ca463987-dab9-4e87-8376-356fe57d3e01" testId="7f53bfc8-5e68-d8fc-378e-e7ac11b91a85" testName="TestGetTileWeights2" computerName="TW1FTENVY" testType="13cdc9d9-ddb5-4fa4-a97d-d965ccfc6d4b" outcome="NotExecuted" testListId="8c84fa94-04c1-424b-9868-57a2d4851a1d" relativeResultsDirectory="ca463987-dab9-4e87-8376-356fe57d3e01">
    </UnitTestResult>
    <UnitTestResult executionId="d605ecf1-c7d5-43ce-a647-5c081ed53464" testId="8729184e-d1e2-354e-e397-7fc211b803fc" testName="TestGetTileWeights3" computerName="TW1FTENVY" testType="13cdc9d9-ddb5-4fa4-a97d-d965ccfc6d4b" outcome="NotExecuted" testListId="8c84fa94-04c1-424b-9868-57a2d4851a1d" relativeResultsDirectory="d605ecf1-c7d5-43ce-a647-5c081ed53464">
    </UnitTestResult>
    <UnitTestResult executionId="f9ca0d3f-6595-4731-93c9-e922bfedef01" testId="370fb289-966e-efac-dd35-8a43dfda305e" testName="TestGetTileWeights4" computerName="TW1FTENVY" testType="13cdc9d9-ddb5-4fa4-a97d-d965ccfc6d4b" outcome="NotExecuted" testListId="8c84fa94-04c1-424b-9868-57a2d4851a1d" relativeResultsDirectory="f9ca0d3f-6595-4731-93c9-e922bfedef01">
    </UnitTestResult>
    <UnitTestResult executionId="8606dc83-d2b3-4dbf-b8e7-96225189cf27" testId="39f67779-52ec-6b4c-441c-3f91936d436b" testName="TestGetTileWeights5" computerName="TW1FTENVY" testType="13cdc9d9-ddb5-4fa4-a97d-d965ccfc6d4b" outcome="NotExecuted" testListId="8c84fa94-04c1-424b-9868-57a2d4851a1d" relativeResultsDirectory="8606dc83-d2b3-4dbf-b8e7-96225189cf27">
    </UnitTestResult>
    <UnitTestResult executionId="a46ddcc7-9bb3-46d4-b1a1-8dcd299dc2ad" testId="74d6cac9-d4d3-9019-d46c-df65dffe4326" testName="TestGetTileWeights6" computerName="TW1FTENVY" testType="13cdc9d9-ddb5-4fa4-a97d-d965ccfc6d4b" outcome="NotExecuted" testListId="8c84fa94-04c1-424b-9868-57a2d4851a1d" relativeResultsDirectory="a46ddcc7-9bb3-46d4-b1a1-8dcd299dc2ad">
    </UnitTestResult>
    <UnitTestResult executionId="5228bc45-c527-4e85-b830-3643ee5ad3de" testId="932006bf-cc9a-1649-4dd2-a8c07ced02bd" testName="TestQuestionType" computerName="TW1FTENVY" testType="13cdc9d9-ddb5-4fa4-a97d-d965ccfc6d4b" outcome="NotExecuted" testListId="8c84fa94-04c1-424b-9868-57a2d4851a1d" relativeResultsDirectory="5228bc45-c527-4e85-b830-3643ee5ad3de">
    </UnitTestResult>
    <UnitTestResult executionId="b08e6994-6a08-4e0b-bbf5-5db74b43133b" testId="5f9ff485-80f0-1581-b8ce-68cc871f9745" testName="ResetAttemptsStateTest" computerName="TW1FTENVY" testType="13cdc9d9-ddb5-4fa4-a97d-d965ccfc6d4b" outcome="NotExecuted" testListId="8c84fa94-04c1-424b-9868-57a2d4851a1d" relativeResultsDirectory="b08e6994-6a08-4e0b-bbf5-5db74b43133b">
    </UnitTestResult>
    <UnitTestResult executionId="dd27f7fd-cf33-4ccb-9527-b50f92a8797c" testId="48bc984d-60b1-5ee3-4b43-c5b6d211c605" testName="TestSum1" computerName="TW1FTENVY" testType="13cdc9d9-ddb5-4fa4-a97d-d965ccfc6d4b" outcome="NotExecuted" testListId="8c84fa94-04c1-424b-9868-57a2d4851a1d" relativeResultsDirectory="dd27f7fd-cf33-4ccb-9527-b50f92a8797c">
    </UnitTestResult>
    <UnitTestResult executionId="6ae273fc-c4ee-44ab-8520-1ebbc76d1b75" testId="30f09404-202f-bb57-b42e-01014a3c37b8" testName="TestSum2" computerName="TW1FTENVY" testType="13cdc9d9-ddb5-4fa4-a97d-d965ccfc6d4b" outcome="NotExecuted" testListId="8c84fa94-04c1-424b-9868-57a2d4851a1d" relativeResultsDirectory="6ae273fc-c4ee-44ab-8520-1ebbc76d1b75">
    </UnitTestResult>
    <UnitTestResult executionId="bc563422-a453-4bfb-a896-e8c62c60e93d" testId="21de355f-3cde-a82e-6834-b7b2ac5c48b4" testName="TestSum3" computerName="TW1FTENVY" testType="13cdc9d9-ddb5-4fa4-a97d-d965ccfc6d4b" outcome="NotExecuted" testListId="8c84fa94-04c1-424b-9868-57a2d4851a1d" relativeResultsDirectory="bc563422-a453-4bfb-a896-e8c62c60e93d">
    </UnitTestResult>
    <UnitTestResult executionId="689ae3ae-b18c-4d2c-99de-3f2ac4f05edb" testId="a53d656d-e53c-fdfe-17c9-53dd52253f82" testName="TestSum4" computerName="TW1FTENVY" testType="13cdc9d9-ddb5-4fa4-a97d-d965ccfc6d4b" outcome="NotExecuted" testListId="8c84fa94-04c1-424b-9868-57a2d4851a1d" relativeResultsDirectory="689ae3ae-b18c-4d2c-99de-3f2ac4f05edb">
    </UnitTestResult>
    <UnitTestResult executionId="022b823d-ae40-4ec3-b531-341cdf0628a5" testId="f3643685-0921-c0f8-f8bd-a760364d558c" testName="TestSum5" computerName="TW1FTENVY" testType="13cdc9d9-ddb5-4fa4-a97d-d965ccfc6d4b" outcome="NotExecuted" testListId="8c84fa94-04c1-424b-9868-57a2d4851a1d" relativeResultsDirectory="022b823d-ae40-4ec3-b531-341cdf0628a5">
    </UnitTestResult>
    <UnitTestResult executionId="5e4e6b65-ab7a-4624-ba50-4872056c068f" testId="9d3ef40d-f455-4981-71a8-7eb112706c75" testName="TestSum6" computerName="TW1FTENVY" testType="13cdc9d9-ddb5-4fa4-a97d-d965ccfc6d4b" outcome="NotExecuted" testListId="8c84fa94-04c1-424b-9868-57a2d4851a1d" relativeResultsDirectory="5e4e6b65-ab7a-4624-ba50-4872056c068f">
    </UnitTestResult>
    <UnitTestResult executionId="1f94fe59-0c60-459f-bedf-cac7cc4faf68" testId="232c75a8-2c33-71e1-2cf7-f791edd5ffaf" testName="TestSum7" computerName="TW1FTENVY" testType="13cdc9d9-ddb5-4fa4-a97d-d965ccfc6d4b" outcome="NotExecuted" testListId="8c84fa94-04c1-424b-9868-57a2d4851a1d" relativeResultsDirectory="1f94fe59-0c60-459f-bedf-cac7cc4faf68">
    </UnitTestResult>
    <UnitTestResult executionId="6699012e-cce7-4333-9eb8-7ddf84effcb9" testId="c5f604eb-bb73-2ed4-4b97-3223456ec415" testName="PlayerMoveStateTest" computerName="TW1FTENVY" testType="13cdc9d9-ddb5-4fa4-a97d-d965ccfc6d4b" outcome="NotExecuted" testListId="8c84fa94-04c1-424b-9868-57a2d4851a1d" relativeResultsDirectory="6699012e-cce7-4333-9eb8-7ddf84effcb9">
    </UnitTestResult>
    <UnitTestResult executionId="1c6e39b9-c164-4bf6-885a-3ac9fdf40e5d" testId="23883945-af6d-c48a-20a2-7a04c60637c8" testName="QuestionNotifyCorrectClickTest" computerName="TW1FTENVY" testType="13cdc9d9-ddb5-4fa4-a97d-d965ccfc6d4b" outcome="NotExecuted" testListId="8c84fa94-04c1-424b-9868-57a2d4851a1d" relativeResultsDirectory="1c6e39b9-c164-4bf6-885a-3ac9fdf40e5d">
    </UnitTestResult>
    <UnitTestResult executionId="f02f34ba-9d4d-4ed6-9634-80b1da74e71a" testId="bd72cabd-0ddc-9517-5a13-70031cc0d420" testName="QuestionNotifyIncorrectClickTest" computerName="TW1FTENVY" testType="13cdc9d9-ddb5-4fa4-a97d-d965ccfc6d4b" outcome="NotExecuted" testListId="8c84fa94-04c1-424b-9868-57a2d4851a1d" relativeResultsDirectory="f02f34ba-9d4d-4ed6-9634-80b1da74e71a">
    </UnitTestResult>
    <UnitTestResult executionId="d053d557-c391-4256-9f80-45ac5f2ab297" testId="5cd02d0c-c30c-d1d5-c21e-60ac4b27c097" testName="QuestionNotifyTimedClickTest" computerName="TW1FTENVY" testType="13cdc9d9-ddb5-4fa4-a97d-d965ccfc6d4b" outcome="NotExecuted" testListId="8c84fa94-04c1-424b-9868-57a2d4851a1d" relativeResultsDirectory="d053d557-c391-4256-9f80-45ac5f2ab297">
    </UnitTestResult>
    <UnitTestResult executionId="8576b4c1-a33c-449a-aabd-6ab8b1eeb436" testId="8eeca9a8-568d-a203-d287-a4d2eed3e1dd" testName="QuestionNotifyTimedOutTest" computerName="TW1FTENVY" testType="13cdc9d9-ddb5-4fa4-a97d-d965ccfc6d4b" outcome="NotExecuted" testListId="8c84fa94-04c1-424b-9868-57a2d4851a1d" relativeResultsDirectory="8576b4c1-a33c-449a-aabd-6ab8b1eeb436">
    </UnitTestResult>
    <UnitTestResult executionId="4b804b15-6f6e-4380-b7bc-3d96030b4ee1" testId="14c76d6e-baba-abce-271f-bb53095ef8bb" testName="TestPlayerScoreParameter" computerName="TW1FTENVY" testType="13cdc9d9-ddb5-4fa4-a97d-d965ccfc6d4b" outcome="NotExecuted" testListId="8c84fa94-04c1-424b-9868-57a2d4851a1d" relativeResultsDirectory="4b804b15-6f6e-4380-b7bc-3d96030b4ee1">
    </UnitTestResult>
    <UnitTestResult executionId="d9e24e1d-1fb4-4b48-b1fc-56d00cb13c34" testId="4241b6d4-e9df-72e9-77ef-f7714add0b73" testName="QuestionNotifyCorrectKeyTest" computerName="TW1FTENVY" testType="13cdc9d9-ddb5-4fa4-a97d-d965ccfc6d4b" outcome="NotExecuted" testListId="8c84fa94-04c1-424b-9868-57a2d4851a1d" relativeResultsDirectory="d9e24e1d-1fb4-4b48-b1fc-56d00cb13c34">
    </UnitTestResult>
    <UnitTestResult executionId="efe8c1f8-7060-4ae2-ad7d-4bd969ffd50a" testId="60eb9c3d-cd29-58bd-5b44-c89d0731a54a" testName="QuestionNotifyIncorrectKeyTest" computerName="TW1FTENVY" testType="13cdc9d9-ddb5-4fa4-a97d-d965ccfc6d4b" outcome="NotExecuted" testListId="8c84fa94-04c1-424b-9868-57a2d4851a1d" relativeResultsDirectory="efe8c1f8-7060-4ae2-ad7d-4bd969ffd50a">
    </UnitTestResult>
    <UnitTestResult executionId="7f5ceffe-0a8b-4cd5-8e8c-ddbc0d8ec194" testId="c34a7e0d-9fce-cfdd-4a03-172f1b719315" testName="QuestionNotifyTimedKeyTest" computerName="TW1FTENVY" testType="13cdc9d9-ddb5-4fa4-a97d-d965ccfc6d4b" outcome="NotExecuted" testListId="8c84fa94-04c1-424b-9868-57a2d4851a1d" relativeResultsDirectory="7f5ceffe-0a8b-4cd5-8e8c-ddbc0d8ec194">
    </UnitTestResult>
    <UnitTestResult executionId="ea01499f-4424-4dba-a706-63e9c6536ed5" testId="b0b5b9af-8fcb-9aa2-b576-ea724fced88f" testName="PlayersTest1" computerName="TW1FTENVY" testType="13cdc9d9-ddb5-4fa4-a97d-d965ccfc6d4b" outcome="NotExecuted" testListId="8c84fa94-04c1-424b-9868-57a2d4851a1d" relativeResultsDirectory="ea01499f-4424-4dba-a706-63e9c6536ed5">
    </UnitTestResult>
    <UnitTestResult executionId="d3ca55df-f0ba-42ee-8dfa-ee9fb48fdd09" testId="e0382ce5-6740-35b3-fff5-be32133f4b54" testName="PlayersTest2" computerName="TW1FTENVY" testType="13cdc9d9-ddb5-4fa4-a97d-d965ccfc6d4b" outcome="NotExecuted" testListId="8c84fa94-04c1-424b-9868-57a2d4851a1d" relativeResultsDirectory="d3ca55df-f0ba-42ee-8dfa-ee9fb48fdd09">
    </UnitTestResult>
    <UnitTestResult executionId="6f2e4b5e-319e-4731-9dcd-fc9cfda80d06" testId="96895812-5ec4-e95c-f82b-714f21329505" testName="PlayerScoreTest" computerName="TW1FTENVY" testType="13cdc9d9-ddb5-4fa4-a97d-d965ccfc6d4b" outcome="NotExecuted" testListId="8c84fa94-04c1-424b-9868-57a2d4851a1d" relativeResultsDirectory="6f2e4b5e-319e-4731-9dcd-fc9cfda80d06">
    </UnitTestResult>
    <UnitTestResult executionId="854aab67-7693-4d95-a691-1801870f2cfe" testId="3ebf47cf-4127-1f1d-d58e-0bdf47316ea3" testName="MultiPlayerCorrectScoreTest" computerName="TW1FTENVY" testType="13cdc9d9-ddb5-4fa4-a97d-d965ccfc6d4b" outcome="NotExecuted" testListId="8c84fa94-04c1-424b-9868-57a2d4851a1d" relativeResultsDirectory="854aab67-7693-4d95-a691-1801870f2cfe">
    </UnitTestResult>
    <UnitTestResult executionId="add4bfa7-5af6-4e54-a1a0-981e89fb3b4a" testId="36411a89-5ee3-acf1-7ac9-7780454d7007" testName="MultiPlayerIncorrectScoreTest" computerName="TW1FTENVY" testType="13cdc9d9-ddb5-4fa4-a97d-d965ccfc6d4b" outcome="NotExecuted" testListId="8c84fa94-04c1-424b-9868-57a2d4851a1d" relativeResultsDirectory="add4bfa7-5af6-4e54-a1a0-981e89fb3b4a">
    </UnitTestResult>
    <UnitTestResult executionId="6f6c19d1-b16e-46da-bc4d-ad313f9f56b5" testId="32dd6141-e873-31bc-2141-154b736f81ed" testName="MultiPlayerMultiCorrectScoreTest" computerName="TW1FTENVY" testType="13cdc9d9-ddb5-4fa4-a97d-d965ccfc6d4b" outcome="NotExecuted" testListId="8c84fa94-04c1-424b-9868-57a2d4851a1d" relativeResultsDirectory="6f6c19d1-b16e-46da-bc4d-ad313f9f56b5">
    </UnitTestResult>
    <UnitTestResult executionId="f1c98544-8fcc-479b-a28d-ce7f273b6a9d" testId="371a4fb2-1529-7925-ea1a-b6ea6249a33b" testName="MultiPlayerMultiIncorrectScoreTest" computerName="TW1FTENVY" testType="13cdc9d9-ddb5-4fa4-a97d-d965ccfc6d4b" outcome="NotExecuted" testListId="8c84fa94-04c1-424b-9868-57a2d4851a1d" relativeResultsDirectory="f1c98544-8fcc-479b-a28d-ce7f273b6a9d">
    </UnitTestResult>
    <UnitTestResult executionId="9d7b52f3-8b69-4c53-b013-c26071eb34cd" testId="09c838a6-25f6-fa3c-1eab-ebb143fae11f" testName="TwoPlayerSwapTest" computerName="TW1FTENVY" testType="13cdc9d9-ddb5-4fa4-a97d-d965ccfc6d4b" outcome="NotExecuted" testListId="8c84fa94-04c1-424b-9868-57a2d4851a1d" relativeResultsDirectory="9d7b52f3-8b69-4c53-b013-c26071eb34cd">
    </UnitTestResult>
    <UnitTestResult executionId="2c8efa46-1e51-476c-b60b-891e0981b9b0" testId="d1cdae68-9615-5a15-fb7e-17feabe3919f" testName="BackwardsScoresTest" computerName="TW1FTENVY" testType="13cdc9d9-ddb5-4fa4-a97d-d965ccfc6d4b" outcome="NotExecuted" testListId="8c84fa94-04c1-424b-9868-57a2d4851a1d" relativeResultsDirectory="2c8efa46-1e51-476c-b60b-891e0981b9b0">
    </UnitTestResult>
    <UnitTestResult executionId="d49d7055-7f02-42eb-a899-239e40e6bb1e" testId="2f70dbba-5fa6-6c2a-feef-1fb1c7241241" testName="MixedScoresTest" computerName="TW1FTENVY" testType="13cdc9d9-ddb5-4fa4-a97d-d965ccfc6d4b" outcome="NotExecuted" testListId="8c84fa94-04c1-424b-9868-57a2d4851a1d" relativeResultsDirectory="d49d7055-7f02-42eb-a899-239e40e6bb1e">
    </UnitTestResult>
    <UnitTestResult executionId="0c46ec98-53d1-41ae-b3b3-c9dc5d81ac50" testId="17c0ccb2-7906-7e39-90cb-848a59e82687" testName="ChangeCategoryStateTest" computerName="TW1FTENVY" testType="13cdc9d9-ddb5-4fa4-a97d-d965ccfc6d4b" outcome="NotExecuted" testListId="8c84fa94-04c1-424b-9868-57a2d4851a1d" relativeResultsDirectory="0c46ec98-53d1-41ae-b3b3-c9dc5d81ac50">
    </UnitTestResult>
    <UnitTestResult executionId="70915519-96e1-42c4-9164-ea12c3422f2f" testId="d045baa8-d6d4-4e92-c213-e7d3aa09150a" testName="RandomSwapStateTest" computerName="TW1FTENVY" testType="13cdc9d9-ddb5-4fa4-a97d-d965ccfc6d4b" outcome="NotExecuted" testListId="8c84fa94-04c1-424b-9868-57a2d4851a1d" relativeResultsDirectory="70915519-96e1-42c4-9164-ea12c3422f2f">
    </UnitTestResult>
    <UnitTestResult executionId="7cfff59f-17c6-4794-a695-a7c681144e8d" testId="9abef8b5-33da-680e-a9bc-a83df0477c5d" testName="RandomSwapTestMultiplayerTest" computerName="TW1FTENVY" testType="13cdc9d9-ddb5-4fa4-a97d-d965ccfc6d4b" outcome="NotExecuted" testListId="8c84fa94-04c1-424b-9868-57a2d4851a1d" relativeResultsDirectory="7cfff59f-17c6-4794-a695-a7c681144e8d">
    </UnitTestResult>
    <UnitTestResult executionId="ff25e15c-d5da-4012-bc24-4b96b4d58986" testId="083d22d7-fcb7-fbb5-cd62-3b304677a5ce" testName="KeyIsDownEvent" computerName="TW1FTENVY" testType="13cdc9d9-ddb5-4fa4-a97d-d965ccfc6d4b" outcome="NotExecuted" testListId="8c84fa94-04c1-424b-9868-57a2d4851a1d" relativeResultsDirectory="ff25e15c-d5da-4012-bc24-4b96b4d58986">
    </UnitTestResult>
    <UnitTestResult executionId="0ffb85fa-5862-42a1-93e1-20ede396b365" testId="23e952be-43ac-69f6-e773-dec25ec58275" testName="KeyIsNotDownEvent" computerName="TW1FTENVY" testType="13cdc9d9-ddb5-4fa4-a97d-d965ccfc6d4b" outcome="NotExecuted" testListId="8c84fa94-04c1-424b-9868-57a2d4851a1d" relativeResultsDirectory="0ffb85fa-5862-42a1-93e1-20ede396b365">
    </UnitTestResult>
    <UnitTestResult executionId="a272fe26-bb36-4423-a803-6f1eb2f984b8" testId="a55ea7c9-eabb-9207-ac1a-8e11aa747df4" testName="SkipQuestionStateTest" computerName="TW1FTENVY" testType="13cdc9d9-ddb5-4fa4-a97d-d965ccfc6d4b" outcome="NotExecuted" testListId="8c84fa94-04c1-424b-9868-57a2d4851a1d" relativeResultsDirectory="a272fe26-bb36-4423-a803-6f1eb2f984b8">
    </UnitTestResult>
    <UnitTestResult executionId="966886ed-7eaf-4a23-9a70-6e285dc6f52f" testId="77e10824-1cca-c689-50b2-ed0e80430907" testName="TileConstructorTest" computerName="TW1FTENVY" testType="13cdc9d9-ddb5-4fa4-a97d-d965ccfc6d4b" outcome="NotExecuted" testListId="8c84fa94-04c1-424b-9868-57a2d4851a1d" relativeResultsDirectory="966886ed-7eaf-4a23-9a70-6e285dc6f52f">
    </UnitTestResult>
    <UnitTestResult executionId="d6c64aca-5f62-4a7f-9e74-45e16a6b2a50" testId="42431ad3-b2fa-3a89-f07f-b02ce47f85e3" testName="GetSetBoardXTest" computerName="TW1FTENVY" testType="13cdc9d9-ddb5-4fa4-a97d-d965ccfc6d4b" outcome="NotExecuted" testListId="8c84fa94-04c1-424b-9868-57a2d4851a1d" relativeResultsDirectory="d6c64aca-5f62-4a7f-9e74-45e16a6b2a50">
    </UnitTestResult>
    <UnitTestResult executionId="837e6bd6-91e1-4bb4-becc-bee1373fe6b2" testId="2ee5ec05-43c5-a370-94e2-7ce68113ecd3" testName="GetSetBoardYTest" computerName="TW1FTENVY" testType="13cdc9d9-ddb5-4fa4-a97d-d965ccfc6d4b" outcome="NotExecuted" testListId="8c84fa94-04c1-424b-9868-57a2d4851a1d" relativeResultsDirectory="837e6bd6-91e1-4bb4-becc-bee1373fe6b2">
    </UnitTestResult>
    <UnitTestResult executionId="0840814b-f776-433c-b66b-9b32666cfb82" testId="72f264a5-7de2-336c-60e6-b904b0cc1eea" testName="IsAdjacentTest" computerName="TW1FTENVY" testType="13cdc9d9-ddb5-4fa4-a97d-d965ccfc6d4b" outcome="NotExecuted" testListId="8c84fa94-04c1-424b-9868-57a2d4851a1d" relativeResultsDirectory="0840814b-f776-433c-b66b-9b32666cfb82">
    </UnitTestResult>
    <UnitTestResult executionId="8f5c9628-9cc1-42f5-89dd-29075db477b3" testId="e4ab14aa-1429-271f-5b09-0f8f32eeab9a" testName="TestStandardTile" computerName="TW1FTENVY" testType="13cdc9d9-ddb5-4fa4-a97d-d965ccfc6d4b" outcome="NotExecuted" testListId="8c84fa94-04c1-424b-9868-57a2d4851a1d" relativeResultsDirectory="8f5c9628-9cc1-42f5-89dd-29075db477b3">
    </UnitTestResult>
    <UnitTestResult executionId="4c848328-c8f8-4f2f-904a-e648323467c2" testId="3a6c85dc-ff2e-cb74-a68e-e4c4f59a65bd" testName="TestMusicTile" computerName="TW1FTENVY" testType="13cdc9d9-ddb5-4fa4-a97d-d965ccfc6d4b" outcome="NotExecuted" testListId="8c84fa94-04c1-424b-9868-57a2d4851a1d" relativeResultsDirectory="4c848328-c8f8-4f2f-904a-e648323467c2">
    </UnitTestResult>
    <UnitTestResult executionId="3f9e3080-0de3-4867-8e81-4a5d91a85e9d" testId="fc573d78-4d31-4cef-4a5f-301b8eb35a18" testName="TestImageTile" computerName="TW1FTENVY" testType="13cdc9d9-ddb5-4fa4-a97d-d965ccfc6d4b" outcome="NotExecuted" testListId="8c84fa94-04c1-424b-9868-57a2d4851a1d" relativeResultsDirectory="3f9e3080-0de3-4867-8e81-4a5d91a85e9d">
    </UnitTestResult>
    <UnitTestResult executionId="6b897bf0-b407-4e13-9cc9-fc91ac38e6d0" testId="52f2ba69-e8af-366e-fa05-7e9d58be5419" testName="TestDeathTile" computerName="TW1FTENVY" testType="13cdc9d9-ddb5-4fa4-a97d-d965ccfc6d4b" outcome="NotExecuted" testListId="8c84fa94-04c1-424b-9868-57a2d4851a1d" relativeResultsDirectory="6b897bf0-b407-4e13-9cc9-fc91ac38e6d0">
    </UnitTestResult>
    <UnitTestResult executionId="7be70db9-a285-4022-b791-fa5c49d974a3" testId="d3f09b35-b610-a3b7-aac9-aa4bbf66fea6" testName="TestJokerTile" computerName="TW1FTENVY" testType="13cdc9d9-ddb5-4fa4-a97d-d965ccfc6d4b" outcome="NotExecuted" testListId="8c84fa94-04c1-424b-9868-57a2d4851a1d" relativeResultsDirectory="7be70db9-a285-4022-b791-fa5c49d974a3">
    </UnitTestResult>
    <UnitTestResult executionId="0b8aa5d2-fbd7-413d-847c-a137054e5c11" testId="93e1a339-56ec-6a9a-cc36-ee3412430608" testName="TileConstructorTest" computerName="TW1FTENVY" testType="13cdc9d9-ddb5-4fa4-a97d-d965ccfc6d4b" outcome="NotExecuted" testListId="8c84fa94-04c1-424b-9868-57a2d4851a1d" relativeResultsDirectory="0b8aa5d2-fbd7-413d-847c-a137054e5c11">
    </UnitTestResult>
    <UnitTestResult executionId="7c55a490-fa4d-440c-bb10-a2c5ab5d055d" testId="f0bdd7dd-7cef-1459-6d80-5f06a72cf810" testName="GetSetPlayerTileTest" computerName="TW1FTENVY" testType="13cdc9d9-ddb5-4fa4-a97d-d965ccfc6d4b" outcome="NotExecuted" testListId="8c84fa94-04c1-424b-9868-57a2d4851a1d" relativeResultsDirectory="7c55a490-fa4d-440c-bb10-a2c5ab5d055d">
    </UnitTestResult>
    <UnitTestResult executionId="aa2c09ed-98a9-4bf2-9e60-193c088f894d" testId="c4cd8056-c9ff-caf6-98af-4ccd1972a29a" testName="GetSetPlayerNameTest" computerName="TW1FTENVY" testType="13cdc9d9-ddb5-4fa4-a97d-d965ccfc6d4b" outcome="NotExecuted" testListId="8c84fa94-04c1-424b-9868-57a2d4851a1d" relativeResultsDirectory="aa2c09ed-98a9-4bf2-9e60-193c088f894d">
    </UnitTestResult>
    <UnitTestResult executionId="620a3982-e6d1-497a-8277-b47c839bbade" testId="d6f0928c-7367-b459-6ff5-32ca0241f57e" testName="MultiplePlayerTest" computerName="TW1FTENVY" testType="13cdc9d9-ddb5-4fa4-a97d-d965ccfc6d4b" outcome="NotExecuted" testListId="8c84fa94-04c1-424b-9868-57a2d4851a1d" relativeResultsDirectory="620a3982-e6d1-497a-8277-b47c839bbade">
    </UnitTestResult>
    <UnitTestResult executionId="ee90742f-433a-4416-82eb-037774825ef7" testId="212fceb0-e09b-bfef-a8c4-50fb8b97b08a" testName="VictoryTest" computerName="TW1FTENVY" testType="13cdc9d9-ddb5-4fa4-a97d-d965ccfc6d4b" outcome="NotExecuted" testListId="8c84fa94-04c1-424b-9868-57a2d4851a1d" relativeResultsDirectory="ee90742f-433a-4416-82eb-037774825ef7">
    </UnitTestResult>
  </Results>
</TestRun>