<?xml version="1.0" encoding="UTF-8"?>
<TestRun id="2eff8437-cf02-4766-9965-50a2c0144d20" name="Karan@TW1FTENVY 2014-04-07 20:18:42" runUser="TW1FTENVY\Karan" xmlns="http://microsoft.com/schemas/VisualStudio/TeamTest/2010">
  <TestSettings name="Local" id="cbb3cf31-cc5b-426d-a718-c9b63d5ad07b">
    <Description>These are default test settings for a local test run.</Description>
    <Deployment enabled="false" runDeploymentRoot="Karan_TW1FTENVY 2014-04-07 20_18_42">
      <DeploymentItem filename="C:\Users\Karan\Downloads\oKnow\trunk\OKnow\OKnow\OKnow\bin\x86\Debug\OKnow.exe" />
    </Deployment>
    <Execution>
      <TestTypeSpecific />
      <AgentRule name="Execution Agents">
      </AgentRule>
    </Execution>
  </TestSettings>
  <Times creation="2014-04-07T20:18:42.1100848-05:00" queuing="2014-04-07T20:18:42.7876048-05:00" start="2014-04-07T20:18:42.8316354-05:00" finish="2014-04-07T20:18:55.4525275-05:00" />
  <ResultSummary outcome="Completed">
    <Counters total="46" executed="46" passed="46" error="0" failed="0" timeout="0" aborted="0" inconclusive="0" passedButRunAborted="0" notRunnable="0" notExecuted="0" disconnected="0" warning="0" completed="0" inProgress="0" pending="0" />
  </ResultSummary>
  <TestDefinitions>
    <UnitTest name="TestImageTile" storage="c:\users\karan\downloads\oknow\trunk\oknow\oknowtest\bin\x86\debug\oknowtest.dll" id="fc573d78-4d31-4cef-4a5f-301b8eb35a18">
      <Execution id="8af9a9c5-e795-4953-a850-973ebaff69d0" />
      <TestMethod codeBase="C:/Users/Karan/Downloads/oKnow/trunk/OKnow/OKnowTest/bin/x86/Debug/OKnowTest.DLL" adapterTypeName="Microsoft.VisualStudio.TestTools.TestTypes.Unit.UnitTestAdapter, Microsoft.VisualStudio.QualityTools.Tips.UnitTest.Adapter, Version=10.0.0.0, Culture=neutral, PublicKeyToken=b03f5f7f11d50a3a" className="OKnowTest.TileTest, OKnowTest, Version=1.0.0.0, Culture=neutral, PublicKeyToken=null" name="TestImageTile" />
    </UnitTest>
    <UnitTest name="TestGetCurrentNumPlayers1" storage="c:\users\karan\downloads\oknow\trunk\oknow\oknowtest\bin\x86\debug\oknowtest.dll" id="957b084a-82f1-c373-da0f-c9ece73ff22b">
      <Execution id="ba9f68bb-49f5-460b-8941-91547f6e3063" />
      <TestMethod codeBase="C:/Users/Karan/Downloads/oKnow/trunk/OKnow/OKnowTest/bin/x86/Debug/OKnowTest.DLL" adapterTypeName="Microsoft.VisualStudio.TestTools.TestTypes.Unit.UnitTestAdapter, Microsoft.VisualStudio.QualityTools.Tips.UnitTest.Adapter, Version=10.0.0.0, Culture=neutral, PublicKeyToken=b03f5f7f11d50a3a" className="OKnowTest.StartScreenTest, OKnowTest, Version=1.0.0.0, Culture=neutral, PublicKeyToken=null" name="TestGetCurrentNumPlayers1" />
    </UnitTest>
    <UnitTest name="testInitialize" storage="c:\users\karan\downloads\oknow\trunk\oknow\oknowtest\bin\x86\debug\oknowtest.dll" id="35fdcf18-0be3-5a33-49ea-9deec449ce72">
      <Execution id="291a93ed-590b-40b7-babc-7ee5831ccbfc" />
      <TestMethod codeBase="C:/Users/Karan/Downloads/oKnow/trunk/OKnow/OKnowTest/bin/x86/Debug/OKnowTest.DLL" adapterTypeName="Microsoft.VisualStudio.TestTools.TestTypes.Unit.UnitTestAdapter, Microsoft.VisualStudio.QualityTools.Tips.UnitTest.Adapter, Version=10.0.0.0, Culture=neutral, PublicKeyToken=b03f5f7f11d50a3a" className="OKnowTest.AnswerTest, OKnowTest, Version=1.0.0.0, Culture=neutral, PublicKeyToken=null" name="testInitialize" />
    </UnitTest>
    <UnitTest name="TestGetCurrentNumPlayers2" storage="c:\users\karan\downloads\oknow\trunk\oknow\oknowtest\bin\x86\debug\oknowtest.dll" id="a99a0acb-4556-0740-9f3d-fecb7b1ed1f8">
      <Execution id="9be17b42-986f-4ed0-b95c-77aaab16ec1f" />
      <TestMethod codeBase="C:/Users/Karan/Downloads/oKnow/trunk/OKnow/OKnowTest/bin/x86/Debug/OKnowTest.DLL" adapterTypeName="Microsoft.VisualStudio.TestTools.TestTypes.Unit.UnitTestAdapter, Microsoft.VisualStudio.QualityTools.Tips.UnitTest.Adapter, Version=10.0.0.0, Culture=neutral, PublicKeyToken=b03f5f7f11d50a3a" className="OKnowTest.StartScreenTest, OKnowTest, Version=1.0.0.0, Culture=neutral, PublicKeyToken=null" name="TestGetCurrentNumPlayers2" />
    </UnitTest>
    <UnitTest name="QuestionNotifyIncorrectTest" storage="c:\users\karan\downloads\oknow\trunk\oknow\oknowtest\bin\x86\debug\oknowtest.dll" id="25d0a51a-60b0-76e9-f661-66ae7f35161c">
      <Execution id="b7739d17-1663-428b-a5bd-5b27b2708a16" />
      <TestMethod codeBase="C:/Users/Karan/Downloads/oKnow/trunk/OKnow/OKnowTest/bin/x86/Debug/OKnowTest.DLL" adapterTypeName="Microsoft.VisualStudio.TestTools.TestTypes.Unit.UnitTestAdapter, Microsoft.VisualStudio.QualityTools.Tips.UnitTest.Adapter, Version=10.0.0.0, Culture=neutral, PublicKeyToken=b03f5f7f11d50a3a" className="OKnowTest.AnswerAQuestionTest, OKnowTest, Version=1.0.0.0, Culture=neutral, PublicKeyToken=null" name="QuestionNotifyIncorrectTest" />
    </UnitTest>
    <UnitTest name="VictoryTest" storage="c:\users\karan\downloads\oknow\trunk\oknow\oknowtest\bin\x86\debug\oknowtest.dll" id="212fceb0-e09b-bfef-a8c4-50fb8b97b08a">
      <Execution id="71a8e6e0-33fe-4a1a-9ef5-9f0c8b10a6eb" />
      <TestMethod codeBase="C:/Users/Karan/Downloads/oKnow/trunk/OKnow/OKnowTest/bin/x86/Debug/OKnowTest.DLL" adapterTypeName="Microsoft.VisualStudio.TestTools.TestTypes.Unit.UnitTestAdapter, Microsoft.VisualStudio.QualityTools.Tips.UnitTest.Adapter, Version=10.0.0.0, Culture=neutral, PublicKeyToken=b03f5f7f11d50a3a" className="OKnowTest.PlayerTest, OKnowTest, Version=1.0.0.0, Culture=neutral, PublicKeyToken=null" name="VictoryTest" />
    </UnitTest>
    <UnitTest name="TestUpdateEventEquality" storage="c:\users\karan\downloads\oknow\trunk\oknow\oknowtest\bin\x86\debug\oknowtest.dll" id="f92b1b75-bfbf-8087-5727-33e690da2f7f">
      <Execution id="656ff2fd-a8ee-44fb-8c67-61bc6164c43c" />
      <TestMethod codeBase="C:/Users/Karan/Downloads/oKnow/trunk/OKnow/OKnowTest/bin/x86/Debug/OKnowTest.DLL" adapterTypeName="Microsoft.VisualStudio.TestTools.TestTypes.Unit.UnitTestAdapter, Microsoft.VisualStudio.QualityTools.Tips.UnitTest.Adapter, Version=10.0.0.0, Culture=neutral, PublicKeyToken=b03f5f7f11d50a3a" className="OKnowTest.IOTests.IOSubjectTest, OKnowTest, Version=1.0.0.0, Culture=neutral, PublicKeyToken=null" name="TestUpdateEventEquality" />
    </UnitTest>
    <UnitTest name="TestCategory" storage="c:\users\karan\downloads\oknow\trunk\oknow\oknowtest\bin\x86\debug\oknowtest.dll" id="a9a9f0f1-8a6b-9673-3b72-bfc82b22d458">
      <Execution id="d399b124-8fa8-4d02-9c7f-2dad67cc7609" />
      <TestMethod codeBase="C:/Users/Karan/Downloads/oKnow/trunk/OKnow/OKnowTest/bin/x86/Debug/OKnowTest.DLL" adapterTypeName="Microsoft.VisualStudio.TestTools.TestTypes.Unit.UnitTestAdapter, Microsoft.VisualStudio.QualityTools.Tips.UnitTest.Adapter, Version=10.0.0.0, Culture=neutral, PublicKeyToken=b03f5f7f11d50a3a" className="OKnowTest.AnswerTest, OKnowTest, Version=1.0.0.0, Culture=neutral, PublicKeyToken=null" name="TestCategory" />
    </UnitTest>
    <UnitTest name="TestGetCurrentNumPlayers5" storage="c:\users\karan\downloads\oknow\trunk\oknow\oknowtest\bin\x86\debug\oknowtest.dll" id="7da4a519-5129-89a7-3d39-c6df56ad0742">
      <Execution id="a283bbee-f464-49c7-acd4-b863b5281f91" />
      <TestMethod codeBase="C:/Users/Karan/Downloads/oKnow/trunk/OKnow/OKnowTest/bin/x86/Debug/OKnowTest.DLL" adapterTypeName="Microsoft.VisualStudio.TestTools.TestTypes.Unit.UnitTestAdapter, Microsoft.VisualStudio.QualityTools.Tips.UnitTest.Adapter, Version=10.0.0.0, Culture=neutral, PublicKeyToken=b03f5f7f11d50a3a" className="OKnowTest.StartScreenTest, OKnowTest, Version=1.0.0.0, Culture=neutral, PublicKeyToken=null" name="TestGetCurrentNumPlayers5" />
    </UnitTest>
    <UnitTest name="TestGetCurrentNumPlayers4" storage="c:\users\karan\downloads\oknow\trunk\oknow\oknowtest\bin\x86\debug\oknowtest.dll" id="47b57d83-2c08-99b9-f3b1-14d4cde9b1e8">
      <Execution id="05714873-529e-488c-a803-95a4d4aa5e7e" />
      <TestMethod codeBase="C:/Users/Karan/Downloads/oKnow/trunk/OKnow/OKnowTest/bin/x86/Debug/OKnowTest.DLL" adapterTypeName="Microsoft.VisualStudio.TestTools.TestTypes.Unit.UnitTestAdapter, Microsoft.VisualStudio.QualityTools.Tips.UnitTest.Adapter, Version=10.0.0.0, Culture=neutral, PublicKeyToken=b03f5f7f11d50a3a" className="OKnowTest.StartScreenTest, OKnowTest, Version=1.0.0.0, Culture=neutral, PublicKeyToken=null" name="TestGetCurrentNumPlayers4" />
    </UnitTest>
    <UnitTest name="StartGameTest2" storage="c:\users\karan\downloads\oknow\trunk\oknow\oknowtest\bin\x86\debug\oknowtest.dll" id="8e77a49e-1ebb-33d0-321e-b1c7c45a8fa3">
      <Execution id="cd46a980-6585-4db0-9a82-1899b7ea24ad" />
      <TestMethod codeBase="C:/Users/Karan/Downloads/oKnow/trunk/OKnow/OKnowTest/bin/x86/Debug/OKnowTest.DLL" adapterTypeName="Microsoft.VisualStudio.TestTools.TestTypes.Unit.UnitTestAdapter, Microsoft.VisualStudio.QualityTools.Tips.UnitTest.Adapter, Version=10.0.0.0, Culture=neutral, PublicKeyToken=b03f5f7f11d50a3a" className="OKnowTest.Game1Test, OKnowTest, Version=1.0.0.0, Culture=neutral, PublicKeyToken=null" name="StartGameTest2" />
    </UnitTest>
    <UnitTest name="IsAdjacentTest" storage="c:\users\karan\downloads\oknow\trunk\oknow\oknowtest\bin\x86\debug\oknowtest.dll" id="72f264a5-7de2-336c-60e6-b904b0cc1eea">
      <Execution id="7f18ada9-e426-46ca-aa92-6096750ae483" />
      <TestMethod codeBase="C:/Users/Karan/Downloads/oKnow/trunk/OKnow/OKnowTest/bin/x86/Debug/OKnowTest.DLL" adapterTypeName="Microsoft.VisualStudio.TestTools.TestTypes.Unit.UnitTestAdapter, Microsoft.VisualStudio.QualityTools.Tips.UnitTest.Adapter, Version=10.0.0.0, Culture=neutral, PublicKeyToken=b03f5f7f11d50a3a" className="OKnowTest.TileTest, OKnowTest, Version=1.0.0.0, Culture=neutral, PublicKeyToken=null" name="IsAdjacentTest" />
    </UnitTest>
    <UnitTest name="TestMusicTile" storage="c:\users\karan\downloads\oknow\trunk\oknow\oknowtest\bin\x86\debug\oknowtest.dll" id="3a6c85dc-ff2e-cb74-a68e-e4c4f59a65bd">
      <Execution id="0f8d327e-4484-46b3-a2d2-b69b8888ad41" />
      <TestMethod codeBase="C:/Users/Karan/Downloads/oKnow/trunk/OKnow/OKnowTest/bin/x86/Debug/OKnowTest.DLL" adapterTypeName="Microsoft.VisualStudio.TestTools.TestTypes.Unit.UnitTestAdapter, Microsoft.VisualStudio.QualityTools.Tips.UnitTest.Adapter, Version=10.0.0.0, Culture=neutral, PublicKeyToken=b03f5f7f11d50a3a" className="OKnowTest.TileTest, OKnowTest, Version=1.0.0.0, Culture=neutral, PublicKeyToken=null" name="TestMusicTile" />
    </UnitTest>
    <UnitTest name="GetSetPlayerTileTest" storage="c:\users\karan\downloads\oknow\trunk\oknow\oknowtest\bin\x86\debug\oknowtest.dll" id="f0bdd7dd-7cef-1459-6d80-5f06a72cf810">
      <Execution id="d4ec3747-c5e6-4158-937d-2304dce57065" />
      <TestMethod codeBase="C:/Users/Karan/Downloads/oKnow/trunk/OKnow/OKnowTest/bin/x86/Debug/OKnowTest.DLL" adapterTypeName="Microsoft.VisualStudio.TestTools.TestTypes.Unit.UnitTestAdapter, Microsoft.VisualStudio.QualityTools.Tips.UnitTest.Adapter, Version=10.0.0.0, Culture=neutral, PublicKeyToken=b03f5f7f11d50a3a" className="OKnowTest.PlayerTest, OKnowTest, Version=1.0.0.0, Culture=neutral, PublicKeyToken=null" name="GetSetPlayerTileTest" />
    </UnitTest>
    <UnitTest name="GetSetBoardXTest" storage="c:\users\karan\downloads\oknow\trunk\oknow\oknowtest\bin\x86\debug\oknowtest.dll" id="42431ad3-b2fa-3a89-f07f-b02ce47f85e3">
      <Execution id="1d30f897-8625-4bf8-a104-cfbde9f5792e" />
      <TestMethod codeBase="C:/Users/Karan/Downloads/oKnow/trunk/OKnow/OKnowTest/bin/x86/Debug/OKnowTest.DLL" adapterTypeName="Microsoft.VisualStudio.TestTools.TestTypes.Unit.UnitTestAdapter, Microsoft.VisualStudio.QualityTools.Tips.UnitTest.Adapter, Version=10.0.0.0, Culture=neutral, PublicKeyToken=b03f5f7f11d50a3a" className="OKnowTest.TileTest, OKnowTest, Version=1.0.0.0, Culture=neutral, PublicKeyToken=null" name="GetSetBoardXTest" />
    </UnitTest>
    <UnitTest name="TestGetCurrentCategory" storage="c:\users\karan\downloads\oknow\trunk\oknow\oknowtest\bin\x86\debug\oknowtest.dll" id="95dc6df8-8c3b-3ec0-6d0e-d91ca1187ea8">
      <Execution id="02fce334-ec04-4eaf-b8f8-5270cf8956f1" />
      <TestMethod codeBase="C:/Users/Karan/Downloads/oKnow/trunk/OKnow/OKnowTest/bin/x86/Debug/OKnowTest.DLL" adapterTypeName="Microsoft.VisualStudio.TestTools.TestTypes.Unit.UnitTestAdapter, Microsoft.VisualStudio.QualityTools.Tips.UnitTest.Adapter, Version=10.0.0.0, Culture=neutral, PublicKeyToken=b03f5f7f11d50a3a" className="OKnowTest.StartScreenTest, OKnowTest, Version=1.0.0.0, Culture=neutral, PublicKeyToken=null" name="TestGetCurrentCategory" />
    </UnitTest>
    <UnitTest name="TestGetRandomImageQuestion" storage="c:\users\karan\downloads\oknow\trunk\oknow\oknowtest\bin\x86\debug\oknowtest.dll" id="604165a1-c7e2-e583-c8fc-41ba1842763f">
      <Execution id="559af469-dee7-4144-8ba6-56f64e1e3356" />
      <TestMethod codeBase="C:/Users/Karan/Downloads/oKnow/trunk/OKnow/OKnowTest/bin/x86/Debug/OKnowTest.DLL" adapterTypeName="Microsoft.VisualStudio.TestTools.TestTypes.Unit.UnitTestAdapter, Microsoft.VisualStudio.QualityTools.Tips.UnitTest.Adapter, Version=10.0.0.0, Culture=neutral, PublicKeyToken=b03f5f7f11d50a3a" className="OKnowTest.QuestionPoolTest, OKnowTest, Version=1.0.0.0, Culture=neutral, PublicKeyToken=null" name="TestGetRandomImageQuestion" />
    </UnitTest>
    <UnitTest name="TestUpdate" storage="c:\users\karan\downloads\oknow\trunk\oknow\oknowtest\bin\x86\debug\oknowtest.dll" id="d0ddb7c1-ff4a-b3fe-6f4c-174f7a2fe81e">
      <Execution id="39594376-13a7-4101-8b58-3590d77bf690" />
      <TestMethod codeBase="C:/Users/Karan/Downloads/oKnow/trunk/OKnow/OKnowTest/bin/x86/Debug/OKnowTest.DLL" adapterTypeName="Microsoft.VisualStudio.TestTools.TestTypes.Unit.UnitTestAdapter, Microsoft.VisualStudio.QualityTools.Tips.UnitTest.Adapter, Version=10.0.0.0, Culture=neutral, PublicKeyToken=b03f5f7f11d50a3a" className="OKnowTest.IOTests.IOSubjectTest, OKnowTest, Version=1.0.0.0, Culture=neutral, PublicKeyToken=null" name="TestUpdate" />
    </UnitTest>
    <UnitTest name="TestUpdateEventInequality" storage="c:\users\karan\downloads\oknow\trunk\oknow\oknowtest\bin\x86\debug\oknowtest.dll" id="7e5b7cb7-b731-5fcc-3da1-9df84dfa3118">
      <Execution id="347096b2-59ff-4262-8bc5-34196e977fec" />
      <TestMethod codeBase="C:/Users/Karan/Downloads/oKnow/trunk/OKnow/OKnowTest/bin/x86/Debug/OKnowTest.DLL" adapterTypeName="Microsoft.VisualStudio.TestTools.TestTypes.Unit.UnitTestAdapter, Microsoft.VisualStudio.QualityTools.Tips.UnitTest.Adapter, Version=10.0.0.0, Culture=neutral, PublicKeyToken=b03f5f7f11d50a3a" className="OKnowTest.IOTests.IOSubjectTest, OKnowTest, Version=1.0.0.0, Culture=neutral, PublicKeyToken=null" name="TestUpdateEventInequality" />
    </UnitTest>
    <UnitTest name="PlayersTest2" storage="c:\users\karan\downloads\oknow\trunk\oknow\oknowtest\bin\x86\debug\oknowtest.dll" id="e0382ce5-6740-35b3-fff5-be32133f4b54">
      <Execution id="605b9ce2-0749-493e-bc37-dadf511faac3" />
      <TestMethod codeBase="C:/Users/Karan/Downloads/oKnow/trunk/OKnow/OKnowTest/bin/x86/Debug/OKnowTest.DLL" adapterTypeName="Microsoft.VisualStudio.TestTools.TestTypes.Unit.UnitTestAdapter, Microsoft.VisualStudio.QualityTools.Tips.UnitTest.Adapter, Version=10.0.0.0, Culture=neutral, PublicKeyToken=b03f5f7f11d50a3a" className="OKnowTest.GameBoardTest, OKnowTest, Version=1.0.0.0, Culture=neutral, PublicKeyToken=null" name="PlayersTest2" />
    </UnitTest>
    <UnitTest name="GetSetPlayerNameTest" storage="c:\users\karan\downloads\oknow\trunk\oknow\oknowtest\bin\x86\debug\oknowtest.dll" id="c4cd8056-c9ff-caf6-98af-4ccd1972a29a">
      <Execution id="caccc4f3-8dc0-48ef-9bbc-62d614af2984" />
      <TestMethod codeBase="C:/Users/Karan/Downloads/oKnow/trunk/OKnow/OKnowTest/bin/x86/Debug/OKnowTest.DLL" adapterTypeName="Microsoft.VisualStudio.TestTools.TestTypes.Unit.UnitTestAdapter, Microsoft.VisualStudio.QualityTools.Tips.UnitTest.Adapter, Version=10.0.0.0, Culture=neutral, PublicKeyToken=b03f5f7f11d50a3a" className="OKnowTest.PlayerTest, OKnowTest, Version=1.0.0.0, Culture=neutral, PublicKeyToken=null" name="GetSetPlayerNameTest" />
    </UnitTest>
    <UnitTest name="TestJokerTile" storage="c:\users\karan\downloads\oknow\trunk\oknow\oknowtest\bin\x86\debug\oknowtest.dll" id="d3f09b35-b610-a3b7-aac9-aa4bbf66fea6">
      <Execution id="d5584d99-3591-4e21-b86d-0f5749479d3f" />
      <TestMethod codeBase="C:/Users/Karan/Downloads/oKnow/trunk/OKnow/OKnowTest/bin/x86/Debug/OKnowTest.DLL" adapterTypeName="Microsoft.VisualStudio.TestTools.TestTypes.Unit.UnitTestAdapter, Microsoft.VisualStudio.QualityTools.Tips.UnitTest.Adapter, Version=10.0.0.0, Culture=neutral, PublicKeyToken=b03f5f7f11d50a3a" className="OKnowTest.TileTest, OKnowTest, Version=1.0.0.0, Culture=neutral, PublicKeyToken=null" name="TestJokerTile" />
    </UnitTest>
    <UnitTest name="MultiplePlayerTest" storage="c:\users\karan\downloads\oknow\trunk\oknow\oknowtest\bin\x86\debug\oknowtest.dll" id="d6f0928c-7367-b459-6ff5-32ca0241f57e">
      <Execution id="28eef0ad-cff4-4e81-a6b6-171f576d4bfc" />
      <TestMethod codeBase="C:/Users/Karan/Downloads/oKnow/trunk/OKnow/OKnowTest/bin/x86/Debug/OKnowTest.DLL" adapterTypeName="Microsoft.VisualStudio.TestTools.TestTypes.Unit.UnitTestAdapter, Microsoft.VisualStudio.QualityTools.Tips.UnitTest.Adapter, Version=10.0.0.0, Culture=neutral, PublicKeyToken=b03f5f7f11d50a3a" className="OKnowTest.PlayerTest, OKnowTest, Version=1.0.0.0, Culture=neutral, PublicKeyToken=null" name="MultiplePlayerTest" />
    </UnitTest>
    <UnitTest name="testAnswerChoices" storage="c:\users\karan\downloads\oknow\trunk\oknow\oknowtest\bin\x86\debug\oknowtest.dll" id="c633b636-e73d-6a16-4a3c-3a2d73d1a317">
      <Execution id="1ede15e2-7c01-4db0-bbec-b7d1fb744a2c" />
      <TestMethod codeBase="C:/Users/Karan/Downloads/oKnow/trunk/OKnow/OKnowTest/bin/x86/Debug/OKnowTest.DLL" adapterTypeName="Microsoft.VisualStudio.TestTools.TestTypes.Unit.UnitTestAdapter, Microsoft.VisualStudio.QualityTools.Tips.UnitTest.Adapter, Version=10.0.0.0, Culture=neutral, PublicKeyToken=b03f5f7f11d50a3a" className="OKnowTest.AnswerTest, OKnowTest, Version=1.0.0.0, Culture=neutral, PublicKeyToken=null" name="testAnswerChoices" />
    </UnitTest>
    <UnitTest name="PlayerMoveStateTest" storage="c:\users\karan\downloads\oknow\trunk\oknow\oknowtest\bin\x86\debug\oknowtest.dll" id="c5f604eb-bb73-2ed4-4b97-3223456ec415">
      <Execution id="a65c4bc3-a0e8-43db-82b5-7d4cbd8667bc" />
      <TestMethod codeBase="C:/Users/Karan/Downloads/oKnow/trunk/OKnow/OKnowTest/bin/x86/Debug/OKnowTest.DLL" adapterTypeName="Microsoft.VisualStudio.TestTools.TestTypes.Unit.UnitTestAdapter, Microsoft.VisualStudio.QualityTools.Tips.UnitTest.Adapter, Version=10.0.0.0, Culture=neutral, PublicKeyToken=b03f5f7f11d50a3a" className="OKnowTest.AnswerAQuestionTest, OKnowTest, Version=1.0.0.0, Culture=neutral, PublicKeyToken=null" name="PlayerMoveStateTest" />
    </UnitTest>
    <UnitTest name="testGetRand" storage="c:\users\karan\downloads\oknow\trunk\oknow\oknowtest\bin\x86\debug\oknowtest.dll" id="3e6d226b-4bb5-5427-0a53-d601701ece07">
      <Execution id="4d9a8da4-b1f1-456b-a01a-9c063f13bba7" />
      <TestMethod codeBase="C:/Users/Karan/Downloads/oKnow/trunk/OKnow/OKnowTest/bin/x86/Debug/OKnowTest.DLL" adapterTypeName="Microsoft.VisualStudio.TestTools.TestTypes.Unit.UnitTestAdapter, Microsoft.VisualStudio.QualityTools.Tips.UnitTest.Adapter, Version=10.0.0.0, Culture=neutral, PublicKeyToken=b03f5f7f11d50a3a" className="OKnowTest.AnswerTest, OKnowTest, Version=1.0.0.0, Culture=neutral, PublicKeyToken=null" name="testGetRand" />
    </UnitTest>
    <UnitTest name="TestGetRandomQuestion" storage="c:\users\karan\downloads\oknow\trunk\oknow\oknowtest\bin\x86\debug\oknowtest.dll" id="87ab6c4b-2e53-ad24-94d0-e1500744f03c">
      <Execution id="fc7112e6-6cb5-46f8-8c7e-5bfacdc37f54" />
      <TestMethod codeBase="C:/Users/Karan/Downloads/oKnow/trunk/OKnow/OKnowTest/bin/x86/Debug/OKnowTest.DLL" adapterTypeName="Microsoft.VisualStudio.TestTools.TestTypes.Unit.UnitTestAdapter, Microsoft.VisualStudio.QualityTools.Tips.UnitTest.Adapter, Version=10.0.0.0, Culture=neutral, PublicKeyToken=b03f5f7f11d50a3a" className="OKnowTest.QuestionPoolTest, OKnowTest, Version=1.0.0.0, Culture=neutral, PublicKeyToken=null" name="TestGetRandomQuestion" />
    </UnitTest>
    <UnitTest name="QuestionNotifyTimedOutTest" storage="c:\users\karan\downloads\oknow\trunk\oknow\oknowtest\bin\x86\debug\oknowtest.dll" id="8eeca9a8-568d-a203-d287-a4d2eed3e1dd">
      <Execution id="d76c7d99-0a9e-447d-a047-080728ca6787" />
      <TestMethod codeBase="C:/Users/Karan/Downloads/oKnow/trunk/OKnow/OKnowTest/bin/x86/Debug/OKnowTest.DLL" adapterTypeName="Microsoft.VisualStudio.TestTools.TestTypes.Unit.UnitTestAdapter, Microsoft.VisualStudio.QualityTools.Tips.UnitTest.Adapter, Version=10.0.0.0, Culture=neutral, PublicKeyToken=b03f5f7f11d50a3a" className="OKnowTest.AnswerAQuestionTest, OKnowTest, Version=1.0.0.0, Culture=neutral, PublicKeyToken=null" name="QuestionNotifyTimedOutTest" />
    </UnitTest>
    <UnitTest name="TestGetPlayerLeftArrow" storage="c:\users\karan\downloads\oknow\trunk\oknow\oknowtest\bin\x86\debug\oknowtest.dll" id="6e8591df-deb4-d282-0af6-619aaa66e385">
      <Execution id="ef6d60aa-12e1-4f24-ae06-7c08edf05a7b" />
      <TestMethod codeBase="C:/Users/Karan/Downloads/oKnow/trunk/OKnow/OKnowTest/bin/x86/Debug/OKnowTest.DLL" adapterTypeName="Microsoft.VisualStudio.TestTools.TestTypes.Unit.UnitTestAdapter, Microsoft.VisualStudio.QualityTools.Tips.UnitTest.Adapter, Version=10.0.0.0, Culture=neutral, PublicKeyToken=b03f5f7f11d50a3a" className="OKnowTest.StartScreenTest, OKnowTest, Version=1.0.0.0, Culture=neutral, PublicKeyToken=null" name="TestGetPlayerLeftArrow" />
    </UnitTest>
    <UnitTest name="GetSetBoardYTest" storage="c:\users\karan\downloads\oknow\trunk\oknow\oknowtest\bin\x86\debug\oknowtest.dll" id="2ee5ec05-43c5-a370-94e2-7ce68113ecd3">
      <Execution id="faeaa33c-c545-45fb-8138-1700c87f2059" />
      <TestMethod codeBase="C:/Users/Karan/Downloads/oKnow/trunk/OKnow/OKnowTest/bin/x86/Debug/OKnowTest.DLL" adapterTypeName="Microsoft.VisualStudio.TestTools.TestTypes.Unit.UnitTestAdapter, Microsoft.VisualStudio.QualityTools.Tips.UnitTest.Adapter, Version=10.0.0.0, Culture=neutral, PublicKeyToken=b03f5f7f11d50a3a" className="OKnowTest.TileTest, OKnowTest, Version=1.0.0.0, Culture=neutral, PublicKeyToken=null" name="GetSetBoardYTest" />
    </UnitTest>
    <UnitTest name="SkipQuestionStateTest" storage="c:\users\karan\downloads\oknow\trunk\oknow\oknowtest\bin\x86\debug\oknowtest.dll" id="a55ea7c9-eabb-9207-ac1a-8e11aa747df4">
      <Execution id="ac138877-8c9e-472a-aa70-70cf2f2cfaba" />
      <TestMethod codeBase="C:/Users/Karan/Downloads/oKnow/trunk/OKnow/OKnowTest/bin/x86/Debug/OKnowTest.DLL" adapterTypeName="Microsoft.VisualStudio.TestTools.TestTypes.Unit.UnitTestAdapter, Microsoft.VisualStudio.QualityTools.Tips.UnitTest.Adapter, Version=10.0.0.0, Culture=neutral, PublicKeyToken=b03f5f7f11d50a3a" className="OKnowTest.SkipAQuestionTest, OKnowTest, Version=1.0.0.0, Culture=neutral, PublicKeyToken=null" name="SkipQuestionStateTest" />
    </UnitTest>
    <UnitTest name="StartGameTest1" storage="c:\users\karan\downloads\oknow\trunk\oknow\oknowtest\bin\x86\debug\oknowtest.dll" id="adf1bbe7-f955-f1aa-c051-332a545e94e4">
      <Execution id="a32da569-0605-4592-8876-7819185cf98d" />
      <TestMethod codeBase="C:/Users/Karan/Downloads/oKnow/trunk/OKnow/OKnowTest/bin/x86/Debug/OKnowTest.DLL" adapterTypeName="Microsoft.VisualStudio.TestTools.TestTypes.Unit.UnitTestAdapter, Microsoft.VisualStudio.QualityTools.Tips.UnitTest.Adapter, Version=10.0.0.0, Culture=neutral, PublicKeyToken=b03f5f7f11d50a3a" className="OKnowTest.Game1Test, OKnowTest, Version=1.0.0.0, Culture=neutral, PublicKeyToken=null" name="StartGameTest1" />
    </UnitTest>
    <UnitTest name="TestDeathTile" storage="c:\users\karan\downloads\oknow\trunk\oknow\oknowtest\bin\x86\debug\oknowtest.dll" id="52f2ba69-e8af-366e-fa05-7e9d58be5419">
      <Execution id="17d269b1-b9fa-4a7d-b21f-222580de5c24" />
      <TestMethod codeBase="C:/Users/Karan/Downloads/oKnow/trunk/OKnow/OKnowTest/bin/x86/Debug/OKnowTest.DLL" adapterTypeName="Microsoft.VisualStudio.TestTools.TestTypes.Unit.UnitTestAdapter, Microsoft.VisualStudio.QualityTools.Tips.UnitTest.Adapter, Version=10.0.0.0, Culture=neutral, PublicKeyToken=b03f5f7f11d50a3a" className="OKnowTest.TileTest, OKnowTest, Version=1.0.0.0, Culture=neutral, PublicKeyToken=null" name="TestDeathTile" />
    </UnitTest>
    <UnitTest name="TestGetCategoryLeftArrow" storage="c:\users\karan\downloads\oknow\trunk\oknow\oknowtest\bin\x86\debug\oknowtest.dll" id="8b47f18f-e666-412b-a735-5bfab2b0ce3a">
      <Execution id="780b3184-ccef-4d1d-801a-63fc1f201eea" />
      <TestMethod codeBase="C:/Users/Karan/Downloads/oKnow/trunk/OKnow/OKnowTest/bin/x86/Debug/OKnowTest.DLL" adapterTypeName="Microsoft.VisualStudio.TestTools.TestTypes.Unit.UnitTestAdapter, Microsoft.VisualStudio.QualityTools.Tips.UnitTest.Adapter, Version=10.0.0.0, Culture=neutral, PublicKeyToken=b03f5f7f11d50a3a" className="OKnowTest.StartScreenTest, OKnowTest, Version=1.0.0.0, Culture=neutral, PublicKeyToken=null" name="TestGetCategoryLeftArrow" />
    </UnitTest>
    <UnitTest name="QuestionNotifyCorrectTest" storage="c:\users\karan\downloads\oknow\trunk\oknow\oknowtest\bin\x86\debug\oknowtest.dll" id="0a8df4b3-fa85-ec9c-d895-b7c85a5e6e45">
      <Execution id="473051b4-3e33-43d4-8eb1-5b483e01070e" />
      <TestMethod codeBase="C:/Users/Karan/Downloads/oKnow/trunk/OKnow/OKnowTest/bin/x86/Debug/OKnowTest.DLL" adapterTypeName="Microsoft.VisualStudio.TestTools.TestTypes.Unit.UnitTestAdapter, Microsoft.VisualStudio.QualityTools.Tips.UnitTest.Adapter, Version=10.0.0.0, Culture=neutral, PublicKeyToken=b03f5f7f11d50a3a" className="OKnowTest.AnswerAQuestionTest, OKnowTest, Version=1.0.0.0, Culture=neutral, PublicKeyToken=null" name="QuestionNotifyCorrectTest" />
    </UnitTest>
    <UnitTest name="TestGetRandomMusicQuestion" storage="c:\users\karan\downloads\oknow\trunk\oknow\oknowtest\bin\x86\debug\oknowtest.dll" id="0177b86e-d5fa-cf5b-7ea6-a50aa23a1f27">
      <Execution id="455c7660-8b9d-4d94-9a29-db58298d5e4c" />
      <TestMethod codeBase="C:/Users/Karan/Downloads/oKnow/trunk/OKnow/OKnowTest/bin/x86/Debug/OKnowTest.DLL" adapterTypeName="Microsoft.VisualStudio.TestTools.TestTypes.Unit.UnitTestAdapter, Microsoft.VisualStudio.QualityTools.Tips.UnitTest.Adapter, Version=10.0.0.0, Culture=neutral, PublicKeyToken=b03f5f7f11d50a3a" className="OKnowTest.QuestionPoolTest, OKnowTest, Version=1.0.0.0, Culture=neutral, PublicKeyToken=null" name="TestGetRandomMusicQuestion" />
    </UnitTest>
    <UnitTest name="PlayersTest1" storage="c:\users\karan\downloads\oknow\trunk\oknow\oknowtest\bin\x86\debug\oknowtest.dll" id="b0b5b9af-8fcb-9aa2-b576-ea724fced88f">
      <Execution id="9d5a173a-367d-442e-8b96-16489610fbfa" />
      <TestMethod codeBase="C:/Users/Karan/Downloads/oKnow/trunk/OKnow/OKnowTest/bin/x86/Debug/OKnowTest.DLL" adapterTypeName="Microsoft.VisualStudio.TestTools.TestTypes.Unit.UnitTestAdapter, Microsoft.VisualStudio.QualityTools.Tips.UnitTest.Adapter, Version=10.0.0.0, Culture=neutral, PublicKeyToken=b03f5f7f11d50a3a" className="OKnowTest.GameBoardTest, OKnowTest, Version=1.0.0.0, Culture=neutral, PublicKeyToken=null" name="PlayersTest1" />
    </UnitTest>
    <UnitTest name="TestGetCurrentNumPlayers6" storage="c:\users\karan\downloads\oknow\trunk\oknow\oknowtest\bin\x86\debug\oknowtest.dll" id="4b07ec87-2578-4a11-af32-e14de6fedfb0">
      <Execution id="89c4c484-29f5-4f78-97dc-91b849d9049b" />
      <TestMethod codeBase="C:/Users/Karan/Downloads/oKnow/trunk/OKnow/OKnowTest/bin/x86/Debug/OKnowTest.DLL" adapterTypeName="Microsoft.VisualStudio.TestTools.TestTypes.Unit.UnitTestAdapter, Microsoft.VisualStudio.QualityTools.Tips.UnitTest.Adapter, Version=10.0.0.0, Culture=neutral, PublicKeyToken=b03f5f7f11d50a3a" className="OKnowTest.StartScreenTest, OKnowTest, Version=1.0.0.0, Culture=neutral, PublicKeyToken=null" name="TestGetCurrentNumPlayers6" />
    </UnitTest>
    <UnitTest name="TestGetCurrentNumPlayers3" storage="c:\users\karan\downloads\oknow\trunk\oknow\oknowtest\bin\x86\debug\oknowtest.dll" id="b0f5a7d2-2c31-4fb3-e775-c49bc4094186">
      <Execution id="cd632bb0-33de-4d2e-8d1e-37b609024a28" />
      <TestMethod codeBase="C:/Users/Karan/Downloads/oKnow/trunk/OKnow/OKnowTest/bin/x86/Debug/OKnowTest.DLL" adapterTypeName="Microsoft.VisualStudio.TestTools.TestTypes.Unit.UnitTestAdapter, Microsoft.VisualStudio.QualityTools.Tips.UnitTest.Adapter, Version=10.0.0.0, Culture=neutral, PublicKeyToken=b03f5f7f11d50a3a" className="OKnowTest.StartScreenTest, OKnowTest, Version=1.0.0.0, Culture=neutral, PublicKeyToken=null" name="TestGetCurrentNumPlayers3" />
    </UnitTest>
    <UnitTest name="TileConstructorTest" storage="c:\users\karan\downloads\oknow\trunk\oknow\oknowtest\bin\x86\debug\oknowtest.dll" id="93e1a339-56ec-6a9a-cc36-ee3412430608">
      <Execution id="88e75112-d0a9-40dc-ad96-8e5a8644ffc0" />
      <TestMethod codeBase="C:/Users/Karan/Downloads/oKnow/trunk/OKnow/OKnowTest/bin/x86/Debug/OKnowTest.DLL" adapterTypeName="Microsoft.VisualStudio.TestTools.TestTypes.Unit.UnitTestAdapter, Microsoft.VisualStudio.QualityTools.Tips.UnitTest.Adapter, Version=10.0.0.0, Culture=neutral, PublicKeyToken=b03f5f7f11d50a3a" className="OKnowTest.PlayerTest, OKnowTest, Version=1.0.0.0, Culture=neutral, PublicKeyToken=null" name="TileConstructorTest" />
    </UnitTest>
    <UnitTest name="TileConstructorTest" storage="c:\users\karan\downloads\oknow\trunk\oknow\oknowtest\bin\x86\debug\oknowtest.dll" id="77e10824-1cca-c689-50b2-ed0e80430907">
      <Execution id="6448d1c8-b8e6-40fb-824c-284818573bbd" />
      <TestMethod codeBase="C:/Users/Karan/Downloads/oKnow/trunk/OKnow/OKnowTest/bin/x86/Debug/OKnowTest.DLL" adapterTypeName="Microsoft.VisualStudio.TestTools.TestTypes.Unit.UnitTestAdapter, Microsoft.VisualStudio.QualityTools.Tips.UnitTest.Adapter, Version=10.0.0.0, Culture=neutral, PublicKeyToken=b03f5f7f11d50a3a" className="OKnowTest.TileTest, OKnowTest, Version=1.0.0.0, Culture=neutral, PublicKeyToken=null" name="TileConstructorTest" />
    </UnitTest>
    <UnitTest name="TestGetPlayerRightArrow" storage="c:\users\karan\downloads\oknow\trunk\oknow\oknowtest\bin\x86\debug\oknowtest.dll" id="a79333a3-8ea6-ed08-051b-027eb9dd9698">
      <Execution id="241b6175-a003-4e26-9cb6-cb3361ccf70f" />
      <TestMethod codeBase="C:/Users/Karan/Downloads/oKnow/trunk/OKnow/OKnowTest/bin/x86/Debug/OKnowTest.DLL" adapterTypeName="Microsoft.VisualStudio.TestTools.TestTypes.Unit.UnitTestAdapter, Microsoft.VisualStudio.QualityTools.Tips.UnitTest.Adapter, Version=10.0.0.0, Culture=neutral, PublicKeyToken=b03f5f7f11d50a3a" className="OKnowTest.StartScreenTest, OKnowTest, Version=1.0.0.0, Culture=neutral, PublicKeyToken=null" name="TestGetPlayerRightArrow" />
    </UnitTest>
    <UnitTest name="TestGetCategoryRightArrow" storage="c:\users\karan\downloads\oknow\trunk\oknow\oknowtest\bin\x86\debug\oknowtest.dll" id="473b89bc-222a-2c17-813d-ba23ee064ccf">
      <Execution id="63241e81-0301-4617-bfa4-30a7aefcd32e" />
      <TestMethod codeBase="C:/Users/Karan/Downloads/oKnow/trunk/OKnow/OKnowTest/bin/x86/Debug/OKnowTest.DLL" adapterTypeName="Microsoft.VisualStudio.TestTools.TestTypes.Unit.UnitTestAdapter, Microsoft.VisualStudio.QualityTools.Tips.UnitTest.Adapter, Version=10.0.0.0, Culture=neutral, PublicKeyToken=b03f5f7f11d50a3a" className="OKnowTest.StartScreenTest, OKnowTest, Version=1.0.0.0, Culture=neutral, PublicKeyToken=null" name="TestGetCategoryRightArrow" />
    </UnitTest>
    <UnitTest name="TestQuestionType" storage="c:\users\karan\downloads\oknow\trunk\oknow\oknowtest\bin\x86\debug\oknowtest.dll" id="932006bf-cc9a-1649-4dd2-a8c07ced02bd">
      <Execution id="7e4930cc-a538-4914-8dd1-e4247dc5af69" />
      <TestMethod codeBase="C:/Users/Karan/Downloads/oKnow/trunk/OKnow/OKnowTest/bin/x86/Debug/OKnowTest.DLL" adapterTypeName="Microsoft.VisualStudio.TestTools.TestTypes.Unit.UnitTestAdapter, Microsoft.VisualStudio.QualityTools.Tips.UnitTest.Adapter, Version=10.0.0.0, Culture=neutral, PublicKeyToken=b03f5f7f11d50a3a" className="OKnowTest.QuestionTest, OKnowTest, Version=1.0.0.0, Culture=neutral, PublicKeyToken=null" name="TestQuestionType" />
    </UnitTest>
    <UnitTest name="QuestionNotifyTimedTest" storage="c:\users\karan\downloads\oknow\trunk\oknow\oknowtest\bin\x86\debug\oknowtest.dll" id="6ddec735-adc4-4828-1b50-0783b6fe82b2">
      <Execution id="f641768e-6979-4275-9c5e-5ba6d3e9df81" />
      <TestMethod codeBase="C:/Users/Karan/Downloads/oKnow/trunk/OKnow/OKnowTest/bin/x86/Debug/OKnowTest.DLL" adapterTypeName="Microsoft.VisualStudio.TestTools.TestTypes.Unit.UnitTestAdapter, Microsoft.VisualStudio.QualityTools.Tips.UnitTest.Adapter, Version=10.0.0.0, Culture=neutral, PublicKeyToken=b03f5f7f11d50a3a" className="OKnowTest.AnswerAQuestionTest, OKnowTest, Version=1.0.0.0, Culture=neutral, PublicKeyToken=null" name="QuestionNotifyTimedTest" />
    </UnitTest>
    <UnitTest name="TestStandardTile" storage="c:\users\karan\downloads\oknow\trunk\oknow\oknowtest\bin\x86\debug\oknowtest.dll" id="e4ab14aa-1429-271f-5b09-0f8f32eeab9a">
      <Execution id="40a9ea91-dd24-4880-95ad-67712f1f959c" />
      <TestMethod codeBase="C:/Users/Karan/Downloads/oKnow/trunk/OKnow/OKnowTest/bin/x86/Debug/OKnowTest.DLL" adapterTypeName="Microsoft.VisualStudio.TestTools.TestTypes.Unit.UnitTestAdapter, Microsoft.VisualStudio.QualityTools.Tips.UnitTest.Adapter, Version=10.0.0.0, Culture=neutral, PublicKeyToken=b03f5f7f11d50a3a" className="OKnowTest.TileTest, OKnowTest, Version=1.0.0.0, Culture=neutral, PublicKeyToken=null" name="TestStandardTile" />
    </UnitTest>
  </TestDefinitions>
  <TestLists>
    <TestList name="Results Not in a List" id="8c84fa94-04c1-424b-9868-57a2d4851a1d" />
    <TestList name="All Loaded Results" id="19431567-8539-422a-85d7-44ee4e166bda" />
  </TestLists>
  <TestEntries>
    <TestEntry testId="d0ddb7c1-ff4a-b3fe-6f4c-174f7a2fe81e" executionId="39594376-13a7-4101-8b58-3590d77bf690" testListId="8c84fa94-04c1-424b-9868-57a2d4851a1d" />
    <TestEntry testId="f92b1b75-bfbf-8087-5727-33e690da2f7f" executionId="656ff2fd-a8ee-44fb-8c67-61bc6164c43c" testListId="8c84fa94-04c1-424b-9868-57a2d4851a1d" />
    <TestEntry testId="7e5b7cb7-b731-5fcc-3da1-9df84dfa3118" executionId="347096b2-59ff-4262-8bc5-34196e977fec" testListId="8c84fa94-04c1-424b-9868-57a2d4851a1d" />
    <TestEntry testId="87ab6c4b-2e53-ad24-94d0-e1500744f03c" executionId="fc7112e6-6cb5-46f8-8c7e-5bfacdc37f54" testListId="8c84fa94-04c1-424b-9868-57a2d4851a1d" />
    <TestEntry testId="0177b86e-d5fa-cf5b-7ea6-a50aa23a1f27" executionId="455c7660-8b9d-4d94-9a29-db58298d5e4c" testListId="8c84fa94-04c1-424b-9868-57a2d4851a1d" />
    <TestEntry testId="604165a1-c7e2-e583-c8fc-41ba1842763f" executionId="559af469-dee7-4144-8ba6-56f64e1e3356" testListId="8c84fa94-04c1-424b-9868-57a2d4851a1d" />
    <TestEntry testId="35fdcf18-0be3-5a33-49ea-9deec449ce72" executionId="291a93ed-590b-40b7-babc-7ee5831ccbfc" testListId="8c84fa94-04c1-424b-9868-57a2d4851a1d" />
    <TestEntry testId="c633b636-e73d-6a16-4a3c-3a2d73d1a317" executionId="1ede15e2-7c01-4db0-bbec-b7d1fb744a2c" testListId="8c84fa94-04c1-424b-9868-57a2d4851a1d" />
    <TestEntry testId="a9a9f0f1-8a6b-9673-3b72-bfc82b22d458" executionId="d399b124-8fa8-4d02-9c7f-2dad67cc7609" testListId="8c84fa94-04c1-424b-9868-57a2d4851a1d" />
    <TestEntry testId="3e6d226b-4bb5-5427-0a53-d601701ece07" executionId="4d9a8da4-b1f1-456b-a01a-9c063f13bba7" testListId="8c84fa94-04c1-424b-9868-57a2d4851a1d" />
    <TestEntry testId="957b084a-82f1-c373-da0f-c9ece73ff22b" executionId="ba9f68bb-49f5-460b-8941-91547f6e3063" testListId="8c84fa94-04c1-424b-9868-57a2d4851a1d" />
    <TestEntry testId="a99a0acb-4556-0740-9f3d-fecb7b1ed1f8" executionId="9be17b42-986f-4ed0-b95c-77aaab16ec1f" testListId="8c84fa94-04c1-424b-9868-57a2d4851a1d" />
    <TestEntry testId="b0f5a7d2-2c31-4fb3-e775-c49bc4094186" executionId="cd632bb0-33de-4d2e-8d1e-37b609024a28" testListId="8c84fa94-04c1-424b-9868-57a2d4851a1d" />
    <TestEntry testId="47b57d83-2c08-99b9-f3b1-14d4cde9b1e8" executionId="05714873-529e-488c-a803-95a4d4aa5e7e" testListId="8c84fa94-04c1-424b-9868-57a2d4851a1d" />
    <TestEntry testId="7da4a519-5129-89a7-3d39-c6df56ad0742" executionId="a283bbee-f464-49c7-acd4-b863b5281f91" testListId="8c84fa94-04c1-424b-9868-57a2d4851a1d" />
    <TestEntry testId="4b07ec87-2578-4a11-af32-e14de6fedfb0" executionId="89c4c484-29f5-4f78-97dc-91b849d9049b" testListId="8c84fa94-04c1-424b-9868-57a2d4851a1d" />
    <TestEntry testId="95dc6df8-8c3b-3ec0-6d0e-d91ca1187ea8" executionId="02fce334-ec04-4eaf-b8f8-5270cf8956f1" testListId="8c84fa94-04c1-424b-9868-57a2d4851a1d" />
    <TestEntry testId="6e8591df-deb4-d282-0af6-619aaa66e385" executionId="ef6d60aa-12e1-4f24-ae06-7c08edf05a7b" testListId="8c84fa94-04c1-424b-9868-57a2d4851a1d" />
    <TestEntry testId="a79333a3-8ea6-ed08-051b-027eb9dd9698" executionId="241b6175-a003-4e26-9cb6-cb3361ccf70f" testListId="8c84fa94-04c1-424b-9868-57a2d4851a1d" />
    <TestEntry testId="8b47f18f-e666-412b-a735-5bfab2b0ce3a" executionId="780b3184-ccef-4d1d-801a-63fc1f201eea" testListId="8c84fa94-04c1-424b-9868-57a2d4851a1d" />
    <TestEntry testId="473b89bc-222a-2c17-813d-ba23ee064ccf" executionId="63241e81-0301-4617-bfa4-30a7aefcd32e" testListId="8c84fa94-04c1-424b-9868-57a2d4851a1d" />
    <TestEntry testId="adf1bbe7-f955-f1aa-c051-332a545e94e4" executionId="a32da569-0605-4592-8876-7819185cf98d" testListId="8c84fa94-04c1-424b-9868-57a2d4851a1d" />
    <TestEntry testId="8e77a49e-1ebb-33d0-321e-b1c7c45a8fa3" executionId="cd46a980-6585-4db0-9a82-1899b7ea24ad" testListId="8c84fa94-04c1-424b-9868-57a2d4851a1d" />
    <TestEntry testId="932006bf-cc9a-1649-4dd2-a8c07ced02bd" executionId="7e4930cc-a538-4914-8dd1-e4247dc5af69" testListId="8c84fa94-04c1-424b-9868-57a2d4851a1d" />
    <TestEntry testId="c5f604eb-bb73-2ed4-4b97-3223456ec415" executionId="a65c4bc3-a0e8-43db-82b5-7d4cbd8667bc" testListId="8c84fa94-04c1-424b-9868-57a2d4851a1d" />
    <TestEntry testId="0a8df4b3-fa85-ec9c-d895-b7c85a5e6e45" executionId="473051b4-3e33-43d4-8eb1-5b483e01070e" testListId="8c84fa94-04c1-424b-9868-57a2d4851a1d" />
    <TestEntry testId="25d0a51a-60b0-76e9-f661-66ae7f35161c" executionId="b7739d17-1663-428b-a5bd-5b27b2708a16" testListId="8c84fa94-04c1-424b-9868-57a2d4851a1d" />
    <TestEntry testId="6ddec735-adc4-4828-1b50-0783b6fe82b2" executionId="f641768e-6979-4275-9c5e-5ba6d3e9df81" testListId="8c84fa94-04c1-424b-9868-57a2d4851a1d" />
    <TestEntry testId="8eeca9a8-568d-a203-d287-a4d2eed3e1dd" executionId="d76c7d99-0a9e-447d-a047-080728ca6787" testListId="8c84fa94-04c1-424b-9868-57a2d4851a1d" />
    <TestEntry testId="b0b5b9af-8fcb-9aa2-b576-ea724fced88f" executionId="9d5a173a-367d-442e-8b96-16489610fbfa" testListId="8c84fa94-04c1-424b-9868-57a2d4851a1d" />
    <TestEntry testId="e0382ce5-6740-35b3-fff5-be32133f4b54" executionId="605b9ce2-0749-493e-bc37-dadf511faac3" testListId="8c84fa94-04c1-424b-9868-57a2d4851a1d" />
    <TestEntry testId="a55ea7c9-eabb-9207-ac1a-8e11aa747df4" executionId="ac138877-8c9e-472a-aa70-70cf2f2cfaba" testListId="8c84fa94-04c1-424b-9868-57a2d4851a1d" />
    <TestEntry testId="77e10824-1cca-c689-50b2-ed0e80430907" executionId="6448d1c8-b8e6-40fb-824c-284818573bbd" testListId="8c84fa94-04c1-424b-9868-57a2d4851a1d" />
    <TestEntry testId="42431ad3-b2fa-3a89-f07f-b02ce47f85e3" executionId="1d30f897-8625-4bf8-a104-cfbde9f5792e" testListId="8c84fa94-04c1-424b-9868-57a2d4851a1d" />
    <TestEntry testId="2ee5ec05-43c5-a370-94e2-7ce68113ecd3" executionId="faeaa33c-c545-45fb-8138-1700c87f2059" testListId="8c84fa94-04c1-424b-9868-57a2d4851a1d" />
    <TestEntry testId="72f264a5-7de2-336c-60e6-b904b0cc1eea" executionId="7f18ada9-e426-46ca-aa92-6096750ae483" testListId="8c84fa94-04c1-424b-9868-57a2d4851a1d" />
    <TestEntry testId="e4ab14aa-1429-271f-5b09-0f8f32eeab9a" executionId="40a9ea91-dd24-4880-95ad-67712f1f959c" testListId="8c84fa94-04c1-424b-9868-57a2d4851a1d" />
    <TestEntry testId="3a6c85dc-ff2e-cb74-a68e-e4c4f59a65bd" executionId="0f8d327e-4484-46b3-a2d2-b69b8888ad41" testListId="8c84fa94-04c1-424b-9868-57a2d4851a1d" />
    <TestEntry testId="fc573d78-4d31-4cef-4a5f-301b8eb35a18" executionId="8af9a9c5-e795-4953-a850-973ebaff69d0" testListId="8c84fa94-04c1-424b-9868-57a2d4851a1d" />
    <TestEntry testId="52f2ba69-e8af-366e-fa05-7e9d58be5419" executionId="17d269b1-b9fa-4a7d-b21f-222580de5c24" testListId="8c84fa94-04c1-424b-9868-57a2d4851a1d" />
    <TestEntry testId="d3f09b35-b610-a3b7-aac9-aa4bbf66fea6" executionId="d5584d99-3591-4e21-b86d-0f5749479d3f" testListId="8c84fa94-04c1-424b-9868-57a2d4851a1d" />
    <TestEntry testId="93e1a339-56ec-6a9a-cc36-ee3412430608" executionId="88e75112-d0a9-40dc-ad96-8e5a8644ffc0" testListId="8c84fa94-04c1-424b-9868-57a2d4851a1d" />
    <TestEntry testId="f0bdd7dd-7cef-1459-6d80-5f06a72cf810" executionId="d4ec3747-c5e6-4158-937d-2304dce57065" testListId="8c84fa94-04c1-424b-9868-57a2d4851a1d" />
    <TestEntry testId="c4cd8056-c9ff-caf6-98af-4ccd1972a29a" executionId="caccc4f3-8dc0-48ef-9bbc-62d614af2984" testListId="8c84fa94-04c1-424b-9868-57a2d4851a1d" />
    <TestEntry testId="d6f0928c-7367-b459-6ff5-32ca0241f57e" executionId="28eef0ad-cff4-4e81-a6b6-171f576d4bfc" testListId="8c84fa94-04c1-424b-9868-57a2d4851a1d" />
    <TestEntry testId="212fceb0-e09b-bfef-a8c4-50fb8b97b08a" executionId="71a8e6e0-33fe-4a1a-9ef5-9f0c8b10a6eb" testListId="8c84fa94-04c1-424b-9868-57a2d4851a1d" />
  </TestEntries>
  <Results>
    <UnitTestResult executionId="39594376-13a7-4101-8b58-3590d77bf690" testId="d0ddb7c1-ff4a-b3fe-6f4c-174f7a2fe81e" testName="TestUpdate" computerName="TW1FTENVY" duration="00:00:00.0582248" startTime="2014-04-07T20:18:42.8526511-05:00" endTime="2014-04-07T20:18:43.4660828-05:00" testType="13cdc9d9-ddb5-4fa4-a97d-d965ccfc6d4b" outcome="Passed" testListId="8c84fa94-04c1-424b-9868-57a2d4851a1d" relativeResultsDirectory="39594376-13a7-4101-8b58-3590d77bf690">
    </UnitTestResult>
    <UnitTestResult executionId="656ff2fd-a8ee-44fb-8c67-61bc6164c43c" testId="f92b1b75-bfbf-8087-5727-33e690da2f7f" testName="TestUpdateEventEquality" computerName="TW1FTENVY" duration="00:00:00.0003228" startTime="2014-04-07T20:18:43.4710872-05:00" endTime="2014-04-07T20:18:43.4761095-05:00" testType="13cdc9d9-ddb5-4fa4-a97d-d965ccfc6d4b" outcome="Passed" testListId="8c84fa94-04c1-424b-9868-57a2d4851a1d" relativeResultsDirectory="656ff2fd-a8ee-44fb-8c67-61bc6164c43c">
    </UnitTestResult>
    <UnitTestResult executionId="347096b2-59ff-4262-8bc5-34196e977fec" testId="7e5b7cb7-b731-5fcc-3da1-9df84dfa3118" testName="TestUpdateEventInequality" computerName="TW1FTENVY" duration="00:00:00.0002831" startTime="2014-04-07T20:18:43.4810934-05:00" endTime="2014-04-07T20:18:43.4840955-05:00" testType="13cdc9d9-ddb5-4fa4-a97d-d965ccfc6d4b" outcome="Passed" testListId="8c84fa94-04c1-424b-9868-57a2d4851a1d" relativeResultsDirectory="347096b2-59ff-4262-8bc5-34196e977fec">
    </UnitTestResult>
    <UnitTestResult executionId="fc7112e6-6cb5-46f8-8c7e-5bfacdc37f54" testId="87ab6c4b-2e53-ad24-94d0-e1500744f03c" testName="TestGetRandomQuestion" computerName="TW1FTENVY" duration="00:00:00.5829157" startTime="2014-04-07T20:18:43.4880996-05:00" endTime="2014-04-07T20:18:44.0745289-05:00" testType="13cdc9d9-ddb5-4fa4-a97d-d965ccfc6d4b" outcome="Passed" testListId="8c84fa94-04c1-424b-9868-57a2d4851a1d" relativeResultsDirectory="fc7112e6-6cb5-46f8-8c7e-5bfacdc37f54">
    </UnitTestResult>
    <UnitTestResult executionId="455c7660-8b9d-4d94-9a29-db58298d5e4c" testId="0177b86e-d5fa-cf5b-7ea6-a50aa23a1f27" testName="TestGetRandomMusicQuestion" computerName="TW1FTENVY" duration="00:00:00.5696580" startTime="2014-04-07T20:18:44.0795324-05:00" endTime="2014-04-07T20:18:44.6519643-05:00" testType="13cdc9d9-ddb5-4fa4-a97d-d965ccfc6d4b" outcome="Passed" testListId="8c84fa94-04c1-424b-9868-57a2d4851a1d" relativeResultsDirectory="455c7660-8b9d-4d94-9a29-db58298d5e4c">
    </UnitTestResult>
    <UnitTestResult executionId="559af469-dee7-4144-8ba6-56f64e1e3356" testId="604165a1-c7e2-e583-c8fc-41ba1842763f" testName="TestGetRandomImageQuestion" computerName="TW1FTENVY" duration="00:00:00.5345038" startTime="2014-04-07T20:18:44.6569563-05:00" endTime="2014-04-07T20:18:45.1943356-05:00" testType="13cdc9d9-ddb5-4fa4-a97d-d965ccfc6d4b" outcome="Passed" testListId="8c84fa94-04c1-424b-9868-57a2d4851a1d" relativeResultsDirectory="559af469-dee7-4144-8ba6-56f64e1e3356">
    </UnitTestResult>
    <UnitTestResult executionId="291a93ed-590b-40b7-babc-7ee5831ccbfc" testId="35fdcf18-0be3-5a33-49ea-9deec449ce72" testName="testInitialize" computerName="TW1FTENVY" duration="00:00:00.0088900" startTime="2014-04-07T20:18:45.2003399-05:00" endTime="2014-04-07T20:18:45.2113463-05:00" testType="13cdc9d9-ddb5-4fa4-a97d-d965ccfc6d4b" outcome="Passed" testListId="8c84fa94-04c1-424b-9868-57a2d4851a1d" relativeResultsDirectory="291a93ed-590b-40b7-babc-7ee5831ccbfc">
    </UnitTestResult>
    <UnitTestResult executionId="1ede15e2-7c01-4db0-bbec-b7d1fb744a2c" testId="c633b636-e73d-6a16-4a3c-3a2d73d1a317" testName="testAnswerChoices" computerName="TW1FTENVY" duration="00:00:00.0078504" startTime="2014-04-07T20:18:45.2173514-05:00" endTime="2014-04-07T20:18:45.2283652-05:00" testType="13cdc9d9-ddb5-4fa4-a97d-d965ccfc6d4b" outcome="Passed" testListId="8c84fa94-04c1-424b-9868-57a2d4851a1d" relativeResultsDirectory="1ede15e2-7c01-4db0-bbec-b7d1fb744a2c">
      <Output>
        <StdOut>Red</StdOut>
      </Output>
    </UnitTestResult>
    <UnitTestResult executionId="d399b124-8fa8-4d02-9c7f-2dad67cc7609" testId="a9a9f0f1-8a6b-9673-3b72-bfc82b22d458" testName="TestCategory" computerName="TW1FTENVY" duration="00:00:00.6532178" startTime="2014-04-07T20:18:45.2323706-05:00" endTime="2014-04-07T20:18:45.8888737-05:00" testType="13cdc9d9-ddb5-4fa4-a97d-d965ccfc6d4b" outcome="Passed" testListId="8c84fa94-04c1-424b-9868-57a2d4851a1d" relativeResultsDirectory="d399b124-8fa8-4d02-9c7f-2dad67cc7609">
    </UnitTestResult>
    <UnitTestResult executionId="4d9a8da4-b1f1-456b-a01a-9c063f13bba7" testId="3e6d226b-4bb5-5427-0a53-d601701ece07" testName="testGetRand" computerName="TW1FTENVY" duration="00:00:00.6593598" startTime="2014-04-07T20:18:45.8928765-05:00" endTime="2014-04-07T20:18:46.5553735-05:00" testType="13cdc9d9-ddb5-4fa4-a97d-d965ccfc6d4b" outcome="Passed" testListId="8c84fa94-04c1-424b-9868-57a2d4851a1d" relativeResultsDirectory="4d9a8da4-b1f1-456b-a01a-9c063f13bba7">
    </UnitTestResult>
    <UnitTestResult executionId="ba9f68bb-49f5-460b-8941-91547f6e3063" testId="957b084a-82f1-c373-da0f-c9ece73ff22b" testName="TestGetCurrentNumPlayers1" computerName="TW1FTENVY" duration="00:00:00.0018919" startTime="2014-04-07T20:18:46.5593768-05:00" endTime="2014-04-07T20:18:46.5643799-05:00" testType="13cdc9d9-ddb5-4fa4-a97d-d965ccfc6d4b" outcome="Passed" testListId="8c84fa94-04c1-424b-9868-57a2d4851a1d" relativeResultsDirectory="ba9f68bb-49f5-460b-8941-91547f6e3063">
    </UnitTestResult>
    <UnitTestResult executionId="9be17b42-986f-4ed0-b95c-77aaab16ec1f" testId="a99a0acb-4556-0740-9f3d-fecb7b1ed1f8" testName="TestGetCurrentNumPlayers2" computerName="TW1FTENVY" duration="00:00:00.0003827" startTime="2014-04-07T20:18:46.5683823-05:00" endTime="2014-04-07T20:18:46.5733888-05:00" testType="13cdc9d9-ddb5-4fa4-a97d-d965ccfc6d4b" outcome="Passed" testListId="8c84fa94-04c1-424b-9868-57a2d4851a1d" relativeResultsDirectory="9be17b42-986f-4ed0-b95c-77aaab16ec1f">
    </UnitTestResult>
    <UnitTestResult executionId="cd632bb0-33de-4d2e-8d1e-37b609024a28" testId="b0f5a7d2-2c31-4fb3-e775-c49bc4094186" testName="TestGetCurrentNumPlayers3" computerName="TW1FTENVY" duration="00:00:00.0001950" startTime="2014-04-07T20:18:46.6044085-05:00" endTime="2014-04-07T20:18:46.6074119-05:00" testType="13cdc9d9-ddb5-4fa4-a97d-d965ccfc6d4b" outcome="Passed" testListId="8c84fa94-04c1-424b-9868-57a2d4851a1d" relativeResultsDirectory="cd632bb0-33de-4d2e-8d1e-37b609024a28">
    </UnitTestResult>
    <UnitTestResult executionId="05714873-529e-488c-a803-95a4d4aa5e7e" testId="47b57d83-2c08-99b9-f3b1-14d4cde9b1e8" testName="TestGetCurrentNumPlayers4" computerName="TW1FTENVY" duration="00:00:00.0001817" startTime="2014-04-07T20:18:46.6134140-05:00" endTime="2014-04-07T20:18:46.6164294-05:00" testType="13cdc9d9-ddb5-4fa4-a97d-d965ccfc6d4b" outcome="Passed" testListId="8c84fa94-04c1-424b-9868-57a2d4851a1d" relativeResultsDirectory="05714873-529e-488c-a803-95a4d4aa5e7e">
    </UnitTestResult>
    <UnitTestResult executionId="a283bbee-f464-49c7-acd4-b863b5281f91" testId="7da4a519-5129-89a7-3d39-c6df56ad0742" testName="TestGetCurrentNumPlayers5" computerName="TW1FTENVY" duration="00:00:00.0001710" startTime="2014-04-07T20:18:46.6204203-05:00" endTime="2014-04-07T20:18:46.6234314-05:00" testType="13cdc9d9-ddb5-4fa4-a97d-d965ccfc6d4b" outcome="Passed" testListId="8c84fa94-04c1-424b-9868-57a2d4851a1d" relativeResultsDirectory="a283bbee-f464-49c7-acd4-b863b5281f91">
    </UnitTestResult>
    <UnitTestResult executionId="89c4c484-29f5-4f78-97dc-91b849d9049b" testId="4b07ec87-2578-4a11-af32-e14de6fedfb0" testName="TestGetCurrentNumPlayers6" computerName="TW1FTENVY" duration="00:00:00.0001873" startTime="2014-04-07T20:18:46.6274252-05:00" endTime="2014-04-07T20:18:46.6304371-05:00" testType="13cdc9d9-ddb5-4fa4-a97d-d965ccfc6d4b" outcome="Passed" testListId="8c84fa94-04c1-424b-9868-57a2d4851a1d" relativeResultsDirectory="89c4c484-29f5-4f78-97dc-91b849d9049b">
    </UnitTestResult>
    <UnitTestResult executionId="02fce334-ec04-4eaf-b8f8-5270cf8956f1" testId="95dc6df8-8c3b-3ec0-6d0e-d91ca1187ea8" testName="TestGetCurrentCategory" computerName="TW1FTENVY" duration="00:00:00.0002839" startTime="2014-04-07T20:18:46.6344297-05:00" endTime="2014-04-07T20:18:46.6364307-05:00" testType="13cdc9d9-ddb5-4fa4-a97d-d965ccfc6d4b" outcome="Passed" testListId="8c84fa94-04c1-424b-9868-57a2d4851a1d" relativeResultsDirectory="02fce334-ec04-4eaf-b8f8-5270cf8956f1">
    </UnitTestResult>
    <UnitTestResult executionId="ef6d60aa-12e1-4f24-ae06-7c08edf05a7b" testId="6e8591df-deb4-d282-0af6-619aaa66e385" testName="TestGetPlayerLeftArrow" computerName="TW1FTENVY" duration="00:00:00.0002403" startTime="2014-04-07T20:18:46.6404339-05:00" endTime="2014-04-07T20:18:46.6434361-05:00" testType="13cdc9d9-ddb5-4fa4-a97d-d965ccfc6d4b" outcome="Passed" testListId="8c84fa94-04c1-424b-9868-57a2d4851a1d" relativeResultsDirectory="ef6d60aa-12e1-4f24-ae06-7c08edf05a7b">
    </UnitTestResult>
    <UnitTestResult executionId="241b6175-a003-4e26-9cb6-cb3361ccf70f" testId="a79333a3-8ea6-ed08-051b-027eb9dd9698" testName="TestGetPlayerRightArrow" computerName="TW1FTENVY" duration="00:00:00.0002313" startTime="2014-04-07T20:18:46.6474385-05:00" endTime="2014-04-07T20:18:46.6504406-05:00" testType="13cdc9d9-ddb5-4fa4-a97d-d965ccfc6d4b" outcome="Passed" testListId="8c84fa94-04c1-424b-9868-57a2d4851a1d" relativeResultsDirectory="241b6175-a003-4e26-9cb6-cb3361ccf70f">
    </UnitTestResult>
    <UnitTestResult executionId="780b3184-ccef-4d1d-801a-63fc1f201eea" testId="8b47f18f-e666-412b-a735-5bfab2b0ce3a" testName="TestGetCategoryLeftArrow" computerName="TW1FTENVY" duration="00:00:00.0002373" startTime="2014-04-07T20:18:46.6544425-05:00" endTime="2014-04-07T20:18:46.6564448-05:00" testType="13cdc9d9-ddb5-4fa4-a97d-d965ccfc6d4b" outcome="Passed" testListId="8c84fa94-04c1-424b-9868-57a2d4851a1d" relativeResultsDirectory="780b3184-ccef-4d1d-801a-63fc1f201eea">
    </UnitTestResult>
    <UnitTestResult executionId="63241e81-0301-4617-bfa4-30a7aefcd32e" testId="473b89bc-222a-2c17-813d-ba23ee064ccf" testName="TestGetCategoryRightArrow" computerName="TW1FTENVY" duration="00:00:00.0002275" startTime="2014-04-07T20:18:46.6614488-05:00" endTime="2014-04-07T20:18:46.6644500-05:00" testType="13cdc9d9-ddb5-4fa4-a97d-d965ccfc6d4b" outcome="Passed" testListId="8c84fa94-04c1-424b-9868-57a2d4851a1d" relativeResultsDirectory="63241e81-0301-4617-bfa4-30a7aefcd32e">
    </UnitTestResult>
    <UnitTestResult executionId="a32da569-0605-4592-8876-7819185cf98d" testId="adf1bbe7-f955-f1aa-c051-332a545e94e4" testName="StartGameTest1" computerName="TW1FTENVY" duration="00:00:00.8883259" startTime="2014-04-07T20:18:46.6684537-05:00" endTime="2014-04-07T20:18:47.5600828-05:00" testType="13cdc9d9-ddb5-4fa4-a97d-d965ccfc6d4b" outcome="Passed" testListId="8c84fa94-04c1-424b-9868-57a2d4851a1d" relativeResultsDirectory="a32da569-0605-4592-8876-7819185cf98d">
    </UnitTestResult>
    <UnitTestResult executionId="cd46a980-6585-4db0-9a82-1899b7ea24ad" testId="8e77a49e-1ebb-33d0-321e-b1c7c45a8fa3" testName="StartGameTest2" computerName="TW1FTENVY" duration="00:00:00.7320508" startTime="2014-04-07T20:18:47.5650851-05:00" endTime="2014-04-07T20:18:48.3006204-05:00" testType="13cdc9d9-ddb5-4fa4-a97d-d965ccfc6d4b" outcome="Passed" testListId="8c84fa94-04c1-424b-9868-57a2d4851a1d" relativeResultsDirectory="cd46a980-6585-4db0-9a82-1899b7ea24ad">
    </UnitTestResult>
    <UnitTestResult executionId="7e4930cc-a538-4914-8dd1-e4247dc5af69" testId="932006bf-cc9a-1649-4dd2-a8c07ced02bd" testName="TestQuestionType" computerName="TW1FTENVY" duration="00:00:00.0142168" startTime="2014-04-07T20:18:48.3056248-05:00" endTime="2014-04-07T20:18:48.3236371-05:00" testType="13cdc9d9-ddb5-4fa4-a97d-d965ccfc6d4b" outcome="Passed" testListId="8c84fa94-04c1-424b-9868-57a2d4851a1d" relativeResultsDirectory="7e4930cc-a538-4914-8dd1-e4247dc5af69">
    </UnitTestResult>
    <UnitTestResult executionId="a65c4bc3-a0e8-43db-82b5-7d4cbd8667bc" testId="c5f604eb-bb73-2ed4-4b97-3223456ec415" testName="PlayerMoveStateTest" computerName="TW1FTENVY" duration="00:00:00.8306587" startTime="2014-04-07T20:18:48.3276394-05:00" endTime="2014-04-07T20:18:49.1612666-05:00" testType="13cdc9d9-ddb5-4fa4-a97d-d965ccfc6d4b" outcome="Passed" testListId="8c84fa94-04c1-424b-9868-57a2d4851a1d" relativeResultsDirectory="a65c4bc3-a0e8-43db-82b5-7d4cbd8667bc">
    </UnitTestResult>
    <UnitTestResult executionId="473051b4-3e33-43d4-8eb1-5b483e01070e" testId="0a8df4b3-fa85-ec9c-d895-b7c85a5e6e45" testName="QuestionNotifyCorrectTest" computerName="TW1FTENVY" duration="00:00:00.6528004" startTime="2014-04-07T20:18:49.1672584-05:00" endTime="2014-04-07T20:18:49.8237564-05:00" testType="13cdc9d9-ddb5-4fa4-a97d-d965ccfc6d4b" outcome="Passed" testListId="8c84fa94-04c1-424b-9868-57a2d4851a1d" relativeResultsDirectory="473051b4-3e33-43d4-8eb1-5b483e01070e">
    </UnitTestResult>
    <UnitTestResult executionId="b7739d17-1663-428b-a5bd-5b27b2708a16" testId="25d0a51a-60b0-76e9-f661-66ae7f35161c" testName="QuestionNotifyIncorrectTest" computerName="TW1FTENVY" duration="00:00:00.6855132" startTime="2014-04-07T20:18:49.8277600-05:00" endTime="2014-04-07T20:18:50.5163285-05:00" testType="13cdc9d9-ddb5-4fa4-a97d-d965ccfc6d4b" outcome="Passed" testListId="8c84fa94-04c1-424b-9868-57a2d4851a1d" relativeResultsDirectory="b7739d17-1663-428b-a5bd-5b27b2708a16">
    </UnitTestResult>
    <UnitTestResult executionId="f641768e-6979-4275-9c5e-5ba6d3e9df81" testId="6ddec735-adc4-4828-1b50-0783b6fe82b2" testName="QuestionNotifyTimedTest" computerName="TW1FTENVY" duration="00:00:00.8143464" startTime="2014-04-07T20:18:50.5203317-05:00" endTime="2014-04-07T20:18:51.3379642-05:00" testType="13cdc9d9-ddb5-4fa4-a97d-d965ccfc6d4b" outcome="Passed" testListId="8c84fa94-04c1-424b-9868-57a2d4851a1d" relativeResultsDirectory="f641768e-6979-4275-9c5e-5ba6d3e9df81">
    </UnitTestResult>
    <UnitTestResult executionId="d76c7d99-0a9e-447d-a047-080728ca6787" testId="8eeca9a8-568d-a203-d287-a4d2eed3e1dd" testName="QuestionNotifyTimedOutTest" computerName="TW1FTENVY" duration="00:00:00.7709786" startTime="2014-04-07T20:18:51.3419662-05:00" endTime="2014-04-07T20:18:52.1165509-05:00" testType="13cdc9d9-ddb5-4fa4-a97d-d965ccfc6d4b" outcome="Passed" testListId="8c84fa94-04c1-424b-9868-57a2d4851a1d" relativeResultsDirectory="d76c7d99-0a9e-447d-a047-080728ca6787">
    </UnitTestResult>
    <UnitTestResult executionId="9d5a173a-367d-442e-8b96-16489610fbfa" testId="b0b5b9af-8fcb-9aa2-b576-ea724fced88f" testName="PlayersTest1" computerName="TW1FTENVY" duration="00:00:00.6885320" startTime="2014-04-07T20:18:52.1327815-05:00" endTime="2014-04-07T20:18:52.8243405-05:00" testType="13cdc9d9-ddb5-4fa4-a97d-d965ccfc6d4b" outcome="Passed" testListId="8c84fa94-04c1-424b-9868-57a2d4851a1d" relativeResultsDirectory="9d5a173a-367d-442e-8b96-16489610fbfa">
    </UnitTestResult>
    <UnitTestResult executionId="605b9ce2-0749-493e-bc37-dadf511faac3" testId="e0382ce5-6740-35b3-fff5-be32133f4b54" testName="PlayersTest2" computerName="TW1FTENVY" duration="00:00:00.6873098" startTime="2014-04-07T20:18:52.8293441-05:00" endTime="2014-04-07T20:18:53.5198904-05:00" testType="13cdc9d9-ddb5-4fa4-a97d-d965ccfc6d4b" outcome="Passed" testListId="8c84fa94-04c1-424b-9868-57a2d4851a1d" relativeResultsDirectory="605b9ce2-0749-493e-bc37-dadf511faac3">
    </UnitTestResult>
    <UnitTestResult executionId="ac138877-8c9e-472a-aa70-70cf2f2cfaba" testId="a55ea7c9-eabb-9207-ac1a-8e11aa747df4" testName="SkipQuestionStateTest" computerName="TW1FTENVY" duration="00:00:00.9251865" startTime="2014-04-07T20:18:53.5238941-05:00" endTime="2014-04-07T20:18:54.4586096-05:00" testType="13cdc9d9-ddb5-4fa4-a97d-d965ccfc6d4b" outcome="Passed" testListId="8c84fa94-04c1-424b-9868-57a2d4851a1d" relativeResultsDirectory="ac138877-8c9e-472a-aa70-70cf2f2cfaba">
    </UnitTestResult>
    <UnitTestResult executionId="6448d1c8-b8e6-40fb-824c-284818573bbd" testId="77e10824-1cca-c689-50b2-ed0e80430907" testName="TileConstructorTest" computerName="TW1FTENVY" duration="00:00:00.0004409" startTime="2014-04-07T20:18:54.4636135-05:00" endTime="2014-04-07T20:18:54.4676159-05:00" testType="13cdc9d9-ddb5-4fa4-a97d-d965ccfc6d4b" outcome="Passed" testListId="8c84fa94-04c1-424b-9868-57a2d4851a1d" relativeResultsDirectory="6448d1c8-b8e6-40fb-824c-284818573bbd">
    </UnitTestResult>
    <UnitTestResult executionId="1d30f897-8625-4bf8-a104-cfbde9f5792e" testId="42431ad3-b2fa-3a89-f07f-b02ce47f85e3" testName="GetSetBoardXTest" computerName="TW1FTENVY" duration="00:00:00.0075792" startTime="2014-04-07T20:18:54.4726195-05:00" endTime="2014-04-07T20:18:54.4836276-05:00" testType="13cdc9d9-ddb5-4fa4-a97d-d965ccfc6d4b" outcome="Passed" testListId="8c84fa94-04c1-424b-9868-57a2d4851a1d" relativeResultsDirectory="1d30f897-8625-4bf8-a104-cfbde9f5792e">
    </UnitTestResult>
    <UnitTestResult executionId="faeaa33c-c545-45fb-8138-1700c87f2059" testId="2ee5ec05-43c5-a370-94e2-7ce68113ecd3" testName="GetSetBoardYTest" computerName="TW1FTENVY" duration="00:00:00.0081176" startTime="2014-04-07T20:18:54.4886325-05:00" endTime="2014-04-07T20:18:54.4996402-05:00" testType="13cdc9d9-ddb5-4fa4-a97d-d965ccfc6d4b" outcome="Passed" testListId="8c84fa94-04c1-424b-9868-57a2d4851a1d" relativeResultsDirectory="faeaa33c-c545-45fb-8138-1700c87f2059">
    </UnitTestResult>
    <UnitTestResult executionId="7f18ada9-e426-46ca-aa92-6096750ae483" testId="72f264a5-7de2-336c-60e6-b904b0cc1eea" testName="IsAdjacentTest" computerName="TW1FTENVY" duration="00:00:00.0064451" startTime="2014-04-07T20:18:54.5046425-05:00" endTime="2014-04-07T20:18:54.5146499-05:00" testType="13cdc9d9-ddb5-4fa4-a97d-d965ccfc6d4b" outcome="Passed" testListId="8c84fa94-04c1-424b-9868-57a2d4851a1d" relativeResultsDirectory="7f18ada9-e426-46ca-aa92-6096750ae483">
    </UnitTestResult>
    <UnitTestResult executionId="40a9ea91-dd24-4880-95ad-67712f1f959c" testId="e4ab14aa-1429-271f-5b09-0f8f32eeab9a" testName="TestStandardTile" computerName="TW1FTENVY" duration="00:00:00.0064934" startTime="2014-04-07T20:18:54.5186523-05:00" endTime="2014-04-07T20:18:54.5276595-05:00" testType="13cdc9d9-ddb5-4fa4-a97d-d965ccfc6d4b" outcome="Passed" testListId="8c84fa94-04c1-424b-9868-57a2d4851a1d" relativeResultsDirectory="40a9ea91-dd24-4880-95ad-67712f1f959c">
    </UnitTestResult>
    <UnitTestResult executionId="0f8d327e-4484-46b3-a2d2-b69b8888ad41" testId="3a6c85dc-ff2e-cb74-a68e-e4c4f59a65bd" testName="TestMusicTile" computerName="TW1FTENVY" duration="00:00:00.0062129" startTime="2014-04-07T20:18:54.5316611-05:00" endTime="2014-04-07T20:18:54.5406687-05:00" testType="13cdc9d9-ddb5-4fa4-a97d-d965ccfc6d4b" outcome="Passed" testListId="8c84fa94-04c1-424b-9868-57a2d4851a1d" relativeResultsDirectory="0f8d327e-4484-46b3-a2d2-b69b8888ad41">
    </UnitTestResult>
    <UnitTestResult executionId="8af9a9c5-e795-4953-a850-973ebaff69d0" testId="fc573d78-4d31-4cef-4a5f-301b8eb35a18" testName="TestImageTile" computerName="TW1FTENVY" duration="00:00:00.0002305" startTime="2014-04-07T20:18:54.5446711-05:00" endTime="2014-04-07T20:18:54.5476732-05:00" testType="13cdc9d9-ddb5-4fa4-a97d-d965ccfc6d4b" outcome="Passed" testListId="8c84fa94-04c1-424b-9868-57a2d4851a1d" relativeResultsDirectory="8af9a9c5-e795-4953-a850-973ebaff69d0">
    </UnitTestResult>
    <UnitTestResult executionId="17d269b1-b9fa-4a7d-b21f-222580de5c24" testId="52f2ba69-e8af-366e-fa05-7e9d58be5419" testName="TestDeathTile" computerName="TW1FTENVY" duration="00:00:00.0060871" startTime="2014-04-07T20:18:54.5516761-05:00" endTime="2014-04-07T20:18:54.5606824-05:00" testType="13cdc9d9-ddb5-4fa4-a97d-d965ccfc6d4b" outcome="Passed" testListId="8c84fa94-04c1-424b-9868-57a2d4851a1d" relativeResultsDirectory="17d269b1-b9fa-4a7d-b21f-222580de5c24">
    </UnitTestResult>
    <UnitTestResult executionId="d5584d99-3591-4e21-b86d-0f5749479d3f" testId="d3f09b35-b610-a3b7-aac9-aa4bbf66fea6" testName="TestJokerTile" computerName="TW1FTENVY" duration="00:00:00.0073829" startTime="2014-04-07T20:18:54.5646844-05:00" endTime="2014-04-07T20:18:54.5756934-05:00" testType="13cdc9d9-ddb5-4fa4-a97d-d965ccfc6d4b" outcome="Passed" testListId="8c84fa94-04c1-424b-9868-57a2d4851a1d" relativeResultsDirectory="d5584d99-3591-4e21-b86d-0f5749479d3f">
    </UnitTestResult>
    <UnitTestResult executionId="88e75112-d0a9-40dc-ad96-8e5a8644ffc0" testId="93e1a339-56ec-6a9a-cc36-ee3412430608" testName="TileConstructorTest" computerName="TW1FTENVY" duration="00:00:00.0003288" startTime="2014-04-07T20:18:54.5796950-05:00" endTime="2014-04-07T20:18:54.5826979-05:00" testType="13cdc9d9-ddb5-4fa4-a97d-d965ccfc6d4b" outcome="Passed" testListId="8c84fa94-04c1-424b-9868-57a2d4851a1d" relativeResultsDirectory="88e75112-d0a9-40dc-ad96-8e5a8644ffc0">
    </UnitTestResult>
    <UnitTestResult executionId="d4ec3747-c5e6-4158-937d-2304dce57065" testId="f0bdd7dd-7cef-1459-6d80-5f06a72cf810" testName="GetSetPlayerTileTest" computerName="TW1FTENVY" duration="00:00:00.0002848" startTime="2014-04-07T20:18:54.5877010-05:00" endTime="2014-04-07T20:18:54.5917047-05:00" testType="13cdc9d9-ddb5-4fa4-a97d-d965ccfc6d4b" outcome="Passed" testListId="8c84fa94-04c1-424b-9868-57a2d4851a1d" relativeResultsDirectory="d4ec3747-c5e6-4158-937d-2304dce57065">
    </UnitTestResult>
    <UnitTestResult executionId="caccc4f3-8dc0-48ef-9bbc-62d614af2984" testId="c4cd8056-c9ff-caf6-98af-4ccd1972a29a" testName="GetSetPlayerNameTest" computerName="TW1FTENVY" duration="00:00:00.0004075" startTime="2014-04-07T20:18:54.5967074-05:00" endTime="2014-04-07T20:18:54.6007106-05:00" testType="13cdc9d9-ddb5-4fa4-a97d-d965ccfc6d4b" outcome="Passed" testListId="8c84fa94-04c1-424b-9868-57a2d4851a1d" relativeResultsDirectory="caccc4f3-8dc0-48ef-9bbc-62d614af2984">
    </UnitTestResult>
    <UnitTestResult executionId="28eef0ad-cff4-4e81-a6b6-171f576d4bfc" testId="d6f0928c-7367-b459-6ff5-32ca0241f57e" testName="MultiplePlayerTest" computerName="TW1FTENVY" duration="00:00:00.0092552" startTime="2014-04-07T20:18:54.6057150-05:00" endTime="2014-04-07T20:18:54.6177239-05:00" testType="13cdc9d9-ddb5-4fa4-a97d-d965ccfc6d4b" outcome="Passed" testListId="8c84fa94-04c1-424b-9868-57a2d4851a1d" relativeResultsDirectory="28eef0ad-cff4-4e81-a6b6-171f576d4bfc">
      <Output>
        <StdOut>More then 4 players have been created.</StdOut>
      </Output>
    </UnitTestResult>
    <UnitTestResult executionId="71a8e6e0-33fe-4a1a-9ef5-9f0c8b10a6eb" testId="212fceb0-e09b-bfef-a8c4-50fb8b97b08a" testName="VictoryTest" computerName="TW1FTENVY" duration="00:00:00.7053409" startTime="2014-04-07T20:18:54.6227253-05:00" endTime="2014-04-07T20:18:55.3302379-05:00" testType="13cdc9d9-ddb5-4fa4-a97d-d965ccfc6d4b" outcome="Passed" testListId="8c84fa94-04c1-424b-9868-57a2d4851a1d" relativeResultsDirectory="71a8e6e0-33fe-4a1a-9ef5-9f0c8b10a6eb">
    </UnitTestResult>
  </Results>
</TestRun>