<?xml version="1.0" encoding="UTF-8"?>
<TestRun id="edd16230-6213-42fe-be42-5eea50319691" name="Karan@TW1FTENVY 2014-04-11 12:37:03" runUser="TW1FTENVY\Karan" xmlns="http://microsoft.com/schemas/VisualStudio/TeamTest/2010">
  <TestSettings name="Local" id="cbb3cf31-cc5b-426d-a718-c9b63d5ad07b">
    <Description>These are default test settings for a local test run.</Description>
    <Deployment enabled="false" runDeploymentRoot="Karan_TW1FTENVY 2014-04-11 12_37_03">
      <DeploymentItem filename="C:\Users\Karan\Downloads\oKnow\trunk\OKnow\OKnow\OKnow\bin\x86\Debug\OKnow.exe" />
    </Deployment>
    <Execution>
      <TestTypeSpecific />
      <AgentRule name="Execution Agents">
      </AgentRule>
    </Execution>
  </TestSettings>
  <Times creation="2014-04-11T12:37:03.3773561-05:00" queuing="2014-04-11T12:37:03.9085940-05:00" start="2014-04-11T12:37:03.9554711-05:00" finish="2014-04-11T12:37:42.8263817-05:00" />
  <ResultSummary outcome="Error">
    <Counters total="68" executed="68" passed="67" error="0" failed="0" timeout="0" aborted="1" inconclusive="0" passedButRunAborted="0" notRunnable="0" notExecuted="0" disconnected="0" warning="0" completed="0" inProgress="0" pending="0" />
    <RunInfos>
      <RunInfo computerName="TW1FTENVY" outcome="Error" timestamp="2014-04-11T12:37:42.8263817-05:00">
        <Text>Test host process exited unexpectedly.</Text>
      </RunInfo>
    </RunInfos>
  </ResultSummary>
  <TestDefinitions>
    <UnitTest name="QuestionNotifyTimedTest" storage="c:\users\karan\downloads\oknow\trunk\oknow\oknowtest\bin\debug\oknowtest.dll" id="6ddec735-adc4-4828-1b50-0783b6fe82b2">
      <Execution id="2f35c62a-7a18-4b97-835f-87e0f55b7805" />
      <TestMethod codeBase="C:/Users/Karan/Downloads/oKnow/trunk/OKnow/OKnowTest/bin/Debug/OKnowTest.DLL" adapterTypeName="Microsoft.VisualStudio.TestTools.TestTypes.Unit.UnitTestAdapter, Microsoft.VisualStudio.QualityTools.Tips.UnitTest.Adapter, Version=10.0.0.0, Culture=neutral, PublicKeyToken=b03f5f7f11d50a3a" className="OKnowTest.AnswerAQuestionTest, OKnowTest, Version=1.0.0.0, Culture=neutral, PublicKeyToken=null" name="QuestionNotifyTimedTest" />
    </UnitTest>
    <UnitTest name="QuestionNotifyTimedOutTest" storage="c:\users\karan\downloads\oknow\trunk\oknow\oknowtest\bin\debug\oknowtest.dll" id="8eeca9a8-568d-a203-d287-a4d2eed3e1dd">
      <Execution id="d5dcb4ce-e77e-4a6a-ab58-1fff4fa87d7a" />
      <TestMethod codeBase="C:/Users/Karan/Downloads/oKnow/trunk/OKnow/OKnowTest/bin/Debug/OKnowTest.DLL" adapterTypeName="Microsoft.VisualStudio.TestTools.TestTypes.Unit.UnitTestAdapter, Microsoft.VisualStudio.QualityTools.Tips.UnitTest.Adapter, Version=10.0.0.0, Culture=neutral, PublicKeyToken=b03f5f7f11d50a3a" className="OKnowTest.AnswerAQuestionTest, OKnowTest, Version=1.0.0.0, Culture=neutral, PublicKeyToken=null" name="QuestionNotifyTimedOutTest" />
    </UnitTest>
    <UnitTest name="testAnswerChoices" storage="c:\users\karan\downloads\oknow\trunk\oknow\oknowtest\bin\debug\oknowtest.dll" id="c633b636-e73d-6a16-4a3c-3a2d73d1a317">
      <Execution id="b944a8aa-fb1e-43ff-bc27-4a4e64bf27ea" />
      <TestMethod codeBase="C:/Users/Karan/Downloads/oKnow/trunk/OKnow/OKnowTest/bin/Debug/OKnowTest.DLL" adapterTypeName="Microsoft.VisualStudio.TestTools.TestTypes.Unit.UnitTestAdapter, Microsoft.VisualStudio.QualityTools.Tips.UnitTest.Adapter, Version=10.0.0.0, Culture=neutral, PublicKeyToken=b03f5f7f11d50a3a" className="OKnowTest.AnswerTest, OKnowTest, Version=1.0.0.0, Culture=neutral, PublicKeyToken=null" name="testAnswerChoices" />
    </UnitTest>
    <UnitTest name="TestGetBoardSize2" storage="c:\users\karan\downloads\oknow\trunk\oknow\oknowtest\bin\debug\oknowtest.dll" id="4bf3049e-1b64-3ff0-dd36-17e394b3355e">
      <Execution id="63848b68-73da-4570-a1ad-6654fa333bbc" />
      <TestMethod codeBase="C:/Users/Karan/Downloads/oKnow/trunk/OKnow/OKnowTest/bin/Debug/OKnowTest.DLL" adapterTypeName="Microsoft.VisualStudio.TestTools.TestTypes.Unit.UnitTestAdapter, Microsoft.VisualStudio.QualityTools.Tips.UnitTest.Adapter, Version=10.0.0.0, Culture=neutral, PublicKeyToken=b03f5f7f11d50a3a" className="OKnowTest.StartScreenTest, OKnowTest, Version=1.0.0.0, Culture=neutral, PublicKeyToken=null" name="TestGetBoardSize2" />
    </UnitTest>
    <UnitTest name="QuestionNotifyCorrectTest" storage="c:\users\karan\downloads\oknow\trunk\oknow\oknowtest\bin\debug\oknowtest.dll" id="0a8df4b3-fa85-ec9c-d895-b7c85a5e6e45">
      <Execution id="77851df9-3fef-4b60-8d87-276f09be716f" />
      <TestMethod codeBase="C:/Users/Karan/Downloads/oKnow/trunk/OKnow/OKnowTest/bin/Debug/OKnowTest.DLL" adapterTypeName="Microsoft.VisualStudio.TestTools.TestTypes.Unit.UnitTestAdapter, Microsoft.VisualStudio.QualityTools.Tips.UnitTest.Adapter, Version=10.0.0.0, Culture=neutral, PublicKeyToken=b03f5f7f11d50a3a" className="OKnowTest.AnswerAQuestionTest, OKnowTest, Version=1.0.0.0, Culture=neutral, PublicKeyToken=null" name="QuestionNotifyCorrectTest" />
    </UnitTest>
    <UnitTest name="TestGetCurrentNumPlayers2" storage="c:\users\karan\downloads\oknow\trunk\oknow\oknowtest\bin\debug\oknowtest.dll" id="a99a0acb-4556-0740-9f3d-fecb7b1ed1f8">
      <Execution id="ce8f2fca-c4b2-48c1-9d0c-c0e8c5601301" />
      <TestMethod codeBase="C:/Users/Karan/Downloads/oKnow/trunk/OKnow/OKnowTest/bin/Debug/OKnowTest.DLL" adapterTypeName="Microsoft.VisualStudio.TestTools.TestTypes.Unit.UnitTestAdapter, Microsoft.VisualStudio.QualityTools.Tips.UnitTest.Adapter, Version=10.0.0.0, Culture=neutral, PublicKeyToken=b03f5f7f11d50a3a" className="OKnowTest.StartScreenTest, OKnowTest, Version=1.0.0.0, Culture=neutral, PublicKeyToken=null" name="TestGetCurrentNumPlayers2" />
    </UnitTest>
    <UnitTest name="MultiPlayerMultiIncorrectScoreTest" storage="c:\users\karan\downloads\oknow\trunk\oknow\oknowtest\bin\debug\oknowtest.dll" id="a81f56c5-74e9-14f6-48bb-7e6f0be57fcf">
      <Execution id="6244b0c6-703c-4601-8b8d-f8aa9f844393" />
      <TestMethod codeBase="C:/Users/Karan/Downloads/oKnow/trunk/OKnow/OKnowTest/bin/Debug/OKnowTest.DLL" adapterTypeName="Microsoft.VisualStudio.TestTools.TestTypes.Unit.UnitTestAdapter, Microsoft.VisualStudio.QualityTools.Tips.UnitTest.Adapter, Version=10.0.0.0, Culture=neutral, PublicKeyToken=b03f5f7f11d50a3a" className="OKnowTest.AnswerAQuestionTest, OKnowTest, Version=1.0.0.0, Culture=neutral, PublicKeyToken=null" name="MultiPlayerMultiIncorrectScoreTest" />
    </UnitTest>
    <UnitTest name="TestGetCurrentCategory4" storage="c:\users\karan\downloads\oknow\trunk\oknow\oknowtest\bin\debug\oknowtest.dll" id="0981af74-4ce1-6ad4-aeb6-cf0728ecf654">
      <Execution id="b737cec7-e904-434f-8574-387e62b85ddf" />
      <TestMethod codeBase="C:/Users/Karan/Downloads/oKnow/trunk/OKnow/OKnowTest/bin/Debug/OKnowTest.DLL" adapterTypeName="Microsoft.VisualStudio.TestTools.TestTypes.Unit.UnitTestAdapter, Microsoft.VisualStudio.QualityTools.Tips.UnitTest.Adapter, Version=10.0.0.0, Culture=neutral, PublicKeyToken=b03f5f7f11d50a3a" className="OKnowTest.StartScreenTest, OKnowTest, Version=1.0.0.0, Culture=neutral, PublicKeyToken=null" name="TestGetCurrentCategory4" />
    </UnitTest>
    <UnitTest name="TestGetCurrentNumPlayers3" storage="c:\users\karan\downloads\oknow\trunk\oknow\oknowtest\bin\debug\oknowtest.dll" id="b0f5a7d2-2c31-4fb3-e775-c49bc4094186">
      <Execution id="e3f37156-ddc4-42fd-8369-73aacb31570e" />
      <TestMethod codeBase="C:/Users/Karan/Downloads/oKnow/trunk/OKnow/OKnowTest/bin/Debug/OKnowTest.DLL" adapterTypeName="Microsoft.VisualStudio.TestTools.TestTypes.Unit.UnitTestAdapter, Microsoft.VisualStudio.QualityTools.Tips.UnitTest.Adapter, Version=10.0.0.0, Culture=neutral, PublicKeyToken=b03f5f7f11d50a3a" className="OKnowTest.StartScreenTest, OKnowTest, Version=1.0.0.0, Culture=neutral, PublicKeyToken=null" name="TestGetCurrentNumPlayers3" />
    </UnitTest>
    <UnitTest name="TestGetCurrentCategory1" storage="c:\users\karan\downloads\oknow\trunk\oknow\oknowtest\bin\debug\oknowtest.dll" id="3afc1bea-bfbf-3c8e-8104-72a764af8b32">
      <Execution id="df3bdfce-376d-4454-8c87-822778a9f2de" />
      <TestMethod codeBase="C:/Users/Karan/Downloads/oKnow/trunk/OKnow/OKnowTest/bin/Debug/OKnowTest.DLL" adapterTypeName="Microsoft.VisualStudio.TestTools.TestTypes.Unit.UnitTestAdapter, Microsoft.VisualStudio.QualityTools.Tips.UnitTest.Adapter, Version=10.0.0.0, Culture=neutral, PublicKeyToken=b03f5f7f11d50a3a" className="OKnowTest.StartScreenTest, OKnowTest, Version=1.0.0.0, Culture=neutral, PublicKeyToken=null" name="TestGetCurrentCategory1" />
    </UnitTest>
    <UnitTest name="PlayersTest1" storage="c:\users\karan\downloads\oknow\trunk\oknow\oknowtest\bin\debug\oknowtest.dll" id="b0b5b9af-8fcb-9aa2-b576-ea724fced88f">
      <Execution id="921b4b66-0fd8-4ea2-8988-88e8b82ea20f" />
      <TestMethod codeBase="C:/Users/Karan/Downloads/oKnow/trunk/OKnow/OKnowTest/bin/Debug/OKnowTest.DLL" adapterTypeName="Microsoft.VisualStudio.TestTools.TestTypes.Unit.UnitTestAdapter, Microsoft.VisualStudio.QualityTools.Tips.UnitTest.Adapter, Version=10.0.0.0, Culture=neutral, PublicKeyToken=b03f5f7f11d50a3a" className="OKnowTest.GameBoardTest, OKnowTest, Version=1.0.0.0, Culture=neutral, PublicKeyToken=null" name="PlayersTest1" />
    </UnitTest>
    <UnitTest name="TestCategory" storage="c:\users\karan\downloads\oknow\trunk\oknow\oknowtest\bin\debug\oknowtest.dll" id="a9a9f0f1-8a6b-9673-3b72-bfc82b22d458">
      <Execution id="dfddf85b-9fc6-4724-9635-a77b5bfc8e06" />
      <TestMethod codeBase="C:/Users/Karan/Downloads/oKnow/trunk/OKnow/OKnowTest/bin/Debug/OKnowTest.DLL" adapterTypeName="Microsoft.VisualStudio.TestTools.TestTypes.Unit.UnitTestAdapter, Microsoft.VisualStudio.QualityTools.Tips.UnitTest.Adapter, Version=10.0.0.0, Culture=neutral, PublicKeyToken=b03f5f7f11d50a3a" className="OKnowTest.AnswerTest, OKnowTest, Version=1.0.0.0, Culture=neutral, PublicKeyToken=null" name="TestCategory" />
    </UnitTest>
    <UnitTest name="TestGetBoardType3" storage="c:\users\karan\downloads\oknow\trunk\oknow\oknowtest\bin\debug\oknowtest.dll" id="5eca5bcf-e850-102d-5247-e143d0a4a840">
      <Execution id="5f2812a3-f72a-4066-9bd2-691c7b206fc7" />
      <TestMethod codeBase="C:/Users/Karan/Downloads/oKnow/trunk/OKnow/OKnowTest/bin/Debug/OKnowTest.DLL" adapterTypeName="Microsoft.VisualStudio.TestTools.TestTypes.Unit.UnitTestAdapter, Microsoft.VisualStudio.QualityTools.Tips.UnitTest.Adapter, Version=10.0.0.0, Culture=neutral, PublicKeyToken=b03f5f7f11d50a3a" className="OKnowTest.StartScreenTest, OKnowTest, Version=1.0.0.0, Culture=neutral, PublicKeyToken=null" name="TestGetBoardType3" />
    </UnitTest>
    <UnitTest name="RandomSwapTestMultiplayerTest" storage="c:\users\karan\downloads\oknow\trunk\oknow\oknowtest\bin\debug\oknowtest.dll" id="9abef8b5-33da-680e-a9bc-a83df0477c5d">
      <Execution id="1c19cae4-b8bc-4db7-834e-f1a208e3e81d" />
      <TestMethod codeBase="C:/Users/Karan/Downloads/oKnow/trunk/OKnow/OKnowTest/bin/Debug/OKnowTest.DLL" adapterTypeName="Microsoft.VisualStudio.TestTools.TestTypes.Unit.UnitTestAdapter, Microsoft.VisualStudio.QualityTools.Tips.UnitTest.Adapter, Version=10.0.0.0, Culture=neutral, PublicKeyToken=b03f5f7f11d50a3a" className="OKnowTest.RandomSwapTest, OKnowTest, Version=1.0.0.0, Culture=neutral, PublicKeyToken=null" name="RandomSwapTestMultiplayerTest" />
    </UnitTest>
    <UnitTest name="TestNumPlayersParameter" storage="c:\users\karan\downloads\oknow\trunk\oknow\oknowtest\bin\debug\oknowtest.dll" id="f7fd56b8-376d-ce9f-bfd5-273500f7ad17">
      <Execution id="1f3e06dd-bd77-4b82-a37c-dc6718344e19" />
      <TestMethod codeBase="C:/Users/Karan/Downloads/oKnow/trunk/OKnow/OKnowTest/bin/Debug/OKnowTest.DLL" adapterTypeName="Microsoft.VisualStudio.TestTools.TestTypes.Unit.UnitTestAdapter, Microsoft.VisualStudio.QualityTools.Tips.UnitTest.Adapter, Version=10.0.0.0, Culture=neutral, PublicKeyToken=b03f5f7f11d50a3a" className="OKnowTest.StartScreenTest, OKnowTest, Version=1.0.0.0, Culture=neutral, PublicKeyToken=null" name="TestNumPlayersParameter" />
    </UnitTest>
    <UnitTest name="StartGameTest1" storage="c:\users\karan\downloads\oknow\trunk\oknow\oknowtest\bin\debug\oknowtest.dll" id="adf1bbe7-f955-f1aa-c051-332a545e94e4">
      <Execution id="85718ab7-de19-4fd2-bc38-09e8d53158e1" />
      <TestMethod codeBase="C:/Users/Karan/Downloads/oKnow/trunk/OKnow/OKnowTest/bin/Debug/OKnowTest.DLL" adapterTypeName="Microsoft.VisualStudio.TestTools.TestTypes.Unit.UnitTestAdapter, Microsoft.VisualStudio.QualityTools.Tips.UnitTest.Adapter, Version=10.0.0.0, Culture=neutral, PublicKeyToken=b03f5f7f11d50a3a" className="OKnowTest.Game1Test, OKnowTest, Version=1.0.0.0, Culture=neutral, PublicKeyToken=null" name="StartGameTest1" />
    </UnitTest>
    <UnitTest name="TestGetBoardSize3" storage="c:\users\karan\downloads\oknow\trunk\oknow\oknowtest\bin\debug\oknowtest.dll" id="d67a89bb-cceb-4395-19d1-01b4a95e49bd">
      <Execution id="68633cbc-7f3f-4c2b-ad77-681939a22df7" />
      <TestMethod codeBase="C:/Users/Karan/Downloads/oKnow/trunk/OKnow/OKnowTest/bin/Debug/OKnowTest.DLL" adapterTypeName="Microsoft.VisualStudio.TestTools.TestTypes.Unit.UnitTestAdapter, Microsoft.VisualStudio.QualityTools.Tips.UnitTest.Adapter, Version=10.0.0.0, Culture=neutral, PublicKeyToken=b03f5f7f11d50a3a" className="OKnowTest.StartScreenTest, OKnowTest, Version=1.0.0.0, Culture=neutral, PublicKeyToken=null" name="TestGetBoardSize3" />
    </UnitTest>
    <UnitTest name="TestGetCurrentCategory5" storage="c:\users\karan\downloads\oknow\trunk\oknow\oknowtest\bin\debug\oknowtest.dll" id="dbf1d0a3-6fa9-ebb2-2c02-e59981d64ed1">
      <Execution id="a77410d4-d78a-43a5-8ee5-7323695984df" />
      <TestMethod codeBase="C:/Users/Karan/Downloads/oKnow/trunk/OKnow/OKnowTest/bin/Debug/OKnowTest.DLL" adapterTypeName="Microsoft.VisualStudio.TestTools.TestTypes.Unit.UnitTestAdapter, Microsoft.VisualStudio.QualityTools.Tips.UnitTest.Adapter, Version=10.0.0.0, Culture=neutral, PublicKeyToken=b03f5f7f11d50a3a" className="OKnowTest.StartScreenTest, OKnowTest, Version=1.0.0.0, Culture=neutral, PublicKeyToken=null" name="TestGetCurrentCategory5" />
    </UnitTest>
    <UnitTest name="TestGetRandomQuestion" storage="c:\users\karan\downloads\oknow\trunk\oknow\oknowtest\bin\debug\oknowtest.dll" id="87ab6c4b-2e53-ad24-94d0-e1500744f03c">
      <Execution id="bdc4c72e-2119-4603-8665-f1ce1bec4804" />
      <TestMethod codeBase="C:/Users/Karan/Downloads/oKnow/trunk/OKnow/OKnowTest/bin/Debug/OKnowTest.DLL" adapterTypeName="Microsoft.VisualStudio.TestTools.TestTypes.Unit.UnitTestAdapter, Microsoft.VisualStudio.QualityTools.Tips.UnitTest.Adapter, Version=10.0.0.0, Culture=neutral, PublicKeyToken=b03f5f7f11d50a3a" className="OKnowTest.QuestionPoolTest, OKnowTest, Version=1.0.0.0, Culture=neutral, PublicKeyToken=null" name="TestGetRandomQuestion" />
    </UnitTest>
    <UnitTest name="MultiPlayerMultiCorrectScoreTest" storage="c:\users\karan\downloads\oknow\trunk\oknow\oknowtest\bin\debug\oknowtest.dll" id="059666f1-5e31-9935-27e7-c86f346ab18d">
      <Execution id="ebe62434-f8a4-41b8-a6dc-3e1e8ca7e7ec" />
      <TestMethod codeBase="C:/Users/Karan/Downloads/oKnow/trunk/OKnow/OKnowTest/bin/Debug/OKnowTest.DLL" adapterTypeName="Microsoft.VisualStudio.TestTools.TestTypes.Unit.UnitTestAdapter, Microsoft.VisualStudio.QualityTools.Tips.UnitTest.Adapter, Version=10.0.0.0, Culture=neutral, PublicKeyToken=b03f5f7f11d50a3a" className="OKnowTest.AnswerAQuestionTest, OKnowTest, Version=1.0.0.0, Culture=neutral, PublicKeyToken=null" name="MultiPlayerMultiCorrectScoreTest" />
    </UnitTest>
    <UnitTest name="TestGetBoardSize4" storage="c:\users\karan\downloads\oknow\trunk\oknow\oknowtest\bin\debug\oknowtest.dll" id="807e15a2-a2d5-d883-28e3-0ba48acb3399">
      <Execution id="9a714616-eaf3-48b2-8b32-e92a5bded6d0" />
      <TestMethod codeBase="C:/Users/Karan/Downloads/oKnow/trunk/OKnow/OKnowTest/bin/Debug/OKnowTest.DLL" adapterTypeName="Microsoft.VisualStudio.TestTools.TestTypes.Unit.UnitTestAdapter, Microsoft.VisualStudio.QualityTools.Tips.UnitTest.Adapter, Version=10.0.0.0, Culture=neutral, PublicKeyToken=b03f5f7f11d50a3a" className="OKnowTest.StartScreenTest, OKnowTest, Version=1.0.0.0, Culture=neutral, PublicKeyToken=null" name="TestGetBoardSize4" />
    </UnitTest>
    <UnitTest name="IsAdjacentTest" storage="c:\users\karan\downloads\oknow\trunk\oknow\oknowtest\bin\debug\oknowtest.dll" id="72f264a5-7de2-336c-60e6-b904b0cc1eea">
      <Execution id="229d3767-5fc9-4fcd-b381-1797d7116052" />
      <TestMethod codeBase="C:/Users/Karan/Downloads/oKnow/trunk/OKnow/OKnowTest/bin/Debug/OKnowTest.DLL" adapterTypeName="Microsoft.VisualStudio.TestTools.TestTypes.Unit.UnitTestAdapter, Microsoft.VisualStudio.QualityTools.Tips.UnitTest.Adapter, Version=10.0.0.0, Culture=neutral, PublicKeyToken=b03f5f7f11d50a3a" className="OKnowTest.TileTest, OKnowTest, Version=1.0.0.0, Culture=neutral, PublicKeyToken=null" name="IsAdjacentTest" />
    </UnitTest>
    <UnitTest name="StartGameTest2" storage="c:\users\karan\downloads\oknow\trunk\oknow\oknowtest\bin\debug\oknowtest.dll" id="8e77a49e-1ebb-33d0-321e-b1c7c45a8fa3">
      <Execution id="b586b493-c564-45ec-9668-97bb2bdaefb7" />
      <TestMethod codeBase="C:/Users/Karan/Downloads/oKnow/trunk/OKnow/OKnowTest/bin/Debug/OKnowTest.DLL" adapterTypeName="Microsoft.VisualStudio.TestTools.TestTypes.Unit.UnitTestAdapter, Microsoft.VisualStudio.QualityTools.Tips.UnitTest.Adapter, Version=10.0.0.0, Culture=neutral, PublicKeyToken=b03f5f7f11d50a3a" className="OKnowTest.Game1Test, OKnowTest, Version=1.0.0.0, Culture=neutral, PublicKeyToken=null" name="StartGameTest2" />
    </UnitTest>
    <UnitTest name="TileConstructorTest" storage="c:\users\karan\downloads\oknow\trunk\oknow\oknowtest\bin\debug\oknowtest.dll" id="93e1a339-56ec-6a9a-cc36-ee3412430608">
      <Execution id="3efb21b0-08ba-4e95-bed4-a7ab0354dcfd" />
      <TestMethod codeBase="C:/Users/Karan/Downloads/oKnow/trunk/OKnow/OKnowTest/bin/Debug/OKnowTest.DLL" adapterTypeName="Microsoft.VisualStudio.TestTools.TestTypes.Unit.UnitTestAdapter, Microsoft.VisualStudio.QualityTools.Tips.UnitTest.Adapter, Version=10.0.0.0, Culture=neutral, PublicKeyToken=b03f5f7f11d50a3a" className="OKnowTest.PlayerTest, OKnowTest, Version=1.0.0.0, Culture=neutral, PublicKeyToken=null" name="TileConstructorTest" />
    </UnitTest>
    <UnitTest name="MultiplePlayerTest" storage="c:\users\karan\downloads\oknow\trunk\oknow\oknowtest\bin\debug\oknowtest.dll" id="d6f0928c-7367-b459-6ff5-32ca0241f57e">
      <Execution id="688bee6d-a9a5-4753-acd0-115eae875318" />
      <TestMethod codeBase="C:/Users/Karan/Downloads/oKnow/trunk/OKnow/OKnowTest/bin/Debug/OKnowTest.DLL" adapterTypeName="Microsoft.VisualStudio.TestTools.TestTypes.Unit.UnitTestAdapter, Microsoft.VisualStudio.QualityTools.Tips.UnitTest.Adapter, Version=10.0.0.0, Culture=neutral, PublicKeyToken=b03f5f7f11d50a3a" className="OKnowTest.PlayerTest, OKnowTest, Version=1.0.0.0, Culture=neutral, PublicKeyToken=null" name="MultiplePlayerTest" />
    </UnitTest>
    <UnitTest name="TestGetCurrentNumPlayers4" storage="c:\users\karan\downloads\oknow\trunk\oknow\oknowtest\bin\debug\oknowtest.dll" id="47b57d83-2c08-99b9-f3b1-14d4cde9b1e8">
      <Execution id="d86177e7-07c9-4b59-ad89-9c478e09072d" />
      <TestMethod codeBase="C:/Users/Karan/Downloads/oKnow/trunk/OKnow/OKnowTest/bin/Debug/OKnowTest.DLL" adapterTypeName="Microsoft.VisualStudio.TestTools.TestTypes.Unit.UnitTestAdapter, Microsoft.VisualStudio.QualityTools.Tips.UnitTest.Adapter, Version=10.0.0.0, Culture=neutral, PublicKeyToken=b03f5f7f11d50a3a" className="OKnowTest.StartScreenTest, OKnowTest, Version=1.0.0.0, Culture=neutral, PublicKeyToken=null" name="TestGetCurrentNumPlayers4" />
    </UnitTest>
    <UnitTest name="TestUpdateEventInequality" storage="c:\users\karan\downloads\oknow\trunk\oknow\oknowtest\bin\debug\oknowtest.dll" id="7e5b7cb7-b731-5fcc-3da1-9df84dfa3118">
      <Execution id="be326d43-e691-4e71-988b-b8858ac13c7f" />
      <TestMethod codeBase="C:/Users/Karan/Downloads/oKnow/trunk/OKnow/OKnowTest/bin/Debug/OKnowTest.DLL" adapterTypeName="Microsoft.VisualStudio.TestTools.TestTypes.Unit.UnitTestAdapter, Microsoft.VisualStudio.QualityTools.Tips.UnitTest.Adapter, Version=10.0.0.0, Culture=neutral, PublicKeyToken=b03f5f7f11d50a3a" className="OKnowTest.IOTests.IOSubjectTest, OKnowTest, Version=1.0.0.0, Culture=neutral, PublicKeyToken=null" name="TestUpdateEventInequality" />
    </UnitTest>
    <UnitTest name="TestUpdateEventEquality" storage="c:\users\karan\downloads\oknow\trunk\oknow\oknowtest\bin\debug\oknowtest.dll" id="f92b1b75-bfbf-8087-5727-33e690da2f7f">
      <Execution id="bc5bb822-6ed7-4930-b850-dec02a4b16de" />
      <TestMethod codeBase="C:/Users/Karan/Downloads/oKnow/trunk/OKnow/OKnowTest/bin/Debug/OKnowTest.DLL" adapterTypeName="Microsoft.VisualStudio.TestTools.TestTypes.Unit.UnitTestAdapter, Microsoft.VisualStudio.QualityTools.Tips.UnitTest.Adapter, Version=10.0.0.0, Culture=neutral, PublicKeyToken=b03f5f7f11d50a3a" className="OKnowTest.IOTests.IOSubjectTest, OKnowTest, Version=1.0.0.0, Culture=neutral, PublicKeyToken=null" name="TestUpdateEventEquality" />
    </UnitTest>
    <UnitTest name="TestDeathTile" storage="c:\users\karan\downloads\oknow\trunk\oknow\oknowtest\bin\debug\oknowtest.dll" id="52f2ba69-e8af-366e-fa05-7e9d58be5419">
      <Execution id="108f9984-1ba3-4ee1-8bf2-c05dad54c28c" />
      <TestMethod codeBase="C:/Users/Karan/Downloads/oKnow/trunk/OKnow/OKnowTest/bin/Debug/OKnowTest.DLL" adapterTypeName="Microsoft.VisualStudio.TestTools.TestTypes.Unit.UnitTestAdapter, Microsoft.VisualStudio.QualityTools.Tips.UnitTest.Adapter, Version=10.0.0.0, Culture=neutral, PublicKeyToken=b03f5f7f11d50a3a" className="OKnowTest.TileTest, OKnowTest, Version=1.0.0.0, Culture=neutral, PublicKeyToken=null" name="TestDeathTile" />
    </UnitTest>
    <UnitTest name="GetSetPlayerNameTest" storage="c:\users\karan\downloads\oknow\trunk\oknow\oknowtest\bin\debug\oknowtest.dll" id="c4cd8056-c9ff-caf6-98af-4ccd1972a29a">
      <Execution id="2da2637a-e3f9-4544-a0c3-92ae7496c528" />
      <TestMethod codeBase="C:/Users/Karan/Downloads/oKnow/trunk/OKnow/OKnowTest/bin/Debug/OKnowTest.DLL" adapterTypeName="Microsoft.VisualStudio.TestTools.TestTypes.Unit.UnitTestAdapter, Microsoft.VisualStudio.QualityTools.Tips.UnitTest.Adapter, Version=10.0.0.0, Culture=neutral, PublicKeyToken=b03f5f7f11d50a3a" className="OKnowTest.PlayerTest, OKnowTest, Version=1.0.0.0, Culture=neutral, PublicKeyToken=null" name="GetSetPlayerNameTest" />
    </UnitTest>
    <UnitTest name="TestGetLeftArrow" storage="c:\users\karan\downloads\oknow\trunk\oknow\oknowtest\bin\debug\oknowtest.dll" id="fc6917c6-2e73-f40a-5bb6-252957ae3d5b">
      <Execution id="970899fa-8023-4732-90cb-0a9b60612298" />
      <TestMethod codeBase="C:/Users/Karan/Downloads/oKnow/trunk/OKnow/OKnowTest/bin/Debug/OKnowTest.DLL" adapterTypeName="Microsoft.VisualStudio.TestTools.TestTypes.Unit.UnitTestAdapter, Microsoft.VisualStudio.QualityTools.Tips.UnitTest.Adapter, Version=10.0.0.0, Culture=neutral, PublicKeyToken=b03f5f7f11d50a3a" className="OKnowTest.StartScreenTest, OKnowTest, Version=1.0.0.0, Culture=neutral, PublicKeyToken=null" name="TestGetLeftArrow" />
    </UnitTest>
    <UnitTest name="GetSetBoardXTest" storage="c:\users\karan\downloads\oknow\trunk\oknow\oknowtest\bin\debug\oknowtest.dll" id="42431ad3-b2fa-3a89-f07f-b02ce47f85e3">
      <Execution id="f9f1d30f-957b-4db7-ba3a-22724e27cba3" />
      <TestMethod codeBase="C:/Users/Karan/Downloads/oKnow/trunk/OKnow/OKnowTest/bin/Debug/OKnowTest.DLL" adapterTypeName="Microsoft.VisualStudio.TestTools.TestTypes.Unit.UnitTestAdapter, Microsoft.VisualStudio.QualityTools.Tips.UnitTest.Adapter, Version=10.0.0.0, Culture=neutral, PublicKeyToken=b03f5f7f11d50a3a" className="OKnowTest.TileTest, OKnowTest, Version=1.0.0.0, Culture=neutral, PublicKeyToken=null" name="GetSetBoardXTest" />
    </UnitTest>
    <UnitTest name="TestGetCurrentCategory6" storage="c:\users\karan\downloads\oknow\trunk\oknow\oknowtest\bin\debug\oknowtest.dll" id="d22d02ed-bb5c-57c7-bac8-2a4213191ea2">
      <Execution id="eed2eaa4-6f36-48ba-ac7e-e4f0ec7f910e" />
      <TestMethod codeBase="C:/Users/Karan/Downloads/oKnow/trunk/OKnow/OKnowTest/bin/Debug/OKnowTest.DLL" adapterTypeName="Microsoft.VisualStudio.TestTools.TestTypes.Unit.UnitTestAdapter, Microsoft.VisualStudio.QualityTools.Tips.UnitTest.Adapter, Version=10.0.0.0, Culture=neutral, PublicKeyToken=b03f5f7f11d50a3a" className="OKnowTest.StartScreenTest, OKnowTest, Version=1.0.0.0, Culture=neutral, PublicKeyToken=null" name="TestGetCurrentCategory6" />
    </UnitTest>
    <UnitTest name="TileConstructorTest" storage="c:\users\karan\downloads\oknow\trunk\oknow\oknowtest\bin\debug\oknowtest.dll" id="77e10824-1cca-c689-50b2-ed0e80430907">
      <Execution id="d9c9d2d0-4a85-46af-b36d-d27f068032da" />
      <TestMethod codeBase="C:/Users/Karan/Downloads/oKnow/trunk/OKnow/OKnowTest/bin/Debug/OKnowTest.DLL" adapterTypeName="Microsoft.VisualStudio.TestTools.TestTypes.Unit.UnitTestAdapter, Microsoft.VisualStudio.QualityTools.Tips.UnitTest.Adapter, Version=10.0.0.0, Culture=neutral, PublicKeyToken=b03f5f7f11d50a3a" className="OKnowTest.TileTest, OKnowTest, Version=1.0.0.0, Culture=neutral, PublicKeyToken=null" name="TileConstructorTest" />
    </UnitTest>
    <UnitTest name="ChangeCategoryStateTest" storage="c:\users\karan\downloads\oknow\trunk\oknow\oknowtest\bin\debug\oknowtest.dll" id="17c0ccb2-7906-7e39-90cb-848a59e82687">
      <Execution id="5aafdd9d-7f3d-4072-9f8d-a1e419f54201" />
      <TestMethod codeBase="C:/Users/Karan/Downloads/oKnow/trunk/OKnow/OKnowTest/bin/Debug/OKnowTest.DLL" adapterTypeName="Microsoft.VisualStudio.TestTools.TestTypes.Unit.UnitTestAdapter, Microsoft.VisualStudio.QualityTools.Tips.UnitTest.Adapter, Version=10.0.0.0, Culture=neutral, PublicKeyToken=b03f5f7f11d50a3a" className="OKnowTest.ChangeCategoryTest, OKnowTest, Version=1.0.0.0, Culture=neutral, PublicKeyToken=null" name="ChangeCategoryStateTest" />
    </UnitTest>
    <UnitTest name="TestGetBoardSize6" storage="c:\users\karan\downloads\oknow\trunk\oknow\oknowtest\bin\debug\oknowtest.dll" id="c5d159c1-8bb5-ccd3-b00d-54985d2cbab0">
      <Execution id="079abf1e-feee-4cba-9299-2325c192aaf5" />
      <TestMethod codeBase="C:/Users/Karan/Downloads/oKnow/trunk/OKnow/OKnowTest/bin/Debug/OKnowTest.DLL" adapterTypeName="Microsoft.VisualStudio.TestTools.TestTypes.Unit.UnitTestAdapter, Microsoft.VisualStudio.QualityTools.Tips.UnitTest.Adapter, Version=10.0.0.0, Culture=neutral, PublicKeyToken=b03f5f7f11d50a3a" className="OKnowTest.StartScreenTest, OKnowTest, Version=1.0.0.0, Culture=neutral, PublicKeyToken=null" name="TestGetBoardSize6" />
    </UnitTest>
    <UnitTest name="TestGetRightArrow" storage="c:\users\karan\downloads\oknow\trunk\oknow\oknowtest\bin\debug\oknowtest.dll" id="dee46b0c-2f9d-52fc-c7b4-b5b58ca85be6">
      <Execution id="30708c87-b901-492b-9f0f-493a3fda8ee7" />
      <TestMethod codeBase="C:/Users/Karan/Downloads/oKnow/trunk/OKnow/OKnowTest/bin/Debug/OKnowTest.DLL" adapterTypeName="Microsoft.VisualStudio.TestTools.TestTypes.Unit.UnitTestAdapter, Microsoft.VisualStudio.QualityTools.Tips.UnitTest.Adapter, Version=10.0.0.0, Culture=neutral, PublicKeyToken=b03f5f7f11d50a3a" className="OKnowTest.StartScreenTest, OKnowTest, Version=1.0.0.0, Culture=neutral, PublicKeyToken=null" name="TestGetRightArrow" />
    </UnitTest>
    <UnitTest name="TestUpdate" storage="c:\users\karan\downloads\oknow\trunk\oknow\oknowtest\bin\debug\oknowtest.dll" id="d0ddb7c1-ff4a-b3fe-6f4c-174f7a2fe81e">
      <Execution id="007af62b-4b45-4a6d-8443-36562bfe1889" />
      <TestMethod codeBase="C:/Users/Karan/Downloads/oKnow/trunk/OKnow/OKnowTest/bin/Debug/OKnowTest.DLL" adapterTypeName="Microsoft.VisualStudio.TestTools.TestTypes.Unit.UnitTestAdapter, Microsoft.VisualStudio.QualityTools.Tips.UnitTest.Adapter, Version=10.0.0.0, Culture=neutral, PublicKeyToken=b03f5f7f11d50a3a" className="OKnowTest.IOTests.IOSubjectTest, OKnowTest, Version=1.0.0.0, Culture=neutral, PublicKeyToken=null" name="TestUpdate" />
    </UnitTest>
    <UnitTest name="TestGetCurrentNumPlayers1" storage="c:\users\karan\downloads\oknow\trunk\oknow\oknowtest\bin\debug\oknowtest.dll" id="957b084a-82f1-c373-da0f-c9ece73ff22b">
      <Execution id="6a904c2d-d287-47f1-8cb0-08580332f0cd" />
      <TestMethod codeBase="C:/Users/Karan/Downloads/oKnow/trunk/OKnow/OKnowTest/bin/Debug/OKnowTest.DLL" adapterTypeName="Microsoft.VisualStudio.TestTools.TestTypes.Unit.UnitTestAdapter, Microsoft.VisualStudio.QualityTools.Tips.UnitTest.Adapter, Version=10.0.0.0, Culture=neutral, PublicKeyToken=b03f5f7f11d50a3a" className="OKnowTest.StartScreenTest, OKnowTest, Version=1.0.0.0, Culture=neutral, PublicKeyToken=null" name="TestGetCurrentNumPlayers1" />
    </UnitTest>
    <UnitTest name="TestGetCurrentCategory3" storage="c:\users\karan\downloads\oknow\trunk\oknow\oknowtest\bin\debug\oknowtest.dll" id="6d90f370-9d6b-db58-3da4-8603bcc06965">
      <Execution id="26703ceb-73f6-465a-9cb3-8d23cc6bec5c" />
      <TestMethod codeBase="C:/Users/Karan/Downloads/oKnow/trunk/OKnow/OKnowTest/bin/Debug/OKnowTest.DLL" adapterTypeName="Microsoft.VisualStudio.TestTools.TestTypes.Unit.UnitTestAdapter, Microsoft.VisualStudio.QualityTools.Tips.UnitTest.Adapter, Version=10.0.0.0, Culture=neutral, PublicKeyToken=b03f5f7f11d50a3a" className="OKnowTest.StartScreenTest, OKnowTest, Version=1.0.0.0, Culture=neutral, PublicKeyToken=null" name="TestGetCurrentCategory3" />
    </UnitTest>
    <UnitTest name="TestImageTile" storage="c:\users\karan\downloads\oknow\trunk\oknow\oknowtest\bin\debug\oknowtest.dll" id="fc573d78-4d31-4cef-4a5f-301b8eb35a18">
      <Execution id="ffefc7a7-e9af-4922-b8cb-25cd813ba2d9" />
      <TestMethod codeBase="C:/Users/Karan/Downloads/oKnow/trunk/OKnow/OKnowTest/bin/Debug/OKnowTest.DLL" adapterTypeName="Microsoft.VisualStudio.TestTools.TestTypes.Unit.UnitTestAdapter, Microsoft.VisualStudio.QualityTools.Tips.UnitTest.Adapter, Version=10.0.0.0, Culture=neutral, PublicKeyToken=b03f5f7f11d50a3a" className="OKnowTest.TileTest, OKnowTest, Version=1.0.0.0, Culture=neutral, PublicKeyToken=null" name="TestImageTile" />
    </UnitTest>
    <UnitTest name="TestGetRandomMusicQuestion" storage="c:\users\karan\downloads\oknow\trunk\oknow\oknowtest\bin\debug\oknowtest.dll" id="0177b86e-d5fa-cf5b-7ea6-a50aa23a1f27">
      <Execution id="48538827-441f-41fd-86d0-4f1dd816d21b" />
      <TestMethod codeBase="C:/Users/Karan/Downloads/oKnow/trunk/OKnow/OKnowTest/bin/Debug/OKnowTest.DLL" adapterTypeName="Microsoft.VisualStudio.TestTools.TestTypes.Unit.UnitTestAdapter, Microsoft.VisualStudio.QualityTools.Tips.UnitTest.Adapter, Version=10.0.0.0, Culture=neutral, PublicKeyToken=b03f5f7f11d50a3a" className="OKnowTest.QuestionPoolTest, OKnowTest, Version=1.0.0.0, Culture=neutral, PublicKeyToken=null" name="TestGetRandomMusicQuestion" />
    </UnitTest>
    <UnitTest name="TestGetCurrentNumPlayers5" storage="c:\users\karan\downloads\oknow\trunk\oknow\oknowtest\bin\debug\oknowtest.dll" id="7da4a519-5129-89a7-3d39-c6df56ad0742">
      <Execution id="50ae3b8c-563d-4c61-88e9-d8ba646bf6a8" />
      <TestMethod codeBase="C:/Users/Karan/Downloads/oKnow/trunk/OKnow/OKnowTest/bin/Debug/OKnowTest.DLL" adapterTypeName="Microsoft.VisualStudio.TestTools.TestTypes.Unit.UnitTestAdapter, Microsoft.VisualStudio.QualityTools.Tips.UnitTest.Adapter, Version=10.0.0.0, Culture=neutral, PublicKeyToken=b03f5f7f11d50a3a" className="OKnowTest.StartScreenTest, OKnowTest, Version=1.0.0.0, Culture=neutral, PublicKeyToken=null" name="TestGetCurrentNumPlayers5" />
    </UnitTest>
    <UnitTest name="PlayerMoveStateTest" storage="c:\users\karan\downloads\oknow\trunk\oknow\oknowtest\bin\debug\oknowtest.dll" id="c5f604eb-bb73-2ed4-4b97-3223456ec415">
      <Execution id="33615152-e63c-4ac2-a465-f95703bb2103" />
      <TestMethod codeBase="C:/Users/Karan/Downloads/oKnow/trunk/OKnow/OKnowTest/bin/Debug/OKnowTest.DLL" adapterTypeName="Microsoft.VisualStudio.TestTools.TestTypes.Unit.UnitTestAdapter, Microsoft.VisualStudio.QualityTools.Tips.UnitTest.Adapter, Version=10.0.0.0, Culture=neutral, PublicKeyToken=b03f5f7f11d50a3a" className="OKnowTest.AnswerAQuestionTest, OKnowTest, Version=1.0.0.0, Culture=neutral, PublicKeyToken=null" name="PlayerMoveStateTest" />
    </UnitTest>
    <UnitTest name="ResetAttemptsStateTest" storage="c:\users\karan\downloads\oknow\trunk\oknow\oknowtest\bin\debug\oknowtest.dll" id="5f9ff485-80f0-1581-b8ce-68cc871f9745">
      <Execution id="4323525e-7f1d-4b0b-a340-22b91a3621d1" />
      <TestMethod codeBase="C:/Users/Karan/Downloads/oKnow/trunk/OKnow/OKnowTest/bin/Debug/OKnowTest.DLL" adapterTypeName="Microsoft.VisualStudio.TestTools.TestTypes.Unit.UnitTestAdapter, Microsoft.VisualStudio.QualityTools.Tips.UnitTest.Adapter, Version=10.0.0.0, Culture=neutral, PublicKeyToken=b03f5f7f11d50a3a" className="OKnowTest.ResetAttemptsTest, OKnowTest, Version=1.0.0.0, Culture=neutral, PublicKeyToken=null" name="ResetAttemptsStateTest" />
    </UnitTest>
    <UnitTest name="MultiPlayerCorrectScoreTest" storage="c:\users\karan\downloads\oknow\trunk\oknow\oknowtest\bin\debug\oknowtest.dll" id="0a7f5c09-c086-80df-c06d-2812cf1f1782">
      <Execution id="99bf9291-59ec-431e-8866-c8aea9f145b9" />
      <TestMethod codeBase="C:/Users/Karan/Downloads/oKnow/trunk/OKnow/OKnowTest/bin/Debug/OKnowTest.DLL" adapterTypeName="Microsoft.VisualStudio.TestTools.TestTypes.Unit.UnitTestAdapter, Microsoft.VisualStudio.QualityTools.Tips.UnitTest.Adapter, Version=10.0.0.0, Culture=neutral, PublicKeyToken=b03f5f7f11d50a3a" className="OKnowTest.AnswerAQuestionTest, OKnowTest, Version=1.0.0.0, Culture=neutral, PublicKeyToken=null" name="MultiPlayerCorrectScoreTest" />
    </UnitTest>
    <UnitTest name="QuestionNotifyIncorrectTest" storage="c:\users\karan\downloads\oknow\trunk\oknow\oknowtest\bin\debug\oknowtest.dll" id="25d0a51a-60b0-76e9-f661-66ae7f35161c">
      <Execution id="eba36328-4513-4703-ac65-4ffa49ae99eb" />
      <TestMethod codeBase="C:/Users/Karan/Downloads/oKnow/trunk/OKnow/OKnowTest/bin/Debug/OKnowTest.DLL" adapterTypeName="Microsoft.VisualStudio.TestTools.TestTypes.Unit.UnitTestAdapter, Microsoft.VisualStudio.QualityTools.Tips.UnitTest.Adapter, Version=10.0.0.0, Culture=neutral, PublicKeyToken=b03f5f7f11d50a3a" className="OKnowTest.AnswerAQuestionTest, OKnowTest, Version=1.0.0.0, Culture=neutral, PublicKeyToken=null" name="QuestionNotifyIncorrectTest" />
    </UnitTest>
    <UnitTest name="TestGetBoardType2" storage="c:\users\karan\downloads\oknow\trunk\oknow\oknowtest\bin\debug\oknowtest.dll" id="1f781150-b373-8299-aa4f-dfdadb7bfb9b">
      <Execution id="4039b6e1-95a2-46c3-a254-c498e4be05f9" />
      <TestMethod codeBase="C:/Users/Karan/Downloads/oKnow/trunk/OKnow/OKnowTest/bin/Debug/OKnowTest.DLL" adapterTypeName="Microsoft.VisualStudio.TestTools.TestTypes.Unit.UnitTestAdapter, Microsoft.VisualStudio.QualityTools.Tips.UnitTest.Adapter, Version=10.0.0.0, Culture=neutral, PublicKeyToken=b03f5f7f11d50a3a" className="OKnowTest.StartScreenTest, OKnowTest, Version=1.0.0.0, Culture=neutral, PublicKeyToken=null" name="TestGetBoardType2" />
    </UnitTest>
    <UnitTest name="GetSetPlayerTileTest" storage="c:\users\karan\downloads\oknow\trunk\oknow\oknowtest\bin\debug\oknowtest.dll" id="f0bdd7dd-7cef-1459-6d80-5f06a72cf810">
      <Execution id="dc3af301-df40-4b84-aa77-a4392cc1aaad" />
      <TestMethod codeBase="C:/Users/Karan/Downloads/oKnow/trunk/OKnow/OKnowTest/bin/Debug/OKnowTest.DLL" adapterTypeName="Microsoft.VisualStudio.TestTools.TestTypes.Unit.UnitTestAdapter, Microsoft.VisualStudio.QualityTools.Tips.UnitTest.Adapter, Version=10.0.0.0, Culture=neutral, PublicKeyToken=b03f5f7f11d50a3a" className="OKnowTest.PlayerTest, OKnowTest, Version=1.0.0.0, Culture=neutral, PublicKeyToken=null" name="GetSetPlayerTileTest" />
    </UnitTest>
    <UnitTest name="TestGetBoardType1" storage="c:\users\karan\downloads\oknow\trunk\oknow\oknowtest\bin\debug\oknowtest.dll" id="72930ef5-1352-8999-7ef5-823ed3666126">
      <Execution id="a88ff7a0-d017-4dfa-b8c3-212d12b73b50" />
      <TestMethod codeBase="C:/Users/Karan/Downloads/oKnow/trunk/OKnow/OKnowTest/bin/Debug/OKnowTest.DLL" adapterTypeName="Microsoft.VisualStudio.TestTools.TestTypes.Unit.UnitTestAdapter, Microsoft.VisualStudio.QualityTools.Tips.UnitTest.Adapter, Version=10.0.0.0, Culture=neutral, PublicKeyToken=b03f5f7f11d50a3a" className="OKnowTest.StartScreenTest, OKnowTest, Version=1.0.0.0, Culture=neutral, PublicKeyToken=null" name="TestGetBoardType1" />
    </UnitTest>
    <UnitTest name="TestStandardTile" storage="c:\users\karan\downloads\oknow\trunk\oknow\oknowtest\bin\debug\oknowtest.dll" id="e4ab14aa-1429-271f-5b09-0f8f32eeab9a">
      <Execution id="eac40ddc-7037-4ef8-b1b7-bf8ec64c8592" />
      <TestMethod codeBase="C:/Users/Karan/Downloads/oKnow/trunk/OKnow/OKnowTest/bin/Debug/OKnowTest.DLL" adapterTypeName="Microsoft.VisualStudio.TestTools.TestTypes.Unit.UnitTestAdapter, Microsoft.VisualStudio.QualityTools.Tips.UnitTest.Adapter, Version=10.0.0.0, Culture=neutral, PublicKeyToken=b03f5f7f11d50a3a" className="OKnowTest.TileTest, OKnowTest, Version=1.0.0.0, Culture=neutral, PublicKeyToken=null" name="TestStandardTile" />
    </UnitTest>
    <UnitTest name="PlayersTest2" storage="c:\users\karan\downloads\oknow\trunk\oknow\oknowtest\bin\debug\oknowtest.dll" id="e0382ce5-6740-35b3-fff5-be32133f4b54">
      <Execution id="d4e762c0-4389-4a57-acee-4113a1935a2e" />
      <TestMethod codeBase="C:/Users/Karan/Downloads/oKnow/trunk/OKnow/OKnowTest/bin/Debug/OKnowTest.DLL" adapterTypeName="Microsoft.VisualStudio.TestTools.TestTypes.Unit.UnitTestAdapter, Microsoft.VisualStudio.QualityTools.Tips.UnitTest.Adapter, Version=10.0.0.0, Culture=neutral, PublicKeyToken=b03f5f7f11d50a3a" className="OKnowTest.GameBoardTest, OKnowTest, Version=1.0.0.0, Culture=neutral, PublicKeyToken=null" name="PlayersTest2" />
    </UnitTest>
    <UnitTest name="TestMusicTile" storage="c:\users\karan\downloads\oknow\trunk\oknow\oknowtest\bin\debug\oknowtest.dll" id="3a6c85dc-ff2e-cb74-a68e-e4c4f59a65bd">
      <Execution id="c1ec2ca3-aba6-4a90-8062-467c0a6ced71" />
      <TestMethod codeBase="C:/Users/Karan/Downloads/oKnow/trunk/OKnow/OKnowTest/bin/Debug/OKnowTest.DLL" adapterTypeName="Microsoft.VisualStudio.TestTools.TestTypes.Unit.UnitTestAdapter, Microsoft.VisualStudio.QualityTools.Tips.UnitTest.Adapter, Version=10.0.0.0, Culture=neutral, PublicKeyToken=b03f5f7f11d50a3a" className="OKnowTest.TileTest, OKnowTest, Version=1.0.0.0, Culture=neutral, PublicKeyToken=null" name="TestMusicTile" />
    </UnitTest>
    <UnitTest name="SkipQuestionStateTest" storage="c:\users\karan\downloads\oknow\trunk\oknow\oknowtest\bin\debug\oknowtest.dll" id="a55ea7c9-eabb-9207-ac1a-8e11aa747df4">
      <Execution id="c48a5197-05c8-44b6-8553-2a01381a018f" />
      <TestMethod codeBase="C:/Users/Karan/Downloads/oKnow/trunk/OKnow/OKnowTest/bin/Debug/OKnowTest.DLL" adapterTypeName="Microsoft.VisualStudio.TestTools.TestTypes.Unit.UnitTestAdapter, Microsoft.VisualStudio.QualityTools.Tips.UnitTest.Adapter, Version=10.0.0.0, Culture=neutral, PublicKeyToken=b03f5f7f11d50a3a" className="OKnowTest.SkipAQuestionTest, OKnowTest, Version=1.0.0.0, Culture=neutral, PublicKeyToken=null" name="SkipQuestionStateTest" />
    </UnitTest>
    <UnitTest name="MultiPlayerIncorrectScoreTest" storage="c:\users\karan\downloads\oknow\trunk\oknow\oknowtest\bin\debug\oknowtest.dll" id="c09686dd-e939-ec34-d8ed-edc8ca70bde9">
      <Execution id="780e69fe-1505-48a0-8bce-799749110e71" />
      <TestMethod codeBase="C:/Users/Karan/Downloads/oKnow/trunk/OKnow/OKnowTest/bin/Debug/OKnowTest.DLL" adapterTypeName="Microsoft.VisualStudio.TestTools.TestTypes.Unit.UnitTestAdapter, Microsoft.VisualStudio.QualityTools.Tips.UnitTest.Adapter, Version=10.0.0.0, Culture=neutral, PublicKeyToken=b03f5f7f11d50a3a" className="OKnowTest.AnswerAQuestionTest, OKnowTest, Version=1.0.0.0, Culture=neutral, PublicKeyToken=null" name="MultiPlayerIncorrectScoreTest" />
    </UnitTest>
    <UnitTest name="TestQuestionType" storage="c:\users\karan\downloads\oknow\trunk\oknow\oknowtest\bin\debug\oknowtest.dll" id="932006bf-cc9a-1649-4dd2-a8c07ced02bd">
      <Execution id="94e460ee-bb38-4db6-8438-2befaf169adf" />
      <TestMethod codeBase="C:/Users/Karan/Downloads/oKnow/trunk/OKnow/OKnowTest/bin/Debug/OKnowTest.DLL" adapterTypeName="Microsoft.VisualStudio.TestTools.TestTypes.Unit.UnitTestAdapter, Microsoft.VisualStudio.QualityTools.Tips.UnitTest.Adapter, Version=10.0.0.0, Culture=neutral, PublicKeyToken=b03f5f7f11d50a3a" className="OKnowTest.QuestionTest, OKnowTest, Version=1.0.0.0, Culture=neutral, PublicKeyToken=null" name="TestQuestionType" />
    </UnitTest>
    <UnitTest name="VictoryTest" storage="c:\users\karan\downloads\oknow\trunk\oknow\oknowtest\bin\debug\oknowtest.dll" id="212fceb0-e09b-bfef-a8c4-50fb8b97b08a">
      <Execution id="f7658d70-0904-4ec2-a00a-64896c0b029c" />
      <TestMethod codeBase="C:/Users/Karan/Downloads/oKnow/trunk/OKnow/OKnowTest/bin/Debug/OKnowTest.DLL" adapterTypeName="Microsoft.VisualStudio.TestTools.TestTypes.Unit.UnitTestAdapter, Microsoft.VisualStudio.QualityTools.Tips.UnitTest.Adapter, Version=10.0.0.0, Culture=neutral, PublicKeyToken=b03f5f7f11d50a3a" className="OKnowTest.PlayerTest, OKnowTest, Version=1.0.0.0, Culture=neutral, PublicKeyToken=null" name="VictoryTest" />
    </UnitTest>
    <UnitTest name="RandomSwapStateTest" storage="c:\users\karan\downloads\oknow\trunk\oknow\oknowtest\bin\debug\oknowtest.dll" id="d045baa8-d6d4-4e92-c213-e7d3aa09150a">
      <Execution id="6b2c8cce-bd47-4c33-81db-4fbbd2560d77" />
      <TestMethod codeBase="C:/Users/Karan/Downloads/oKnow/trunk/OKnow/OKnowTest/bin/Debug/OKnowTest.DLL" adapterTypeName="Microsoft.VisualStudio.TestTools.TestTypes.Unit.UnitTestAdapter, Microsoft.VisualStudio.QualityTools.Tips.UnitTest.Adapter, Version=10.0.0.0, Culture=neutral, PublicKeyToken=b03f5f7f11d50a3a" className="OKnowTest.RandomSwapTest, OKnowTest, Version=1.0.0.0, Culture=neutral, PublicKeyToken=null" name="RandomSwapStateTest" />
    </UnitTest>
    <UnitTest name="TestGetBoardSize1" storage="c:\users\karan\downloads\oknow\trunk\oknow\oknowtest\bin\debug\oknowtest.dll" id="637f974a-a7ea-1e81-c804-340f4859c6bd">
      <Execution id="6e24fbd4-102c-4e64-8f7d-2bd2d80d7c74" />
      <TestMethod codeBase="C:/Users/Karan/Downloads/oKnow/trunk/OKnow/OKnowTest/bin/Debug/OKnowTest.DLL" adapterTypeName="Microsoft.VisualStudio.TestTools.TestTypes.Unit.UnitTestAdapter, Microsoft.VisualStudio.QualityTools.Tips.UnitTest.Adapter, Version=10.0.0.0, Culture=neutral, PublicKeyToken=b03f5f7f11d50a3a" className="OKnowTest.StartScreenTest, OKnowTest, Version=1.0.0.0, Culture=neutral, PublicKeyToken=null" name="TestGetBoardSize1" />
    </UnitTest>
    <UnitTest name="TestJokerTile" storage="c:\users\karan\downloads\oknow\trunk\oknow\oknowtest\bin\debug\oknowtest.dll" id="d3f09b35-b610-a3b7-aac9-aa4bbf66fea6">
      <Execution id="1069d464-dc26-413f-b59a-1ff660f78571" />
      <TestMethod codeBase="C:/Users/Karan/Downloads/oKnow/trunk/OKnow/OKnowTest/bin/Debug/OKnowTest.DLL" adapterTypeName="Microsoft.VisualStudio.TestTools.TestTypes.Unit.UnitTestAdapter, Microsoft.VisualStudio.QualityTools.Tips.UnitTest.Adapter, Version=10.0.0.0, Culture=neutral, PublicKeyToken=b03f5f7f11d50a3a" className="OKnowTest.TileTest, OKnowTest, Version=1.0.0.0, Culture=neutral, PublicKeyToken=null" name="TestJokerTile" />
    </UnitTest>
    <UnitTest name="TestGetCurrentCategory2" storage="c:\users\karan\downloads\oknow\trunk\oknow\oknowtest\bin\debug\oknowtest.dll" id="f1fc9670-606b-c73a-b756-bddec5b37878">
      <Execution id="4db44b5c-815d-4423-9b1e-b0c3d33ab030" />
      <TestMethod codeBase="C:/Users/Karan/Downloads/oKnow/trunk/OKnow/OKnowTest/bin/Debug/OKnowTest.DLL" adapterTypeName="Microsoft.VisualStudio.TestTools.TestTypes.Unit.UnitTestAdapter, Microsoft.VisualStudio.QualityTools.Tips.UnitTest.Adapter, Version=10.0.0.0, Culture=neutral, PublicKeyToken=b03f5f7f11d50a3a" className="OKnowTest.StartScreenTest, OKnowTest, Version=1.0.0.0, Culture=neutral, PublicKeyToken=null" name="TestGetCurrentCategory2" />
    </UnitTest>
    <UnitTest name="TestGetBoardSize5" storage="c:\users\karan\downloads\oknow\trunk\oknow\oknowtest\bin\debug\oknowtest.dll" id="9c47cf71-2778-c1b6-7bd1-79f38ad76329">
      <Execution id="4a6d6666-6f41-42bc-b651-0e759367d182" />
      <TestMethod codeBase="C:/Users/Karan/Downloads/oKnow/trunk/OKnow/OKnowTest/bin/Debug/OKnowTest.DLL" adapterTypeName="Microsoft.VisualStudio.TestTools.TestTypes.Unit.UnitTestAdapter, Microsoft.VisualStudio.QualityTools.Tips.UnitTest.Adapter, Version=10.0.0.0, Culture=neutral, PublicKeyToken=b03f5f7f11d50a3a" className="OKnowTest.StartScreenTest, OKnowTest, Version=1.0.0.0, Culture=neutral, PublicKeyToken=null" name="TestGetBoardSize5" />
    </UnitTest>
    <UnitTest name="testGetRand" storage="c:\users\karan\downloads\oknow\trunk\oknow\oknowtest\bin\debug\oknowtest.dll" id="3e6d226b-4bb5-5427-0a53-d601701ece07">
      <Execution id="401b643d-4f72-43a4-8c38-6511f38acc2a" />
      <TestMethod codeBase="C:/Users/Karan/Downloads/oKnow/trunk/OKnow/OKnowTest/bin/Debug/OKnowTest.DLL" adapterTypeName="Microsoft.VisualStudio.TestTools.TestTypes.Unit.UnitTestAdapter, Microsoft.VisualStudio.QualityTools.Tips.UnitTest.Adapter, Version=10.0.0.0, Culture=neutral, PublicKeyToken=b03f5f7f11d50a3a" className="OKnowTest.AnswerTest, OKnowTest, Version=1.0.0.0, Culture=neutral, PublicKeyToken=null" name="testGetRand" />
    </UnitTest>
    <UnitTest name="TestGetRandomImageQuestion" storage="c:\users\karan\downloads\oknow\trunk\oknow\oknowtest\bin\debug\oknowtest.dll" id="604165a1-c7e2-e583-c8fc-41ba1842763f">
      <Execution id="a49f1165-3e07-43e2-a6f9-f8d8e02a683a" />
      <TestMethod codeBase="C:/Users/Karan/Downloads/oKnow/trunk/OKnow/OKnowTest/bin/Debug/OKnowTest.DLL" adapterTypeName="Microsoft.VisualStudio.TestTools.TestTypes.Unit.UnitTestAdapter, Microsoft.VisualStudio.QualityTools.Tips.UnitTest.Adapter, Version=10.0.0.0, Culture=neutral, PublicKeyToken=b03f5f7f11d50a3a" className="OKnowTest.QuestionPoolTest, OKnowTest, Version=1.0.0.0, Culture=neutral, PublicKeyToken=null" name="TestGetRandomImageQuestion" />
    </UnitTest>
    <UnitTest name="PlayerScoreTest" storage="c:\users\karan\downloads\oknow\trunk\oknow\oknowtest\bin\debug\oknowtest.dll" id="91c07066-d43e-0eb0-77df-79776a3b8e34">
      <Execution id="7c52ea64-7190-4f8f-84a5-3cb12726459a" />
      <TestMethod codeBase="C:/Users/Karan/Downloads/oKnow/trunk/OKnow/OKnowTest/bin/Debug/OKnowTest.DLL" adapterTypeName="Microsoft.VisualStudio.TestTools.TestTypes.Unit.UnitTestAdapter, Microsoft.VisualStudio.QualityTools.Tips.UnitTest.Adapter, Version=10.0.0.0, Culture=neutral, PublicKeyToken=b03f5f7f11d50a3a" className="OKnowTest.AnswerAQuestionTest, OKnowTest, Version=1.0.0.0, Culture=neutral, PublicKeyToken=null" name="PlayerScoreTest" />
    </UnitTest>
    <UnitTest name="testInitialize" storage="c:\users\karan\downloads\oknow\trunk\oknow\oknowtest\bin\debug\oknowtest.dll" id="35fdcf18-0be3-5a33-49ea-9deec449ce72">
      <Execution id="bc9bf8af-095d-462c-b7a8-20a737a24891" />
      <TestMethod codeBase="C:/Users/Karan/Downloads/oKnow/trunk/OKnow/OKnowTest/bin/Debug/OKnowTest.DLL" adapterTypeName="Microsoft.VisualStudio.TestTools.TestTypes.Unit.UnitTestAdapter, Microsoft.VisualStudio.QualityTools.Tips.UnitTest.Adapter, Version=10.0.0.0, Culture=neutral, PublicKeyToken=b03f5f7f11d50a3a" className="OKnowTest.AnswerTest, OKnowTest, Version=1.0.0.0, Culture=neutral, PublicKeyToken=null" name="testInitialize" />
    </UnitTest>
    <UnitTest name="GetSetBoardYTest" storage="c:\users\karan\downloads\oknow\trunk\oknow\oknowtest\bin\debug\oknowtest.dll" id="2ee5ec05-43c5-a370-94e2-7ce68113ecd3">
      <Execution id="1233b429-37f6-4cb2-b559-c2d1bc2bead7" />
      <TestMethod codeBase="C:/Users/Karan/Downloads/oKnow/trunk/OKnow/OKnowTest/bin/Debug/OKnowTest.DLL" adapterTypeName="Microsoft.VisualStudio.TestTools.TestTypes.Unit.UnitTestAdapter, Microsoft.VisualStudio.QualityTools.Tips.UnitTest.Adapter, Version=10.0.0.0, Culture=neutral, PublicKeyToken=b03f5f7f11d50a3a" className="OKnowTest.TileTest, OKnowTest, Version=1.0.0.0, Culture=neutral, PublicKeyToken=null" name="GetSetBoardYTest" />
    </UnitTest>
    <UnitTest name="TestGetCurrentNumPlayers6" storage="c:\users\karan\downloads\oknow\trunk\oknow\oknowtest\bin\debug\oknowtest.dll" id="4b07ec87-2578-4a11-af32-e14de6fedfb0">
      <Execution id="d710aa23-9863-42bd-a21c-e192572920e5" />
      <TestMethod codeBase="C:/Users/Karan/Downloads/oKnow/trunk/OKnow/OKnowTest/bin/Debug/OKnowTest.DLL" adapterTypeName="Microsoft.VisualStudio.TestTools.TestTypes.Unit.UnitTestAdapter, Microsoft.VisualStudio.QualityTools.Tips.UnitTest.Adapter, Version=10.0.0.0, Culture=neutral, PublicKeyToken=b03f5f7f11d50a3a" className="OKnowTest.StartScreenTest, OKnowTest, Version=1.0.0.0, Culture=neutral, PublicKeyToken=null" name="TestGetCurrentNumPlayers6" />
    </UnitTest>
  </TestDefinitions>
  <TestLists>
    <TestList name="Results Not in a List" id="8c84fa94-04c1-424b-9868-57a2d4851a1d" />
    <TestList name="All Loaded Results" id="19431567-8539-422a-85d7-44ee4e166bda" />
  </TestLists>
  <TestEntries>
    <TestEntry testId="d0ddb7c1-ff4a-b3fe-6f4c-174f7a2fe81e" executionId="007af62b-4b45-4a6d-8443-36562bfe1889" testListId="8c84fa94-04c1-424b-9868-57a2d4851a1d" />
    <TestEntry testId="f92b1b75-bfbf-8087-5727-33e690da2f7f" executionId="bc5bb822-6ed7-4930-b850-dec02a4b16de" testListId="8c84fa94-04c1-424b-9868-57a2d4851a1d" />
    <TestEntry testId="7e5b7cb7-b731-5fcc-3da1-9df84dfa3118" executionId="be326d43-e691-4e71-988b-b8858ac13c7f" testListId="8c84fa94-04c1-424b-9868-57a2d4851a1d" />
    <TestEntry testId="87ab6c4b-2e53-ad24-94d0-e1500744f03c" executionId="bdc4c72e-2119-4603-8665-f1ce1bec4804" testListId="8c84fa94-04c1-424b-9868-57a2d4851a1d" />
    <TestEntry testId="0177b86e-d5fa-cf5b-7ea6-a50aa23a1f27" executionId="48538827-441f-41fd-86d0-4f1dd816d21b" testListId="8c84fa94-04c1-424b-9868-57a2d4851a1d" />
    <TestEntry testId="604165a1-c7e2-e583-c8fc-41ba1842763f" executionId="a49f1165-3e07-43e2-a6f9-f8d8e02a683a" testListId="8c84fa94-04c1-424b-9868-57a2d4851a1d" />
    <TestEntry testId="35fdcf18-0be3-5a33-49ea-9deec449ce72" executionId="bc9bf8af-095d-462c-b7a8-20a737a24891" testListId="8c84fa94-04c1-424b-9868-57a2d4851a1d" />
    <TestEntry testId="c633b636-e73d-6a16-4a3c-3a2d73d1a317" executionId="b944a8aa-fb1e-43ff-bc27-4a4e64bf27ea" testListId="8c84fa94-04c1-424b-9868-57a2d4851a1d" />
    <TestEntry testId="a9a9f0f1-8a6b-9673-3b72-bfc82b22d458" executionId="dfddf85b-9fc6-4724-9635-a77b5bfc8e06" testListId="8c84fa94-04c1-424b-9868-57a2d4851a1d" />
    <TestEntry testId="3e6d226b-4bb5-5427-0a53-d601701ece07" executionId="401b643d-4f72-43a4-8c38-6511f38acc2a" testListId="8c84fa94-04c1-424b-9868-57a2d4851a1d" />
    <TestEntry testId="957b084a-82f1-c373-da0f-c9ece73ff22b" executionId="6a904c2d-d287-47f1-8cb0-08580332f0cd" testListId="8c84fa94-04c1-424b-9868-57a2d4851a1d" />
    <TestEntry testId="a99a0acb-4556-0740-9f3d-fecb7b1ed1f8" executionId="ce8f2fca-c4b2-48c1-9d0c-c0e8c5601301" testListId="8c84fa94-04c1-424b-9868-57a2d4851a1d" />
    <TestEntry testId="b0f5a7d2-2c31-4fb3-e775-c49bc4094186" executionId="e3f37156-ddc4-42fd-8369-73aacb31570e" testListId="8c84fa94-04c1-424b-9868-57a2d4851a1d" />
    <TestEntry testId="47b57d83-2c08-99b9-f3b1-14d4cde9b1e8" executionId="d86177e7-07c9-4b59-ad89-9c478e09072d" testListId="8c84fa94-04c1-424b-9868-57a2d4851a1d" />
    <TestEntry testId="7da4a519-5129-89a7-3d39-c6df56ad0742" executionId="50ae3b8c-563d-4c61-88e9-d8ba646bf6a8" testListId="8c84fa94-04c1-424b-9868-57a2d4851a1d" />
    <TestEntry testId="4b07ec87-2578-4a11-af32-e14de6fedfb0" executionId="d710aa23-9863-42bd-a21c-e192572920e5" testListId="8c84fa94-04c1-424b-9868-57a2d4851a1d" />
    <TestEntry testId="3afc1bea-bfbf-3c8e-8104-72a764af8b32" executionId="df3bdfce-376d-4454-8c87-822778a9f2de" testListId="8c84fa94-04c1-424b-9868-57a2d4851a1d" />
    <TestEntry testId="f1fc9670-606b-c73a-b756-bddec5b37878" executionId="4db44b5c-815d-4423-9b1e-b0c3d33ab030" testListId="8c84fa94-04c1-424b-9868-57a2d4851a1d" />
    <TestEntry testId="6d90f370-9d6b-db58-3da4-8603bcc06965" executionId="26703ceb-73f6-465a-9cb3-8d23cc6bec5c" testListId="8c84fa94-04c1-424b-9868-57a2d4851a1d" />
    <TestEntry testId="0981af74-4ce1-6ad4-aeb6-cf0728ecf654" executionId="b737cec7-e904-434f-8574-387e62b85ddf" testListId="8c84fa94-04c1-424b-9868-57a2d4851a1d" />
    <TestEntry testId="dbf1d0a3-6fa9-ebb2-2c02-e59981d64ed1" executionId="a77410d4-d78a-43a5-8ee5-7323695984df" testListId="8c84fa94-04c1-424b-9868-57a2d4851a1d" />
    <TestEntry testId="d22d02ed-bb5c-57c7-bac8-2a4213191ea2" executionId="eed2eaa4-6f36-48ba-ac7e-e4f0ec7f910e" testListId="8c84fa94-04c1-424b-9868-57a2d4851a1d" />
    <TestEntry testId="637f974a-a7ea-1e81-c804-340f4859c6bd" executionId="6e24fbd4-102c-4e64-8f7d-2bd2d80d7c74" testListId="8c84fa94-04c1-424b-9868-57a2d4851a1d" />
    <TestEntry testId="4bf3049e-1b64-3ff0-dd36-17e394b3355e" executionId="63848b68-73da-4570-a1ad-6654fa333bbc" testListId="8c84fa94-04c1-424b-9868-57a2d4851a1d" />
    <TestEntry testId="d67a89bb-cceb-4395-19d1-01b4a95e49bd" executionId="68633cbc-7f3f-4c2b-ad77-681939a22df7" testListId="8c84fa94-04c1-424b-9868-57a2d4851a1d" />
    <TestEntry testId="807e15a2-a2d5-d883-28e3-0ba48acb3399" executionId="9a714616-eaf3-48b2-8b32-e92a5bded6d0" testListId="8c84fa94-04c1-424b-9868-57a2d4851a1d" />
    <TestEntry testId="9c47cf71-2778-c1b6-7bd1-79f38ad76329" executionId="4a6d6666-6f41-42bc-b651-0e759367d182" testListId="8c84fa94-04c1-424b-9868-57a2d4851a1d" />
    <TestEntry testId="c5d159c1-8bb5-ccd3-b00d-54985d2cbab0" executionId="079abf1e-feee-4cba-9299-2325c192aaf5" testListId="8c84fa94-04c1-424b-9868-57a2d4851a1d" />
    <TestEntry testId="72930ef5-1352-8999-7ef5-823ed3666126" executionId="a88ff7a0-d017-4dfa-b8c3-212d12b73b50" testListId="8c84fa94-04c1-424b-9868-57a2d4851a1d" />
    <TestEntry testId="1f781150-b373-8299-aa4f-dfdadb7bfb9b" executionId="4039b6e1-95a2-46c3-a254-c498e4be05f9" testListId="8c84fa94-04c1-424b-9868-57a2d4851a1d" />
    <TestEntry testId="5eca5bcf-e850-102d-5247-e143d0a4a840" executionId="5f2812a3-f72a-4066-9bd2-691c7b206fc7" testListId="8c84fa94-04c1-424b-9868-57a2d4851a1d" />
    <TestEntry testId="fc6917c6-2e73-f40a-5bb6-252957ae3d5b" executionId="970899fa-8023-4732-90cb-0a9b60612298" testListId="8c84fa94-04c1-424b-9868-57a2d4851a1d" />
    <TestEntry testId="dee46b0c-2f9d-52fc-c7b4-b5b58ca85be6" executionId="30708c87-b901-492b-9f0f-493a3fda8ee7" testListId="8c84fa94-04c1-424b-9868-57a2d4851a1d" />
    <TestEntry testId="adf1bbe7-f955-f1aa-c051-332a545e94e4" executionId="85718ab7-de19-4fd2-bc38-09e8d53158e1" testListId="8c84fa94-04c1-424b-9868-57a2d4851a1d" />
    <TestEntry testId="8e77a49e-1ebb-33d0-321e-b1c7c45a8fa3" executionId="b586b493-c564-45ec-9668-97bb2bdaefb7" testListId="8c84fa94-04c1-424b-9868-57a2d4851a1d" />
    <TestEntry testId="932006bf-cc9a-1649-4dd2-a8c07ced02bd" executionId="94e460ee-bb38-4db6-8438-2befaf169adf" testListId="8c84fa94-04c1-424b-9868-57a2d4851a1d" />
    <TestEntry testId="5f9ff485-80f0-1581-b8ce-68cc871f9745" executionId="4323525e-7f1d-4b0b-a340-22b91a3621d1" testListId="8c84fa94-04c1-424b-9868-57a2d4851a1d" />
    <TestEntry testId="c5f604eb-bb73-2ed4-4b97-3223456ec415" executionId="33615152-e63c-4ac2-a465-f95703bb2103" testListId="8c84fa94-04c1-424b-9868-57a2d4851a1d" />
    <TestEntry testId="0a8df4b3-fa85-ec9c-d895-b7c85a5e6e45" executionId="77851df9-3fef-4b60-8d87-276f09be716f" testListId="8c84fa94-04c1-424b-9868-57a2d4851a1d" />
    <TestEntry testId="25d0a51a-60b0-76e9-f661-66ae7f35161c" executionId="eba36328-4513-4703-ac65-4ffa49ae99eb" testListId="8c84fa94-04c1-424b-9868-57a2d4851a1d" />
    <TestEntry testId="6ddec735-adc4-4828-1b50-0783b6fe82b2" executionId="2f35c62a-7a18-4b97-835f-87e0f55b7805" testListId="8c84fa94-04c1-424b-9868-57a2d4851a1d" />
    <TestEntry testId="8eeca9a8-568d-a203-d287-a4d2eed3e1dd" executionId="d5dcb4ce-e77e-4a6a-ab58-1fff4fa87d7a" testListId="8c84fa94-04c1-424b-9868-57a2d4851a1d" />
    <TestEntry testId="91c07066-d43e-0eb0-77df-79776a3b8e34" executionId="7c52ea64-7190-4f8f-84a5-3cb12726459a" testListId="8c84fa94-04c1-424b-9868-57a2d4851a1d" />
    <TestEntry testId="0a7f5c09-c086-80df-c06d-2812cf1f1782" executionId="99bf9291-59ec-431e-8866-c8aea9f145b9" testListId="8c84fa94-04c1-424b-9868-57a2d4851a1d" />
    <TestEntry testId="c09686dd-e939-ec34-d8ed-edc8ca70bde9" executionId="780e69fe-1505-48a0-8bce-799749110e71" testListId="8c84fa94-04c1-424b-9868-57a2d4851a1d" />
    <TestEntry testId="059666f1-5e31-9935-27e7-c86f346ab18d" executionId="ebe62434-f8a4-41b8-a6dc-3e1e8ca7e7ec" testListId="8c84fa94-04c1-424b-9868-57a2d4851a1d" />
    <TestEntry testId="a81f56c5-74e9-14f6-48bb-7e6f0be57fcf" executionId="6244b0c6-703c-4601-8b8d-f8aa9f844393" testListId="8c84fa94-04c1-424b-9868-57a2d4851a1d" />
    <TestEntry testId="b0b5b9af-8fcb-9aa2-b576-ea724fced88f" executionId="921b4b66-0fd8-4ea2-8988-88e8b82ea20f" testListId="8c84fa94-04c1-424b-9868-57a2d4851a1d" />
    <TestEntry testId="e0382ce5-6740-35b3-fff5-be32133f4b54" executionId="d4e762c0-4389-4a57-acee-4113a1935a2e" testListId="8c84fa94-04c1-424b-9868-57a2d4851a1d" />
    <TestEntry testId="17c0ccb2-7906-7e39-90cb-848a59e82687" executionId="5aafdd9d-7f3d-4072-9f8d-a1e419f54201" testListId="8c84fa94-04c1-424b-9868-57a2d4851a1d" />
    <TestEntry testId="d045baa8-d6d4-4e92-c213-e7d3aa09150a" executionId="6b2c8cce-bd47-4c33-81db-4fbbd2560d77" testListId="8c84fa94-04c1-424b-9868-57a2d4851a1d" />
    <TestEntry testId="9abef8b5-33da-680e-a9bc-a83df0477c5d" executionId="1c19cae4-b8bc-4db7-834e-f1a208e3e81d" testListId="8c84fa94-04c1-424b-9868-57a2d4851a1d" />
    <TestEntry testId="a55ea7c9-eabb-9207-ac1a-8e11aa747df4" executionId="c48a5197-05c8-44b6-8553-2a01381a018f" testListId="8c84fa94-04c1-424b-9868-57a2d4851a1d" />
    <TestEntry testId="77e10824-1cca-c689-50b2-ed0e80430907" executionId="d9c9d2d0-4a85-46af-b36d-d27f068032da" testListId="8c84fa94-04c1-424b-9868-57a2d4851a1d" />
    <TestEntry testId="42431ad3-b2fa-3a89-f07f-b02ce47f85e3" executionId="f9f1d30f-957b-4db7-ba3a-22724e27cba3" testListId="8c84fa94-04c1-424b-9868-57a2d4851a1d" />
    <TestEntry testId="2ee5ec05-43c5-a370-94e2-7ce68113ecd3" executionId="1233b429-37f6-4cb2-b559-c2d1bc2bead7" testListId="8c84fa94-04c1-424b-9868-57a2d4851a1d" />
    <TestEntry testId="72f264a5-7de2-336c-60e6-b904b0cc1eea" executionId="229d3767-5fc9-4fcd-b381-1797d7116052" testListId="8c84fa94-04c1-424b-9868-57a2d4851a1d" />
    <TestEntry testId="e4ab14aa-1429-271f-5b09-0f8f32eeab9a" executionId="eac40ddc-7037-4ef8-b1b7-bf8ec64c8592" testListId="8c84fa94-04c1-424b-9868-57a2d4851a1d" />
    <TestEntry testId="3a6c85dc-ff2e-cb74-a68e-e4c4f59a65bd" executionId="c1ec2ca3-aba6-4a90-8062-467c0a6ced71" testListId="8c84fa94-04c1-424b-9868-57a2d4851a1d" />
    <TestEntry testId="fc573d78-4d31-4cef-4a5f-301b8eb35a18" executionId="ffefc7a7-e9af-4922-b8cb-25cd813ba2d9" testListId="8c84fa94-04c1-424b-9868-57a2d4851a1d" />
    <TestEntry testId="52f2ba69-e8af-366e-fa05-7e9d58be5419" executionId="108f9984-1ba3-4ee1-8bf2-c05dad54c28c" testListId="8c84fa94-04c1-424b-9868-57a2d4851a1d" />
    <TestEntry testId="d3f09b35-b610-a3b7-aac9-aa4bbf66fea6" executionId="1069d464-dc26-413f-b59a-1ff660f78571" testListId="8c84fa94-04c1-424b-9868-57a2d4851a1d" />
    <TestEntry testId="93e1a339-56ec-6a9a-cc36-ee3412430608" executionId="3efb21b0-08ba-4e95-bed4-a7ab0354dcfd" testListId="8c84fa94-04c1-424b-9868-57a2d4851a1d" />
    <TestEntry testId="f0bdd7dd-7cef-1459-6d80-5f06a72cf810" executionId="dc3af301-df40-4b84-aa77-a4392cc1aaad" testListId="8c84fa94-04c1-424b-9868-57a2d4851a1d" />
    <TestEntry testId="c4cd8056-c9ff-caf6-98af-4ccd1972a29a" executionId="2da2637a-e3f9-4544-a0c3-92ae7496c528" testListId="8c84fa94-04c1-424b-9868-57a2d4851a1d" />
    <TestEntry testId="d6f0928c-7367-b459-6ff5-32ca0241f57e" executionId="688bee6d-a9a5-4753-acd0-115eae875318" testListId="8c84fa94-04c1-424b-9868-57a2d4851a1d" />
    <TestEntry testId="212fceb0-e09b-bfef-a8c4-50fb8b97b08a" executionId="f7658d70-0904-4ec2-a00a-64896c0b029c" testListId="8c84fa94-04c1-424b-9868-57a2d4851a1d" />
    <TestEntry testId="f7fd56b8-376d-ce9f-bfd5-273500f7ad17" executionId="1f3e06dd-bd77-4b82-a37c-dc6718344e19" testListId="8c84fa94-04c1-424b-9868-57a2d4851a1d" />
  </TestEntries>
  <Results>
    <UnitTestResult executionId="007af62b-4b45-4a6d-8443-36562bfe1889" testId="d0ddb7c1-ff4a-b3fe-6f4c-174f7a2fe81e" testName="TestUpdate" computerName="TW1FTENVY" duration="00:00:00.0532803" startTime="2014-04-11T12:37:03.9867205-05:00" endTime="2014-04-11T12:37:04.5648607-05:00" testType="13cdc9d9-ddb5-4fa4-a97d-d965ccfc6d4b" outcome="Passed" testListId="8c84fa94-04c1-424b-9868-57a2d4851a1d" relativeResultsDirectory="007af62b-4b45-4a6d-8443-36562bfe1889">
    </UnitTestResult>
    <UnitTestResult executionId="bc5bb822-6ed7-4930-b850-dec02a4b16de" testId="f92b1b75-bfbf-8087-5727-33e690da2f7f" testName="TestUpdateEventEquality" computerName="TW1FTENVY" duration="00:00:00.0002531" startTime="2014-04-11T12:37:04.5648607-05:00" endTime="2014-04-11T12:37:04.5804751-05:00" testType="13cdc9d9-ddb5-4fa4-a97d-d965ccfc6d4b" outcome="Passed" testListId="8c84fa94-04c1-424b-9868-57a2d4851a1d" relativeResultsDirectory="bc5bb822-6ed7-4930-b850-dec02a4b16de">
    </UnitTestResult>
    <UnitTestResult executionId="be326d43-e691-4e71-988b-b8858ac13c7f" testId="7e5b7cb7-b731-5fcc-3da1-9df84dfa3118" testName="TestUpdateEventInequality" computerName="TW1FTENVY" duration="00:00:00.0002570" startTime="2014-04-11T12:37:04.5804751-05:00" endTime="2014-04-11T12:37:04.5804751-05:00" testType="13cdc9d9-ddb5-4fa4-a97d-d965ccfc6d4b" outcome="Passed" testListId="8c84fa94-04c1-424b-9868-57a2d4851a1d" relativeResultsDirectory="be326d43-e691-4e71-988b-b8858ac13c7f">
    </UnitTestResult>
    <UnitTestResult executionId="bdc4c72e-2119-4603-8665-f1ce1bec4804" testId="87ab6c4b-2e53-ad24-94d0-e1500744f03c" testName="TestGetRandomQuestion" computerName="TW1FTENVY" duration="00:00:00.6405338" startTime="2014-04-11T12:37:04.5804751-05:00" endTime="2014-04-11T12:37:05.2211167-05:00" testType="13cdc9d9-ddb5-4fa4-a97d-d965ccfc6d4b" outcome="Passed" testListId="8c84fa94-04c1-424b-9868-57a2d4851a1d" relativeResultsDirectory="bdc4c72e-2119-4603-8665-f1ce1bec4804">
    </UnitTestResult>
    <UnitTestResult executionId="48538827-441f-41fd-86d0-4f1dd816d21b" testId="0177b86e-d5fa-cf5b-7ea6-a50aa23a1f27" testName="TestGetRandomMusicQuestion" computerName="TW1FTENVY" duration="00:00:00.6915796" startTime="2014-04-11T12:37:05.2367308-05:00" endTime="2014-04-11T12:37:05.9242499-05:00" testType="13cdc9d9-ddb5-4fa4-a97d-d965ccfc6d4b" outcome="Passed" testListId="8c84fa94-04c1-424b-9868-57a2d4851a1d" relativeResultsDirectory="48538827-441f-41fd-86d0-4f1dd816d21b">
    </UnitTestResult>
    <UnitTestResult executionId="a49f1165-3e07-43e2-a6f9-f8d8e02a683a" testId="604165a1-c7e2-e583-c8fc-41ba1842763f" testName="TestGetRandomImageQuestion" computerName="TW1FTENVY" duration="00:00:00.6315005" startTime="2014-04-11T12:37:05.9242499-05:00" endTime="2014-04-11T12:37:06.5648658-05:00" testType="13cdc9d9-ddb5-4fa4-a97d-d965ccfc6d4b" outcome="Passed" testListId="8c84fa94-04c1-424b-9868-57a2d4851a1d" relativeResultsDirectory="a49f1165-3e07-43e2-a6f9-f8d8e02a683a">
    </UnitTestResult>
    <UnitTestResult executionId="bc9bf8af-095d-462c-b7a8-20a737a24891" testId="35fdcf18-0be3-5a33-49ea-9deec449ce72" testName="testInitialize" computerName="TW1FTENVY" duration="00:00:00.0011593" startTime="2014-04-11T12:37:06.5648658-05:00" endTime="2014-04-11T12:37:06.5804914-05:00" testType="13cdc9d9-ddb5-4fa4-a97d-d965ccfc6d4b" outcome="Passed" testListId="8c84fa94-04c1-424b-9868-57a2d4851a1d" relativeResultsDirectory="bc9bf8af-095d-462c-b7a8-20a737a24891">
    </UnitTestResult>
    <UnitTestResult executionId="b944a8aa-fb1e-43ff-bc27-4a4e64bf27ea" testId="c633b636-e73d-6a16-4a3c-3a2d73d1a317" testName="testAnswerChoices" computerName="TW1FTENVY" duration="00:00:00.0064190" startTime="2014-04-11T12:37:06.5804914-05:00" endTime="2014-04-11T12:37:06.5804914-05:00" testType="13cdc9d9-ddb5-4fa4-a97d-d965ccfc6d4b" outcome="Passed" testListId="8c84fa94-04c1-424b-9868-57a2d4851a1d" relativeResultsDirectory="b944a8aa-fb1e-43ff-bc27-4a4e64bf27ea">
      <Output>
        <StdOut>Red</StdOut>
      </Output>
    </UnitTestResult>
    <UnitTestResult executionId="dfddf85b-9fc6-4724-9635-a77b5bfc8e06" testId="a9a9f0f1-8a6b-9673-3b72-bfc82b22d458" testName="TestCategory" computerName="TW1FTENVY" duration="00:00:00.6741746" startTime="2014-04-11T12:37:06.5961174-05:00" endTime="2014-04-11T12:37:07.2679969-05:00" testType="13cdc9d9-ddb5-4fa4-a97d-d965ccfc6d4b" outcome="Passed" testListId="8c84fa94-04c1-424b-9868-57a2d4851a1d" relativeResultsDirectory="dfddf85b-9fc6-4724-9635-a77b5bfc8e06">
    </UnitTestResult>
    <UnitTestResult executionId="401b643d-4f72-43a4-8c38-6511f38acc2a" testId="3e6d226b-4bb5-5427-0a53-d601701ece07" testName="testGetRand" computerName="TW1FTENVY" duration="00:00:00.6529836" startTime="2014-04-11T12:37:07.2992471-05:00" endTime="2014-04-11T12:37:07.9555027-05:00" testType="13cdc9d9-ddb5-4fa4-a97d-d965ccfc6d4b" outcome="Passed" testListId="8c84fa94-04c1-424b-9868-57a2d4851a1d" relativeResultsDirectory="401b643d-4f72-43a4-8c38-6511f38acc2a">
    </UnitTestResult>
    <UnitTestResult executionId="6a904c2d-d287-47f1-8cb0-08580332f0cd" testId="957b084a-82f1-c373-da0f-c9ece73ff22b" testName="TestGetCurrentNumPlayers1" computerName="TW1FTENVY" duration="00:00:00.0015096" startTime="2014-04-11T12:37:07.9555027-05:00" endTime="2014-04-11T12:37:07.9555027-05:00" testType="13cdc9d9-ddb5-4fa4-a97d-d965ccfc6d4b" outcome="Passed" testListId="8c84fa94-04c1-424b-9868-57a2d4851a1d" relativeResultsDirectory="6a904c2d-d287-47f1-8cb0-08580332f0cd">
    </UnitTestResult>
    <UnitTestResult executionId="ce8f2fca-c4b2-48c1-9d0c-c0e8c5601301" testId="a99a0acb-4556-0740-9f3d-fecb7b1ed1f8" testName="TestGetCurrentNumPlayers2" computerName="TW1FTENVY" duration="00:00:00.0002655" startTime="2014-04-11T12:37:07.9555027-05:00" endTime="2014-04-11T12:37:07.9711287-05:00" testType="13cdc9d9-ddb5-4fa4-a97d-d965ccfc6d4b" outcome="Passed" testListId="8c84fa94-04c1-424b-9868-57a2d4851a1d" relativeResultsDirectory="ce8f2fca-c4b2-48c1-9d0c-c0e8c5601301">
    </UnitTestResult>
    <UnitTestResult executionId="e3f37156-ddc4-42fd-8369-73aacb31570e" testId="b0f5a7d2-2c31-4fb3-e775-c49bc4094186" testName="TestGetCurrentNumPlayers3" computerName="TW1FTENVY" duration="00:00:00.0001689" startTime="2014-04-11T12:37:07.9711287-05:00" endTime="2014-04-11T12:37:07.9711287-05:00" testType="13cdc9d9-ddb5-4fa4-a97d-d965ccfc6d4b" outcome="Passed" testListId="8c84fa94-04c1-424b-9868-57a2d4851a1d" relativeResultsDirectory="e3f37156-ddc4-42fd-8369-73aacb31570e">
    </UnitTestResult>
    <UnitTestResult executionId="d86177e7-07c9-4b59-ad89-9c478e09072d" testId="47b57d83-2c08-99b9-f3b1-14d4cde9b1e8" testName="TestGetCurrentNumPlayers4" computerName="TW1FTENVY" duration="00:00:00.0001967" startTime="2014-04-11T12:37:07.9711287-05:00" endTime="2014-04-11T12:37:07.9711287-05:00" testType="13cdc9d9-ddb5-4fa4-a97d-d965ccfc6d4b" outcome="Passed" testListId="8c84fa94-04c1-424b-9868-57a2d4851a1d" relativeResultsDirectory="d86177e7-07c9-4b59-ad89-9c478e09072d">
    </UnitTestResult>
    <UnitTestResult executionId="50ae3b8c-563d-4c61-88e9-d8ba646bf6a8" testId="7da4a519-5129-89a7-3d39-c6df56ad0742" testName="TestGetCurrentNumPlayers5" computerName="TW1FTENVY" duration="00:00:00.0001689" startTime="2014-04-11T12:37:07.9867539-05:00" endTime="2014-04-11T12:37:07.9867539-05:00" testType="13cdc9d9-ddb5-4fa4-a97d-d965ccfc6d4b" outcome="Passed" testListId="8c84fa94-04c1-424b-9868-57a2d4851a1d" relativeResultsDirectory="50ae3b8c-563d-4c61-88e9-d8ba646bf6a8">
    </UnitTestResult>
    <UnitTestResult executionId="d710aa23-9863-42bd-a21c-e192572920e5" testId="4b07ec87-2578-4a11-af32-e14de6fedfb0" testName="TestGetCurrentNumPlayers6" computerName="TW1FTENVY" duration="00:00:00.0001800" startTime="2014-04-11T12:37:07.9867539-05:00" endTime="2014-04-11T12:37:07.9867539-05:00" testType="13cdc9d9-ddb5-4fa4-a97d-d965ccfc6d4b" outcome="Passed" testListId="8c84fa94-04c1-424b-9868-57a2d4851a1d" relativeResultsDirectory="d710aa23-9863-42bd-a21c-e192572920e5">
    </UnitTestResult>
    <UnitTestResult executionId="df3bdfce-376d-4454-8c87-822778a9f2de" testId="3afc1bea-bfbf-3c8e-8104-72a764af8b32" testName="TestGetCurrentCategory1" computerName="TW1FTENVY" duration="00:00:00.0002728" startTime="2014-04-11T12:37:08.0023794-05:00" endTime="2014-04-11T12:37:08.0023794-05:00" testType="13cdc9d9-ddb5-4fa4-a97d-d965ccfc6d4b" outcome="Passed" testListId="8c84fa94-04c1-424b-9868-57a2d4851a1d" relativeResultsDirectory="df3bdfce-376d-4454-8c87-822778a9f2de">
    </UnitTestResult>
    <UnitTestResult executionId="4db44b5c-815d-4423-9b1e-b0c3d33ab030" testId="f1fc9670-606b-c73a-b756-bddec5b37878" testName="TestGetCurrentCategory2" computerName="TW1FTENVY" duration="00:00:00.0002535" startTime="2014-04-11T12:37:08.0023794-05:00" endTime="2014-04-11T12:37:08.0023794-05:00" testType="13cdc9d9-ddb5-4fa4-a97d-d965ccfc6d4b" outcome="Passed" testListId="8c84fa94-04c1-424b-9868-57a2d4851a1d" relativeResultsDirectory="4db44b5c-815d-4423-9b1e-b0c3d33ab030">
    </UnitTestResult>
    <UnitTestResult executionId="26703ceb-73f6-465a-9cb3-8d23cc6bec5c" testId="6d90f370-9d6b-db58-3da4-8603bcc06965" testName="TestGetCurrentCategory3" computerName="TW1FTENVY" duration="00:00:00.0001787" startTime="2014-04-11T12:37:08.0023794-05:00" endTime="2014-04-11T12:37:08.0180037-05:00" testType="13cdc9d9-ddb5-4fa4-a97d-d965ccfc6d4b" outcome="Passed" testListId="8c84fa94-04c1-424b-9868-57a2d4851a1d" relativeResultsDirectory="26703ceb-73f6-465a-9cb3-8d23cc6bec5c">
    </UnitTestResult>
    <UnitTestResult executionId="b737cec7-e904-434f-8574-387e62b85ddf" testId="0981af74-4ce1-6ad4-aeb6-cf0728ecf654" testName="TestGetCurrentCategory4" computerName="TW1FTENVY" duration="00:00:00.0001791" startTime="2014-04-11T12:37:08.0180037-05:00" endTime="2014-04-11T12:37:08.0180037-05:00" testType="13cdc9d9-ddb5-4fa4-a97d-d965ccfc6d4b" outcome="Passed" testListId="8c84fa94-04c1-424b-9868-57a2d4851a1d" relativeResultsDirectory="b737cec7-e904-434f-8574-387e62b85ddf">
    </UnitTestResult>
    <UnitTestResult executionId="a77410d4-d78a-43a5-8ee5-7323695984df" testId="dbf1d0a3-6fa9-ebb2-2c02-e59981d64ed1" testName="TestGetCurrentCategory5" computerName="TW1FTENVY" duration="00:00:00.0001693" startTime="2014-04-11T12:37:08.0180037-05:00" endTime="2014-04-11T12:37:08.0180037-05:00" testType="13cdc9d9-ddb5-4fa4-a97d-d965ccfc6d4b" outcome="Passed" testListId="8c84fa94-04c1-424b-9868-57a2d4851a1d" relativeResultsDirectory="a77410d4-d78a-43a5-8ee5-7323695984df">
    </UnitTestResult>
    <UnitTestResult executionId="eed2eaa4-6f36-48ba-ac7e-e4f0ec7f910e" testId="d22d02ed-bb5c-57c7-bac8-2a4213191ea2" testName="TestGetCurrentCategory6" computerName="TW1FTENVY" duration="00:00:00.0001813" startTime="2014-04-11T12:37:08.0336284-05:00" endTime="2014-04-11T12:37:08.0336284-05:00" testType="13cdc9d9-ddb5-4fa4-a97d-d965ccfc6d4b" outcome="Passed" testListId="8c84fa94-04c1-424b-9868-57a2d4851a1d" relativeResultsDirectory="eed2eaa4-6f36-48ba-ac7e-e4f0ec7f910e">
    </UnitTestResult>
    <UnitTestResult executionId="6e24fbd4-102c-4e64-8f7d-2bd2d80d7c74" testId="637f974a-a7ea-1e81-c804-340f4859c6bd" testName="TestGetBoardSize1" computerName="TW1FTENVY" duration="00:00:00.0007488" startTime="2014-04-11T12:37:08.0336284-05:00" endTime="2014-04-11T12:37:08.0336284-05:00" testType="13cdc9d9-ddb5-4fa4-a97d-d965ccfc6d4b" outcome="Passed" testListId="8c84fa94-04c1-424b-9868-57a2d4851a1d" relativeResultsDirectory="6e24fbd4-102c-4e64-8f7d-2bd2d80d7c74">
    </UnitTestResult>
    <UnitTestResult executionId="63848b68-73da-4570-a1ad-6654fa333bbc" testId="4bf3049e-1b64-3ff0-dd36-17e394b3355e" testName="TestGetBoardSize2" computerName="TW1FTENVY" duration="00:00:00.0005311" startTime="2014-04-11T12:37:08.0492548-05:00" endTime="2014-04-11T12:37:08.0492548-05:00" testType="13cdc9d9-ddb5-4fa4-a97d-d965ccfc6d4b" outcome="Passed" testListId="8c84fa94-04c1-424b-9868-57a2d4851a1d" relativeResultsDirectory="63848b68-73da-4570-a1ad-6654fa333bbc">
    </UnitTestResult>
    <UnitTestResult executionId="68633cbc-7f3f-4c2b-ad77-681939a22df7" testId="d67a89bb-cceb-4395-19d1-01b4a95e49bd" testName="TestGetBoardSize3" computerName="TW1FTENVY" duration="00:00:00.0001851" startTime="2014-04-11T12:37:08.0492548-05:00" endTime="2014-04-11T12:37:08.0492548-05:00" testType="13cdc9d9-ddb5-4fa4-a97d-d965ccfc6d4b" outcome="Passed" testListId="8c84fa94-04c1-424b-9868-57a2d4851a1d" relativeResultsDirectory="68633cbc-7f3f-4c2b-ad77-681939a22df7">
    </UnitTestResult>
    <UnitTestResult executionId="9a714616-eaf3-48b2-8b32-e92a5bded6d0" testId="807e15a2-a2d5-d883-28e3-0ba48acb3399" testName="TestGetBoardSize4" computerName="TW1FTENVY" duration="00:00:00.0001753" startTime="2014-04-11T12:37:08.0492548-05:00" endTime="2014-04-11T12:37:08.0648787-05:00" testType="13cdc9d9-ddb5-4fa4-a97d-d965ccfc6d4b" outcome="Passed" testListId="8c84fa94-04c1-424b-9868-57a2d4851a1d" relativeResultsDirectory="9a714616-eaf3-48b2-8b32-e92a5bded6d0">
    </UnitTestResult>
    <UnitTestResult executionId="4a6d6666-6f41-42bc-b651-0e759367d182" testId="9c47cf71-2778-c1b6-7bd1-79f38ad76329" testName="TestGetBoardSize5" computerName="TW1FTENVY" duration="00:00:00.0001689" startTime="2014-04-11T12:37:08.0648787-05:00" endTime="2014-04-11T12:37:08.0648787-05:00" testType="13cdc9d9-ddb5-4fa4-a97d-d965ccfc6d4b" outcome="Passed" testListId="8c84fa94-04c1-424b-9868-57a2d4851a1d" relativeResultsDirectory="4a6d6666-6f41-42bc-b651-0e759367d182">
    </UnitTestResult>
    <UnitTestResult executionId="079abf1e-feee-4cba-9299-2325c192aaf5" testId="c5d159c1-8bb5-ccd3-b00d-54985d2cbab0" testName="TestGetBoardSize6" computerName="TW1FTENVY" duration="00:00:00.0001753" startTime="2014-04-11T12:37:08.0648787-05:00" endTime="2014-04-11T12:37:08.0648787-05:00" testType="13cdc9d9-ddb5-4fa4-a97d-d965ccfc6d4b" outcome="Passed" testListId="8c84fa94-04c1-424b-9868-57a2d4851a1d" relativeResultsDirectory="079abf1e-feee-4cba-9299-2325c192aaf5">
    </UnitTestResult>
    <UnitTestResult executionId="a88ff7a0-d017-4dfa-b8c3-212d12b73b50" testId="72930ef5-1352-8999-7ef5-823ed3666126" testName="TestGetBoardType1" computerName="TW1FTENVY" duration="00:00:00.0007419" startTime="2014-04-11T12:37:08.0805038-05:00" endTime="2014-04-11T12:37:08.0805038-05:00" testType="13cdc9d9-ddb5-4fa4-a97d-d965ccfc6d4b" outcome="Passed" testListId="8c84fa94-04c1-424b-9868-57a2d4851a1d" relativeResultsDirectory="a88ff7a0-d017-4dfa-b8c3-212d12b73b50">
    </UnitTestResult>
    <UnitTestResult executionId="4039b6e1-95a2-46c3-a254-c498e4be05f9" testId="1f781150-b373-8299-aa4f-dfdadb7bfb9b" testName="TestGetBoardType2" computerName="TW1FTENVY" duration="00:00:00.0002386" startTime="2014-04-11T12:37:08.0805038-05:00" endTime="2014-04-11T12:37:08.0805038-05:00" testType="13cdc9d9-ddb5-4fa4-a97d-d965ccfc6d4b" outcome="Passed" testListId="8c84fa94-04c1-424b-9868-57a2d4851a1d" relativeResultsDirectory="4039b6e1-95a2-46c3-a254-c498e4be05f9">
    </UnitTestResult>
    <UnitTestResult executionId="5f2812a3-f72a-4066-9bd2-691c7b206fc7" testId="5eca5bcf-e850-102d-5247-e143d0a4a840" testName="TestGetBoardType3" computerName="TW1FTENVY" duration="00:00:00.0001667" startTime="2014-04-11T12:37:08.0961298-05:00" endTime="2014-04-11T12:37:08.0961298-05:00" testType="13cdc9d9-ddb5-4fa4-a97d-d965ccfc6d4b" outcome="Passed" testListId="8c84fa94-04c1-424b-9868-57a2d4851a1d" relativeResultsDirectory="5f2812a3-f72a-4066-9bd2-691c7b206fc7">
    </UnitTestResult>
    <UnitTestResult executionId="970899fa-8023-4732-90cb-0a9b60612298" testId="fc6917c6-2e73-f40a-5bb6-252957ae3d5b" testName="TestGetLeftArrow" computerName="TW1FTENVY" duration="00:00:00.0002433" startTime="2014-04-11T12:37:08.0961298-05:00" endTime="2014-04-11T12:37:08.0961298-05:00" testType="13cdc9d9-ddb5-4fa4-a97d-d965ccfc6d4b" outcome="Passed" testListId="8c84fa94-04c1-424b-9868-57a2d4851a1d" relativeResultsDirectory="970899fa-8023-4732-90cb-0a9b60612298">
    </UnitTestResult>
    <UnitTestResult executionId="30708c87-b901-492b-9f0f-493a3fda8ee7" testId="dee46b0c-2f9d-52fc-c7b4-b5b58ca85be6" testName="TestGetRightArrow" computerName="TW1FTENVY" duration="00:00:00.0002210" startTime="2014-04-11T12:37:08.1117549-05:00" endTime="2014-04-11T12:37:08.1117549-05:00" testType="13cdc9d9-ddb5-4fa4-a97d-d965ccfc6d4b" outcome="Passed" testListId="8c84fa94-04c1-424b-9868-57a2d4851a1d" relativeResultsDirectory="30708c87-b901-492b-9f0f-493a3fda8ee7">
    </UnitTestResult>
    <UnitTestResult executionId="85718ab7-de19-4fd2-bc38-09e8d53158e1" testId="adf1bbe7-f955-f1aa-c051-332a545e94e4" testName="StartGameTest1" computerName="TW1FTENVY" duration="00:00:00.8753983" startTime="2014-04-11T12:37:08.1117549-05:00" endTime="2014-04-11T12:37:08.9867620-05:00" testType="13cdc9d9-ddb5-4fa4-a97d-d965ccfc6d4b" outcome="Passed" testListId="8c84fa94-04c1-424b-9868-57a2d4851a1d" relativeResultsDirectory="85718ab7-de19-4fd2-bc38-09e8d53158e1">
    </UnitTestResult>
    <UnitTestResult executionId="b586b493-c564-45ec-9668-97bb2bdaefb7" testId="8e77a49e-1ebb-33d0-321e-b1c7c45a8fa3" testName="StartGameTest2" computerName="TW1FTENVY" duration="00:00:00.5817504" startTime="2014-04-11T12:37:09.0023858-05:00" endTime="2014-04-11T12:37:09.5805166-05:00" testType="13cdc9d9-ddb5-4fa4-a97d-d965ccfc6d4b" outcome="Passed" testListId="8c84fa94-04c1-424b-9868-57a2d4851a1d" relativeResultsDirectory="b586b493-c564-45ec-9668-97bb2bdaefb7">
    </UnitTestResult>
    <UnitTestResult executionId="94e460ee-bb38-4db6-8438-2befaf169adf" testId="932006bf-cc9a-1649-4dd2-a8c07ced02bd" testName="TestQuestionType" computerName="TW1FTENVY" duration="00:00:00.0070015" startTime="2014-04-11T12:37:09.5805166-05:00" endTime="2014-04-11T12:37:09.5961426-05:00" testType="13cdc9d9-ddb5-4fa4-a97d-d965ccfc6d4b" outcome="Passed" testListId="8c84fa94-04c1-424b-9868-57a2d4851a1d" relativeResultsDirectory="94e460ee-bb38-4db6-8438-2befaf169adf">
    </UnitTestResult>
    <UnitTestResult executionId="4323525e-7f1d-4b0b-a340-22b91a3621d1" testId="5f9ff485-80f0-1581-b8ce-68cc871f9745" testName="ResetAttemptsStateTest" computerName="TW1FTENVY" duration="00:00:00.8027209" startTime="2014-04-11T12:37:09.5961426-05:00" endTime="2014-04-11T12:37:10.4086611-05:00" testType="13cdc9d9-ddb5-4fa4-a97d-d965ccfc6d4b" outcome="Passed" testListId="8c84fa94-04c1-424b-9868-57a2d4851a1d" relativeResultsDirectory="4323525e-7f1d-4b0b-a340-22b91a3621d1">
    </UnitTestResult>
    <UnitTestResult executionId="33615152-e63c-4ac2-a465-f95703bb2103" testId="c5f604eb-bb73-2ed4-4b97-3223456ec415" testName="PlayerMoveStateTest" computerName="TW1FTENVY" duration="00:00:00.9137352" startTime="2014-04-11T12:37:10.4086611-05:00" endTime="2014-04-11T12:37:11.3355514-05:00" testType="13cdc9d9-ddb5-4fa4-a97d-d965ccfc6d4b" outcome="Passed" testListId="8c84fa94-04c1-424b-9868-57a2d4851a1d" relativeResultsDirectory="33615152-e63c-4ac2-a465-f95703bb2103">
    </UnitTestResult>
    <UnitTestResult executionId="77851df9-3fef-4b60-8d87-276f09be716f" testId="0a8df4b3-fa85-ec9c-d895-b7c85a5e6e45" testName="QuestionNotifyCorrectTest" computerName="TW1FTENVY" duration="00:00:00.8234052" startTime="2014-04-11T12:37:11.3405558-05:00" endTime="2014-04-11T12:37:12.1672843-05:00" testType="13cdc9d9-ddb5-4fa4-a97d-d965ccfc6d4b" outcome="Passed" testListId="8c84fa94-04c1-424b-9868-57a2d4851a1d" relativeResultsDirectory="77851df9-3fef-4b60-8d87-276f09be716f">
    </UnitTestResult>
    <UnitTestResult executionId="eba36328-4513-4703-ac65-4ffa49ae99eb" testId="25d0a51a-60b0-76e9-f661-66ae7f35161c" testName="QuestionNotifyIncorrectTest" computerName="TW1FTENVY" duration="00:00:00.6257387" startTime="2014-04-11T12:37:12.1712700-05:00" endTime="2014-04-11T12:37:12.7997586-05:00" testType="13cdc9d9-ddb5-4fa4-a97d-d965ccfc6d4b" outcome="Passed" testListId="8c84fa94-04c1-424b-9868-57a2d4851a1d" relativeResultsDirectory="eba36328-4513-4703-ac65-4ffa49ae99eb">
    </UnitTestResult>
    <UnitTestResult executionId="2f35c62a-7a18-4b97-835f-87e0f55b7805" testId="6ddec735-adc4-4828-1b50-0783b6fe82b2" testName="QuestionNotifyTimedTest" computerName="TW1FTENVY" duration="00:00:00.7249703" startTime="2014-04-11T12:37:12.8037486-05:00" endTime="2014-04-11T12:37:13.5323215-05:00" testType="13cdc9d9-ddb5-4fa4-a97d-d965ccfc6d4b" outcome="Passed" testListId="8c84fa94-04c1-424b-9868-57a2d4851a1d" relativeResultsDirectory="2f35c62a-7a18-4b97-835f-87e0f55b7805">
    </UnitTestResult>
    <UnitTestResult executionId="d5dcb4ce-e77e-4a6a-ab58-1fff4fa87d7a" testId="8eeca9a8-568d-a203-d287-a4d2eed3e1dd" testName="QuestionNotifyTimedOutTest" computerName="TW1FTENVY" duration="00:00:00.6909322" startTime="2014-04-11T12:37:13.5363243-05:00" endTime="2014-04-11T12:37:14.2309724-05:00" testType="13cdc9d9-ddb5-4fa4-a97d-d965ccfc6d4b" outcome="Passed" testListId="8c84fa94-04c1-424b-9868-57a2d4851a1d" relativeResultsDirectory="d5dcb4ce-e77e-4a6a-ab58-1fff4fa87d7a">
    </UnitTestResult>
    <UnitTestResult executionId="7c52ea64-7190-4f8f-84a5-3cb12726459a" testId="91c07066-d43e-0eb0-77df-79776a3b8e34" testName="PlayerScoreTest" computerName="TW1FTENVY" duration="00:00:00.6452534" startTime="2014-04-11T12:37:14.2349770-05:00" endTime="2014-04-11T12:37:14.8875736-05:00" testType="13cdc9d9-ddb5-4fa4-a97d-d965ccfc6d4b" outcome="Passed" testListId="8c84fa94-04c1-424b-9868-57a2d4851a1d" relativeResultsDirectory="7c52ea64-7190-4f8f-84a5-3cb12726459a">
    </UnitTestResult>
    <UnitTestResult executionId="99bf9291-59ec-431e-8866-c8aea9f145b9" testId="0a7f5c09-c086-80df-c06d-2812cf1f1782" testName="MultiPlayerCorrectScoreTest" computerName="TW1FTENVY" duration="00:00:00.6191973" startTime="2014-04-11T12:37:14.8925668-05:00" endTime="2014-04-11T12:37:15.5161165-05:00" testType="13cdc9d9-ddb5-4fa4-a97d-d965ccfc6d4b" outcome="Passed" testListId="8c84fa94-04c1-424b-9868-57a2d4851a1d" relativeResultsDirectory="99bf9291-59ec-431e-8866-c8aea9f145b9">
    </UnitTestResult>
    <UnitTestResult executionId="780e69fe-1505-48a0-8bce-799749110e71" testId="c09686dd-e939-ec34-d8ed-edc8ca70bde9" testName="MultiPlayerIncorrectScoreTest" computerName="TW1FTENVY" duration="00:00:00.7627962" startTime="2014-04-11T12:37:15.5201060-05:00" endTime="2014-04-11T12:37:16.2859095-05:00" testType="13cdc9d9-ddb5-4fa4-a97d-d965ccfc6d4b" outcome="Passed" testListId="8c84fa94-04c1-424b-9868-57a2d4851a1d" relativeResultsDirectory="780e69fe-1505-48a0-8bce-799749110e71">
    </UnitTestResult>
    <UnitTestResult executionId="ebe62434-f8a4-41b8-a6dc-3e1e8ca7e7ec" testId="059666f1-5e31-9935-27e7-c86f346ab18d" testName="MultiPlayerMultiCorrectScoreTest" computerName="TW1FTENVY" duration="00:00:00.6420742" startTime="2014-04-11T12:37:16.2909152-05:00" endTime="2014-04-11T12:37:16.9373934-05:00" testType="13cdc9d9-ddb5-4fa4-a97d-d965ccfc6d4b" outcome="Passed" testListId="8c84fa94-04c1-424b-9868-57a2d4851a1d" relativeResultsDirectory="ebe62434-f8a4-41b8-a6dc-3e1e8ca7e7ec">
    </UnitTestResult>
    <UnitTestResult executionId="6244b0c6-703c-4601-8b8d-f8aa9f844393" testId="a81f56c5-74e9-14f6-48bb-7e6f0be57fcf" testName="MultiPlayerMultiIncorrectScoreTest" computerName="TW1FTENVY" duration="00:00:00.8018263" startTime="2014-04-11T12:37:16.9423965-05:00" endTime="2014-04-11T12:37:17.7471411-05:00" testType="13cdc9d9-ddb5-4fa4-a97d-d965ccfc6d4b" outcome="Passed" testListId="8c84fa94-04c1-424b-9868-57a2d4851a1d" relativeResultsDirectory="6244b0c6-703c-4601-8b8d-f8aa9f844393">
    </UnitTestResult>
    <UnitTestResult executionId="921b4b66-0fd8-4ea2-8988-88e8b82ea20f" testId="b0b5b9af-8fcb-9aa2-b576-ea724fced88f" testName="PlayersTest1" computerName="TW1FTENVY" duration="00:00:00.6093823" startTime="2014-04-11T12:37:17.7521446-05:00" endTime="2014-04-11T12:37:18.3656260-05:00" testType="13cdc9d9-ddb5-4fa4-a97d-d965ccfc6d4b" outcome="Passed" testListId="8c84fa94-04c1-424b-9868-57a2d4851a1d" relativeResultsDirectory="921b4b66-0fd8-4ea2-8988-88e8b82ea20f">
    </UnitTestResult>
    <UnitTestResult executionId="d4e762c0-4389-4a57-acee-4113a1935a2e" testId="e0382ce5-6740-35b3-fff5-be32133f4b54" testName="PlayersTest2" computerName="TW1FTENVY" duration="00:00:00.7172700" startTime="2014-04-11T12:37:18.3696297-05:00" endTime="2014-04-11T12:37:19.0911673-05:00" testType="13cdc9d9-ddb5-4fa4-a97d-d965ccfc6d4b" outcome="Passed" testListId="8c84fa94-04c1-424b-9868-57a2d4851a1d" relativeResultsDirectory="d4e762c0-4389-4a57-acee-4113a1935a2e">
    </UnitTestResult>
    <UnitTestResult executionId="5aafdd9d-7f3d-4072-9f8d-a1e419f54201" testId="17c0ccb2-7906-7e39-90cb-848a59e82687" testName="ChangeCategoryStateTest" computerName="TW1FTENVY" duration="00:00:00.7185795" startTime="2014-04-11T12:37:19.0951560-05:00" endTime="2014-04-11T12:37:19.8186664-05:00" testType="13cdc9d9-ddb5-4fa4-a97d-d965ccfc6d4b" outcome="Passed" testListId="8c84fa94-04c1-424b-9868-57a2d4851a1d" relativeResultsDirectory="5aafdd9d-7f3d-4072-9f8d-a1e419f54201">
    </UnitTestResult>
    <UnitTestResult executionId="6b2c8cce-bd47-4c33-81db-4fbbd2560d77" testId="d045baa8-d6d4-4e92-c213-e7d3aa09150a" testName="RandomSwapStateTest" computerName="TW1FTENVY" duration="00:00:00.8161052" startTime="2014-04-11T12:37:19.8226709-05:00" endTime="2014-04-11T12:37:20.6432921-05:00" testType="13cdc9d9-ddb5-4fa4-a97d-d965ccfc6d4b" outcome="Passed" testListId="8c84fa94-04c1-424b-9868-57a2d4851a1d" relativeResultsDirectory="6b2c8cce-bd47-4c33-81db-4fbbd2560d77">
    </UnitTestResult>
    <UnitTestResult executionId="1c19cae4-b8bc-4db7-834e-f1a208e3e81d" testId="9abef8b5-33da-680e-a9bc-a83df0477c5d" testName="RandomSwapTestMultiplayerTest" computerName="TW1FTENVY" duration="00:00:00.9672820" startTime="2014-04-11T12:37:20.6472945-05:00" endTime="2014-04-11T12:37:21.6179944-05:00" testType="13cdc9d9-ddb5-4fa4-a97d-d965ccfc6d4b" outcome="Passed" testListId="8c84fa94-04c1-424b-9868-57a2d4851a1d" relativeResultsDirectory="1c19cae4-b8bc-4db7-834e-f1a208e3e81d">
    </UnitTestResult>
    <UnitTestResult executionId="c48a5197-05c8-44b6-8553-2a01381a018f" testId="a55ea7c9-eabb-9207-ac1a-8e11aa747df4" testName="SkipQuestionStateTest" computerName="TW1FTENVY" duration="00:00:00.8286448" startTime="2014-04-11T12:37:21.6229889-05:00" endTime="2014-04-11T12:37:22.4545991-05:00" testType="13cdc9d9-ddb5-4fa4-a97d-d965ccfc6d4b" outcome="Passed" testListId="8c84fa94-04c1-424b-9868-57a2d4851a1d" relativeResultsDirectory="c48a5197-05c8-44b6-8553-2a01381a018f">
    </UnitTestResult>
    <UnitTestResult executionId="d9c9d2d0-4a85-46af-b36d-d27f068032da" testId="77e10824-1cca-c689-50b2-ed0e80430907" testName="TileConstructorTest" computerName="TW1FTENVY" duration="00:00:00.0070690" startTime="2014-04-11T12:37:22.4596022-05:00" endTime="2014-04-11T12:37:22.4706100-05:00" testType="13cdc9d9-ddb5-4fa4-a97d-d965ccfc6d4b" outcome="Passed" testListId="8c84fa94-04c1-424b-9868-57a2d4851a1d" relativeResultsDirectory="d9c9d2d0-4a85-46af-b36d-d27f068032da">
    </UnitTestResult>
    <UnitTestResult executionId="f9f1d30f-957b-4db7-ba3a-22724e27cba3" testId="42431ad3-b2fa-3a89-f07f-b02ce47f85e3" testName="GetSetBoardXTest" computerName="TW1FTENVY" duration="00:00:00.0002531" startTime="2014-04-11T12:37:22.4950661-05:00" endTime="2014-04-11T12:37:22.4980683-05:00" testType="13cdc9d9-ddb5-4fa4-a97d-d965ccfc6d4b" outcome="Passed" testListId="8c84fa94-04c1-424b-9868-57a2d4851a1d" relativeResultsDirectory="f9f1d30f-957b-4db7-ba3a-22724e27cba3">
    </UnitTestResult>
    <UnitTestResult executionId="1233b429-37f6-4cb2-b559-c2d1bc2bead7" testId="2ee5ec05-43c5-a370-94e2-7ce68113ecd3" testName="GetSetBoardYTest" computerName="TW1FTENVY" duration="00:00:00.0070297" startTime="2014-04-11T12:37:22.5020711-05:00" endTime="2014-04-11T12:37:22.5130797-05:00" testType="13cdc9d9-ddb5-4fa4-a97d-d965ccfc6d4b" outcome="Passed" testListId="8c84fa94-04c1-424b-9868-57a2d4851a1d" relativeResultsDirectory="1233b429-37f6-4cb2-b559-c2d1bc2bead7">
    </UnitTestResult>
    <UnitTestResult executionId="229d3767-5fc9-4fcd-b381-1797d7116052" testId="72f264a5-7de2-336c-60e6-b904b0cc1eea" testName="IsAdjacentTest" computerName="TW1FTENVY" duration="00:00:00.0065550" startTime="2014-04-11T12:37:22.5180828-05:00" endTime="2014-04-11T12:37:22.5280899-05:00" testType="13cdc9d9-ddb5-4fa4-a97d-d965ccfc6d4b" outcome="Passed" testListId="8c84fa94-04c1-424b-9868-57a2d4851a1d" relativeResultsDirectory="229d3767-5fc9-4fcd-b381-1797d7116052">
    </UnitTestResult>
    <UnitTestResult executionId="eac40ddc-7037-4ef8-b1b7-bf8ec64c8592" testId="e4ab14aa-1429-271f-5b09-0f8f32eeab9a" testName="TestStandardTile" computerName="TW1FTENVY" duration="00:00:00.0063955" startTime="2014-04-11T12:37:22.5320923-05:00" endTime="2014-04-11T12:37:22.5421036-05:00" testType="13cdc9d9-ddb5-4fa4-a97d-d965ccfc6d4b" outcome="Passed" testListId="8c84fa94-04c1-424b-9868-57a2d4851a1d" relativeResultsDirectory="eac40ddc-7037-4ef8-b1b7-bf8ec64c8592">
    </UnitTestResult>
    <UnitTestResult executionId="c1ec2ca3-aba6-4a90-8062-467c0a6ced71" testId="3a6c85dc-ff2e-cb74-a68e-e4c4f59a65bd" testName="TestMusicTile" computerName="TW1FTENVY" duration="00:00:00.0065015" startTime="2014-04-11T12:37:22.5461069-05:00" endTime="2014-04-11T12:37:22.5561139-05:00" testType="13cdc9d9-ddb5-4fa4-a97d-d965ccfc6d4b" outcome="Passed" testListId="8c84fa94-04c1-424b-9868-57a2d4851a1d" relativeResultsDirectory="c1ec2ca3-aba6-4a90-8062-467c0a6ced71">
    </UnitTestResult>
    <UnitTestResult executionId="ffefc7a7-e9af-4922-b8cb-25cd813ba2d9" testId="fc573d78-4d31-4cef-4a5f-301b8eb35a18" testName="TestImageTile" computerName="TW1FTENVY" duration="00:00:00.0002664" startTime="2014-04-11T12:37:22.5805735-05:00" endTime="2014-04-11T12:37:22.5855766-05:00" testType="13cdc9d9-ddb5-4fa4-a97d-d965ccfc6d4b" outcome="Passed" testListId="8c84fa94-04c1-424b-9868-57a2d4851a1d" relativeResultsDirectory="ffefc7a7-e9af-4922-b8cb-25cd813ba2d9">
    </UnitTestResult>
    <UnitTestResult executionId="108f9984-1ba3-4ee1-8bf2-c05dad54c28c" testId="52f2ba69-e8af-366e-fa05-7e9d58be5419" testName="TestDeathTile" computerName="TW1FTENVY" duration="00:00:00.0002600" startTime="2014-04-11T12:37:22.5895927-05:00" endTime="2014-04-11T12:37:22.5935831-05:00" testType="13cdc9d9-ddb5-4fa4-a97d-d965ccfc6d4b" outcome="Passed" testListId="8c84fa94-04c1-424b-9868-57a2d4851a1d" relativeResultsDirectory="108f9984-1ba3-4ee1-8bf2-c05dad54c28c">
    </UnitTestResult>
    <UnitTestResult executionId="1069d464-dc26-413f-b59a-1ff660f78571" testId="d3f09b35-b610-a3b7-aac9-aa4bbf66fea6" testName="TestJokerTile" computerName="TW1FTENVY" duration="00:00:00.0069827" startTime="2014-04-11T12:37:22.5985875-05:00" endTime="2014-04-11T12:37:22.6086031-05:00" testType="13cdc9d9-ddb5-4fa4-a97d-d965ccfc6d4b" outcome="Passed" testListId="8c84fa94-04c1-424b-9868-57a2d4851a1d" relativeResultsDirectory="1069d464-dc26-413f-b59a-1ff660f78571">
    </UnitTestResult>
    <UnitTestResult executionId="3efb21b0-08ba-4e95-bed4-a7ab0354dcfd" testId="93e1a339-56ec-6a9a-cc36-ee3412430608" testName="TileConstructorTest" computerName="TW1FTENVY" duration="00:00:00.0003138" startTime="2014-04-11T12:37:22.6334365-05:00" endTime="2014-04-11T12:37:22.6374393-05:00" testType="13cdc9d9-ddb5-4fa4-a97d-d965ccfc6d4b" outcome="Passed" testListId="8c84fa94-04c1-424b-9868-57a2d4851a1d" relativeResultsDirectory="3efb21b0-08ba-4e95-bed4-a7ab0354dcfd">
    </UnitTestResult>
    <UnitTestResult executionId="dc3af301-df40-4b84-aa77-a4392cc1aaad" testId="f0bdd7dd-7cef-1459-6d80-5f06a72cf810" testName="GetSetPlayerTileTest" computerName="TW1FTENVY" duration="00:00:00.0001937" startTime="2014-04-11T12:37:22.6414425-05:00" endTime="2014-04-11T12:37:22.6474468-05:00" testType="13cdc9d9-ddb5-4fa4-a97d-d965ccfc6d4b" outcome="Passed" testListId="8c84fa94-04c1-424b-9868-57a2d4851a1d" relativeResultsDirectory="dc3af301-df40-4b84-aa77-a4392cc1aaad">
    </UnitTestResult>
    <UnitTestResult executionId="2da2637a-e3f9-4544-a0c3-92ae7496c528" testId="c4cd8056-c9ff-caf6-98af-4ccd1972a29a" testName="GetSetPlayerNameTest" computerName="TW1FTENVY" duration="00:00:00.0002625" startTime="2014-04-11T12:37:22.6514496-05:00" endTime="2014-04-11T12:37:22.6544522-05:00" testType="13cdc9d9-ddb5-4fa4-a97d-d965ccfc6d4b" outcome="Passed" testListId="8c84fa94-04c1-424b-9868-57a2d4851a1d" relativeResultsDirectory="2da2637a-e3f9-4544-a0c3-92ae7496c528">
    </UnitTestResult>
    <UnitTestResult executionId="688bee6d-a9a5-4753-acd0-115eae875318" testId="d6f0928c-7367-b459-6ff5-32ca0241f57e" testName="MultiplePlayerTest" computerName="TW1FTENVY" duration="00:00:00.0094263" startTime="2014-04-11T12:37:22.6574534-05:00" endTime="2014-04-11T12:37:22.6694623-05:00" testType="13cdc9d9-ddb5-4fa4-a97d-d965ccfc6d4b" outcome="Passed" testListId="8c84fa94-04c1-424b-9868-57a2d4851a1d" relativeResultsDirectory="688bee6d-a9a5-4753-acd0-115eae875318">
      <Output>
        <StdOut>More then 4 players have been created.</StdOut>
      </Output>
    </UnitTestResult>
    <UnitTestResult executionId="f7658d70-0904-4ec2-a00a-64896c0b029c" testId="212fceb0-e09b-bfef-a8c4-50fb8b97b08a" testName="VictoryTest" computerName="TW1FTENVY" duration="00:00:00.8298687" startTime="2014-04-11T12:37:22.6744663-05:00" endTime="2014-04-11T12:37:23.5071268-05:00" testType="13cdc9d9-ddb5-4fa4-a97d-d965ccfc6d4b" outcome="Passed" testListId="8c84fa94-04c1-424b-9868-57a2d4851a1d" relativeResultsDirectory="f7658d70-0904-4ec2-a00a-64896c0b029c">
    </UnitTestResult>
    <UnitTestResult executionId="1f3e06dd-bd77-4b82-a37c-dc6718344e19" testId="f7fd56b8-376d-ce9f-bfd5-273500f7ad17" testName="TestNumPlayersParameter" computerName="TW1FTENVY" duration="00:00:19.3152529" startTime="2014-04-11T12:37:23.5111288-05:00" endTime="2014-04-11T12:37:42.8263817-05:00" testType="13cdc9d9-ddb5-4fa4-a97d-d965ccfc6d4b" outcome="Aborted" testListId="8c84fa94-04c1-424b-9868-57a2d4851a1d" relativeResultsDirectory="1f3e06dd-bd77-4b82-a37c-dc6718344e19">
    </UnitTestResult>
  </Results>
</TestRun>